[21:38:1.422] Global cache location '/home/fdiamond/.cache/typescript/3.9', safe file path '/usr/lib/node_modules/typescript/lib/typingSafeList.json', types map path /usr/lib/node_modules/typescript/lib/typesMap.json
[21:38:1.426] Processing cache location '/home/fdiamond/.cache/typescript/3.9'
[21:38:1.426] Trying to find '/home/fdiamond/.cache/typescript/3.9/package.json'...
[21:38:1.428] Loaded content of '/home/fdiamond/.cache/typescript/3.9/package.json': {"private":true,"dependencies":{"types-registry":"^0.1.500"},"devDependencies":{"@types/assert":"^1.5.1","@types/async":"^3.2.3","@types/atob":"^2.1.2","@types/bcrypt":"^3.0.0","@types/body-parser":"^1.19.0","@types/bootstrap":"^4.5.0","@types/bson":"^4.0.2","@types/co":"^4.6.2","@types/content-disposition":"^0.5.3","@types/content-type":"^1.1.3","@types/cookie":"^0.4.0","@types/cookie-signature":"^1.0.3","@types/debug":"^4.1.5","@types/depd":"^1.1.32","@types/destroy":"^1.0.0","@types/ee-first":"^1.1.0","@types/ejs":"^3.0.4","@types/encodeurl":"^1.0.0","@types/escape-html":"^1.0.0","@types/etag":"^1.8.0","@types/express":"^4.17.7","@types/express-session":"^1.17.0","@types/finalhandler":"^1.1.0","@types/forwarded":"^0.1.0","@types/fresh":"^0.5.0","@types/gh-pages":"^3.0.0","@types/he":"^1.1.1","@types/hoist-non-react-statics":"^3.3.1","@types/http-errors":"^1.6.3","@types/isomorphic-fetch":"0.0.35","@types/jquery":"^3.5.0","@types/js-base64":"^3.0.0","@types/json-stable-stringify":"^1.0.32","@types/lodash":"^4.14.158","@types/md5":"^2.2.0","@types/methods":"^1.1.1","@types/mongodb":"^3.5.25","@types/mongoose":"^5.7.32","@types/ms":"^0.7.31","@types/node":"^14.0.1","@types/node-sass":"^4.11.1","@types/npm":"^2.0.31","@types/object-path":"^0.11.0","@types/on-finished":"^2.3.1","@types/on-headers":"^1.0.0","@types/parseurl":"^1.3.1","@types/passport":"^1.0.4","@types/passport-facebook":"^2.1.10","@types/passport-google-oauth":"^1.0.41","@types/passport-google-oauth20":"^2.0.3","@types/passport-local":"^1.0.33","@types/passport-local-mongoose":"^4.0.13","@types/passport-oauth2":"^1.4.9","@types/passport-strategy":"^0.2.35","@types/pause":"^0.1.0","@types/proxy-addr":"^2.0.0","@types/random-bytes":"^1.0.1","@types/react":"^16.9.43","@types/react-dom":"^16.9.8","@types/react-redux":"^7.1.9","@types/react-router-dom":"^5.1.5","@types/read":"0.0.28","@types/redux-logger":"^3.0.8","@types/request":"^2.48.5","@types/semver":"^7.2.0","@types/send":"^0.14.5","@types/sprintf":"^0.1.0","@types/statuses":"^2.0.0","@types/styled-components":"^5.1.1","@types/testing-library__jest-dom":"^5.9.1","@types/testing-library__react":"^10.0.1","@types/testing-library__user-event":"^4.1.1","@types/uid-safe":"^2.1.2","@types/underscore":"^1.10.0","@types/utils-merge":"0.0.28"}}
[21:38:1.428] Loaded content of '/home/fdiamond/.cache/typescript/3.9/package-lock.json'
[21:38:1.435] Adding entry into typings cache: 'assert' => '/home/fdiamond/.cache/typescript/3.9/node_modules/@types/assert/ts3.7/index.d.ts'
[21:38:1.437] Adding entry into typings cache: 'async' => '/home/fdiamond/.cache/typescript/3.9/node_modules/@types/async/index.d.ts'
[21:38:1.439] Adding entry into typings cache: 'atob' => '/home/fdiamond/.cache/typescript/3.9/node_modules/@types/atob/index.d.ts'
[21:38:1.441] Adding entry into typings cache: 'bcrypt' => '/home/fdiamond/.cache/typescript/3.9/node_modules/@types/bcrypt/index.d.ts'
[21:38:1.443] Adding entry into typings cache: 'body-parser' => '/home/fdiamond/.cache/typescript/3.9/node_modules/@types/body-parser/index.d.ts'
[21:38:1.445] Adding entry into typings cache: 'bootstrap' => '/home/fdiamond/.cache/typescript/3.9/node_modules/@types/bootstrap/index.d.ts'
[21:38:1.447] Adding entry into typings cache: 'bson' => '/home/fdiamond/.cache/typescript/3.9/node_modules/@types/bson/index.d.ts'
[21:38:1.449] Adding entry into typings cache: 'co' => '/home/fdiamond/.cache/typescript/3.9/node_modules/@types/co/index.d.ts'
[21:38:1.450] Adding entry into typings cache: 'content-disposition' => '/home/fdiamond/.cache/typescript/3.9/node_modules/@types/content-disposition/index.d.ts'
[21:38:1.452] Adding entry into typings cache: 'content-type' => '/home/fdiamond/.cache/typescript/3.9/node_modules/@types/content-type/index.d.ts'
[21:38:1.453] Adding entry into typings cache: 'cookie' => '/home/fdiamond/.cache/typescript/3.9/node_modules/@types/cookie/index.d.ts'
[21:38:1.455] Adding entry into typings cache: 'cookie-signature' => '/home/fdiamond/.cache/typescript/3.9/node_modules/@types/cookie-signature/index.d.ts'
[21:38:1.457] Adding entry into typings cache: 'debug' => '/home/fdiamond/.cache/typescript/3.9/node_modules/@types/debug/index.d.ts'
[21:38:1.460] Adding entry into typings cache: 'depd' => '/home/fdiamond/.cache/typescript/3.9/node_modules/@types/depd/index.d.ts'
[21:38:1.461] Adding entry into typings cache: 'destroy' => '/home/fdiamond/.cache/typescript/3.9/node_modules/@types/destroy/index.d.ts'
[21:38:1.464] Adding entry into typings cache: 'ee-first' => '/home/fdiamond/.cache/typescript/3.9/node_modules/@types/ee-first/index.d.ts'
[21:38:1.466] Adding entry into typings cache: 'ejs' => '/home/fdiamond/.cache/typescript/3.9/node_modules/@types/ejs/index.d.ts'
[21:38:1.467] Adding entry into typings cache: 'encodeurl' => '/home/fdiamond/.cache/typescript/3.9/node_modules/@types/encodeurl/index.d.ts'
[21:38:1.468] Adding entry into typings cache: 'escape-html' => '/home/fdiamond/.cache/typescript/3.9/node_modules/@types/escape-html/index.d.ts'
[21:38:1.469] Adding entry into typings cache: 'etag' => '/home/fdiamond/.cache/typescript/3.9/node_modules/@types/etag/index.d.ts'
[21:38:1.470] Adding entry into typings cache: 'express' => '/home/fdiamond/.cache/typescript/3.9/node_modules/@types/express/index.d.ts'
[21:38:1.472] Adding entry into typings cache: 'express-session' => '/home/fdiamond/.cache/typescript/3.9/node_modules/@types/express-session/index.d.ts'
[21:38:1.473] Adding entry into typings cache: 'finalhandler' => '/home/fdiamond/.cache/typescript/3.9/node_modules/@types/finalhandler/index.d.ts'
[21:38:1.474] Adding entry into typings cache: 'forwarded' => '/home/fdiamond/.cache/typescript/3.9/node_modules/@types/forwarded/index.d.ts'
[21:38:1.475] Adding entry into typings cache: 'fresh' => '/home/fdiamond/.cache/typescript/3.9/node_modules/@types/fresh/index.d.ts'
[21:38:1.476] Adding entry into typings cache: 'gh-pages' => '/home/fdiamond/.cache/typescript/3.9/node_modules/@types/gh-pages/index.d.ts'
[21:38:1.477] Adding entry into typings cache: 'he' => '/home/fdiamond/.cache/typescript/3.9/node_modules/@types/he/index.d.ts'
[21:38:1.481] Adding entry into typings cache: 'hoist-non-react-statics' => '/home/fdiamond/.cache/typescript/3.9/node_modules/@types/hoist-non-react-statics/index.d.ts'
[21:38:1.483] Adding entry into typings cache: 'http-errors' => '/home/fdiamond/.cache/typescript/3.9/node_modules/@types/http-errors/index.d.ts'
[21:38:1.484] Adding entry into typings cache: 'isomorphic-fetch' => '/home/fdiamond/.cache/typescript/3.9/node_modules/@types/isomorphic-fetch/index.d.ts'
[21:38:1.486] Adding entry into typings cache: 'jquery' => '/home/fdiamond/.cache/typescript/3.9/node_modules/@types/jquery/index.d.ts'
[21:38:1.487] Adding entry into typings cache: 'js-base64' => '/home/fdiamond/.cache/typescript/3.9/node_modules/@types/js-base64/index.d.ts'
[21:38:1.488] Adding entry into typings cache: 'json-stable-stringify' => '/home/fdiamond/.cache/typescript/3.9/node_modules/@types/json-stable-stringify/index.d.ts'
[21:38:1.490] Adding entry into typings cache: 'lodash' => '/home/fdiamond/.cache/typescript/3.9/node_modules/@types/lodash/ts3.1/index.d.ts'
[21:38:1.492] Adding entry into typings cache: 'md5' => '/home/fdiamond/.cache/typescript/3.9/node_modules/@types/md5/index.d.ts'
[21:38:1.494] Adding entry into typings cache: 'methods' => '/home/fdiamond/.cache/typescript/3.9/node_modules/@types/methods/index.d.ts'
[21:38:1.497] Adding entry into typings cache: 'mongodb' => '/home/fdiamond/.cache/typescript/3.9/node_modules/@types/mongodb/index.d.ts'
[21:38:1.501] Adding entry into typings cache: 'mongoose' => '/home/fdiamond/.cache/typescript/3.9/node_modules/@types/mongoose/index.d.ts'
[21:38:1.504] Adding entry into typings cache: 'ms' => '/home/fdiamond/.cache/typescript/3.9/node_modules/@types/ms/index.d.ts'
[21:38:1.506] Adding entry into typings cache: 'node' => '/home/fdiamond/.cache/typescript/3.9/node_modules/@types/node/ts3.7/index.d.ts'
[21:38:1.507] Adding entry into typings cache: 'node-sass' => '/home/fdiamond/.cache/typescript/3.9/node_modules/@types/node-sass/index.d.ts'
[21:38:1.508] Adding entry into typings cache: 'npm' => '/home/fdiamond/.cache/typescript/3.9/node_modules/@types/npm/index.d.ts'
[21:38:1.509] Adding entry into typings cache: 'object-path' => '/home/fdiamond/.cache/typescript/3.9/node_modules/@types/object-path/index.d.ts'
[21:38:1.510] Adding entry into typings cache: 'on-finished' => '/home/fdiamond/.cache/typescript/3.9/node_modules/@types/on-finished/index.d.ts'
[21:38:1.511] Adding entry into typings cache: 'on-headers' => '/home/fdiamond/.cache/typescript/3.9/node_modules/@types/on-headers/index.d.ts'
[21:38:1.512] Adding entry into typings cache: 'parseurl' => '/home/fdiamond/.cache/typescript/3.9/node_modules/@types/parseurl/index.d.ts'
[21:38:1.513] Adding entry into typings cache: 'passport' => '/home/fdiamond/.cache/typescript/3.9/node_modules/@types/passport/index.d.ts'
[21:38:1.515] Adding entry into typings cache: 'passport-facebook' => '/home/fdiamond/.cache/typescript/3.9/node_modules/@types/passport-facebook/index.d.ts'
[21:38:1.516] Adding entry into typings cache: 'passport-google-oauth' => '/home/fdiamond/.cache/typescript/3.9/node_modules/@types/passport-google-oauth/index.d.ts'
[21:38:1.517] Adding entry into typings cache: 'passport-google-oauth20' => '/home/fdiamond/.cache/typescript/3.9/node_modules/@types/passport-google-oauth20/index.d.ts'
[21:38:1.518] Adding entry into typings cache: 'passport-local' => '/home/fdiamond/.cache/typescript/3.9/node_modules/@types/passport-local/index.d.ts'
[21:38:1.520] Adding entry into typings cache: 'passport-local-mongoose' => '/home/fdiamond/.cache/typescript/3.9/node_modules/@types/passport-local-mongoose/index.d.ts'
[21:38:1.521] Adding entry into typings cache: 'passport-oauth2' => '/home/fdiamond/.cache/typescript/3.9/node_modules/@types/passport-oauth2/index.d.ts'
[21:38:1.521] Adding entry into typings cache: 'passport-strategy' => '/home/fdiamond/.cache/typescript/3.9/node_modules/@types/passport-strategy/index.d.ts'
[21:38:1.522] Adding entry into typings cache: 'pause' => '/home/fdiamond/.cache/typescript/3.9/node_modules/@types/pause/index.d.ts'
[21:38:1.523] Adding entry into typings cache: 'proxy-addr' => '/home/fdiamond/.cache/typescript/3.9/node_modules/@types/proxy-addr/index.d.ts'
[21:38:1.524] Adding entry into typings cache: 'random-bytes' => '/home/fdiamond/.cache/typescript/3.9/node_modules/@types/random-bytes/index.d.ts'
[21:38:1.525] Adding entry into typings cache: 'react' => '/home/fdiamond/.cache/typescript/3.9/node_modules/@types/react/index.d.ts'
[21:38:1.526] Adding entry into typings cache: 'react-dom' => '/home/fdiamond/.cache/typescript/3.9/node_modules/@types/react-dom/index.d.ts'
[21:38:1.528] Adding entry into typings cache: 'react-redux' => '/home/fdiamond/.cache/typescript/3.9/node_modules/@types/react-redux/index.d.ts'
[21:38:1.529] Adding entry into typings cache: 'react-router-dom' => '/home/fdiamond/.cache/typescript/3.9/node_modules/@types/react-router-dom/index.d.ts'
[21:38:1.530] Adding entry into typings cache: 'read' => '/home/fdiamond/.cache/typescript/3.9/node_modules/@types/read/index.d.ts'
[21:38:1.531] Adding entry into typings cache: 'redux-logger' => '/home/fdiamond/.cache/typescript/3.9/node_modules/@types/redux-logger/index.d.ts'
[21:38:1.532] Adding entry into typings cache: 'request' => '/home/fdiamond/.cache/typescript/3.9/node_modules/@types/request/index.d.ts'
[21:38:1.534] Adding entry into typings cache: 'semver' => '/home/fdiamond/.cache/typescript/3.9/node_modules/@types/semver/index.d.ts'
[21:38:1.535] Adding entry into typings cache: 'send' => '/home/fdiamond/.cache/typescript/3.9/node_modules/@types/send/index.d.ts'
[21:38:1.536] Adding entry into typings cache: 'sprintf' => '/home/fdiamond/.cache/typescript/3.9/node_modules/@types/sprintf/index.d.ts'
[21:38:1.537] Adding entry into typings cache: 'statuses' => '/home/fdiamond/.cache/typescript/3.9/node_modules/@types/statuses/index.d.ts'
[21:38:1.539] Adding entry into typings cache: 'styled-components' => '/home/fdiamond/.cache/typescript/3.9/node_modules/@types/styled-components/ts3.7/index.d.ts'
[21:38:1.541] Adding entry into typings cache: 'testing-library__jest-dom' => '/home/fdiamond/.cache/typescript/3.9/node_modules/@types/testing-library__jest-dom/index.d.ts'
[21:38:1.542] Adding entry into typings cache: 'testing-library__react' => '/home/fdiamond/.cache/typescript/3.9/node_modules/@types/testing-library__react/index.d.ts'
[21:38:1.543] Adding entry into typings cache: 'testing-library__user-event' => '/home/fdiamond/.cache/typescript/3.9/node_modules/@types/testing-library__user-event/index.d.ts'
[21:38:1.544] Adding entry into typings cache: 'uid-safe' => '/home/fdiamond/.cache/typescript/3.9/node_modules/@types/uid-safe/index.d.ts'
[21:38:1.545] Adding entry into typings cache: 'underscore' => '/home/fdiamond/.cache/typescript/3.9/node_modules/@types/underscore/index.d.ts'
[21:38:1.545] Adding entry into typings cache: 'utils-merge' => '/home/fdiamond/.cache/typescript/3.9/node_modules/@types/utils-merge/index.d.ts'
[21:38:1.546] Finished processing cache location '/home/fdiamond/.cache/typescript/3.9'
[21:38:1.546] Process id: 36015
[21:38:1.546] NPM location: /usr/bin/npm (explicit '--npmLocation' not  provided)
[21:38:1.546] validateDefaultNpmLocation: false
[21:38:1.546] Npm config file: /home/fdiamond/.cache/typescript/3.9/package.json
[21:38:1.546] Updating types-registry npm package...
[21:38:1.546] Exec: /usr/bin/npm install --ignore-scripts types-registry@latest
[21:38:2.982]     Succeeded. stdout:
    + types-registry@0.1.500
    updated 1 package and audited 129 packages in 1.053s

2 packages are looking for funding
  run `npm fund` for details

found 0 vulnerabilities


[21:38:2.982] Updated types-registry npm package
[21:38:5.141] Got install request {"projectName":"/dev/null/inferredProject1*","fileNames":["/usr/lib/node_modules/typescript/lib/lib.d.ts","/usr/lib/node_modules/typescript/lib/lib.es5.d.ts","/usr/lib/node_modules/typescript/lib/lib.dom.d.ts","/usr/lib/node_modules/typescript/lib/lib.webworker.importscripts.d.ts","/usr/lib/node_modules/typescript/lib/lib.scripthost.d.ts","/home/fdiamond/Training/crwn-clothing/src/redux/shop/shop.types.js","/home/fdiamond/Training/crwn-clothing/src/redux/shop/shop.actions.js","/home/fdiamond/Training/crwn-clothing/src/components/withSpinner/withSpinner.styles.js","/home/fdiamond/Training/crwn-clothing/src/components/withSpinner/withSpinner.component.jsx","/home/fdiamond/Training/crwn-clothing/src/redux/shop/shop.selector.js","/home/fdiamond/Training/crwn-clothing/src/components/custom-button/custom-button.styles.js","/home/fdiamond/Training/crwn-clothing/src/components/custom-button/custom-button.component.jsx","/home/fdiamond/Training/crwn-clothing/src/redux/cart/cart.types.js","/home/fdiamond/Training/crwn-clothing/src/redux/cart/cart.actions.js","/home/fdiamond/Training/crwn-clothing/src/components/collection-item/collection-item.component.jsx","/home/fdiamond/Training/crwn-clothing/src/components/collection-preview/collection-preview.jsx","/home/fdiamond/Training/crwn-clothing/src/components/collection-overview/collection-overview.component.jsx","/home/fdiamond/Training/crwn-clothing/src/components/collection-overview/collection-overview.container.jsx","/home/fdiamond/Training/crwn-clothing/src/pages/collection/collection-page.jsx","/home/fdiamond/Training/crwn-clothing/src/pages/collection/collection.container.jsx","/home/fdiamond/Training/crwn-clothing/src/pages/shop/shop.component.jsx","/home/fdiamond/Training/crwn-clothing/src/redux/cart/cart.selector.js","/home/fdiamond/Training/crwn-clothing/src/redux/user/user.selector.js","/home/fdiamond/Training/crwn-clothing/src/redux/user/user.types.js","/home/fdiamond/Training/crwn-clothing/src/redux/user/user.actions.js","/home/fdiamond/Training/crwn-clothing/src/components/cart-icon/cart-icon.component.jsx","/home/fdiamond/Training/crwn-clothing/src/components/cart-item/cart-item.component.jsx","/home/fdiamond/Training/crwn-clothing/src/components/cart-dropdown/cart-dropdown.component.jsx","/home/fdiamond/Training/crwn-clothing/src/components/header/header.styles.js","/home/fdiamond/Training/crwn-clothing/src/components/header/header.component.jsx","/home/fdiamond/Training/crwn-clothing/src/components/form-input/form-input.component.jsx","/home/fdiamond/Training/crwn-clothing/src/components/sign-in/sign-in.component.jsx","/home/fdiamond/Training/crwn-clothing/src/components/sign-up/sign-up.component.jsx","/home/fdiamond/Training/crwn-clothing/src/pages/sign-in-and-sign-up/sign-in-and-sign-up.jsx","/home/fdiamond/Training/crwn-clothing/src/components/menu-item/menu-item.component.jsx","/home/fdiamond/Training/crwn-clothing/src/redux/directory/directory.selector.js","/home/fdiamond/Training/crwn-clothing/src/components/directory-component/directory.component.jsx","/home/fdiamond/Training/crwn-clothing/src/homepage.styles.js","/home/fdiamond/Training/crwn-clothing/src/homepage.component.jsx","/home/fdiamond/Training/crwn-clothing/src/components/checkout-component/checkout.component.jsx","/home/fdiamond/Training/crwn-clothing/src/components/stripe-button/stripe-button.component.jsx","/home/fdiamond/Training/crwn-clothing/src/pages/checkout/checkout.page.jsx","/home/fdiamond/Training/crwn-clothing/src/App.js"],"compilerOptions":{"target":1,"jsx":1,"allowNonTsExtensions":true,"allowJs":true,"noEmitForJsFiles":true,"maxNodeModuleJsDepth":2},"typeAcquisition":{"enable":true,"include":[],"exclude":[]},"unresolvedImports":[],"projectRootPath":"/home/fdiamond/Training/crwn-clothing/src","kind":"discover"}
[21:38:5.151] Loaded safelist from types map file '/usr/lib/node_modules/typescript/lib/typesMap.json'
[21:38:5.152] Explicitly included types: []
[21:38:5.156] Inferred 'react' typings due to presence of '.jsx' extension
[21:38:5.156] Inferred typings from unresolved imports: []
[21:38:5.156] Result: {"cachedTypingPaths":["/home/fdiamond/.cache/typescript/3.9/node_modules/@types/react/index.d.ts"],"newTypingNames":[],"filesToWatch":["/home/fdiamond/Training/crwn-clothing/src/redux/shop/bower_components","/home/fdiamond/Training/crwn-clothing/src/redux/shop/node_modules","/home/fdiamond/Training/crwn-clothing/src/components/withSpinner/bower_components","/home/fdiamond/Training/crwn-clothing/src/components/withSpinner/node_modules","/home/fdiamond/Training/crwn-clothing/src/components/custom-button/bower_components","/home/fdiamond/Training/crwn-clothing/src/components/custom-button/node_modules","/home/fdiamond/Training/crwn-clothing/src/redux/cart/bower_components","/home/fdiamond/Training/crwn-clothing/src/redux/cart/node_modules","/home/fdiamond/Training/crwn-clothing/src/components/collection-item/bower_components","/home/fdiamond/Training/crwn-clothing/src/components/collection-item/node_modules","/home/fdiamond/Training/crwn-clothing/src/components/collection-preview/bower_components","/home/fdiamond/Training/crwn-clothing/src/components/collection-preview/node_modules","/home/fdiamond/Training/crwn-clothing/src/components/collection-overview/bower_components","/home/fdiamond/Training/crwn-clothing/src/components/collection-overview/node_modules","/home/fdiamond/Training/crwn-clothing/src/pages/collection/bower_components","/home/fdiamond/Training/crwn-clothing/src/pages/collection/node_modules","/home/fdiamond/Training/crwn-clothing/src/pages/shop/bower_components","/home/fdiamond/Training/crwn-clothing/src/pages/shop/node_modules","/home/fdiamond/Training/crwn-clothing/src/redux/user/bower_components","/home/fdiamond/Training/crwn-clothing/src/redux/user/node_modules","/home/fdiamond/Training/crwn-clothing/src/components/cart-icon/bower_components","/home/fdiamond/Training/crwn-clothing/src/components/cart-icon/node_modules","/home/fdiamond/Training/crwn-clothing/src/components/cart-item/bower_components","/home/fdiamond/Training/crwn-clothing/src/components/cart-item/node_modules","/home/fdiamond/Training/crwn-clothing/src/components/cart-dropdown/bower_components","/home/fdiamond/Training/crwn-clothing/src/components/cart-dropdown/node_modules","/home/fdiamond/Training/crwn-clothing/src/components/header/bower_components","/home/fdiamond/Training/crwn-clothing/src/components/header/node_modules","/home/fdiamond/Training/crwn-clothing/src/components/form-input/bower_components","/home/fdiamond/Training/crwn-clothing/src/components/form-input/node_modules","/home/fdiamond/Training/crwn-clothing/src/components/sign-in/bower_components","/home/fdiamond/Training/crwn-clothing/src/components/sign-in/node_modules","/home/fdiamond/Training/crwn-clothing/src/components/sign-up/bower_components","/home/fdiamond/Training/crwn-clothing/src/components/sign-up/node_modules","/home/fdiamond/Training/crwn-clothing/src/pages/sign-in-and-sign-up/bower_components","/home/fdiamond/Training/crwn-clothing/src/pages/sign-in-and-sign-up/node_modules","/home/fdiamond/Training/crwn-clothing/src/components/menu-item/bower_components","/home/fdiamond/Training/crwn-clothing/src/components/menu-item/node_modules","/home/fdiamond/Training/crwn-clothing/src/redux/directory/bower_components","/home/fdiamond/Training/crwn-clothing/src/redux/directory/node_modules","/home/fdiamond/Training/crwn-clothing/src/components/directory-component/bower_components","/home/fdiamond/Training/crwn-clothing/src/components/directory-component/node_modules","/home/fdiamond/Training/crwn-clothing/src/bower_components","/home/fdiamond/Training/crwn-clothing/src/node_modules","/home/fdiamond/Training/crwn-clothing/src/components/checkout-component/bower_components","/home/fdiamond/Training/crwn-clothing/src/components/checkout-component/node_modules","/home/fdiamond/Training/crwn-clothing/src/components/stripe-button/bower_components","/home/fdiamond/Training/crwn-clothing/src/components/stripe-button/node_modules","/home/fdiamond/Training/crwn-clothing/src/pages/checkout/bower_components","/home/fdiamond/Training/crwn-clothing/src/pages/checkout/node_modules"]}
[21:38:5.156] Finished typings discovery: {"cachedTypingPaths":["/home/fdiamond/.cache/typescript/3.9/node_modules/@types/react/index.d.ts"],"newTypingNames":[],"filesToWatch":["/home/fdiamond/Training/crwn-clothing/src/redux/shop/bower_components","/home/fdiamond/Training/crwn-clothing/src/redux/shop/node_modules","/home/fdiamond/Training/crwn-clothing/src/components/withSpinner/bower_components","/home/fdiamond/Training/crwn-clothing/src/components/withSpinner/node_modules","/home/fdiamond/Training/crwn-clothing/src/components/custom-button/bower_components","/home/fdiamond/Training/crwn-clothing/src/components/custom-button/node_modules","/home/fdiamond/Training/crwn-clothing/src/redux/cart/bower_components","/home/fdiamond/Training/crwn-clothing/src/redux/cart/node_modules","/home/fdiamond/Training/crwn-clothing/src/components/collection-item/bower_components","/home/fdiamond/Training/crwn-clothing/src/components/collection-item/node_modules","/home/fdiamond/Training/crwn-clothing/src/components/collection-preview/bower_components","/home/fdiamond/Training/crwn-clothing/src/components/collection-preview/node_modules","/home/fdiamond/Training/crwn-clothing/src/components/collection-overview/bower_components","/home/fdiamond/Training/crwn-clothing/src/components/collection-overview/node_modules","/home/fdiamond/Training/crwn-clothing/src/pages/collection/bower_components","/home/fdiamond/Training/crwn-clothing/src/pages/collection/node_modules","/home/fdiamond/Training/crwn-clothing/src/pages/shop/bower_components","/home/fdiamond/Training/crwn-clothing/src/pages/shop/node_modules","/home/fdiamond/Training/crwn-clothing/src/redux/user/bower_components","/home/fdiamond/Training/crwn-clothing/src/redux/user/node_modules","/home/fdiamond/Training/crwn-clothing/src/components/cart-icon/bower_components","/home/fdiamond/Training/crwn-clothing/src/components/cart-icon/node_modules","/home/fdiamond/Training/crwn-clothing/src/components/cart-item/bower_components","/home/fdiamond/Training/crwn-clothing/src/components/cart-item/node_modules","/home/fdiamond/Training/crwn-clothing/src/components/cart-dropdown/bower_components","/home/fdiamond/Training/crwn-clothing/src/components/cart-dropdown/node_modules","/home/fdiamond/Training/crwn-clothing/src/components/header/bower_components","/home/fdiamond/Training/crwn-clothing/src/components/header/node_modules","/home/fdiamond/Training/crwn-clothing/src/components/form-input/bower_components","/home/fdiamond/Training/crwn-clothing/src/components/form-input/node_modules","/home/fdiamond/Training/crwn-clothing/src/components/sign-in/bower_components","/home/fdiamond/Training/crwn-clothing/src/components/sign-in/node_modules","/home/fdiamond/Training/crwn-clothing/src/components/sign-up/bower_components","/home/fdiamond/Training/crwn-clothing/src/components/sign-up/node_modules","/home/fdiamond/Training/crwn-clothing/src/pages/sign-in-and-sign-up/bower_components","/home/fdiamond/Training/crwn-clothing/src/pages/sign-in-and-sign-up/node_modules","/home/fdiamond/Training/crwn-clothing/src/components/menu-item/bower_components","/home/fdiamond/Training/crwn-clothing/src/components/menu-item/node_modules","/home/fdiamond/Training/crwn-clothing/src/redux/directory/bower_components","/home/fdiamond/Training/crwn-clothing/src/redux/directory/node_modules","/home/fdiamond/Training/crwn-clothing/src/components/directory-component/bower_components","/home/fdiamond/Training/crwn-clothing/src/components/directory-component/node_modules","/home/fdiamond/Training/crwn-clothing/src/bower_components","/home/fdiamond/Training/crwn-clothing/src/node_modules","/home/fdiamond/Training/crwn-clothing/src/components/checkout-component/bower_components","/home/fdiamond/Training/crwn-clothing/src/components/checkout-component/node_modules","/home/fdiamond/Training/crwn-clothing/src/components/stripe-button/bower_components","/home/fdiamond/Training/crwn-clothing/src/components/stripe-button/node_modules","/home/fdiamond/Training/crwn-clothing/src/pages/checkout/bower_components","/home/fdiamond/Training/crwn-clothing/src/pages/checkout/node_modules"]}
[21:38:5.156] DirectoryWatcher:: Added:: WatchInfo: /home/fdiamond/Training/crwn-clothing/src/redux
[21:38:5.158] DirectoryWatcher:: Added:: WatchInfo: /home/fdiamond/Training/crwn-clothing/src/components
[21:38:5.159] DirectoryWatcher:: Added:: WatchInfo: /home/fdiamond/Training/crwn-clothing/src/pages
[21:38:5.160] DirectoryWatcher:: Added:: WatchInfo: /home/fdiamond/Training/crwn-clothing/src/bower_components
[21:38:5.161] DirectoryWatcher:: Added:: WatchInfo: /home/fdiamond/Training/crwn-clothing/src/node_modules
[21:38:5.161] Sending response:
    {"projectName":"/dev/null/inferredProject1*","typeAcquisition":{"enable":true,"include":[],"exclude":[]},"compilerOptions":{"target":1,"jsx":1,"allowNonTsExtensions":true,"allowJs":true,"noEmitForJsFiles":true,"maxNodeModuleJsDepth":2},"typings":["/home/fdiamond/.cache/typescript/3.9/node_modules/@types/react/index.d.ts"],"unresolvedImports":[],"kind":"action::set"}
[21:38:5.161] Response has been sent.
[21:38:5.161] No new typings were requested as a result of typings discovery
