[21:19:34.360] Global cache location '/home/fdiamond/.cache/typescript/3.9', safe file path '/usr/lib/node_modules/typescript/lib/typingSafeList.json', types map path /usr/lib/node_modules/typescript/lib/typesMap.json
[21:19:34.360] Processing cache location '/home/fdiamond/.cache/typescript/3.9'
[21:19:34.360] Trying to find '/home/fdiamond/.cache/typescript/3.9/package.json'...
[21:19:34.362] Loaded content of '/home/fdiamond/.cache/typescript/3.9/package.json': {"private":true,"dependencies":{"types-registry":"^0.1.494"},"devDependencies":{"@types/assert":"^1.4.7","@types/async":"^3.2.3","@types/atob":"^2.1.2","@types/bcrypt":"^3.0.0","@types/body-parser":"^1.19.0","@types/bootstrap":"^4.5.0","@types/bson":"^4.0.2","@types/cookie":"^0.4.0","@types/cookie-signature":"^1.0.3","@types/debug":"^4.1.5","@types/depd":"^1.1.32","@types/ejs":"^3.0.4","@types/express":"^4.17.6","@types/express-session":"^1.17.0","@types/gh-pages":"^2.2.0","@types/isomorphic-fetch":"0.0.35","@types/jquery":"^3.3.38","@types/js-base64":"^2.3.1","@types/json-stable-stringify":"^1.0.32","@types/lodash":"^4.14.155","@types/md5":"^2.2.0","@types/mongodb":"^3.5.22","@types/mongoose":"^5.7.24","@types/node":"^14.0.1","@types/node-sass":"^4.11.1","@types/npm":"^2.0.31","@types/object-path":"^0.11.0","@types/on-headers":"^1.0.0","@types/parseurl":"^1.3.1","@types/passport":"^1.0.3","@types/passport-facebook":"^2.1.10","@types/passport-google-oauth":"^1.0.41","@types/passport-google-oauth20":"^2.0.3","@types/passport-local":"^1.0.33","@types/passport-local-mongoose":"^4.0.13","@types/passport-oauth2":"^1.4.9","@types/passport-strategy":"^0.2.35","@types/pause":"^0.1.0","@types/random-bytes":"^1.0.1","@types/react":"^16.9.36","@types/react-dom":"^16.9.8","@types/react-redux":"^7.1.9","@types/react-router-dom":"^5.1.5","@types/redux-logger":"^3.0.8","@types/request":"^2.48.5","@types/semver":"^7.2.0","@types/sprintf":"^0.1.0","@types/testing-library__jest-dom":"^5.9.1","@types/testing-library__react":"^10.0.1","@types/testing-library__user-event":"^4.1.1","@types/uid-safe":"^2.1.2","@types/underscore":"^1.10.0"}}
[21:19:34.362] Loaded content of '/home/fdiamond/.cache/typescript/3.9/package-lock.json'
[21:19:34.373] Adding entry into typings cache: 'assert' => '/home/fdiamond/.cache/typescript/3.9/node_modules/@types/assert/ts3.7/index.d.ts'
[21:19:34.377] Adding entry into typings cache: 'async' => '/home/fdiamond/.cache/typescript/3.9/node_modules/@types/async/index.d.ts'
[21:19:34.380] Adding entry into typings cache: 'atob' => '/home/fdiamond/.cache/typescript/3.9/node_modules/@types/atob/index.d.ts'
[21:19:34.383] Adding entry into typings cache: 'bcrypt' => '/home/fdiamond/.cache/typescript/3.9/node_modules/@types/bcrypt/index.d.ts'
[21:19:34.385] Adding entry into typings cache: 'body-parser' => '/home/fdiamond/.cache/typescript/3.9/node_modules/@types/body-parser/index.d.ts'
[21:19:34.387] Adding entry into typings cache: 'bootstrap' => '/home/fdiamond/.cache/typescript/3.9/node_modules/@types/bootstrap/index.d.ts'
[21:19:34.391] Adding entry into typings cache: 'bson' => '/home/fdiamond/.cache/typescript/3.9/node_modules/@types/bson/index.d.ts'
[21:19:34.395] Adding entry into typings cache: 'cookie' => '/home/fdiamond/.cache/typescript/3.9/node_modules/@types/cookie/index.d.ts'
[21:19:34.397] Adding entry into typings cache: 'cookie-signature' => '/home/fdiamond/.cache/typescript/3.9/node_modules/@types/cookie-signature/index.d.ts'
[21:19:34.400] Adding entry into typings cache: 'debug' => '/home/fdiamond/.cache/typescript/3.9/node_modules/@types/debug/index.d.ts'
[21:19:34.401] Adding entry into typings cache: 'depd' => '/home/fdiamond/.cache/typescript/3.9/node_modules/@types/depd/index.d.ts'
[21:19:34.404] Adding entry into typings cache: 'ejs' => '/home/fdiamond/.cache/typescript/3.9/node_modules/@types/ejs/index.d.ts'
[21:19:34.410] Adding entry into typings cache: 'express' => '/home/fdiamond/.cache/typescript/3.9/node_modules/@types/express/index.d.ts'
[21:19:34.413] Adding entry into typings cache: 'express-session' => '/home/fdiamond/.cache/typescript/3.9/node_modules/@types/express-session/index.d.ts'
[21:19:34.414] Adding entry into typings cache: 'gh-pages' => '/home/fdiamond/.cache/typescript/3.9/node_modules/@types/gh-pages/index.d.ts'
[21:19:34.417] Adding entry into typings cache: 'isomorphic-fetch' => '/home/fdiamond/.cache/typescript/3.9/node_modules/@types/isomorphic-fetch/index.d.ts'
[21:19:34.420] Adding entry into typings cache: 'jquery' => '/home/fdiamond/.cache/typescript/3.9/node_modules/@types/jquery/index.d.ts'
[21:19:34.421] Adding entry into typings cache: 'js-base64' => '/home/fdiamond/.cache/typescript/3.9/node_modules/@types/js-base64/index.d.ts'
[21:19:34.424] Adding entry into typings cache: 'json-stable-stringify' => '/home/fdiamond/.cache/typescript/3.9/node_modules/@types/json-stable-stringify/index.d.ts'
[21:19:34.428] Adding entry into typings cache: 'lodash' => '/home/fdiamond/.cache/typescript/3.9/node_modules/@types/lodash/ts3.1/index.d.ts'
[21:19:34.430] Adding entry into typings cache: 'md5' => '/home/fdiamond/.cache/typescript/3.9/node_modules/@types/md5/index.d.ts'
[21:19:34.433] Adding entry into typings cache: 'mongodb' => '/home/fdiamond/.cache/typescript/3.9/node_modules/@types/mongodb/index.d.ts'
[21:19:34.437] Adding entry into typings cache: 'mongoose' => '/home/fdiamond/.cache/typescript/3.9/node_modules/@types/mongoose/index.d.ts'
[21:19:34.442] Adding entry into typings cache: 'node' => '/home/fdiamond/.cache/typescript/3.9/node_modules/@types/node/ts3.7/index.d.ts'
[21:19:34.444] Adding entry into typings cache: 'node-sass' => '/home/fdiamond/.cache/typescript/3.9/node_modules/@types/node-sass/index.d.ts'
[21:19:34.446] Adding entry into typings cache: 'npm' => '/home/fdiamond/.cache/typescript/3.9/node_modules/@types/npm/index.d.ts'
[21:19:34.449] Adding entry into typings cache: 'object-path' => '/home/fdiamond/.cache/typescript/3.9/node_modules/@types/object-path/index.d.ts'
[21:19:34.451] Adding entry into typings cache: 'on-headers' => '/home/fdiamond/.cache/typescript/3.9/node_modules/@types/on-headers/index.d.ts'
[21:19:34.454] Adding entry into typings cache: 'parseurl' => '/home/fdiamond/.cache/typescript/3.9/node_modules/@types/parseurl/index.d.ts'
[21:19:34.456] Adding entry into typings cache: 'passport' => '/home/fdiamond/.cache/typescript/3.9/node_modules/@types/passport/index.d.ts'
[21:19:34.457] Adding entry into typings cache: 'passport-facebook' => '/home/fdiamond/.cache/typescript/3.9/node_modules/@types/passport-facebook/index.d.ts'
[21:19:34.459] Adding entry into typings cache: 'passport-google-oauth' => '/home/fdiamond/.cache/typescript/3.9/node_modules/@types/passport-google-oauth/index.d.ts'
[21:19:34.464] Adding entry into typings cache: 'passport-google-oauth20' => '/home/fdiamond/.cache/typescript/3.9/node_modules/@types/passport-google-oauth20/index.d.ts'
[21:19:34.467] Adding entry into typings cache: 'passport-local' => '/home/fdiamond/.cache/typescript/3.9/node_modules/@types/passport-local/index.d.ts'
[21:19:34.470] Adding entry into typings cache: 'passport-local-mongoose' => '/home/fdiamond/.cache/typescript/3.9/node_modules/@types/passport-local-mongoose/index.d.ts'
[21:19:34.473] Adding entry into typings cache: 'passport-oauth2' => '/home/fdiamond/.cache/typescript/3.9/node_modules/@types/passport-oauth2/index.d.ts'
[21:19:34.475] Adding entry into typings cache: 'passport-strategy' => '/home/fdiamond/.cache/typescript/3.9/node_modules/@types/passport-strategy/index.d.ts'
[21:19:34.478] Adding entry into typings cache: 'pause' => '/home/fdiamond/.cache/typescript/3.9/node_modules/@types/pause/index.d.ts'
[21:19:34.481] Adding entry into typings cache: 'random-bytes' => '/home/fdiamond/.cache/typescript/3.9/node_modules/@types/random-bytes/index.d.ts'
[21:19:34.483] Adding entry into typings cache: 'react' => '/home/fdiamond/.cache/typescript/3.9/node_modules/@types/react/index.d.ts'
[21:19:34.485] Adding entry into typings cache: 'react-dom' => '/home/fdiamond/.cache/typescript/3.9/node_modules/@types/react-dom/index.d.ts'
[21:19:34.486] Adding entry into typings cache: 'react-redux' => '/home/fdiamond/.cache/typescript/3.9/node_modules/@types/react-redux/index.d.ts'
[21:19:34.487] Adding entry into typings cache: 'react-router-dom' => '/home/fdiamond/.cache/typescript/3.9/node_modules/@types/react-router-dom/index.d.ts'
[21:19:34.488] Adding entry into typings cache: 'redux-logger' => '/home/fdiamond/.cache/typescript/3.9/node_modules/@types/redux-logger/index.d.ts'
[21:19:34.492] Adding entry into typings cache: 'request' => '/home/fdiamond/.cache/typescript/3.9/node_modules/@types/request/index.d.ts'
[21:19:34.494] Adding entry into typings cache: 'semver' => '/home/fdiamond/.cache/typescript/3.9/node_modules/@types/semver/index.d.ts'
[21:19:34.497] Adding entry into typings cache: 'sprintf' => '/home/fdiamond/.cache/typescript/3.9/node_modules/@types/sprintf/index.d.ts'
[21:19:34.498] Adding entry into typings cache: 'testing-library__jest-dom' => '/home/fdiamond/.cache/typescript/3.9/node_modules/@types/testing-library__jest-dom/index.d.ts'
[21:19:34.500] Adding entry into typings cache: 'testing-library__react' => '/home/fdiamond/.cache/typescript/3.9/node_modules/@types/testing-library__react/index.d.ts'
[21:19:34.501] Adding entry into typings cache: 'testing-library__user-event' => '/home/fdiamond/.cache/typescript/3.9/node_modules/@types/testing-library__user-event/index.d.ts'
[21:19:34.502] Adding entry into typings cache: 'uid-safe' => '/home/fdiamond/.cache/typescript/3.9/node_modules/@types/uid-safe/index.d.ts'
[21:19:34.504] Adding entry into typings cache: 'underscore' => '/home/fdiamond/.cache/typescript/3.9/node_modules/@types/underscore/index.d.ts'
[21:19:34.505] Finished processing cache location '/home/fdiamond/.cache/typescript/3.9'
[21:19:34.505] Process id: 100824
[21:19:34.505] NPM location: /usr/bin/npm (explicit '--npmLocation' not  provided)
[21:19:34.505] validateDefaultNpmLocation: false
[21:19:34.505] Npm config file: /home/fdiamond/.cache/typescript/3.9/package.json
[21:19:34.505] Updating types-registry npm package...
[21:19:34.506] Exec: /usr/bin/npm install --ignore-scripts types-registry@latest
[21:19:36.848]     Succeeded. stdout:
    + types-registry@0.1.494
    updated 1 package and audited 105 packages in 1.704s

2 packages are looking for funding
  run `npm fund` for details

found 0 vulnerabilities


[21:19:36.848] Updated types-registry npm package
[21:19:40.426] Got install request {"projectName":"/dev/null/inferredProject1*","fileNames":["/usr/lib/node_modules/typescript/lib/lib.d.ts","/usr/lib/node_modules/typescript/lib/lib.es5.d.ts","/usr/lib/node_modules/typescript/lib/lib.dom.d.ts","/usr/lib/node_modules/typescript/lib/lib.webworker.importscripts.d.ts","/usr/lib/node_modules/typescript/lib/lib.scripthost.d.ts","/home/fdiamond/Training/crwn-clothing/src/firebase/firebase.utils.js","/home/fdiamond/Training/crwn-clothing/src/redux/user/user.types.js","/home/fdiamond/Training/crwn-clothing/src/redux/user/user.actions.js","/home/fdiamond/Training/crwn-clothing/src/components/custom-button/custom-button.component.jsx","/home/fdiamond/Training/crwn-clothing/src/redux/cart/cart.types.js","/home/fdiamond/Training/crwn-clothing/src/redux/cart/cart.actions.js","/home/fdiamond/Training/crwn-clothing/src/components/collection-item/collection-item.component.jsx","/home/fdiamond/Training/crwn-clothing/src/components/collection-preview/collection-preview.jsx","/home/fdiamond/Training/crwn-clothing/src/pages/shop/shopData.js","/home/fdiamond/Training/crwn-clothing/src/pages/shop/shop.component.jsx","/home/fdiamond/Training/crwn-clothing/src/redux/cart/cart.selector.js","/home/fdiamond/Training/crwn-clothing/src/redux/user/user.selector.js","/home/fdiamond/Training/crwn-clothing/src/components/cart-icon/cart-icon.component.jsx","/home/fdiamond/Training/crwn-clothing/src/components/cart-item/cart-item.component.jsx","/home/fdiamond/Training/crwn-clothing/src/components/cart-dropdown/cart-dropdown.component.jsx","/home/fdiamond/Training/crwn-clothing/src/components/header/header.component.jsx","/home/fdiamond/Training/crwn-clothing/src/components/form-input/form-input.component.jsx","/home/fdiamond/Training/crwn-clothing/src/components/sign-in/sign-in.component.jsx","/home/fdiamond/Training/crwn-clothing/src/components/sign-up/sign-up.component.jsx","/home/fdiamond/Training/crwn-clothing/src/pages/sign-in-and-sign-up/sign-in-and-sign-up.jsx","/home/fdiamond/Training/crwn-clothing/src/redux/directory/directory.selector.js","/home/fdiamond/Training/crwn-clothing/src/components/menu-item/menu-item.component.jsx","/home/fdiamond/Training/crwn-clothing/src/components/directory-component/directory.component.jsx","/home/fdiamond/Training/crwn-clothing/src/homepage.component.jsx","/home/fdiamond/Training/crwn-clothing/src/components/checkout-component/checkout.component.jsx","/home/fdiamond/Training/crwn-clothing/src/pages/checkout/checkout.page.jsx","/home/fdiamond/Training/crwn-clothing/src/App.js"],"compilerOptions":{"target":1,"jsx":1,"allowNonTsExtensions":true,"allowJs":true,"noEmitForJsFiles":true,"maxNodeModuleJsDepth":2},"typeAcquisition":{"enable":true,"include":[],"exclude":[]},"unresolvedImports":[],"projectRootPath":"/home/fdiamond/Training/crwn-clothing/src","kind":"discover"}
[21:19:40.446] Loaded safelist from types map file '/usr/lib/node_modules/typescript/lib/typesMap.json'
[21:19:40.448] Explicitly included types: []
[21:19:40.453] Inferred 'react' typings due to presence of '.jsx' extension
[21:19:40.453] Inferred typings from unresolved imports: []
[21:19:40.454] Result: {"cachedTypingPaths":["/home/fdiamond/.cache/typescript/3.9/node_modules/@types/react/index.d.ts"],"newTypingNames":[],"filesToWatch":["/home/fdiamond/Training/crwn-clothing/src/firebase/bower_components","/home/fdiamond/Training/crwn-clothing/src/firebase/node_modules","/home/fdiamond/Training/crwn-clothing/src/redux/user/bower_components","/home/fdiamond/Training/crwn-clothing/src/redux/user/node_modules","/home/fdiamond/Training/crwn-clothing/src/components/custom-button/bower_components","/home/fdiamond/Training/crwn-clothing/src/components/custom-button/node_modules","/home/fdiamond/Training/crwn-clothing/src/redux/cart/bower_components","/home/fdiamond/Training/crwn-clothing/src/redux/cart/node_modules","/home/fdiamond/Training/crwn-clothing/src/components/collection-item/bower_components","/home/fdiamond/Training/crwn-clothing/src/components/collection-item/node_modules","/home/fdiamond/Training/crwn-clothing/src/components/collection-preview/bower_components","/home/fdiamond/Training/crwn-clothing/src/components/collection-preview/node_modules","/home/fdiamond/Training/crwn-clothing/src/pages/shop/bower_components","/home/fdiamond/Training/crwn-clothing/src/pages/shop/node_modules","/home/fdiamond/Training/crwn-clothing/src/components/cart-icon/bower_components","/home/fdiamond/Training/crwn-clothing/src/components/cart-icon/node_modules","/home/fdiamond/Training/crwn-clothing/src/components/cart-item/bower_components","/home/fdiamond/Training/crwn-clothing/src/components/cart-item/node_modules","/home/fdiamond/Training/crwn-clothing/src/components/cart-dropdown/bower_components","/home/fdiamond/Training/crwn-clothing/src/components/cart-dropdown/node_modules","/home/fdiamond/Training/crwn-clothing/src/components/header/bower_components","/home/fdiamond/Training/crwn-clothing/src/components/header/node_modules","/home/fdiamond/Training/crwn-clothing/src/components/form-input/bower_components","/home/fdiamond/Training/crwn-clothing/src/components/form-input/node_modules","/home/fdiamond/Training/crwn-clothing/src/components/sign-in/bower_components","/home/fdiamond/Training/crwn-clothing/src/components/sign-in/node_modules","/home/fdiamond/Training/crwn-clothing/src/components/sign-up/bower_components","/home/fdiamond/Training/crwn-clothing/src/components/sign-up/node_modules","/home/fdiamond/Training/crwn-clothing/src/pages/sign-in-and-sign-up/bower_components","/home/fdiamond/Training/crwn-clothing/src/pages/sign-in-and-sign-up/node_modules","/home/fdiamond/Training/crwn-clothing/src/redux/directory/bower_components","/home/fdiamond/Training/crwn-clothing/src/redux/directory/node_modules","/home/fdiamond/Training/crwn-clothing/src/components/menu-item/bower_components","/home/fdiamond/Training/crwn-clothing/src/components/menu-item/node_modules","/home/fdiamond/Training/crwn-clothing/src/components/directory-component/bower_components","/home/fdiamond/Training/crwn-clothing/src/components/directory-component/node_modules","/home/fdiamond/Training/crwn-clothing/src/bower_components","/home/fdiamond/Training/crwn-clothing/src/node_modules","/home/fdiamond/Training/crwn-clothing/src/components/checkout-component/bower_components","/home/fdiamond/Training/crwn-clothing/src/components/checkout-component/node_modules","/home/fdiamond/Training/crwn-clothing/src/pages/checkout/bower_components","/home/fdiamond/Training/crwn-clothing/src/pages/checkout/node_modules"]}
[21:19:40.454] Finished typings discovery: {"cachedTypingPaths":["/home/fdiamond/.cache/typescript/3.9/node_modules/@types/react/index.d.ts"],"newTypingNames":[],"filesToWatch":["/home/fdiamond/Training/crwn-clothing/src/firebase/bower_components","/home/fdiamond/Training/crwn-clothing/src/firebase/node_modules","/home/fdiamond/Training/crwn-clothing/src/redux/user/bower_components","/home/fdiamond/Training/crwn-clothing/src/redux/user/node_modules","/home/fdiamond/Training/crwn-clothing/src/components/custom-button/bower_components","/home/fdiamond/Training/crwn-clothing/src/components/custom-button/node_modules","/home/fdiamond/Training/crwn-clothing/src/redux/cart/bower_components","/home/fdiamond/Training/crwn-clothing/src/redux/cart/node_modules","/home/fdiamond/Training/crwn-clothing/src/components/collection-item/bower_components","/home/fdiamond/Training/crwn-clothing/src/components/collection-item/node_modules","/home/fdiamond/Training/crwn-clothing/src/components/collection-preview/bower_components","/home/fdiamond/Training/crwn-clothing/src/components/collection-preview/node_modules","/home/fdiamond/Training/crwn-clothing/src/pages/shop/bower_components","/home/fdiamond/Training/crwn-clothing/src/pages/shop/node_modules","/home/fdiamond/Training/crwn-clothing/src/components/cart-icon/bower_components","/home/fdiamond/Training/crwn-clothing/src/components/cart-icon/node_modules","/home/fdiamond/Training/crwn-clothing/src/components/cart-item/bower_components","/home/fdiamond/Training/crwn-clothing/src/components/cart-item/node_modules","/home/fdiamond/Training/crwn-clothing/src/components/cart-dropdown/bower_components","/home/fdiamond/Training/crwn-clothing/src/components/cart-dropdown/node_modules","/home/fdiamond/Training/crwn-clothing/src/components/header/bower_components","/home/fdiamond/Training/crwn-clothing/src/components/header/node_modules","/home/fdiamond/Training/crwn-clothing/src/components/form-input/bower_components","/home/fdiamond/Training/crwn-clothing/src/components/form-input/node_modules","/home/fdiamond/Training/crwn-clothing/src/components/sign-in/bower_components","/home/fdiamond/Training/crwn-clothing/src/components/sign-in/node_modules","/home/fdiamond/Training/crwn-clothing/src/components/sign-up/bower_components","/home/fdiamond/Training/crwn-clothing/src/components/sign-up/node_modules","/home/fdiamond/Training/crwn-clothing/src/pages/sign-in-and-sign-up/bower_components","/home/fdiamond/Training/crwn-clothing/src/pages/sign-in-and-sign-up/node_modules","/home/fdiamond/Training/crwn-clothing/src/redux/directory/bower_components","/home/fdiamond/Training/crwn-clothing/src/redux/directory/node_modules","/home/fdiamond/Training/crwn-clothing/src/components/menu-item/bower_components","/home/fdiamond/Training/crwn-clothing/src/components/menu-item/node_modules","/home/fdiamond/Training/crwn-clothing/src/components/directory-component/bower_components","/home/fdiamond/Training/crwn-clothing/src/components/directory-component/node_modules","/home/fdiamond/Training/crwn-clothing/src/bower_components","/home/fdiamond/Training/crwn-clothing/src/node_modules","/home/fdiamond/Training/crwn-clothing/src/components/checkout-component/bower_components","/home/fdiamond/Training/crwn-clothing/src/components/checkout-component/node_modules","/home/fdiamond/Training/crwn-clothing/src/pages/checkout/bower_components","/home/fdiamond/Training/crwn-clothing/src/pages/checkout/node_modules"]}
[21:19:40.454] DirectoryWatcher:: Added:: WatchInfo: /home/fdiamond/Training/crwn-clothing/src/firebase
[21:19:40.457] DirectoryWatcher:: Added:: WatchInfo: /home/fdiamond/Training/crwn-clothing/src/redux
[21:19:40.460] DirectoryWatcher:: Added:: WatchInfo: /home/fdiamond/Training/crwn-clothing/src/components
[21:19:40.462] DirectoryWatcher:: Added:: WatchInfo: /home/fdiamond/Training/crwn-clothing/src/pages
[21:19:40.463] DirectoryWatcher:: Added:: WatchInfo: /home/fdiamond/Training/crwn-clothing/src/bower_components
[21:19:40.464] DirectoryWatcher:: Added:: WatchInfo: /home/fdiamond/Training/crwn-clothing/src/node_modules
[21:19:40.464] Sending response:
    {"projectName":"/dev/null/inferredProject1*","typeAcquisition":{"enable":true,"include":[],"exclude":[]},"compilerOptions":{"target":1,"jsx":1,"allowNonTsExtensions":true,"allowJs":true,"noEmitForJsFiles":true,"maxNodeModuleJsDepth":2},"typings":["/home/fdiamond/.cache/typescript/3.9/node_modules/@types/react/index.d.ts"],"unresolvedImports":[],"kind":"action::set"}
[21:19:40.465] Response has been sent.
[21:19:40.465] No new typings were requested as a result of typings discovery
[21:19:40.776] Got install request {"projectName":"/dev/null/inferredProject2*","fileNames":["/usr/lib/node_modules/typescript/lib/lib.d.ts","/usr/lib/node_modules/typescript/lib/lib.es5.d.ts","/usr/lib/node_modules/typescript/lib/lib.dom.d.ts","/usr/lib/node_modules/typescript/lib/lib.webworker.importscripts.d.ts","/usr/lib/node_modules/typescript/lib/lib.scripthost.d.ts","/home/fdiamond/Training/crwn-clothing/src/redux/user/user.types.js","/home/fdiamond/Training/crwn-clothing/src/redux/user/user.reducer.js","/home/fdiamond/Training/crwn-clothing/src/redux/cart/cart.types.js","/home/fdiamond/Training/crwn-clothing/src/redux/cart/cart.utils.js","/home/fdiamond/Training/crwn-clothing/src/redux/cart/cart.reducer.js","/home/fdiamond/Training/crwn-clothing/src/redux/directory/directory.reducer.js","/home/fdiamond/Training/crwn-clothing/src/redux/root-reducer.js"],"compilerOptions":{"target":1,"jsx":1,"allowNonTsExtensions":true,"allowJs":true,"noEmitForJsFiles":true,"maxNodeModuleJsDepth":2},"typeAcquisition":{"enable":true,"include":[],"exclude":[]},"unresolvedImports":[],"projectRootPath":"/home/fdiamond/Training/crwn-clothing/src/redux","kind":"discover"}
[21:19:40.776] Explicitly included types: []
[21:19:40.778] Inferred typings from unresolved imports: []
[21:19:40.778] Result: {"cachedTypingPaths":[],"newTypingNames":[],"filesToWatch":["/home/fdiamond/Training/crwn-clothing/src/redux/user/bower_components","/home/fdiamond/Training/crwn-clothing/src/redux/user/node_modules","/home/fdiamond/Training/crwn-clothing/src/redux/cart/bower_components","/home/fdiamond/Training/crwn-clothing/src/redux/cart/node_modules","/home/fdiamond/Training/crwn-clothing/src/redux/directory/bower_components","/home/fdiamond/Training/crwn-clothing/src/redux/directory/node_modules","/home/fdiamond/Training/crwn-clothing/src/redux/bower_components","/home/fdiamond/Training/crwn-clothing/src/redux/node_modules"]}
[21:19:40.778] Finished typings discovery: {"cachedTypingPaths":[],"newTypingNames":[],"filesToWatch":["/home/fdiamond/Training/crwn-clothing/src/redux/user/bower_components","/home/fdiamond/Training/crwn-clothing/src/redux/user/node_modules","/home/fdiamond/Training/crwn-clothing/src/redux/cart/bower_components","/home/fdiamond/Training/crwn-clothing/src/redux/cart/node_modules","/home/fdiamond/Training/crwn-clothing/src/redux/directory/bower_components","/home/fdiamond/Training/crwn-clothing/src/redux/directory/node_modules","/home/fdiamond/Training/crwn-clothing/src/redux/bower_components","/home/fdiamond/Training/crwn-clothing/src/redux/node_modules"]}
[21:19:40.778] DirectoryWatcher:: Added:: WatchInfo: /home/fdiamond/Training/crwn-clothing/src/redux/user
[21:19:40.778] DirectoryWatcher:: Added:: WatchInfo: /home/fdiamond/Training/crwn-clothing/src/redux/cart
[21:19:40.778] DirectoryWatcher:: Added:: WatchInfo: /home/fdiamond/Training/crwn-clothing/src/redux/directory
[21:19:40.779] DirectoryWatcher:: Added:: WatchInfo: /home/fdiamond/Training/crwn-clothing/src/redux/bower_components
[21:19:40.779] DirectoryWatcher:: Added:: WatchInfo: /home/fdiamond/Training/crwn-clothing/src/redux/node_modules
[21:19:40.779] Sending response:
    {"projectName":"/dev/null/inferredProject2*","typeAcquisition":{"enable":true,"include":[],"exclude":[]},"compilerOptions":{"target":1,"jsx":1,"allowNonTsExtensions":true,"allowJs":true,"noEmitForJsFiles":true,"maxNodeModuleJsDepth":2},"typings":[],"unresolvedImports":[],"kind":"action::set"}
[21:19:40.780] Response has been sent.
[21:19:40.780] No new typings were requested as a result of typings discovery
[21:36:38.323] DirectoryWatcher:: Triggered with /home/fdiamond/Training/crwn-clothing/src/components/cart-dropdown/cart-dropdown.styles.scss :: WatchInfo: /home/fdiamond/Training/crwn-clothing/src/components recursive :: handler is already invoked 'false'
[21:36:38.324] DirectoryWatcher:: Triggered with /home/fdiamond/Training/crwn-clothing/src/components/cart-icon/cart-icon.component.jsx :: WatchInfo: /home/fdiamond/Training/crwn-clothing/src/components recursive :: handler is already invoked 'false'
[21:36:38.325] DirectoryWatcher:: Triggered with /home/fdiamond/Training/crwn-clothing/src/components/cart-dropdown :: WatchInfo: /home/fdiamond/Training/crwn-clothing/src/components recursive :: handler is already invoked 'false'
[21:36:38.326] DirectoryWatcher:: Triggered with /home/fdiamond/Training/crwn-clothing/src/components/cart-icon/cart-icon.styles.scss :: WatchInfo: /home/fdiamond/Training/crwn-clothing/src/components recursive :: handler is already invoked 'false'
[21:36:38.326] DirectoryWatcher:: Triggered with /home/fdiamond/Training/crwn-clothing/src/components/cart-item/cart-item.component.jsx :: WatchInfo: /home/fdiamond/Training/crwn-clothing/src/components recursive :: handler is already invoked 'false'
[21:36:38.326] DirectoryWatcher:: Triggered with /home/fdiamond/Training/crwn-clothing/src/components/cart-icon :: WatchInfo: /home/fdiamond/Training/crwn-clothing/src/components recursive :: handler is already invoked 'false'
[21:36:38.326] DirectoryWatcher:: Triggered with /home/fdiamond/Training/crwn-clothing/src/components/cart-item/cart-item.styles.scss :: WatchInfo: /home/fdiamond/Training/crwn-clothing/src/components recursive :: handler is already invoked 'false'
[21:36:38.326] DirectoryWatcher:: Triggered with /home/fdiamond/Training/crwn-clothing/src/components/checkout-component/checkout.component.jsx :: WatchInfo: /home/fdiamond/Training/crwn-clothing/src/components recursive :: handler is already invoked 'false'
[21:36:38.327] DirectoryWatcher:: Triggered with /home/fdiamond/Training/crwn-clothing/src/components/cart-item :: WatchInfo: /home/fdiamond/Training/crwn-clothing/src/components recursive :: handler is already invoked 'false'
[21:36:38.327] DirectoryWatcher:: Triggered with /home/fdiamond/Training/crwn-clothing/src/components/checkout-component/checkout.component.styles.scss :: WatchInfo: /home/fdiamond/Training/crwn-clothing/src/components recursive :: handler is already invoked 'false'
[21:36:38.328] DirectoryWatcher:: Triggered with /home/fdiamond/Training/crwn-clothing/src/components/checkout-component :: WatchInfo: /home/fdiamond/Training/crwn-clothing/src/components recursive :: handler is already invoked 'false'
[21:36:38.328] DirectoryWatcher:: Triggered with /home/fdiamond/Training/crwn-clothing/src/components/sign-up/sign-up.component.jsx :: WatchInfo: /home/fdiamond/Training/crwn-clothing/src/components recursive :: handler is already invoked 'false'
[21:36:38.328] DirectoryWatcher:: Triggered with /home/fdiamond/Training/crwn-clothing/src/components/sign-up/sign-up.styles.scss :: WatchInfo: /home/fdiamond/Training/crwn-clothing/src/components recursive :: handler is already invoked 'false'
[21:36:38.328] DirectoryWatcher:: Triggered with /home/fdiamond/Training/crwn-clothing/src/pages/checkout/checkout.page.jsx :: WatchInfo: /home/fdiamond/Training/crwn-clothing/src/pages recursive :: handler is already invoked 'false'
[21:36:38.329] DirectoryWatcher:: Triggered with /home/fdiamond/Training/crwn-clothing/src/components/sign-up :: WatchInfo: /home/fdiamond/Training/crwn-clothing/src/components recursive :: handler is already invoked 'false'
[21:36:38.329] DirectoryWatcher:: Triggered with /home/fdiamond/Training/crwn-clothing/src/pages/checkout/checkout.styles.scss :: WatchInfo: /home/fdiamond/Training/crwn-clothing/src/pages recursive :: handler is already invoked 'false'
[21:36:38.330] DirectoryWatcher:: Triggered with /home/fdiamond/Training/crwn-clothing/src/pages/checkout :: WatchInfo: /home/fdiamond/Training/crwn-clothing/src/pages recursive :: handler is already invoked 'false'
[21:36:38.331] DirectoryWatcher:: Triggered with /home/fdiamond/Training/crwn-clothing/src/redux/cart/cart.actions.js :: WatchInfo: /home/fdiamond/Training/crwn-clothing/src/redux recursive :: handler is already invoked 'false'
[21:36:38.331] DirectoryWatcher:: Triggered with /home/fdiamond/Training/crwn-clothing/src/redux/cart/cart.actions.js :: WatchInfo: /home/fdiamond/Training/crwn-clothing/src/redux/cart recursive :: handler is already invoked 'false'
[21:36:38.331] DirectoryWatcher:: Triggered with /home/fdiamond/Training/crwn-clothing/src/redux/cart/cart.reducer.js :: WatchInfo: /home/fdiamond/Training/crwn-clothing/src/redux recursive :: handler is already invoked 'false'
[21:36:38.331] DirectoryWatcher:: Triggered with /home/fdiamond/Training/crwn-clothing/src/redux/cart/cart.reducer.js :: WatchInfo: /home/fdiamond/Training/crwn-clothing/src/redux/cart recursive :: handler is already invoked 'false'
[21:36:38.331] DirectoryWatcher:: Triggered with /home/fdiamond/Training/crwn-clothing/src/redux/cart/cart.selector.js :: WatchInfo: /home/fdiamond/Training/crwn-clothing/src/redux recursive :: handler is already invoked 'false'
[21:36:38.331] DirectoryWatcher:: Triggered with /home/fdiamond/Training/crwn-clothing/src/redux/cart/cart.selector.js :: WatchInfo: /home/fdiamond/Training/crwn-clothing/src/redux/cart recursive :: handler is already invoked 'false'
[21:36:38.331] DirectoryWatcher:: Triggered with /home/fdiamond/Training/crwn-clothing/src/redux/cart/cart.types.js :: WatchInfo: /home/fdiamond/Training/crwn-clothing/src/redux recursive :: handler is already invoked 'false'
[21:36:38.331] DirectoryWatcher:: Triggered with /home/fdiamond/Training/crwn-clothing/src/redux/cart/cart.types.js :: WatchInfo: /home/fdiamond/Training/crwn-clothing/src/redux/cart recursive :: handler is already invoked 'false'
[21:36:38.332] DirectoryWatcher:: Triggered with /home/fdiamond/Training/crwn-clothing/src/redux/cart/cart.utils.js :: WatchInfo: /home/fdiamond/Training/crwn-clothing/src/redux recursive :: handler is already invoked 'false'
[21:36:38.332] DirectoryWatcher:: Triggered with /home/fdiamond/Training/crwn-clothing/src/redux/cart/cart.utils.js :: WatchInfo: /home/fdiamond/Training/crwn-clothing/src/redux/cart recursive :: handler is already invoked 'false'
[21:36:38.332] DirectoryWatcher:: Triggered with /home/fdiamond/Training/crwn-clothing/src/redux/directory/directory.reducer.js :: WatchInfo: /home/fdiamond/Training/crwn-clothing/src/redux recursive :: handler is already invoked 'false'
[21:36:38.332] DirectoryWatcher:: Triggered with /home/fdiamond/Training/crwn-clothing/src/redux/directory/directory.reducer.js :: WatchInfo: /home/fdiamond/Training/crwn-clothing/src/redux/directory recursive :: handler is already invoked 'false'
[21:36:38.332] DirectoryWatcher:: Triggered with /home/fdiamond/Training/crwn-clothing/src/redux/cart :: WatchInfo: /home/fdiamond/Training/crwn-clothing/src/redux recursive :: handler is already invoked 'false'
[21:36:38.332] DirectoryWatcher:: Triggered with /home/fdiamond/Training/crwn-clothing/src/redux/cart :: WatchInfo: /home/fdiamond/Training/crwn-clothing/src/redux/cart recursive :: handler is already invoked 'false'
[21:36:38.332] DirectoryWatcher:: Triggered with /home/fdiamond/Training/crwn-clothing/src/redux/directory/directory.selector.js :: WatchInfo: /home/fdiamond/Training/crwn-clothing/src/redux recursive :: handler is already invoked 'false'
[21:36:38.332] DirectoryWatcher:: Triggered with /home/fdiamond/Training/crwn-clothing/src/redux/directory/directory.selector.js :: WatchInfo: /home/fdiamond/Training/crwn-clothing/src/redux/directory recursive :: handler is already invoked 'false'
[21:36:38.333] DirectoryWatcher:: Triggered with /home/fdiamond/Training/crwn-clothing/src/redux/user/user.actions.js :: WatchInfo: /home/fdiamond/Training/crwn-clothing/src/redux recursive :: handler is already invoked 'false'
[21:36:38.333] DirectoryWatcher:: Triggered with /home/fdiamond/Training/crwn-clothing/src/redux/user/user.actions.js :: WatchInfo: /home/fdiamond/Training/crwn-clothing/src/redux/user recursive :: handler is already invoked 'false'
[21:36:38.333] DirectoryWatcher:: Triggered with /home/fdiamond/Training/crwn-clothing/src/redux/directory :: WatchInfo: /home/fdiamond/Training/crwn-clothing/src/redux recursive :: handler is already invoked 'false'
[21:36:38.333] DirectoryWatcher:: Triggered with /home/fdiamond/Training/crwn-clothing/src/redux/directory :: WatchInfo: /home/fdiamond/Training/crwn-clothing/src/redux/directory recursive :: handler is already invoked 'false'
[21:36:38.333] DirectoryWatcher:: Triggered with /home/fdiamond/Training/crwn-clothing/src/redux/user/user.reducer.js :: WatchInfo: /home/fdiamond/Training/crwn-clothing/src/redux recursive :: handler is already invoked 'false'
[21:36:38.333] DirectoryWatcher:: Triggered with /home/fdiamond/Training/crwn-clothing/src/redux/user/user.reducer.js :: WatchInfo: /home/fdiamond/Training/crwn-clothing/src/redux/user recursive :: handler is already invoked 'false'
[21:36:38.333] DirectoryWatcher:: Triggered with /home/fdiamond/Training/crwn-clothing/src/redux/user/user.selector.js :: WatchInfo: /home/fdiamond/Training/crwn-clothing/src/redux recursive :: handler is already invoked 'false'
[21:36:38.333] DirectoryWatcher:: Triggered with /home/fdiamond/Training/crwn-clothing/src/redux/user/user.selector.js :: WatchInfo: /home/fdiamond/Training/crwn-clothing/src/redux/user recursive :: handler is already invoked 'false'
[21:36:38.333] DirectoryWatcher:: Triggered with /home/fdiamond/Training/crwn-clothing/src/redux/user/user.types.js :: WatchInfo: /home/fdiamond/Training/crwn-clothing/src/redux recursive :: handler is already invoked 'false'
[21:36:38.333] DirectoryWatcher:: Triggered with /home/fdiamond/Training/crwn-clothing/src/redux/user/user.types.js :: WatchInfo: /home/fdiamond/Training/crwn-clothing/src/redux/user recursive :: handler is already invoked 'false'
[21:36:38.333] DirectoryWatcher:: Triggered with /home/fdiamond/Training/crwn-clothing/src/redux/user :: WatchInfo: /home/fdiamond/Training/crwn-clothing/src/redux recursive :: handler is already invoked 'false'
[21:36:38.333] DirectoryWatcher:: Triggered with /home/fdiamond/Training/crwn-clothing/src/redux/user :: WatchInfo: /home/fdiamond/Training/crwn-clothing/src/redux/user recursive :: handler is already invoked 'false'
[21:36:38.911] Got install request {"projectName":"/dev/null/inferredProject2*","fileNames":["/usr/lib/node_modules/typescript/lib/lib.d.ts","/usr/lib/node_modules/typescript/lib/lib.es5.d.ts","/usr/lib/node_modules/typescript/lib/lib.dom.d.ts","/usr/lib/node_modules/typescript/lib/lib.webworker.importscripts.d.ts","/usr/lib/node_modules/typescript/lib/lib.scripthost.d.ts","/home/fdiamond/Training/crwn-clothing/src/redux/root-reducer.js"],"compilerOptions":{"target":1,"jsx":1,"allowNonTsExtensions":true,"allowJs":true,"noEmitForJsFiles":true,"maxNodeModuleJsDepth":2},"typeAcquisition":{"enable":true,"include":[],"exclude":[]},"unresolvedImports":[],"projectRootPath":"/home/fdiamond/Training/crwn-clothing/src/redux","kind":"discover"}
[21:36:38.911] Explicitly included types: []
[21:36:38.912] Inferred typings from unresolved imports: []
[21:36:38.912] Result: {"cachedTypingPaths":[],"newTypingNames":[],"filesToWatch":["/home/fdiamond/Training/crwn-clothing/src/redux/bower_components","/home/fdiamond/Training/crwn-clothing/src/redux/node_modules"]}
[21:36:38.912] Finished typings discovery: {"cachedTypingPaths":[],"newTypingNames":[],"filesToWatch":["/home/fdiamond/Training/crwn-clothing/src/redux/bower_components","/home/fdiamond/Training/crwn-clothing/src/redux/node_modules"]}
[21:36:38.912] DirectoryWatcher:: Closed:: WatchInfo: /home/fdiamond/Training/crwn-clothing/src/redux/user
[21:36:38.913] DirectoryWatcher:: Closed:: WatchInfo: /home/fdiamond/Training/crwn-clothing/src/redux/cart
[21:36:38.913] DirectoryWatcher:: Closed:: WatchInfo: /home/fdiamond/Training/crwn-clothing/src/redux/directory
[21:36:38.913] Sending response:
    {"projectName":"/dev/null/inferredProject2*","typeAcquisition":{"enable":true,"include":[],"exclude":[]},"compilerOptions":{"target":1,"jsx":1,"allowNonTsExtensions":true,"allowJs":true,"noEmitForJsFiles":true,"maxNodeModuleJsDepth":2},"typings":[],"unresolvedImports":[],"kind":"action::set"}
[21:36:38.913] Response has been sent.
[21:36:38.913] No new typings were requested as a result of typings discovery
[21:36:39.354] DirectoryWatcher:: Triggered with /home/fdiamond/Training/crwn-clothing/src/firebase :: WatchInfo: /home/fdiamond/Training/crwn-clothing/src/firebase recursive :: handler is already invoked 'false'
[21:36:39.354] DirectoryWatcher:: Triggered with /home/fdiamond/Training/crwn-clothing/src/redux :: WatchInfo: /home/fdiamond/Training/crwn-clothing/src/redux recursive :: handler is already invoked 'false'
[21:36:39.354] DirectoryWatcher:: Triggered with /home/fdiamond/Training/crwn-clothing/src/components :: WatchInfo: /home/fdiamond/Training/crwn-clothing/src/components recursive :: handler is already invoked 'false'
[21:36:39.354] DirectoryWatcher:: Triggered with /home/fdiamond/Training/crwn-clothing/src/pages :: WatchInfo: /home/fdiamond/Training/crwn-clothing/src/pages recursive :: handler is already invoked 'false'
[21:36:39.987] Got install request {"projectName":"/dev/null/inferredProject1*","fileNames":["/usr/lib/node_modules/typescript/lib/lib.d.ts","/usr/lib/node_modules/typescript/lib/lib.es5.d.ts","/usr/lib/node_modules/typescript/lib/lib.dom.d.ts","/usr/lib/node_modules/typescript/lib/lib.webworker.importscripts.d.ts","/usr/lib/node_modules/typescript/lib/lib.scripthost.d.ts","/home/fdiamond/.cache/typescript/3.9/node_modules/@types/react/global.d.ts","/home/fdiamond/.cache/typescript/3.9/node_modules/@types/react/index.d.ts","/home/fdiamond/Training/crwn-clothing/src/firebase/firebase.utils.js","/home/fdiamond/Training/crwn-clothing/src/components/custom-button/custom-button.component.jsx","/home/fdiamond/Training/crwn-clothing/src/components/collection-item/collection-item.component.jsx","/home/fdiamond/Training/crwn-clothing/src/components/collection-preview/collection-preview.jsx","/home/fdiamond/Training/crwn-clothing/src/pages/shop/shopData.js","/home/fdiamond/Training/crwn-clothing/src/pages/shop/shop.component.jsx","/home/fdiamond/Training/crwn-clothing/src/components/header/header.component.jsx","/home/fdiamond/Training/crwn-clothing/src/components/form-input/form-input.component.jsx","/home/fdiamond/Training/crwn-clothing/src/components/sign-in/sign-in.component.jsx","/home/fdiamond/Training/crwn-clothing/src/pages/sign-in-and-sign-up/sign-in-and-sign-up.jsx","/home/fdiamond/Training/crwn-clothing/src/components/menu-item/menu-item.component.jsx","/home/fdiamond/Training/crwn-clothing/src/components/directory-component/directory.component.jsx","/home/fdiamond/Training/crwn-clothing/src/homepage.component.jsx","/home/fdiamond/Training/crwn-clothing/src/App.js"],"compilerOptions":{"target":1,"jsx":1,"allowNonTsExtensions":true,"allowJs":true,"noEmitForJsFiles":true,"maxNodeModuleJsDepth":2},"typeAcquisition":{"enable":true,"include":[],"exclude":[]},"unresolvedImports":[],"projectRootPath":"/home/fdiamond/Training/crwn-clothing/src","kind":"discover"}
[21:36:39.987] Explicitly included types: []
[21:36:39.990] Inferred 'react' typings due to presence of '.jsx' extension
[21:36:39.990] Inferred typings from unresolved imports: []
[21:36:39.991] Result: {"cachedTypingPaths":["/home/fdiamond/.cache/typescript/3.9/node_modules/@types/react/index.d.ts"],"newTypingNames":[],"filesToWatch":["/home/fdiamond/Training/crwn-clothing/src/firebase/bower_components","/home/fdiamond/Training/crwn-clothing/src/firebase/node_modules","/home/fdiamond/Training/crwn-clothing/src/components/custom-button/bower_components","/home/fdiamond/Training/crwn-clothing/src/components/custom-button/node_modules","/home/fdiamond/Training/crwn-clothing/src/components/collection-item/bower_components","/home/fdiamond/Training/crwn-clothing/src/components/collection-item/node_modules","/home/fdiamond/Training/crwn-clothing/src/components/collection-preview/bower_components","/home/fdiamond/Training/crwn-clothing/src/components/collection-preview/node_modules","/home/fdiamond/Training/crwn-clothing/src/pages/shop/bower_components","/home/fdiamond/Training/crwn-clothing/src/pages/shop/node_modules","/home/fdiamond/Training/crwn-clothing/src/components/header/bower_components","/home/fdiamond/Training/crwn-clothing/src/components/header/node_modules","/home/fdiamond/Training/crwn-clothing/src/components/form-input/bower_components","/home/fdiamond/Training/crwn-clothing/src/components/form-input/node_modules","/home/fdiamond/Training/crwn-clothing/src/components/sign-in/bower_components","/home/fdiamond/Training/crwn-clothing/src/components/sign-in/node_modules","/home/fdiamond/Training/crwn-clothing/src/pages/sign-in-and-sign-up/bower_components","/home/fdiamond/Training/crwn-clothing/src/pages/sign-in-and-sign-up/node_modules","/home/fdiamond/Training/crwn-clothing/src/components/menu-item/bower_components","/home/fdiamond/Training/crwn-clothing/src/components/menu-item/node_modules","/home/fdiamond/Training/crwn-clothing/src/components/directory-component/bower_components","/home/fdiamond/Training/crwn-clothing/src/components/directory-component/node_modules","/home/fdiamond/Training/crwn-clothing/src/bower_components","/home/fdiamond/Training/crwn-clothing/src/node_modules"]}
[21:36:39.991] Finished typings discovery: {"cachedTypingPaths":["/home/fdiamond/.cache/typescript/3.9/node_modules/@types/react/index.d.ts"],"newTypingNames":[],"filesToWatch":["/home/fdiamond/Training/crwn-clothing/src/firebase/bower_components","/home/fdiamond/Training/crwn-clothing/src/firebase/node_modules","/home/fdiamond/Training/crwn-clothing/src/components/custom-button/bower_components","/home/fdiamond/Training/crwn-clothing/src/components/custom-button/node_modules","/home/fdiamond/Training/crwn-clothing/src/components/collection-item/bower_components","/home/fdiamond/Training/crwn-clothing/src/components/collection-item/node_modules","/home/fdiamond/Training/crwn-clothing/src/components/collection-preview/bower_components","/home/fdiamond/Training/crwn-clothing/src/components/collection-preview/node_modules","/home/fdiamond/Training/crwn-clothing/src/pages/shop/bower_components","/home/fdiamond/Training/crwn-clothing/src/pages/shop/node_modules","/home/fdiamond/Training/crwn-clothing/src/components/header/bower_components","/home/fdiamond/Training/crwn-clothing/src/components/header/node_modules","/home/fdiamond/Training/crwn-clothing/src/components/form-input/bower_components","/home/fdiamond/Training/crwn-clothing/src/components/form-input/node_modules","/home/fdiamond/Training/crwn-clothing/src/components/sign-in/bower_components","/home/fdiamond/Training/crwn-clothing/src/components/sign-in/node_modules","/home/fdiamond/Training/crwn-clothing/src/pages/sign-in-and-sign-up/bower_components","/home/fdiamond/Training/crwn-clothing/src/pages/sign-in-and-sign-up/node_modules","/home/fdiamond/Training/crwn-clothing/src/components/menu-item/bower_components","/home/fdiamond/Training/crwn-clothing/src/components/menu-item/node_modules","/home/fdiamond/Training/crwn-clothing/src/components/directory-component/bower_components","/home/fdiamond/Training/crwn-clothing/src/components/directory-component/node_modules","/home/fdiamond/Training/crwn-clothing/src/bower_components","/home/fdiamond/Training/crwn-clothing/src/node_modules"]}
[21:36:39.993] DirectoryWatcher:: Closed:: WatchInfo: /home/fdiamond/Training/crwn-clothing/src/redux
[21:36:39.993] Sending response:
    {"projectName":"/dev/null/inferredProject1*","typeAcquisition":{"enable":true,"include":[],"exclude":[]},"compilerOptions":{"target":1,"jsx":1,"allowNonTsExtensions":true,"allowJs":true,"noEmitForJsFiles":true,"maxNodeModuleJsDepth":2},"typings":["/home/fdiamond/.cache/typescript/3.9/node_modules/@types/react/index.d.ts"],"unresolvedImports":[],"kind":"action::set"}
[21:36:39.993] Response has been sent.
[21:36:39.993] No new typings were requested as a result of typings discovery
[21:36:40.667] Got install request {"projectName":"/dev/null/inferredProject1*","fileNames":["/usr/lib/node_modules/typescript/lib/lib.d.ts","/usr/lib/node_modules/typescript/lib/lib.es5.d.ts","/usr/lib/node_modules/typescript/lib/lib.dom.d.ts","/usr/lib/node_modules/typescript/lib/lib.webworker.importscripts.d.ts","/usr/lib/node_modules/typescript/lib/lib.scripthost.d.ts","/home/fdiamond/.cache/typescript/3.9/node_modules/@types/react/global.d.ts","/home/fdiamond/.cache/typescript/3.9/node_modules/@types/react/index.d.ts","/home/fdiamond/Training/crwn-clothing/src/firebase/firebase.utils.js","/home/fdiamond/Training/crwn-clothing/src/components/collection-item/collection-item.component.jsx","/home/fdiamond/Training/crwn-clothing/src/components/collection-preview/collection-preview.jsx","/home/fdiamond/Training/crwn-clothing/src/pages/shop/shopData.js","/home/fdiamond/Training/crwn-clothing/src/pages/shop/shop.component.jsx","/home/fdiamond/Training/crwn-clothing/src/components/header/header.component.jsx","/home/fdiamond/Training/crwn-clothing/src/components/form-input/form-input.component.jsx","/home/fdiamond/Training/crwn-clothing/src/components/custom-button/custom-button.component.jsx","/home/fdiamond/Training/crwn-clothing/src/components/sign-in/sign-in.component.jsx","/home/fdiamond/Training/crwn-clothing/src/pages/sign-in-and-sign-up/sign-in-and-sign-up.jsx","/home/fdiamond/Training/crwn-clothing/src/components/menu-item/menu-item.component.jsx","/home/fdiamond/Training/crwn-clothing/src/components/directory-component/directory.component.jsx","/home/fdiamond/Training/crwn-clothing/src/homepage.component.jsx","/home/fdiamond/Training/crwn-clothing/src/App.js"],"compilerOptions":{"target":1,"jsx":1,"allowNonTsExtensions":true,"allowJs":true,"noEmitForJsFiles":true,"maxNodeModuleJsDepth":2},"typeAcquisition":{"enable":true,"include":[],"exclude":[]},"unresolvedImports":[],"projectRootPath":"/home/fdiamond/Training/crwn-clothing/src","kind":"discover"}
[21:36:40.668] Explicitly included types: []
[21:36:40.669] Inferred 'react' typings due to presence of '.jsx' extension
[21:36:40.669] Inferred typings from unresolved imports: []
[21:36:40.669] Result: {"cachedTypingPaths":["/home/fdiamond/.cache/typescript/3.9/node_modules/@types/react/index.d.ts"],"newTypingNames":[],"filesToWatch":["/home/fdiamond/Training/crwn-clothing/src/firebase/bower_components","/home/fdiamond/Training/crwn-clothing/src/firebase/node_modules","/home/fdiamond/Training/crwn-clothing/src/components/collection-item/bower_components","/home/fdiamond/Training/crwn-clothing/src/components/collection-item/node_modules","/home/fdiamond/Training/crwn-clothing/src/components/collection-preview/bower_components","/home/fdiamond/Training/crwn-clothing/src/components/collection-preview/node_modules","/home/fdiamond/Training/crwn-clothing/src/pages/shop/bower_components","/home/fdiamond/Training/crwn-clothing/src/pages/shop/node_modules","/home/fdiamond/Training/crwn-clothing/src/components/header/bower_components","/home/fdiamond/Training/crwn-clothing/src/components/header/node_modules","/home/fdiamond/Training/crwn-clothing/src/components/form-input/bower_components","/home/fdiamond/Training/crwn-clothing/src/components/form-input/node_modules","/home/fdiamond/Training/crwn-clothing/src/components/custom-button/bower_components","/home/fdiamond/Training/crwn-clothing/src/components/custom-button/node_modules","/home/fdiamond/Training/crwn-clothing/src/components/sign-in/bower_components","/home/fdiamond/Training/crwn-clothing/src/components/sign-in/node_modules","/home/fdiamond/Training/crwn-clothing/src/pages/sign-in-and-sign-up/bower_components","/home/fdiamond/Training/crwn-clothing/src/pages/sign-in-and-sign-up/node_modules","/home/fdiamond/Training/crwn-clothing/src/components/menu-item/bower_components","/home/fdiamond/Training/crwn-clothing/src/components/menu-item/node_modules","/home/fdiamond/Training/crwn-clothing/src/components/directory-component/bower_components","/home/fdiamond/Training/crwn-clothing/src/components/directory-component/node_modules","/home/fdiamond/Training/crwn-clothing/src/bower_components","/home/fdiamond/Training/crwn-clothing/src/node_modules"]}
[21:36:40.669] Finished typings discovery: {"cachedTypingPaths":["/home/fdiamond/.cache/typescript/3.9/node_modules/@types/react/index.d.ts"],"newTypingNames":[],"filesToWatch":["/home/fdiamond/Training/crwn-clothing/src/firebase/bower_components","/home/fdiamond/Training/crwn-clothing/src/firebase/node_modules","/home/fdiamond/Training/crwn-clothing/src/components/collection-item/bower_components","/home/fdiamond/Training/crwn-clothing/src/components/collection-item/node_modules","/home/fdiamond/Training/crwn-clothing/src/components/collection-preview/bower_components","/home/fdiamond/Training/crwn-clothing/src/components/collection-preview/node_modules","/home/fdiamond/Training/crwn-clothing/src/pages/shop/bower_components","/home/fdiamond/Training/crwn-clothing/src/pages/shop/node_modules","/home/fdiamond/Training/crwn-clothing/src/components/header/bower_components","/home/fdiamond/Training/crwn-clothing/src/components/header/node_modules","/home/fdiamond/Training/crwn-clothing/src/components/form-input/bower_components","/home/fdiamond/Training/crwn-clothing/src/components/form-input/node_modules","/home/fdiamond/Training/crwn-clothing/src/components/custom-button/bower_components","/home/fdiamond/Training/crwn-clothing/src/components/custom-button/node_modules","/home/fdiamond/Training/crwn-clothing/src/components/sign-in/bower_components","/home/fdiamond/Training/crwn-clothing/src/components/sign-in/node_modules","/home/fdiamond/Training/crwn-clothing/src/pages/sign-in-and-sign-up/bower_components","/home/fdiamond/Training/crwn-clothing/src/pages/sign-in-and-sign-up/node_modules","/home/fdiamond/Training/crwn-clothing/src/components/menu-item/bower_components","/home/fdiamond/Training/crwn-clothing/src/components/menu-item/node_modules","/home/fdiamond/Training/crwn-clothing/src/components/directory-component/bower_components","/home/fdiamond/Training/crwn-clothing/src/components/directory-component/node_modules","/home/fdiamond/Training/crwn-clothing/src/bower_components","/home/fdiamond/Training/crwn-clothing/src/node_modules"]}
[21:36:40.669] Sending response:
    {"projectName":"/dev/null/inferredProject1*","typeAcquisition":{"enable":true,"include":[],"exclude":[]},"compilerOptions":{"target":1,"jsx":1,"allowNonTsExtensions":true,"allowJs":true,"noEmitForJsFiles":true,"maxNodeModuleJsDepth":2},"typings":["/home/fdiamond/.cache/typescript/3.9/node_modules/@types/react/index.d.ts"],"unresolvedImports":[],"kind":"action::set"}
[21:36:40.670] Response has been sent.
[21:36:40.670] No new typings were requested as a result of typings discovery
[21:36:41.206] Got install request {"projectName":"/dev/null/inferredProject3*","fileNames":["/usr/lib/node_modules/typescript/lib/lib.d.ts","/usr/lib/node_modules/typescript/lib/lib.es5.d.ts","/usr/lib/node_modules/typescript/lib/lib.dom.d.ts","/usr/lib/node_modules/typescript/lib/lib.webworker.importscripts.d.ts","/usr/lib/node_modules/typescript/lib/lib.scripthost.d.ts","/home/fdiamond/Training/crwn-clothing/src/redux/directory/directory.reducer.js"],"compilerOptions":{"target":1,"jsx":1,"allowNonTsExtensions":true,"allowJs":true,"noEmitForJsFiles":true,"maxNodeModuleJsDepth":2},"typeAcquisition":{"enable":true,"include":[],"exclude":[]},"unresolvedImports":[],"projectRootPath":"/home/fdiamond/Training/crwn-clothing/src/redux/directory","kind":"discover"}
[21:36:41.206] Explicitly included types: []
[21:36:41.206] Inferred typings from unresolved imports: []
[21:36:41.206] Result: {"cachedTypingPaths":[],"newTypingNames":[],"filesToWatch":["/home/fdiamond/Training/crwn-clothing/src/redux/directory/bower_components","/home/fdiamond/Training/crwn-clothing/src/redux/directory/node_modules"]}
[21:36:41.206] Finished typings discovery: {"cachedTypingPaths":[],"newTypingNames":[],"filesToWatch":["/home/fdiamond/Training/crwn-clothing/src/redux/directory/bower_components","/home/fdiamond/Training/crwn-clothing/src/redux/directory/node_modules"]}
[21:36:41.206] DirectoryWatcher:: Added:: WatchInfo: /home/fdiamond/Training/crwn-clothing/src/redux/directory/bower_components
[21:36:41.207] DirectoryWatcher:: Added:: WatchInfo: /home/fdiamond/Training/crwn-clothing/src/redux/directory/node_modules
[21:36:41.207] Sending response:
    {"projectName":"/dev/null/inferredProject3*","typeAcquisition":{"enable":true,"include":[],"exclude":[]},"compilerOptions":{"target":1,"jsx":1,"allowNonTsExtensions":true,"allowJs":true,"noEmitForJsFiles":true,"maxNodeModuleJsDepth":2},"typings":[],"unresolvedImports":[],"kind":"action::set"}
[21:36:41.207] Response has been sent.
[21:36:41.207] No new typings were requested as a result of typings discovery
[21:36:41.294] Got install request {"projectName":"/dev/null/inferredProject4*","fileNames":["/usr/lib/node_modules/typescript/lib/lib.d.ts","/usr/lib/node_modules/typescript/lib/lib.es5.d.ts","/usr/lib/node_modules/typescript/lib/lib.dom.d.ts","/usr/lib/node_modules/typescript/lib/lib.webworker.importscripts.d.ts","/usr/lib/node_modules/typescript/lib/lib.scripthost.d.ts","/home/fdiamond/Training/crwn-clothing/src/redux/directory/directory.selector.js"],"compilerOptions":{"target":1,"jsx":1,"allowNonTsExtensions":true,"allowJs":true,"noEmitForJsFiles":true,"maxNodeModuleJsDepth":2},"typeAcquisition":{"enable":true,"include":[],"exclude":[]},"unresolvedImports":[],"projectRootPath":"/home/fdiamond/Training/crwn-clothing/src/redux/directory","kind":"discover"}
[21:36:41.294] Explicitly included types: []
[21:36:41.295] Inferred typings from unresolved imports: []
[21:36:41.295] Result: {"cachedTypingPaths":[],"newTypingNames":[],"filesToWatch":["/home/fdiamond/Training/crwn-clothing/src/redux/directory/bower_components","/home/fdiamond/Training/crwn-clothing/src/redux/directory/node_modules"]}
[21:36:41.295] Finished typings discovery: {"cachedTypingPaths":[],"newTypingNames":[],"filesToWatch":["/home/fdiamond/Training/crwn-clothing/src/redux/directory/bower_components","/home/fdiamond/Training/crwn-clothing/src/redux/directory/node_modules"]}
[21:36:41.295] DirectoryWatcher:: Added:: WatchInfo: /home/fdiamond/Training/crwn-clothing/src/redux/directory/bower_components
[21:36:41.295] DirectoryWatcher:: Added:: WatchInfo: /home/fdiamond/Training/crwn-clothing/src/redux/directory/node_modules
[21:36:41.295] Sending response:
    {"projectName":"/dev/null/inferredProject4*","typeAcquisition":{"enable":true,"include":[],"exclude":[]},"compilerOptions":{"target":1,"jsx":1,"allowNonTsExtensions":true,"allowJs":true,"noEmitForJsFiles":true,"maxNodeModuleJsDepth":2},"typings":[],"unresolvedImports":[],"kind":"action::set"}
[21:36:41.296] Response has been sent.
[21:36:41.296] No new typings were requested as a result of typings discovery
