[8:33:54.525] Global cache location '/home/fdiamond/.cache/typescript/3.9', safe file path '/usr/lib/node_modules/typescript/lib/typingSafeList.json', types map path /usr/lib/node_modules/typescript/lib/typesMap.json
[8:33:54.526] Processing cache location '/home/fdiamond/.cache/typescript/3.9'
[8:33:54.526] Trying to find '/home/fdiamond/.cache/typescript/3.9/package.json'...
[8:33:54.528] Loaded content of '/home/fdiamond/.cache/typescript/3.9/package.json': {"private":true,"dependencies":{"types-registry":"^0.1.501"},"devDependencies":{"@types/assert":"^1.5.1","@types/async":"^3.2.3","@types/atob":"^2.1.2","@types/bcrypt":"^3.0.0","@types/body-parser":"^1.19.0","@types/bootstrap":"^4.5.0","@types/bson":"^4.0.2","@types/co":"^4.6.2","@types/content-disposition":"^0.5.3","@types/content-type":"^1.1.3","@types/cookie":"^0.4.0","@types/cookie-signature":"^1.0.3","@types/debug":"^4.1.5","@types/depd":"^1.1.32","@types/destroy":"^1.0.0","@types/ee-first":"^1.1.0","@types/ejs":"^3.0.4","@types/encodeurl":"^1.0.0","@types/escape-html":"^1.0.0","@types/etag":"^1.8.0","@types/express":"^4.17.7","@types/express-session":"^1.17.0","@types/finalhandler":"^1.1.0","@types/forwarded":"^0.1.0","@types/fresh":"^0.5.0","@types/gh-pages":"^3.0.0","@types/he":"^1.1.1","@types/hoist-non-react-statics":"^3.3.1","@types/http-errors":"^1.6.3","@types/isomorphic-fetch":"0.0.35","@types/jquery":"^3.5.0","@types/js-base64":"^3.0.0","@types/json-stable-stringify":"^1.0.32","@types/lodash":"^4.14.158","@types/md5":"^2.2.0","@types/methods":"^1.1.1","@types/mongodb":"^3.5.25","@types/mongoose":"^5.7.34","@types/ms":"^0.7.31","@types/node":"^14.0.1","@types/node-sass":"^4.11.1","@types/npm":"^2.0.31","@types/object-path":"^0.11.0","@types/on-finished":"^2.3.1","@types/on-headers":"^1.0.0","@types/parseurl":"^1.3.1","@types/passport":"^1.0.4","@types/passport-facebook":"^2.1.10","@types/passport-google-oauth":"^1.0.41","@types/passport-google-oauth20":"^2.0.3","@types/passport-local":"^1.0.33","@types/passport-local-mongoose":"^4.0.13","@types/passport-oauth2":"^1.4.9","@types/passport-strategy":"^0.2.35","@types/pause":"^0.1.0","@types/proxy-addr":"^2.0.0","@types/random-bytes":"^1.0.1","@types/react":"^16.9.43","@types/react-dom":"^16.9.8","@types/react-redux":"^7.1.9","@types/react-router-dom":"^5.1.5","@types/read":"0.0.28","@types/redux-logger":"^3.0.8","@types/request":"^2.48.5","@types/semver":"^7.2.0","@types/send":"^0.14.5","@types/sprintf":"^0.1.0","@types/statuses":"^2.0.0","@types/styled-components":"^5.1.1","@types/testing-library__jest-dom":"^5.9.1","@types/testing-library__react":"^10.0.1","@types/testing-library__user-event":"^4.1.1","@types/uid-safe":"^2.1.2","@types/underscore":"^1.10.0","@types/utils-merge":"0.0.28"}}
[8:33:54.528] Loaded content of '/home/fdiamond/.cache/typescript/3.9/package-lock.json'
[8:33:54.540] Adding entry into typings cache: 'assert' => '/home/fdiamond/.cache/typescript/3.9/node_modules/@types/assert/ts3.7/index.d.ts'
[8:33:54.545] Adding entry into typings cache: 'async' => '/home/fdiamond/.cache/typescript/3.9/node_modules/@types/async/index.d.ts'
[8:33:54.548] Adding entry into typings cache: 'atob' => '/home/fdiamond/.cache/typescript/3.9/node_modules/@types/atob/index.d.ts'
[8:33:54.552] Adding entry into typings cache: 'bcrypt' => '/home/fdiamond/.cache/typescript/3.9/node_modules/@types/bcrypt/index.d.ts'
[8:33:54.554] Adding entry into typings cache: 'body-parser' => '/home/fdiamond/.cache/typescript/3.9/node_modules/@types/body-parser/index.d.ts'
[8:33:54.555] Adding entry into typings cache: 'bootstrap' => '/home/fdiamond/.cache/typescript/3.9/node_modules/@types/bootstrap/index.d.ts'
[8:33:54.557] Adding entry into typings cache: 'bson' => '/home/fdiamond/.cache/typescript/3.9/node_modules/@types/bson/index.d.ts'
[8:33:54.560] Adding entry into typings cache: 'co' => '/home/fdiamond/.cache/typescript/3.9/node_modules/@types/co/index.d.ts'
[8:33:54.561] Adding entry into typings cache: 'content-disposition' => '/home/fdiamond/.cache/typescript/3.9/node_modules/@types/content-disposition/index.d.ts'
[8:33:54.563] Adding entry into typings cache: 'content-type' => '/home/fdiamond/.cache/typescript/3.9/node_modules/@types/content-type/index.d.ts'
[8:33:54.565] Adding entry into typings cache: 'cookie' => '/home/fdiamond/.cache/typescript/3.9/node_modules/@types/cookie/index.d.ts'
[8:33:54.566] Adding entry into typings cache: 'cookie-signature' => '/home/fdiamond/.cache/typescript/3.9/node_modules/@types/cookie-signature/index.d.ts'
[8:33:54.569] Adding entry into typings cache: 'debug' => '/home/fdiamond/.cache/typescript/3.9/node_modules/@types/debug/index.d.ts'
[8:33:54.571] Adding entry into typings cache: 'depd' => '/home/fdiamond/.cache/typescript/3.9/node_modules/@types/depd/index.d.ts'
[8:33:54.573] Adding entry into typings cache: 'destroy' => '/home/fdiamond/.cache/typescript/3.9/node_modules/@types/destroy/index.d.ts'
[8:33:54.575] Adding entry into typings cache: 'ee-first' => '/home/fdiamond/.cache/typescript/3.9/node_modules/@types/ee-first/index.d.ts'
[8:33:54.576] Adding entry into typings cache: 'ejs' => '/home/fdiamond/.cache/typescript/3.9/node_modules/@types/ejs/index.d.ts'
[8:33:54.578] Adding entry into typings cache: 'encodeurl' => '/home/fdiamond/.cache/typescript/3.9/node_modules/@types/encodeurl/index.d.ts'
[8:33:54.579] Adding entry into typings cache: 'escape-html' => '/home/fdiamond/.cache/typescript/3.9/node_modules/@types/escape-html/index.d.ts'
[8:33:54.580] Adding entry into typings cache: 'etag' => '/home/fdiamond/.cache/typescript/3.9/node_modules/@types/etag/index.d.ts'
[8:33:54.583] Adding entry into typings cache: 'express' => '/home/fdiamond/.cache/typescript/3.9/node_modules/@types/express/index.d.ts'
[8:33:54.584] Adding entry into typings cache: 'express-session' => '/home/fdiamond/.cache/typescript/3.9/node_modules/@types/express-session/index.d.ts'
[8:33:54.586] Adding entry into typings cache: 'finalhandler' => '/home/fdiamond/.cache/typescript/3.9/node_modules/@types/finalhandler/index.d.ts'
[8:33:54.587] Adding entry into typings cache: 'forwarded' => '/home/fdiamond/.cache/typescript/3.9/node_modules/@types/forwarded/index.d.ts'
[8:33:54.589] Adding entry into typings cache: 'fresh' => '/home/fdiamond/.cache/typescript/3.9/node_modules/@types/fresh/index.d.ts'
[8:33:54.591] Adding entry into typings cache: 'gh-pages' => '/home/fdiamond/.cache/typescript/3.9/node_modules/@types/gh-pages/index.d.ts'
[8:33:54.593] Adding entry into typings cache: 'he' => '/home/fdiamond/.cache/typescript/3.9/node_modules/@types/he/index.d.ts'
[8:33:54.597] Adding entry into typings cache: 'hoist-non-react-statics' => '/home/fdiamond/.cache/typescript/3.9/node_modules/@types/hoist-non-react-statics/index.d.ts'
[8:33:54.600] Adding entry into typings cache: 'http-errors' => '/home/fdiamond/.cache/typescript/3.9/node_modules/@types/http-errors/index.d.ts'
[8:33:54.602] Adding entry into typings cache: 'isomorphic-fetch' => '/home/fdiamond/.cache/typescript/3.9/node_modules/@types/isomorphic-fetch/index.d.ts'
[8:33:54.604] Adding entry into typings cache: 'jquery' => '/home/fdiamond/.cache/typescript/3.9/node_modules/@types/jquery/index.d.ts'
[8:33:54.605] Adding entry into typings cache: 'js-base64' => '/home/fdiamond/.cache/typescript/3.9/node_modules/@types/js-base64/index.d.ts'
[8:33:54.606] Adding entry into typings cache: 'json-stable-stringify' => '/home/fdiamond/.cache/typescript/3.9/node_modules/@types/json-stable-stringify/index.d.ts'
[8:33:54.610] Adding entry into typings cache: 'lodash' => '/home/fdiamond/.cache/typescript/3.9/node_modules/@types/lodash/ts3.1/index.d.ts'
[8:33:54.612] Adding entry into typings cache: 'md5' => '/home/fdiamond/.cache/typescript/3.9/node_modules/@types/md5/index.d.ts'
[8:33:54.614] Adding entry into typings cache: 'methods' => '/home/fdiamond/.cache/typescript/3.9/node_modules/@types/methods/index.d.ts'
[8:33:54.616] Adding entry into typings cache: 'mongodb' => '/home/fdiamond/.cache/typescript/3.9/node_modules/@types/mongodb/index.d.ts'
[8:33:54.620] Adding entry into typings cache: 'mongoose' => '/home/fdiamond/.cache/typescript/3.9/node_modules/@types/mongoose/index.d.ts'
[8:33:54.622] Adding entry into typings cache: 'ms' => '/home/fdiamond/.cache/typescript/3.9/node_modules/@types/ms/index.d.ts'
[8:33:54.626] Adding entry into typings cache: 'node' => '/home/fdiamond/.cache/typescript/3.9/node_modules/@types/node/ts3.7/index.d.ts'
[8:33:54.628] Adding entry into typings cache: 'node-sass' => '/home/fdiamond/.cache/typescript/3.9/node_modules/@types/node-sass/index.d.ts'
[8:33:54.629] Adding entry into typings cache: 'npm' => '/home/fdiamond/.cache/typescript/3.9/node_modules/@types/npm/index.d.ts'
[8:33:54.631] Adding entry into typings cache: 'object-path' => '/home/fdiamond/.cache/typescript/3.9/node_modules/@types/object-path/index.d.ts'
[8:33:54.633] Adding entry into typings cache: 'on-finished' => '/home/fdiamond/.cache/typescript/3.9/node_modules/@types/on-finished/index.d.ts'
[8:33:54.636] Adding entry into typings cache: 'on-headers' => '/home/fdiamond/.cache/typescript/3.9/node_modules/@types/on-headers/index.d.ts'
[8:33:54.638] Adding entry into typings cache: 'parseurl' => '/home/fdiamond/.cache/typescript/3.9/node_modules/@types/parseurl/index.d.ts'
[8:33:54.640] Adding entry into typings cache: 'passport' => '/home/fdiamond/.cache/typescript/3.9/node_modules/@types/passport/index.d.ts'
[8:33:54.641] Adding entry into typings cache: 'passport-facebook' => '/home/fdiamond/.cache/typescript/3.9/node_modules/@types/passport-facebook/index.d.ts'
[8:33:54.642] Adding entry into typings cache: 'passport-google-oauth' => '/home/fdiamond/.cache/typescript/3.9/node_modules/@types/passport-google-oauth/index.d.ts'
[8:33:54.643] Adding entry into typings cache: 'passport-google-oauth20' => '/home/fdiamond/.cache/typescript/3.9/node_modules/@types/passport-google-oauth20/index.d.ts'
[8:33:54.644] Adding entry into typings cache: 'passport-local' => '/home/fdiamond/.cache/typescript/3.9/node_modules/@types/passport-local/index.d.ts'
[8:33:54.645] Adding entry into typings cache: 'passport-local-mongoose' => '/home/fdiamond/.cache/typescript/3.9/node_modules/@types/passport-local-mongoose/index.d.ts'
[8:33:54.646] Adding entry into typings cache: 'passport-oauth2' => '/home/fdiamond/.cache/typescript/3.9/node_modules/@types/passport-oauth2/index.d.ts'
[8:33:54.647] Adding entry into typings cache: 'passport-strategy' => '/home/fdiamond/.cache/typescript/3.9/node_modules/@types/passport-strategy/index.d.ts'
[8:33:54.648] Adding entry into typings cache: 'pause' => '/home/fdiamond/.cache/typescript/3.9/node_modules/@types/pause/index.d.ts'
[8:33:54.650] Adding entry into typings cache: 'proxy-addr' => '/home/fdiamond/.cache/typescript/3.9/node_modules/@types/proxy-addr/index.d.ts'
[8:33:54.650] Adding entry into typings cache: 'random-bytes' => '/home/fdiamond/.cache/typescript/3.9/node_modules/@types/random-bytes/index.d.ts'
[8:33:54.653] Adding entry into typings cache: 'react' => '/home/fdiamond/.cache/typescript/3.9/node_modules/@types/react/index.d.ts'
[8:33:54.655] Adding entry into typings cache: 'react-dom' => '/home/fdiamond/.cache/typescript/3.9/node_modules/@types/react-dom/index.d.ts'
[8:33:54.656] Adding entry into typings cache: 'react-redux' => '/home/fdiamond/.cache/typescript/3.9/node_modules/@types/react-redux/index.d.ts'
[8:33:54.658] Adding entry into typings cache: 'react-router-dom' => '/home/fdiamond/.cache/typescript/3.9/node_modules/@types/react-router-dom/index.d.ts'
[8:33:54.658] Adding entry into typings cache: 'read' => '/home/fdiamond/.cache/typescript/3.9/node_modules/@types/read/index.d.ts'
[8:33:54.660] Adding entry into typings cache: 'redux-logger' => '/home/fdiamond/.cache/typescript/3.9/node_modules/@types/redux-logger/index.d.ts'
[8:33:54.665] Adding entry into typings cache: 'request' => '/home/fdiamond/.cache/typescript/3.9/node_modules/@types/request/index.d.ts'
[8:33:54.667] Adding entry into typings cache: 'semver' => '/home/fdiamond/.cache/typescript/3.9/node_modules/@types/semver/index.d.ts'
[8:33:54.668] Adding entry into typings cache: 'send' => '/home/fdiamond/.cache/typescript/3.9/node_modules/@types/send/index.d.ts'
[8:33:54.670] Adding entry into typings cache: 'sprintf' => '/home/fdiamond/.cache/typescript/3.9/node_modules/@types/sprintf/index.d.ts'
[8:33:54.671] Adding entry into typings cache: 'statuses' => '/home/fdiamond/.cache/typescript/3.9/node_modules/@types/statuses/index.d.ts'
[8:33:54.673] Adding entry into typings cache: 'styled-components' => '/home/fdiamond/.cache/typescript/3.9/node_modules/@types/styled-components/ts3.7/index.d.ts'
[8:33:54.675] Adding entry into typings cache: 'testing-library__jest-dom' => '/home/fdiamond/.cache/typescript/3.9/node_modules/@types/testing-library__jest-dom/index.d.ts'
[8:33:54.676] Adding entry into typings cache: 'testing-library__react' => '/home/fdiamond/.cache/typescript/3.9/node_modules/@types/testing-library__react/index.d.ts'
[8:33:54.678] Adding entry into typings cache: 'testing-library__user-event' => '/home/fdiamond/.cache/typescript/3.9/node_modules/@types/testing-library__user-event/index.d.ts'
[8:33:54.679] Adding entry into typings cache: 'uid-safe' => '/home/fdiamond/.cache/typescript/3.9/node_modules/@types/uid-safe/index.d.ts'
[8:33:54.679] Adding entry into typings cache: 'underscore' => '/home/fdiamond/.cache/typescript/3.9/node_modules/@types/underscore/index.d.ts'
[8:33:54.680] Adding entry into typings cache: 'utils-merge' => '/home/fdiamond/.cache/typescript/3.9/node_modules/@types/utils-merge/index.d.ts'
[8:33:54.680] Finished processing cache location '/home/fdiamond/.cache/typescript/3.9'
[8:33:54.680] Process id: 22423
[8:33:54.680] NPM location: /usr/bin/npm (explicit '--npmLocation' not  provided)
[8:33:54.680] validateDefaultNpmLocation: false
[8:33:54.681] Npm config file: /home/fdiamond/.cache/typescript/3.9/package.json
[8:33:54.681] Updating types-registry npm package...
[8:33:54.681] Exec: /usr/bin/npm install --ignore-scripts types-registry@latest
[8:33:56.128]     Succeeded. stdout:
    + types-registry@0.1.501
    updated 1 package and audited 129 packages in 1.07s

2 packages are looking for funding
  run `npm fund` for details

found 0 vulnerabilities


[8:33:56.128] Updated types-registry npm package
[8:33:57.890] Got install request {"projectName":"/dev/null/inferredProject1*","fileNames":["/usr/lib/node_modules/typescript/lib/lib.d.ts","/usr/lib/node_modules/typescript/lib/lib.es5.d.ts","/usr/lib/node_modules/typescript/lib/lib.dom.d.ts","/usr/lib/node_modules/typescript/lib/lib.webworker.importscripts.d.ts","/usr/lib/node_modules/typescript/lib/lib.scripthost.d.ts","/home/fdiamond/Training/crwn-clothing/src/firebase/firebase.utils.js"],"compilerOptions":{"target":1,"jsx":1,"allowNonTsExtensions":true,"allowJs":true,"noEmitForJsFiles":true,"maxNodeModuleJsDepth":2},"typeAcquisition":{"enable":true,"include":[],"exclude":[]},"unresolvedImports":[],"projectRootPath":"/home/fdiamond/Training/crwn-clothing/src/firebase","kind":"discover"}
[8:33:57.899] Loaded safelist from types map file '/usr/lib/node_modules/typescript/lib/typesMap.json'
[8:33:57.899] Explicitly included types: []
[8:33:57.900] Inferred typings from unresolved imports: []
[8:33:57.900] Result: {"cachedTypingPaths":[],"newTypingNames":[],"filesToWatch":["/home/fdiamond/Training/crwn-clothing/src/firebase/bower_components","/home/fdiamond/Training/crwn-clothing/src/firebase/node_modules"]}
[8:33:57.900] Finished typings discovery: {"cachedTypingPaths":[],"newTypingNames":[],"filesToWatch":["/home/fdiamond/Training/crwn-clothing/src/firebase/bower_components","/home/fdiamond/Training/crwn-clothing/src/firebase/node_modules"]}
[8:33:57.900] DirectoryWatcher:: Added:: WatchInfo: /home/fdiamond/Training/crwn-clothing/src/firebase/bower_components
[8:33:57.901] DirectoryWatcher:: Added:: WatchInfo: /home/fdiamond/Training/crwn-clothing/src/firebase/node_modules
[8:33:57.902] Sending response:
    {"projectName":"/dev/null/inferredProject1*","typeAcquisition":{"enable":true,"include":[],"exclude":[]},"compilerOptions":{"target":1,"jsx":1,"allowNonTsExtensions":true,"allowJs":true,"noEmitForJsFiles":true,"maxNodeModuleJsDepth":2},"typings":[],"unresolvedImports":[],"kind":"action::set"}
[8:33:57.902] Response has been sent.
[8:33:57.902] No new typings were requested as a result of typings discovery
