[21:10:41.322] Global cache location '/home/fdiamond/.cache/typescript/3.9', safe file path '/usr/lib/node_modules/typescript/lib/typingSafeList.json', types map path /usr/lib/node_modules/typescript/lib/typesMap.json
[21:10:41.323] Processing cache location '/home/fdiamond/.cache/typescript/3.9'
[21:10:41.323] Trying to find '/home/fdiamond/.cache/typescript/3.9/package.json'...
[21:10:41.324] Loaded content of '/home/fdiamond/.cache/typescript/3.9/package.json': {"private":true,"dependencies":{"types-registry":"^0.1.501"},"devDependencies":{"@types/ajv-keywords":"^3.4.0","@types/ansi-styles":"^3.2.1","@types/aria-query":"^4.2.0","@types/assert":"^1.5.1","@types/async":"^3.2.3","@types/atob":"^2.1.2","@types/autoprefixer":"^9.7.2","@types/aws4":"^1.5.1","@types/bcrypt":"^3.0.0","@types/bn.js":"^4.11.6","@types/body-parser":"^1.19.0","@types/bootstrap":"^4.5.0","@types/browserslist":"^4.8.0","@types/bson":"^4.0.2","@types/caniuse-lite":"^1.0.0","@types/co":"^4.6.2","@types/color-convert":"^1.9.0","@types/color-name":"^1.1.1","@types/compression":"^1.7.0","@types/concurrently":"^5.2.1","@types/content-disposition":"^0.5.3","@types/content-type":"^1.1.3","@types/cookie":"^0.4.0","@types/cookie-signature":"^1.0.3","@types/cors":"^2.8.7","@types/cross-spawn":"^6.0.2","@types/css":"0.0.31","@types/d":"^1.0.0","@types/debug":"^4.1.5","@types/deep-diff":"^1.0.0","@types/depd":"^1.1.32","@types/destroy":"^1.0.0","@types/dot":"^1.1.4","@types/ee-first":"^1.1.0","@types/ejs":"^3.0.4","@types/elliptic":"^6.4.12","@types/encodeurl":"^1.0.0","@types/enhanced-resolve":"^3.0.6","@types/entities":"^1.1.1","@types/es-abstract":"^1.17.1","@types/escape-html":"^1.0.0","@types/escodegen":"0.0.6","@types/eslint-scope":"^3.7.0","@types/eslint-visitor-keys":"^1.0.0","@types/etag":"^1.8.0","@types/events":"^3.0.0","@types/express":"^4.17.7","@types/express-session":"^1.17.0","@types/finalhandler":"^1.1.0","@types/follow-redirects":"^1.8.0","@types/forwarded":"^0.1.0","@types/fresh":"^0.5.0","@types/gh-pages":"^3.0.0","@types/globule":"^1.1.3","@types/graceful-fs":"^4.1.3","@types/he":"^1.1.1","@types/hoist-non-react-statics":"^3.3.1","@types/hosted-git-info":"^3.0.0","@types/html-minifier-terser":"^5.1.0","@types/http-errors":"^1.6.3","@types/inquirer":"^7.3.0","@types/is-callable":"^1.1.0","@types/is-regex":"^1.0.0","@types/isomorphic-fetch":"0.0.35","@types/jquery":"^3.5.1","@types/js-base64":"^3.0.0","@types/js-yaml":"^3.12.5","@types/json-stable-stringify":"^1.0.32","@types/lodash":"^4.14.158","@types/lru-cache":"^5.1.0","@types/md5":"^2.2.0","@types/merge2":"^1.3.0","@types/methods":"^1.1.1","@types/mime":"^2.0.3","@types/mime-db":"^1.43.0","@types/mime-types":"^2.1.0","@types/min-indent":"^1.0.0","@types/mongodb":"^3.5.25","@types/mongoose":"^5.7.34","@types/ms":"^0.7.31","@types/node":"^14.0.1","@types/node-sass":"^4.11.1","@types/nodemon":"^1.19.0","@types/npm":"^2.0.31","@types/object-inspect":"^1.6.1","@types/object-path":"^0.11.0","@types/on-finished":"^2.3.1","@types/on-headers":"^1.0.0","@types/parse-json":"^4.0.0","@types/parseurl":"^1.3.1","@types/passport":"^1.0.4","@types/passport-facebook":"^2.1.10","@types/passport-google-oauth":"^1.0.41","@types/passport-google-oauth20":"^2.0.3","@types/passport-local":"^1.0.33","@types/passport-local-mongoose":"^4.0.13","@types/passport-oauth2":"^1.4.9","@types/passport-strategy":"^0.2.35","@types/pause":"^0.1.0","@types/pbkdf2":"^3.1.0","@types/pify":"^3.0.2","@types/proxy-addr":"^2.0.0","@types/psl":"^1.1.0","@types/random-bytes":"^1.0.1","@types/react":"^16.9.43","@types/react-dom":"^16.9.8","@types/react-is":"^16.7.1","@types/react-redux":"^7.1.9","@types/react-router-dom":"^5.1.5","@types/read":"0.0.28","@types/redux-logger":"^3.0.8","@types/regenerator-runtime":"^0.13.0","@types/request":"^2.48.5","@types/request-promise-native":"^1.0.17","@types/resolve":"^1.17.1","@types/rimraf":"^3.0.0","@types/semver":"^7.3.1","@types/send":"^0.14.5","@types/signal-exit":"^3.0.0","@types/sprintf":"^0.1.0","@types/statuses":"^2.0.0","@types/stripe":"^7.13.24","@types/styled-components":"^5.1.1","@types/testing-library__jest-dom":"^5.9.2","@types/testing-library__react":"^10.0.1","@types/testing-library__user-event":"^4.1.1","@types/uid-safe":"^2.1.2","@types/underscore":"^1.10.0","@types/utils-merge":"0.0.28"}}
[21:10:41.324] Loaded content of '/home/fdiamond/.cache/typescript/3.9/package-lock.json'
[21:10:41.331] Adding entry into typings cache: 'ajv-keywords' => '/home/fdiamond/.cache/typescript/3.9/node_modules/@types/ajv-keywords/index.d.ts'
[21:10:41.334] Adding entry into typings cache: 'ansi-styles' => '/home/fdiamond/.cache/typescript/3.9/node_modules/ansi-styles/index.d.ts'
[21:10:41.336] Adding entry into typings cache: 'aria-query' => '/home/fdiamond/.cache/typescript/3.9/node_modules/@types/aria-query/index.d.ts'
[21:10:41.340] Adding entry into typings cache: 'assert' => '/home/fdiamond/.cache/typescript/3.9/node_modules/@types/assert/ts3.7/index.d.ts'
[21:10:41.342] Adding entry into typings cache: 'async' => '/home/fdiamond/.cache/typescript/3.9/node_modules/@types/async/index.d.ts'
[21:10:41.344] Adding entry into typings cache: 'atob' => '/home/fdiamond/.cache/typescript/3.9/node_modules/@types/atob/index.d.ts'
[21:10:41.345] Adding entry into typings cache: 'autoprefixer' => '/home/fdiamond/.cache/typescript/3.9/node_modules/@types/autoprefixer/index.d.ts'
[21:10:41.347] Adding entry into typings cache: 'aws4' => '/home/fdiamond/.cache/typescript/3.9/node_modules/@types/aws4/index.d.ts'
[21:10:41.348] Adding entry into typings cache: 'bcrypt' => '/home/fdiamond/.cache/typescript/3.9/node_modules/@types/bcrypt/index.d.ts'
[21:10:41.350] Adding entry into typings cache: 'bn.js' => '/home/fdiamond/.cache/typescript/3.9/node_modules/@types/bn.js/index.d.ts'
[21:10:41.352] Adding entry into typings cache: 'body-parser' => '/home/fdiamond/.cache/typescript/3.9/node_modules/@types/body-parser/index.d.ts'
[21:10:41.355] Adding entry into typings cache: 'bootstrap' => '/home/fdiamond/.cache/typescript/3.9/node_modules/@types/bootstrap/index.d.ts'
[21:10:41.356] Adding entry into typings cache: 'browserslist' => '/home/fdiamond/.cache/typescript/3.9/node_modules/@types/browserslist/index.d.ts'
[21:10:41.357] Adding entry into typings cache: 'bson' => '/home/fdiamond/.cache/typescript/3.9/node_modules/@types/bson/index.d.ts'
[21:10:41.361] Adding entry into typings cache: 'caniuse-lite' => '/home/fdiamond/.cache/typescript/3.9/node_modules/@types/caniuse-lite/index.d.ts'
[21:10:41.363] Adding entry into typings cache: 'co' => '/home/fdiamond/.cache/typescript/3.9/node_modules/@types/co/index.d.ts'
[21:10:41.368] Adding entry into typings cache: 'color-convert' => '/home/fdiamond/.cache/typescript/3.9/node_modules/@types/color-convert/index.d.ts'
[21:10:41.370] Adding entry into typings cache: 'color-name' => '/home/fdiamond/.cache/typescript/3.9/node_modules/@types/color-name/index.d.ts'
[21:10:41.372] Adding entry into typings cache: 'compression' => '/home/fdiamond/.cache/typescript/3.9/node_modules/@types/compression/index.d.ts'
[21:10:41.373] Adding entry into typings cache: 'concurrently' => '/home/fdiamond/.cache/typescript/3.9/node_modules/@types/concurrently/index.d.ts'
[21:10:41.374] Adding entry into typings cache: 'content-disposition' => '/home/fdiamond/.cache/typescript/3.9/node_modules/@types/content-disposition/index.d.ts'
[21:10:41.376] Adding entry into typings cache: 'content-type' => '/home/fdiamond/.cache/typescript/3.9/node_modules/@types/content-type/index.d.ts'
[21:10:41.377] Adding entry into typings cache: 'cookie' => '/home/fdiamond/.cache/typescript/3.9/node_modules/@types/cookie/index.d.ts'
[21:10:41.378] Adding entry into typings cache: 'cookie-signature' => '/home/fdiamond/.cache/typescript/3.9/node_modules/@types/cookie-signature/index.d.ts'
[21:10:41.379] Adding entry into typings cache: 'cors' => '/home/fdiamond/.cache/typescript/3.9/node_modules/@types/cors/index.d.ts'
[21:10:41.380] Adding entry into typings cache: 'cross-spawn' => '/home/fdiamond/.cache/typescript/3.9/node_modules/@types/cross-spawn/index.d.ts'
[21:10:41.382] Adding entry into typings cache: 'css' => '/home/fdiamond/.cache/typescript/3.9/node_modules/@types/css/index.d.ts'
[21:10:41.383] Adding entry into typings cache: 'd' => '/home/fdiamond/.cache/typescript/3.9/node_modules/@types/d/index.d.ts'
[21:10:41.384] Adding entry into typings cache: 'debug' => '/home/fdiamond/.cache/typescript/3.9/node_modules/@types/debug/index.d.ts'
[21:10:41.385] Adding entry into typings cache: 'deep-diff' => '/home/fdiamond/.cache/typescript/3.9/node_modules/@types/deep-diff/index.d.ts'
[21:10:41.386] Adding entry into typings cache: 'depd' => '/home/fdiamond/.cache/typescript/3.9/node_modules/@types/depd/index.d.ts'
[21:10:41.387] Adding entry into typings cache: 'destroy' => '/home/fdiamond/.cache/typescript/3.9/node_modules/@types/destroy/index.d.ts'
[21:10:41.387] Adding entry into typings cache: 'dot' => '/home/fdiamond/.cache/typescript/3.9/node_modules/@types/dot/index.d.ts'
[21:10:41.388] Adding entry into typings cache: 'ee-first' => '/home/fdiamond/.cache/typescript/3.9/node_modules/@types/ee-first/index.d.ts'
[21:10:41.390] Adding entry into typings cache: 'ejs' => '/home/fdiamond/.cache/typescript/3.9/node_modules/@types/ejs/index.d.ts'
[21:10:41.391] Adding entry into typings cache: 'elliptic' => '/home/fdiamond/.cache/typescript/3.9/node_modules/@types/elliptic/index.d.ts'
[21:10:41.392] Adding entry into typings cache: 'encodeurl' => '/home/fdiamond/.cache/typescript/3.9/node_modules/@types/encodeurl/index.d.ts'
[21:10:41.393] Adding entry into typings cache: 'enhanced-resolve' => '/home/fdiamond/.cache/typescript/3.9/node_modules/@types/enhanced-resolve/index.d.ts'
[21:10:41.396] Adding entry into typings cache: 'entities' => '/home/fdiamond/.cache/typescript/3.9/node_modules/@types/entities/index.d.ts'
[21:10:41.398] Adding entry into typings cache: 'es-abstract' => '/home/fdiamond/.cache/typescript/3.9/node_modules/@types/es-abstract/index.d.ts'
[21:10:41.401] Adding entry into typings cache: 'escape-html' => '/home/fdiamond/.cache/typescript/3.9/node_modules/@types/escape-html/index.d.ts'
[21:10:41.402] Adding entry into typings cache: 'escodegen' => '/home/fdiamond/.cache/typescript/3.9/node_modules/@types/escodegen/index.d.ts'
[21:10:41.404] Adding entry into typings cache: 'eslint-scope' => '/home/fdiamond/.cache/typescript/3.9/node_modules/@types/eslint-scope/index.d.ts'
[21:10:41.406] Adding entry into typings cache: 'eslint-visitor-keys' => '/home/fdiamond/.cache/typescript/3.9/node_modules/@types/eslint-visitor-keys/index.d.ts'
[21:10:41.407] Adding entry into typings cache: 'etag' => '/home/fdiamond/.cache/typescript/3.9/node_modules/@types/etag/index.d.ts'
[21:10:41.408] Adding entry into typings cache: 'events' => '/home/fdiamond/.cache/typescript/3.9/node_modules/@types/events/index.d.ts'
[21:10:41.410] Adding entry into typings cache: 'express' => '/home/fdiamond/.cache/typescript/3.9/node_modules/@types/express/index.d.ts'
[21:10:41.411] Adding entry into typings cache: 'express-session' => '/home/fdiamond/.cache/typescript/3.9/node_modules/@types/express-session/index.d.ts'
[21:10:41.412] Adding entry into typings cache: 'finalhandler' => '/home/fdiamond/.cache/typescript/3.9/node_modules/@types/finalhandler/index.d.ts'
[21:10:41.412] Adding entry into typings cache: 'follow-redirects' => '/home/fdiamond/.cache/typescript/3.9/node_modules/@types/follow-redirects/index.d.ts'
[21:10:41.413] Adding entry into typings cache: 'forwarded' => '/home/fdiamond/.cache/typescript/3.9/node_modules/@types/forwarded/index.d.ts'
[21:10:41.414] Adding entry into typings cache: 'fresh' => '/home/fdiamond/.cache/typescript/3.9/node_modules/@types/fresh/index.d.ts'
[21:10:41.415] Adding entry into typings cache: 'gh-pages' => '/home/fdiamond/.cache/typescript/3.9/node_modules/@types/gh-pages/index.d.ts'
[21:10:41.416] Adding entry into typings cache: 'globule' => '/home/fdiamond/.cache/typescript/3.9/node_modules/@types/globule/index.d.ts'
[21:10:41.417] Adding entry into typings cache: 'graceful-fs' => '/home/fdiamond/.cache/typescript/3.9/node_modules/@types/graceful-fs/index.d.ts'
[21:10:41.419] Adding entry into typings cache: 'he' => '/home/fdiamond/.cache/typescript/3.9/node_modules/@types/he/index.d.ts'
[21:10:41.421] Adding entry into typings cache: 'hoist-non-react-statics' => '/home/fdiamond/.cache/typescript/3.9/node_modules/@types/hoist-non-react-statics/index.d.ts'
[21:10:41.422] Adding entry into typings cache: 'hosted-git-info' => '/home/fdiamond/.cache/typescript/3.9/node_modules/@types/hosted-git-info/index.d.ts'
[21:10:41.422] Adding entry into typings cache: 'html-minifier-terser' => '/home/fdiamond/.cache/typescript/3.9/node_modules/@types/html-minifier-terser/index.d.ts'
[21:10:41.423] Adding entry into typings cache: 'http-errors' => '/home/fdiamond/.cache/typescript/3.9/node_modules/@types/http-errors/index.d.ts'
[21:10:41.423] Adding entry into typings cache: 'inquirer' => '/home/fdiamond/.cache/typescript/3.9/node_modules/@types/inquirer/index.d.ts'
[21:10:41.424] Adding entry into typings cache: 'is-callable' => '/home/fdiamond/.cache/typescript/3.9/node_modules/@types/is-callable/index.d.ts'
[21:10:41.425] Adding entry into typings cache: 'is-regex' => '/home/fdiamond/.cache/typescript/3.9/node_modules/@types/is-regex/index.d.ts'
[21:10:41.426] Adding entry into typings cache: 'isomorphic-fetch' => '/home/fdiamond/.cache/typescript/3.9/node_modules/@types/isomorphic-fetch/index.d.ts'
[21:10:41.428] Adding entry into typings cache: 'jquery' => '/home/fdiamond/.cache/typescript/3.9/node_modules/@types/jquery/index.d.ts'
[21:10:41.431] Adding entry into typings cache: 'js-base64' => '/home/fdiamond/.cache/typescript/3.9/node_modules/@types/js-base64/index.d.ts'
[21:10:41.432] Adding entry into typings cache: 'js-yaml' => '/home/fdiamond/.cache/typescript/3.9/node_modules/@types/js-yaml/index.d.ts'
[21:10:41.433] Adding entry into typings cache: 'json-stable-stringify' => '/home/fdiamond/.cache/typescript/3.9/node_modules/@types/json-stable-stringify/index.d.ts'
[21:10:41.434] Adding entry into typings cache: 'lodash' => '/home/fdiamond/.cache/typescript/3.9/node_modules/@types/lodash/ts3.1/index.d.ts'
[21:10:41.435] Adding entry into typings cache: 'lru-cache' => '/home/fdiamond/.cache/typescript/3.9/node_modules/@types/lru-cache/index.d.ts'
[21:10:41.436] Adding entry into typings cache: 'md5' => '/home/fdiamond/.cache/typescript/3.9/node_modules/@types/md5/index.d.ts'
[21:10:41.437] Adding entry into typings cache: 'merge2' => '/home/fdiamond/.cache/typescript/3.9/node_modules/@types/merge2/index.d.ts'
[21:10:41.438] Adding entry into typings cache: 'methods' => '/home/fdiamond/.cache/typescript/3.9/node_modules/@types/methods/index.d.ts'
[21:10:41.439] Adding entry into typings cache: 'mime' => '/home/fdiamond/.cache/typescript/3.9/node_modules/@types/mime/index.d.ts'
[21:10:41.441] Adding entry into typings cache: 'mime-db' => '/home/fdiamond/.cache/typescript/3.9/node_modules/@types/mime-db/index.d.ts'
[21:10:41.444] Adding entry into typings cache: 'mime-types' => '/home/fdiamond/.cache/typescript/3.9/node_modules/@types/mime-types/index.d.ts'
[21:10:41.445] Adding entry into typings cache: 'min-indent' => '/home/fdiamond/.cache/typescript/3.9/node_modules/@types/min-indent/index.d.ts'
[21:10:41.447] Adding entry into typings cache: 'mongodb' => '/home/fdiamond/.cache/typescript/3.9/node_modules/@types/mongodb/index.d.ts'
[21:10:41.448] Adding entry into typings cache: 'mongoose' => '/home/fdiamond/.cache/typescript/3.9/node_modules/@types/mongoose/index.d.ts'
[21:10:41.448] Adding entry into typings cache: 'ms' => '/home/fdiamond/.cache/typescript/3.9/node_modules/@types/ms/index.d.ts'
[21:10:41.449] Adding entry into typings cache: 'node' => '/home/fdiamond/.cache/typescript/3.9/node_modules/@types/node/ts3.7/index.d.ts'
[21:10:41.450] Adding entry into typings cache: 'node-sass' => '/home/fdiamond/.cache/typescript/3.9/node_modules/@types/node-sass/index.d.ts'
[21:10:41.451] Adding entry into typings cache: 'nodemon' => '/home/fdiamond/.cache/typescript/3.9/node_modules/@types/nodemon/index.d.ts'
[21:10:41.452] Adding entry into typings cache: 'npm' => '/home/fdiamond/.cache/typescript/3.9/node_modules/@types/npm/index.d.ts'
[21:10:41.452] Adding entry into typings cache: 'object-inspect' => '/home/fdiamond/.cache/typescript/3.9/node_modules/@types/object-inspect/index.d.ts'
[21:10:41.453] Adding entry into typings cache: 'object-path' => '/home/fdiamond/.cache/typescript/3.9/node_modules/@types/object-path/index.d.ts'
[21:10:41.454] Adding entry into typings cache: 'on-finished' => '/home/fdiamond/.cache/typescript/3.9/node_modules/@types/on-finished/index.d.ts'
[21:10:41.455] Adding entry into typings cache: 'on-headers' => '/home/fdiamond/.cache/typescript/3.9/node_modules/@types/on-headers/index.d.ts'
[21:10:41.456] Adding entry into typings cache: 'parse-json' => '/home/fdiamond/.cache/typescript/3.9/node_modules/@types/parse-json/index.d.ts'
[21:10:41.456] Adding entry into typings cache: 'parseurl' => '/home/fdiamond/.cache/typescript/3.9/node_modules/@types/parseurl/index.d.ts'
[21:10:41.457] Adding entry into typings cache: 'passport' => '/home/fdiamond/.cache/typescript/3.9/node_modules/@types/passport/index.d.ts'
[21:10:41.458] Adding entry into typings cache: 'passport-facebook' => '/home/fdiamond/.cache/typescript/3.9/node_modules/@types/passport-facebook/index.d.ts'
[21:10:41.459] Adding entry into typings cache: 'passport-google-oauth' => '/home/fdiamond/.cache/typescript/3.9/node_modules/@types/passport-google-oauth/index.d.ts'
[21:10:41.459] Adding entry into typings cache: 'passport-google-oauth20' => '/home/fdiamond/.cache/typescript/3.9/node_modules/@types/passport-google-oauth20/index.d.ts'
[21:10:41.460] Adding entry into typings cache: 'passport-local' => '/home/fdiamond/.cache/typescript/3.9/node_modules/@types/passport-local/index.d.ts'
[21:10:41.461] Adding entry into typings cache: 'passport-local-mongoose' => '/home/fdiamond/.cache/typescript/3.9/node_modules/@types/passport-local-mongoose/index.d.ts'
[21:10:41.462] Adding entry into typings cache: 'passport-oauth2' => '/home/fdiamond/.cache/typescript/3.9/node_modules/@types/passport-oauth2/index.d.ts'
[21:10:41.463] Adding entry into typings cache: 'passport-strategy' => '/home/fdiamond/.cache/typescript/3.9/node_modules/@types/passport-strategy/index.d.ts'
[21:10:41.463] Adding entry into typings cache: 'pause' => '/home/fdiamond/.cache/typescript/3.9/node_modules/@types/pause/index.d.ts'
[21:10:41.465] Adding entry into typings cache: 'pbkdf2' => '/home/fdiamond/.cache/typescript/3.9/node_modules/@types/pbkdf2/index.d.ts'
[21:10:41.466] Adding entry into typings cache: 'pify' => '/home/fdiamond/.cache/typescript/3.9/node_modules/@types/pify/index.d.ts'
[21:10:41.467] Adding entry into typings cache: 'proxy-addr' => '/home/fdiamond/.cache/typescript/3.9/node_modules/@types/proxy-addr/index.d.ts'
[21:10:41.468] Adding entry into typings cache: 'psl' => '/home/fdiamond/.cache/typescript/3.9/node_modules/@types/psl/index.d.ts'
[21:10:41.468] Adding entry into typings cache: 'random-bytes' => '/home/fdiamond/.cache/typescript/3.9/node_modules/@types/random-bytes/index.d.ts'
[21:10:41.469] Adding entry into typings cache: 'react' => '/home/fdiamond/.cache/typescript/3.9/node_modules/@types/react/index.d.ts'
[21:10:41.470] Adding entry into typings cache: 'react-dom' => '/home/fdiamond/.cache/typescript/3.9/node_modules/@types/react-dom/index.d.ts'
[21:10:41.472] Adding entry into typings cache: 'react-is' => '/home/fdiamond/.cache/typescript/3.9/node_modules/@types/react-is/index.d.ts'
[21:10:41.472] Adding entry into typings cache: 'react-redux' => '/home/fdiamond/.cache/typescript/3.9/node_modules/@types/react-redux/index.d.ts'
[21:10:41.473] Adding entry into typings cache: 'react-router-dom' => '/home/fdiamond/.cache/typescript/3.9/node_modules/@types/react-router-dom/index.d.ts'
[21:10:41.474] Adding entry into typings cache: 'read' => '/home/fdiamond/.cache/typescript/3.9/node_modules/@types/read/index.d.ts'
[21:10:41.475] Adding entry into typings cache: 'redux-logger' => '/home/fdiamond/.cache/typescript/3.9/node_modules/@types/redux-logger/index.d.ts'
[21:10:41.475] Adding entry into typings cache: 'regenerator-runtime' => '/home/fdiamond/.cache/typescript/3.9/node_modules/@types/regenerator-runtime/index.d.ts'
[21:10:41.476] Adding entry into typings cache: 'request' => '/home/fdiamond/.cache/typescript/3.9/node_modules/@types/request/index.d.ts'
[21:10:41.477] Adding entry into typings cache: 'request-promise-native' => '/home/fdiamond/.cache/typescript/3.9/node_modules/@types/request-promise-native/index.d.ts'
[21:10:41.478] Adding entry into typings cache: 'resolve' => '/home/fdiamond/.cache/typescript/3.9/node_modules/@types/resolve/index.d.ts'
[21:10:41.478] Adding entry into typings cache: 'rimraf' => '/home/fdiamond/.cache/typescript/3.9/node_modules/@types/rimraf/index.d.ts'
[21:10:41.479] Adding entry into typings cache: 'semver' => '/home/fdiamond/.cache/typescript/3.9/node_modules/@types/semver/index.d.ts'
[21:10:41.480] Adding entry into typings cache: 'send' => '/home/fdiamond/.cache/typescript/3.9/node_modules/@types/send/index.d.ts'
[21:10:41.480] Adding entry into typings cache: 'signal-exit' => '/home/fdiamond/.cache/typescript/3.9/node_modules/@types/signal-exit/index.d.ts'
[21:10:41.480] Adding entry into typings cache: 'sprintf' => '/home/fdiamond/.cache/typescript/3.9/node_modules/@types/sprintf/index.d.ts'
[21:10:41.481] Adding entry into typings cache: 'statuses' => '/home/fdiamond/.cache/typescript/3.9/node_modules/@types/statuses/index.d.ts'
[21:10:41.482] Adding entry into typings cache: 'stripe' => '/home/fdiamond/.cache/typescript/3.9/node_modules/@types/stripe/index.d.ts'
[21:10:41.482] Adding entry into typings cache: 'styled-components' => '/home/fdiamond/.cache/typescript/3.9/node_modules/@types/styled-components/ts3.7/index.d.ts'
[21:10:41.484] Adding entry into typings cache: 'testing-library__jest-dom' => '/home/fdiamond/.cache/typescript/3.9/node_modules/@types/testing-library__jest-dom/index.d.ts'
[21:10:41.485] Adding entry into typings cache: 'testing-library__react' => '/home/fdiamond/.cache/typescript/3.9/node_modules/@types/testing-library__react/index.d.ts'
[21:10:41.486] Adding entry into typings cache: 'testing-library__user-event' => '/home/fdiamond/.cache/typescript/3.9/node_modules/@types/testing-library__user-event/index.d.ts'
[21:10:41.487] Adding entry into typings cache: 'uid-safe' => '/home/fdiamond/.cache/typescript/3.9/node_modules/@types/uid-safe/index.d.ts'
[21:10:41.488] Adding entry into typings cache: 'underscore' => '/home/fdiamond/.cache/typescript/3.9/node_modules/@types/underscore/index.d.ts'
[21:10:41.488] Adding entry into typings cache: 'utils-merge' => '/home/fdiamond/.cache/typescript/3.9/node_modules/@types/utils-merge/index.d.ts'
[21:10:41.488] Finished processing cache location '/home/fdiamond/.cache/typescript/3.9'
[21:10:41.489] Process id: 8926
[21:10:41.489] NPM location: /usr/bin/npm (explicit '--npmLocation' not  provided)
[21:10:41.489] validateDefaultNpmLocation: false
[21:10:41.489] Npm config file: /home/fdiamond/.cache/typescript/3.9/package.json
[21:10:41.489] Updating types-registry npm package...
[21:10:41.489] Exec: /usr/bin/npm install --ignore-scripts types-registry@latest
[21:10:47.957]     Succeeded. stdout:
    + types-registry@0.1.501
    updated 1 package and audited 211 packages in 6.046s

4 packages are looking for funding
  run `npm fund` for details

found 0 vulnerabilities


[21:10:47.957] Updated types-registry npm package
[21:10:47.970] Got install request {"projectName":"/dev/null/inferredProject1*","fileNames":["/usr/lib/node_modules/typescript/lib/lib.d.ts","/usr/lib/node_modules/typescript/lib/lib.es5.d.ts","/usr/lib/node_modules/typescript/lib/lib.dom.d.ts","/usr/lib/node_modules/typescript/lib/lib.webworker.importscripts.d.ts","/usr/lib/node_modules/typescript/lib/lib.scripthost.d.ts","/home/fdiamond/Training/crwn-clothing/src/redux/shop/shop.types.js","/home/fdiamond/Training/crwn-clothing/src/redux/shop/shop.actions.js","/home/fdiamond/Training/crwn-clothing/src/components/withSpinner/withSpinner.styles.js","/home/fdiamond/Training/crwn-clothing/src/components/withSpinner/withSpinner.component.jsx","/home/fdiamond/Training/crwn-clothing/src/redux/shop/shop.selector.js","/home/fdiamond/Training/crwn-clothing/src/components/custom-button/custom-button.styles.js","/home/fdiamond/Training/crwn-clothing/src/components/custom-button/custom-button.component.jsx","/home/fdiamond/Training/crwn-clothing/src/redux/cart/cart.types.js","/home/fdiamond/Training/crwn-clothing/src/redux/cart/cart.actions.js","/home/fdiamond/Training/crwn-clothing/src/components/collection-item/collection-item.component.jsx","/home/fdiamond/Training/crwn-clothing/src/components/collection-preview/collection-preview.jsx","/home/fdiamond/Training/crwn-clothing/src/components/collection-overview/collection-overview.component.jsx","/home/fdiamond/Training/crwn-clothing/src/components/collection-overview/collection-overview.container.jsx","/home/fdiamond/Training/crwn-clothing/src/pages/collection/collection-page.jsx","/home/fdiamond/Training/crwn-clothing/src/pages/collection/collection.container.jsx","/home/fdiamond/Training/crwn-clothing/src/pages/shop/shop.component.jsx","/home/fdiamond/Training/crwn-clothing/src/firebase/firebase.utils.js","/home/fdiamond/Training/crwn-clothing/src/redux/cart/cart.selector.js","/home/fdiamond/Training/crwn-clothing/src/redux/user/user.selector.js","/home/fdiamond/Training/crwn-clothing/src/components/cart-icon/cart-icon.component.jsx","/home/fdiamond/Training/crwn-clothing/src/components/cart-item/cart-item.component.jsx","/home/fdiamond/Training/crwn-clothing/src/components/cart-dropdown/cart-dropdown.component.jsx","/home/fdiamond/Training/crwn-clothing/src/components/header/header.styles.js","/home/fdiamond/Training/crwn-clothing/src/components/header/header.component.jsx","/home/fdiamond/Training/crwn-clothing/src/components/form-input/form-input.component.jsx","/home/fdiamond/Training/crwn-clothing/src/redux/user/user.types.js","/home/fdiamond/Training/crwn-clothing/src/redux/user/user.actions.js","/home/fdiamond/Training/crwn-clothing/src/components/sign-in/sign-in.component.jsx","/home/fdiamond/Training/crwn-clothing/src/components/sign-up/sign-up.component.jsx","/home/fdiamond/Training/crwn-clothing/src/pages/sign-in-and-sign-up/sign-in-and-sign-up.jsx","/home/fdiamond/Training/crwn-clothing/src/components/menu-item/menu-item.component.jsx","/home/fdiamond/Training/crwn-clothing/src/redux/directory/directory.selector.js","/home/fdiamond/Training/crwn-clothing/src/components/directory-component/directory.component.jsx","/home/fdiamond/Training/crwn-clothing/src/homepage.styles.js","/home/fdiamond/Training/crwn-clothing/src/homepage.component.jsx","/home/fdiamond/Training/crwn-clothing/src/components/checkout-component/checkout.component.jsx","/home/fdiamond/Training/crwn-clothing/src/components/stripe-button/stripe-button.component.jsx","/home/fdiamond/Training/crwn-clothing/src/pages/checkout/checkout.page.jsx","/home/fdiamond/Training/crwn-clothing/src/App.js"],"compilerOptions":{"target":1,"jsx":1,"allowNonTsExtensions":true,"allowJs":true,"noEmitForJsFiles":true,"maxNodeModuleJsDepth":2},"typeAcquisition":{"enable":true,"include":[],"exclude":[]},"unresolvedImports":[],"projectRootPath":"/home/fdiamond/Training/crwn-clothing/src","kind":"discover"}
[21:10:47.979] Loaded safelist from types map file '/usr/lib/node_modules/typescript/lib/typesMap.json'
[21:10:47.980] Explicitly included types: []
[21:10:47.982] Inferred 'react' typings due to presence of '.jsx' extension
[21:10:47.982] Inferred typings from unresolved imports: []
[21:10:47.982] Result: {"cachedTypingPaths":["/home/fdiamond/.cache/typescript/3.9/node_modules/@types/react/index.d.ts"],"newTypingNames":[],"filesToWatch":["/home/fdiamond/Training/crwn-clothing/src/redux/shop/bower_components","/home/fdiamond/Training/crwn-clothing/src/redux/shop/node_modules","/home/fdiamond/Training/crwn-clothing/src/components/withSpinner/bower_components","/home/fdiamond/Training/crwn-clothing/src/components/withSpinner/node_modules","/home/fdiamond/Training/crwn-clothing/src/components/custom-button/bower_components","/home/fdiamond/Training/crwn-clothing/src/components/custom-button/node_modules","/home/fdiamond/Training/crwn-clothing/src/redux/cart/bower_components","/home/fdiamond/Training/crwn-clothing/src/redux/cart/node_modules","/home/fdiamond/Training/crwn-clothing/src/components/collection-item/bower_components","/home/fdiamond/Training/crwn-clothing/src/components/collection-item/node_modules","/home/fdiamond/Training/crwn-clothing/src/components/collection-preview/bower_components","/home/fdiamond/Training/crwn-clothing/src/components/collection-preview/node_modules","/home/fdiamond/Training/crwn-clothing/src/components/collection-overview/bower_components","/home/fdiamond/Training/crwn-clothing/src/components/collection-overview/node_modules","/home/fdiamond/Training/crwn-clothing/src/pages/collection/bower_components","/home/fdiamond/Training/crwn-clothing/src/pages/collection/node_modules","/home/fdiamond/Training/crwn-clothing/src/pages/shop/bower_components","/home/fdiamond/Training/crwn-clothing/src/pages/shop/node_modules","/home/fdiamond/Training/crwn-clothing/src/firebase/bower_components","/home/fdiamond/Training/crwn-clothing/src/firebase/node_modules","/home/fdiamond/Training/crwn-clothing/src/redux/user/bower_components","/home/fdiamond/Training/crwn-clothing/src/redux/user/node_modules","/home/fdiamond/Training/crwn-clothing/src/components/cart-icon/bower_components","/home/fdiamond/Training/crwn-clothing/src/components/cart-icon/node_modules","/home/fdiamond/Training/crwn-clothing/src/components/cart-item/bower_components","/home/fdiamond/Training/crwn-clothing/src/components/cart-item/node_modules","/home/fdiamond/Training/crwn-clothing/src/components/cart-dropdown/bower_components","/home/fdiamond/Training/crwn-clothing/src/components/cart-dropdown/node_modules","/home/fdiamond/Training/crwn-clothing/src/components/header/bower_components","/home/fdiamond/Training/crwn-clothing/src/components/header/node_modules","/home/fdiamond/Training/crwn-clothing/src/components/form-input/bower_components","/home/fdiamond/Training/crwn-clothing/src/components/form-input/node_modules","/home/fdiamond/Training/crwn-clothing/src/components/sign-in/bower_components","/home/fdiamond/Training/crwn-clothing/src/components/sign-in/node_modules","/home/fdiamond/Training/crwn-clothing/src/components/sign-up/bower_components","/home/fdiamond/Training/crwn-clothing/src/components/sign-up/node_modules","/home/fdiamond/Training/crwn-clothing/src/pages/sign-in-and-sign-up/bower_components","/home/fdiamond/Training/crwn-clothing/src/pages/sign-in-and-sign-up/node_modules","/home/fdiamond/Training/crwn-clothing/src/components/menu-item/bower_components","/home/fdiamond/Training/crwn-clothing/src/components/menu-item/node_modules","/home/fdiamond/Training/crwn-clothing/src/redux/directory/bower_components","/home/fdiamond/Training/crwn-clothing/src/redux/directory/node_modules","/home/fdiamond/Training/crwn-clothing/src/components/directory-component/bower_components","/home/fdiamond/Training/crwn-clothing/src/components/directory-component/node_modules","/home/fdiamond/Training/crwn-clothing/src/bower_components","/home/fdiamond/Training/crwn-clothing/src/node_modules","/home/fdiamond/Training/crwn-clothing/src/components/checkout-component/bower_components","/home/fdiamond/Training/crwn-clothing/src/components/checkout-component/node_modules","/home/fdiamond/Training/crwn-clothing/src/components/stripe-button/bower_components","/home/fdiamond/Training/crwn-clothing/src/components/stripe-button/node_modules","/home/fdiamond/Training/crwn-clothing/src/pages/checkout/bower_components","/home/fdiamond/Training/crwn-clothing/src/pages/checkout/node_modules"]}
[21:10:47.982] Finished typings discovery: {"cachedTypingPaths":["/home/fdiamond/.cache/typescript/3.9/node_modules/@types/react/index.d.ts"],"newTypingNames":[],"filesToWatch":["/home/fdiamond/Training/crwn-clothing/src/redux/shop/bower_components","/home/fdiamond/Training/crwn-clothing/src/redux/shop/node_modules","/home/fdiamond/Training/crwn-clothing/src/components/withSpinner/bower_components","/home/fdiamond/Training/crwn-clothing/src/components/withSpinner/node_modules","/home/fdiamond/Training/crwn-clothing/src/components/custom-button/bower_components","/home/fdiamond/Training/crwn-clothing/src/components/custom-button/node_modules","/home/fdiamond/Training/crwn-clothing/src/redux/cart/bower_components","/home/fdiamond/Training/crwn-clothing/src/redux/cart/node_modules","/home/fdiamond/Training/crwn-clothing/src/components/collection-item/bower_components","/home/fdiamond/Training/crwn-clothing/src/components/collection-item/node_modules","/home/fdiamond/Training/crwn-clothing/src/components/collection-preview/bower_components","/home/fdiamond/Training/crwn-clothing/src/components/collection-preview/node_modules","/home/fdiamond/Training/crwn-clothing/src/components/collection-overview/bower_components","/home/fdiamond/Training/crwn-clothing/src/components/collection-overview/node_modules","/home/fdiamond/Training/crwn-clothing/src/pages/collection/bower_components","/home/fdiamond/Training/crwn-clothing/src/pages/collection/node_modules","/home/fdiamond/Training/crwn-clothing/src/pages/shop/bower_components","/home/fdiamond/Training/crwn-clothing/src/pages/shop/node_modules","/home/fdiamond/Training/crwn-clothing/src/firebase/bower_components","/home/fdiamond/Training/crwn-clothing/src/firebase/node_modules","/home/fdiamond/Training/crwn-clothing/src/redux/user/bower_components","/home/fdiamond/Training/crwn-clothing/src/redux/user/node_modules","/home/fdiamond/Training/crwn-clothing/src/components/cart-icon/bower_components","/home/fdiamond/Training/crwn-clothing/src/components/cart-icon/node_modules","/home/fdiamond/Training/crwn-clothing/src/components/cart-item/bower_components","/home/fdiamond/Training/crwn-clothing/src/components/cart-item/node_modules","/home/fdiamond/Training/crwn-clothing/src/components/cart-dropdown/bower_components","/home/fdiamond/Training/crwn-clothing/src/components/cart-dropdown/node_modules","/home/fdiamond/Training/crwn-clothing/src/components/header/bower_components","/home/fdiamond/Training/crwn-clothing/src/components/header/node_modules","/home/fdiamond/Training/crwn-clothing/src/components/form-input/bower_components","/home/fdiamond/Training/crwn-clothing/src/components/form-input/node_modules","/home/fdiamond/Training/crwn-clothing/src/components/sign-in/bower_components","/home/fdiamond/Training/crwn-clothing/src/components/sign-in/node_modules","/home/fdiamond/Training/crwn-clothing/src/components/sign-up/bower_components","/home/fdiamond/Training/crwn-clothing/src/components/sign-up/node_modules","/home/fdiamond/Training/crwn-clothing/src/pages/sign-in-and-sign-up/bower_components","/home/fdiamond/Training/crwn-clothing/src/pages/sign-in-and-sign-up/node_modules","/home/fdiamond/Training/crwn-clothing/src/components/menu-item/bower_components","/home/fdiamond/Training/crwn-clothing/src/components/menu-item/node_modules","/home/fdiamond/Training/crwn-clothing/src/redux/directory/bower_components","/home/fdiamond/Training/crwn-clothing/src/redux/directory/node_modules","/home/fdiamond/Training/crwn-clothing/src/components/directory-component/bower_components","/home/fdiamond/Training/crwn-clothing/src/components/directory-component/node_modules","/home/fdiamond/Training/crwn-clothing/src/bower_components","/home/fdiamond/Training/crwn-clothing/src/node_modules","/home/fdiamond/Training/crwn-clothing/src/components/checkout-component/bower_components","/home/fdiamond/Training/crwn-clothing/src/components/checkout-component/node_modules","/home/fdiamond/Training/crwn-clothing/src/components/stripe-button/bower_components","/home/fdiamond/Training/crwn-clothing/src/components/stripe-button/node_modules","/home/fdiamond/Training/crwn-clothing/src/pages/checkout/bower_components","/home/fdiamond/Training/crwn-clothing/src/pages/checkout/node_modules"]}
[21:10:47.983] DirectoryWatcher:: Added:: WatchInfo: /home/fdiamond/Training/crwn-clothing/src/redux
[21:10:47.986] DirectoryWatcher:: Added:: WatchInfo: /home/fdiamond/Training/crwn-clothing/src/components
[21:10:47.988] DirectoryWatcher:: Added:: WatchInfo: /home/fdiamond/Training/crwn-clothing/src/pages
[21:10:47.988] DirectoryWatcher:: Added:: WatchInfo: /home/fdiamond/Training/crwn-clothing/src/firebase
[21:10:47.989] DirectoryWatcher:: Added:: WatchInfo: /home/fdiamond/Training/crwn-clothing/src/bower_components
[21:10:47.989] DirectoryWatcher:: Added:: WatchInfo: /home/fdiamond/Training/crwn-clothing/src/node_modules
[21:10:47.989] Sending response:
    {"projectName":"/dev/null/inferredProject1*","typeAcquisition":{"enable":true,"include":[],"exclude":[]},"compilerOptions":{"target":1,"jsx":1,"allowNonTsExtensions":true,"allowJs":true,"noEmitForJsFiles":true,"maxNodeModuleJsDepth":2},"typings":["/home/fdiamond/.cache/typescript/3.9/node_modules/@types/react/index.d.ts"],"unresolvedImports":[],"kind":"action::set"}
[21:10:47.989] Response has been sent.
[21:10:47.989] No new typings were requested as a result of typings discovery
[21:12:26.704] Got install request {"projectName":"/dev/null/inferredProject1*","fileNames":["/usr/lib/node_modules/typescript/lib/lib.d.ts","/usr/lib/node_modules/typescript/lib/lib.es5.d.ts","/usr/lib/node_modules/typescript/lib/lib.dom.d.ts","/usr/lib/node_modules/typescript/lib/lib.webworker.importscripts.d.ts","/usr/lib/node_modules/typescript/lib/lib.scripthost.d.ts","/home/fdiamond/.cache/typescript/3.9/node_modules/@types/react/global.d.ts","/home/fdiamond/.cache/typescript/3.9/node_modules/@types/react/index.d.ts","/home/fdiamond/Training/crwn-clothing/src/redux/shop/shop.types.js","/home/fdiamond/Training/crwn-clothing/src/firebase/firebase.utils.js","/home/fdiamond/Training/crwn-clothing/src/redux/shop/shop.actions.js","/home/fdiamond/Training/crwn-clothing/src/redux/shop/shop.selector.js","/home/fdiamond/Training/crwn-clothing/src/components/custom-button/custom-button.styles.js","/home/fdiamond/Training/crwn-clothing/src/components/custom-button/custom-button.component.jsx","/home/fdiamond/Training/crwn-clothing/src/redux/cart/cart.types.js","/home/fdiamond/Training/crwn-clothing/src/redux/cart/cart.actions.js","/home/fdiamond/Training/crwn-clothing/src/components/collection-item/collection-item.component.jsx","/home/fdiamond/Training/crwn-clothing/src/components/collection-preview/collection-preview.jsx","/home/fdiamond/Training/crwn-clothing/src/components/collection-overview/collection-overview.component.jsx","/home/fdiamond/Training/crwn-clothing/src/pages/collection/collection-page.jsx","/home/fdiamond/Training/crwn-clothing/src/components/withSpinner/withSpinner.styles.js","/home/fdiamond/Training/crwn-clothing/src/components/withSpinner/withSpinner.component.jsx","/home/fdiamond/Training/crwn-clothing/src/pages/shop/shop.component.jsx","/home/fdiamond/Training/crwn-clothing/src/redux/cart/cart.selector.js","/home/fdiamond/Training/crwn-clothing/src/redux/user/user.selector.js","/home/fdiamond/Training/crwn-clothing/src/components/cart-icon/cart-icon.component.jsx","/home/fdiamond/Training/crwn-clothing/src/components/cart-item/cart-item.component.jsx","/home/fdiamond/Training/crwn-clothing/src/components/cart-dropdown/cart-dropdown.component.jsx","/home/fdiamond/Training/crwn-clothing/src/components/header/header.styles.js","/home/fdiamond/Training/crwn-clothing/src/components/header/header.component.jsx","/home/fdiamond/Training/crwn-clothing/src/components/form-input/form-input.component.jsx","/home/fdiamond/Training/crwn-clothing/src/redux/user/user.types.js","/home/fdiamond/Training/crwn-clothing/src/redux/user/user.actions.js","/home/fdiamond/Training/crwn-clothing/src/components/sign-in/sign-in.component.jsx","/home/fdiamond/Training/crwn-clothing/src/components/sign-up/sign-up.component.jsx","/home/fdiamond/Training/crwn-clothing/src/pages/sign-in-and-sign-up/sign-in-and-sign-up.jsx","/home/fdiamond/Training/crwn-clothing/src/components/menu-item/menu-item.component.jsx","/home/fdiamond/Training/crwn-clothing/src/redux/directory/directory.selector.js","/home/fdiamond/Training/crwn-clothing/src/components/directory-component/directory.component.jsx","/home/fdiamond/Training/crwn-clothing/src/homepage.styles.js","/home/fdiamond/Training/crwn-clothing/src/homepage.component.jsx","/home/fdiamond/Training/crwn-clothing/src/components/checkout-component/checkout.component.jsx","/home/fdiamond/Training/crwn-clothing/src/components/stripe-button/stripe-button.component.jsx","/home/fdiamond/Training/crwn-clothing/src/pages/checkout/checkout.page.jsx","/home/fdiamond/Training/crwn-clothing/src/App.js"],"compilerOptions":{"target":1,"jsx":1,"allowNonTsExtensions":true,"allowJs":true,"noEmitForJsFiles":true,"maxNodeModuleJsDepth":2},"typeAcquisition":{"enable":true,"include":[],"exclude":[]},"unresolvedImports":[],"projectRootPath":"/home/fdiamond/Training/crwn-clothing/src","kind":"discover"}
[21:12:26.705] Explicitly included types: []
[21:12:26.708] Inferred 'react' typings due to presence of '.jsx' extension
[21:12:26.708] Inferred typings from unresolved imports: []
[21:12:26.709] Result: {"cachedTypingPaths":["/home/fdiamond/.cache/typescript/3.9/node_modules/@types/react/index.d.ts"],"newTypingNames":[],"filesToWatch":["/home/fdiamond/Training/crwn-clothing/src/redux/shop/bower_components","/home/fdiamond/Training/crwn-clothing/src/redux/shop/node_modules","/home/fdiamond/Training/crwn-clothing/src/firebase/bower_components","/home/fdiamond/Training/crwn-clothing/src/firebase/node_modules","/home/fdiamond/Training/crwn-clothing/src/components/custom-button/bower_components","/home/fdiamond/Training/crwn-clothing/src/components/custom-button/node_modules","/home/fdiamond/Training/crwn-clothing/src/redux/cart/bower_components","/home/fdiamond/Training/crwn-clothing/src/redux/cart/node_modules","/home/fdiamond/Training/crwn-clothing/src/components/collection-item/bower_components","/home/fdiamond/Training/crwn-clothing/src/components/collection-item/node_modules","/home/fdiamond/Training/crwn-clothing/src/components/collection-preview/bower_components","/home/fdiamond/Training/crwn-clothing/src/components/collection-preview/node_modules","/home/fdiamond/Training/crwn-clothing/src/components/collection-overview/bower_components","/home/fdiamond/Training/crwn-clothing/src/components/collection-overview/node_modules","/home/fdiamond/Training/crwn-clothing/src/pages/collection/bower_components","/home/fdiamond/Training/crwn-clothing/src/pages/collection/node_modules","/home/fdiamond/Training/crwn-clothing/src/components/withSpinner/bower_components","/home/fdiamond/Training/crwn-clothing/src/components/withSpinner/node_modules","/home/fdiamond/Training/crwn-clothing/src/pages/shop/bower_components","/home/fdiamond/Training/crwn-clothing/src/pages/shop/node_modules","/home/fdiamond/Training/crwn-clothing/src/redux/user/bower_components","/home/fdiamond/Training/crwn-clothing/src/redux/user/node_modules","/home/fdiamond/Training/crwn-clothing/src/components/cart-icon/bower_components","/home/fdiamond/Training/crwn-clothing/src/components/cart-icon/node_modules","/home/fdiamond/Training/crwn-clothing/src/components/cart-item/bower_components","/home/fdiamond/Training/crwn-clothing/src/components/cart-item/node_modules","/home/fdiamond/Training/crwn-clothing/src/components/cart-dropdown/bower_components","/home/fdiamond/Training/crwn-clothing/src/components/cart-dropdown/node_modules","/home/fdiamond/Training/crwn-clothing/src/components/header/bower_components","/home/fdiamond/Training/crwn-clothing/src/components/header/node_modules","/home/fdiamond/Training/crwn-clothing/src/components/form-input/bower_components","/home/fdiamond/Training/crwn-clothing/src/components/form-input/node_modules","/home/fdiamond/Training/crwn-clothing/src/components/sign-in/bower_components","/home/fdiamond/Training/crwn-clothing/src/components/sign-in/node_modules","/home/fdiamond/Training/crwn-clothing/src/components/sign-up/bower_components","/home/fdiamond/Training/crwn-clothing/src/components/sign-up/node_modules","/home/fdiamond/Training/crwn-clothing/src/pages/sign-in-and-sign-up/bower_components","/home/fdiamond/Training/crwn-clothing/src/pages/sign-in-and-sign-up/node_modules","/home/fdiamond/Training/crwn-clothing/src/components/menu-item/bower_components","/home/fdiamond/Training/crwn-clothing/src/components/menu-item/node_modules","/home/fdiamond/Training/crwn-clothing/src/redux/directory/bower_components","/home/fdiamond/Training/crwn-clothing/src/redux/directory/node_modules","/home/fdiamond/Training/crwn-clothing/src/components/directory-component/bower_components","/home/fdiamond/Training/crwn-clothing/src/components/directory-component/node_modules","/home/fdiamond/Training/crwn-clothing/src/bower_components","/home/fdiamond/Training/crwn-clothing/src/node_modules","/home/fdiamond/Training/crwn-clothing/src/components/checkout-component/bower_components","/home/fdiamond/Training/crwn-clothing/src/components/checkout-component/node_modules","/home/fdiamond/Training/crwn-clothing/src/components/stripe-button/bower_components","/home/fdiamond/Training/crwn-clothing/src/components/stripe-button/node_modules","/home/fdiamond/Training/crwn-clothing/src/pages/checkout/bower_components","/home/fdiamond/Training/crwn-clothing/src/pages/checkout/node_modules"]}
[21:12:26.709] Finished typings discovery: {"cachedTypingPaths":["/home/fdiamond/.cache/typescript/3.9/node_modules/@types/react/index.d.ts"],"newTypingNames":[],"filesToWatch":["/home/fdiamond/Training/crwn-clothing/src/redux/shop/bower_components","/home/fdiamond/Training/crwn-clothing/src/redux/shop/node_modules","/home/fdiamond/Training/crwn-clothing/src/firebase/bower_components","/home/fdiamond/Training/crwn-clothing/src/firebase/node_modules","/home/fdiamond/Training/crwn-clothing/src/components/custom-button/bower_components","/home/fdiamond/Training/crwn-clothing/src/components/custom-button/node_modules","/home/fdiamond/Training/crwn-clothing/src/redux/cart/bower_components","/home/fdiamond/Training/crwn-clothing/src/redux/cart/node_modules","/home/fdiamond/Training/crwn-clothing/src/components/collection-item/bower_components","/home/fdiamond/Training/crwn-clothing/src/components/collection-item/node_modules","/home/fdiamond/Training/crwn-clothing/src/components/collection-preview/bower_components","/home/fdiamond/Training/crwn-clothing/src/components/collection-preview/node_modules","/home/fdiamond/Training/crwn-clothing/src/components/collection-overview/bower_components","/home/fdiamond/Training/crwn-clothing/src/components/collection-overview/node_modules","/home/fdiamond/Training/crwn-clothing/src/pages/collection/bower_components","/home/fdiamond/Training/crwn-clothing/src/pages/collection/node_modules","/home/fdiamond/Training/crwn-clothing/src/components/withSpinner/bower_components","/home/fdiamond/Training/crwn-clothing/src/components/withSpinner/node_modules","/home/fdiamond/Training/crwn-clothing/src/pages/shop/bower_components","/home/fdiamond/Training/crwn-clothing/src/pages/shop/node_modules","/home/fdiamond/Training/crwn-clothing/src/redux/user/bower_components","/home/fdiamond/Training/crwn-clothing/src/redux/user/node_modules","/home/fdiamond/Training/crwn-clothing/src/components/cart-icon/bower_components","/home/fdiamond/Training/crwn-clothing/src/components/cart-icon/node_modules","/home/fdiamond/Training/crwn-clothing/src/components/cart-item/bower_components","/home/fdiamond/Training/crwn-clothing/src/components/cart-item/node_modules","/home/fdiamond/Training/crwn-clothing/src/components/cart-dropdown/bower_components","/home/fdiamond/Training/crwn-clothing/src/components/cart-dropdown/node_modules","/home/fdiamond/Training/crwn-clothing/src/components/header/bower_components","/home/fdiamond/Training/crwn-clothing/src/components/header/node_modules","/home/fdiamond/Training/crwn-clothing/src/components/form-input/bower_components","/home/fdiamond/Training/crwn-clothing/src/components/form-input/node_modules","/home/fdiamond/Training/crwn-clothing/src/components/sign-in/bower_components","/home/fdiamond/Training/crwn-clothing/src/components/sign-in/node_modules","/home/fdiamond/Training/crwn-clothing/src/components/sign-up/bower_components","/home/fdiamond/Training/crwn-clothing/src/components/sign-up/node_modules","/home/fdiamond/Training/crwn-clothing/src/pages/sign-in-and-sign-up/bower_components","/home/fdiamond/Training/crwn-clothing/src/pages/sign-in-and-sign-up/node_modules","/home/fdiamond/Training/crwn-clothing/src/components/menu-item/bower_components","/home/fdiamond/Training/crwn-clothing/src/components/menu-item/node_modules","/home/fdiamond/Training/crwn-clothing/src/redux/directory/bower_components","/home/fdiamond/Training/crwn-clothing/src/redux/directory/node_modules","/home/fdiamond/Training/crwn-clothing/src/components/directory-component/bower_components","/home/fdiamond/Training/crwn-clothing/src/components/directory-component/node_modules","/home/fdiamond/Training/crwn-clothing/src/bower_components","/home/fdiamond/Training/crwn-clothing/src/node_modules","/home/fdiamond/Training/crwn-clothing/src/components/checkout-component/bower_components","/home/fdiamond/Training/crwn-clothing/src/components/checkout-component/node_modules","/home/fdiamond/Training/crwn-clothing/src/components/stripe-button/bower_components","/home/fdiamond/Training/crwn-clothing/src/components/stripe-button/node_modules","/home/fdiamond/Training/crwn-clothing/src/pages/checkout/bower_components","/home/fdiamond/Training/crwn-clothing/src/pages/checkout/node_modules"]}
[21:12:26.710] Sending response:
    {"projectName":"/dev/null/inferredProject1*","typeAcquisition":{"enable":true,"include":[],"exclude":[]},"compilerOptions":{"target":1,"jsx":1,"allowNonTsExtensions":true,"allowJs":true,"noEmitForJsFiles":true,"maxNodeModuleJsDepth":2},"typings":["/home/fdiamond/.cache/typescript/3.9/node_modules/@types/react/index.d.ts"],"unresolvedImports":[],"kind":"action::set"}
[21:12:26.710] Response has been sent.
[21:12:26.710] No new typings were requested as a result of typings discovery
[21:12:27.213] DirectoryWatcher:: Triggered with /home/fdiamond/Training/crwn-clothing/src/redux :: WatchInfo: /home/fdiamond/Training/crwn-clothing/src/redux recursive :: handler is already invoked 'false'
[21:13:49.869] Got install request {"projectName":"/dev/null/inferredProject2*","fileNames":["/usr/lib/node_modules/typescript/lib/lib.d.ts","/usr/lib/node_modules/typescript/lib/lib.es5.d.ts","/usr/lib/node_modules/typescript/lib/lib.dom.d.ts","/usr/lib/node_modules/typescript/lib/lib.webworker.importscripts.d.ts","/usr/lib/node_modules/typescript/lib/lib.scripthost.d.ts","/home/fdiamond/Training/crwn-clothing/src/components/collection-overview/collection-overview.container.jsx"],"compilerOptions":{"target":1,"jsx":1,"allowNonTsExtensions":true,"allowJs":true,"noEmitForJsFiles":true,"maxNodeModuleJsDepth":2},"typeAcquisition":{"enable":true,"include":[],"exclude":[]},"unresolvedImports":[],"projectRootPath":"/home/fdiamond/Training/crwn-clothing/src/components/collection-overview","kind":"discover"}
[21:13:49.869] Explicitly included types: []
[21:13:49.870] Inferred 'react' typings due to presence of '.jsx' extension
[21:13:49.870] Inferred typings from unresolved imports: []
[21:13:49.870] Result: {"cachedTypingPaths":["/home/fdiamond/.cache/typescript/3.9/node_modules/@types/react/index.d.ts"],"newTypingNames":[],"filesToWatch":["/home/fdiamond/Training/crwn-clothing/src/components/collection-overview/bower_components","/home/fdiamond/Training/crwn-clothing/src/components/collection-overview/node_modules"]}
[21:13:49.870] Finished typings discovery: {"cachedTypingPaths":["/home/fdiamond/.cache/typescript/3.9/node_modules/@types/react/index.d.ts"],"newTypingNames":[],"filesToWatch":["/home/fdiamond/Training/crwn-clothing/src/components/collection-overview/bower_components","/home/fdiamond/Training/crwn-clothing/src/components/collection-overview/node_modules"]}
[21:13:49.870] DirectoryWatcher:: Added:: WatchInfo: /home/fdiamond/Training/crwn-clothing/src/components/collection-overview/bower_components
[21:13:49.871] DirectoryWatcher:: Added:: WatchInfo: /home/fdiamond/Training/crwn-clothing/src/components/collection-overview/node_modules
[21:13:49.871] Sending response:
    {"projectName":"/dev/null/inferredProject2*","typeAcquisition":{"enable":true,"include":[],"exclude":[]},"compilerOptions":{"target":1,"jsx":1,"allowNonTsExtensions":true,"allowJs":true,"noEmitForJsFiles":true,"maxNodeModuleJsDepth":2},"typings":["/home/fdiamond/.cache/typescript/3.9/node_modules/@types/react/index.d.ts"],"unresolvedImports":[],"kind":"action::set"}
[21:13:49.871] Response has been sent.
[21:13:49.871] No new typings were requested as a result of typings discovery
[21:13:51.23] Got install request {"projectName":"/dev/null/inferredProject2*","fileNames":["/usr/lib/node_modules/typescript/lib/lib.d.ts","/usr/lib/node_modules/typescript/lib/lib.es5.d.ts","/usr/lib/node_modules/typescript/lib/lib.dom.d.ts","/usr/lib/node_modules/typescript/lib/lib.webworker.importscripts.d.ts","/usr/lib/node_modules/typescript/lib/lib.scripthost.d.ts","/home/fdiamond/.cache/typescript/3.9/node_modules/@types/react/global.d.ts","/home/fdiamond/.cache/typescript/3.9/node_modules/@types/react/index.d.ts"],"compilerOptions":{"target":1,"jsx":1,"allowNonTsExtensions":true,"allowJs":true,"noEmitForJsFiles":true},"typeAcquisition":{"enable":true,"include":[],"exclude":[]},"unresolvedImports":[],"projectRootPath":"/home/fdiamond/Training/crwn-clothing/src/components/collection-overview","kind":"discover"}
[21:13:51.23] Explicitly included types: []
[21:13:51.23] Inferred typings from unresolved imports: []
[21:13:51.23] Result: {"cachedTypingPaths":[],"newTypingNames":[],"filesToWatch":["/home/fdiamond/Training/crwn-clothing/src/components/collection-overview/bower_components","/home/fdiamond/Training/crwn-clothing/src/components/collection-overview/node_modules"]}
[21:13:51.23] Finished typings discovery: {"cachedTypingPaths":[],"newTypingNames":[],"filesToWatch":["/home/fdiamond/Training/crwn-clothing/src/components/collection-overview/bower_components","/home/fdiamond/Training/crwn-clothing/src/components/collection-overview/node_modules"]}
[21:13:51.24] Sending response:
    {"projectName":"/dev/null/inferredProject2*","typeAcquisition":{"enable":true,"include":[],"exclude":[]},"compilerOptions":{"target":1,"jsx":1,"allowNonTsExtensions":true,"allowJs":true,"noEmitForJsFiles":true},"typings":[],"unresolvedImports":[],"kind":"action::set"}
[21:13:51.24] Response has been sent.
[21:13:51.24] No new typings were requested as a result of typings discovery
[21:13:51.504] Got install request {"projectName":"/dev/null/inferredProject2*","fileNames":[],"compilerOptions":{"target":1,"jsx":1,"allowNonTsExtensions":true,"allowJs":true,"noEmitForJsFiles":true},"typeAcquisition":{"enable":true,"include":[],"exclude":[]},"unresolvedImports":[],"projectRootPath":"/home/fdiamond/Training/crwn-clothing/src/components/collection-overview","kind":"discover"}
[21:13:51.504] Explicitly included types: []
[21:13:51.504] Inferred typings from unresolved imports: []
[21:13:51.504] Result: {"cachedTypingPaths":[],"newTypingNames":[],"filesToWatch":["/home/fdiamond/Training/crwn-clothing/src/components/collection-overview/bower_components","/home/fdiamond/Training/crwn-clothing/src/components/collection-overview/node_modules"]}
[21:13:51.505] Finished typings discovery: {"cachedTypingPaths":[],"newTypingNames":[],"filesToWatch":["/home/fdiamond/Training/crwn-clothing/src/components/collection-overview/bower_components","/home/fdiamond/Training/crwn-clothing/src/components/collection-overview/node_modules"]}
[21:13:51.505] Sending response:
    {"projectName":"/dev/null/inferredProject2*","typeAcquisition":{"enable":true,"include":[],"exclude":[]},"compilerOptions":{"target":1,"jsx":1,"allowNonTsExtensions":true,"allowJs":true,"noEmitForJsFiles":true},"typings":[],"unresolvedImports":[],"kind":"action::set"}
[21:13:51.505] Response has been sent.
[21:13:51.505] No new typings were requested as a result of typings discovery
[21:13:52.526] Got install request {"projectName":"/dev/null/inferredProject2*","fileNames":["/usr/lib/node_modules/typescript/lib/lib.d.ts","/usr/lib/node_modules/typescript/lib/lib.es5.d.ts","/usr/lib/node_modules/typescript/lib/lib.dom.d.ts","/usr/lib/node_modules/typescript/lib/lib.webworker.importscripts.d.ts","/usr/lib/node_modules/typescript/lib/lib.scripthost.d.ts","/home/fdiamond/Training/crwn-clothing/src/components/collection-overview/collection-overview.container.jsx"],"compilerOptions":{"target":1,"jsx":1,"allowNonTsExtensions":true,"allowJs":true,"noEmitForJsFiles":true,"maxNodeModuleJsDepth":2},"typeAcquisition":{"enable":true,"include":[],"exclude":[]},"unresolvedImports":[],"projectRootPath":"/home/fdiamond/Training/crwn-clothing/src/components/collection-overview","kind":"discover"}
[21:13:52.527] Explicitly included types: []
[21:13:52.527] Inferred 'react' typings due to presence of '.jsx' extension
[21:13:52.527] Inferred typings from unresolved imports: []
[21:13:52.527] Result: {"cachedTypingPaths":["/home/fdiamond/.cache/typescript/3.9/node_modules/@types/react/index.d.ts"],"newTypingNames":[],"filesToWatch":["/home/fdiamond/Training/crwn-clothing/src/components/collection-overview/bower_components","/home/fdiamond/Training/crwn-clothing/src/components/collection-overview/node_modules"]}
[21:13:52.527] Finished typings discovery: {"cachedTypingPaths":["/home/fdiamond/.cache/typescript/3.9/node_modules/@types/react/index.d.ts"],"newTypingNames":[],"filesToWatch":["/home/fdiamond/Training/crwn-clothing/src/components/collection-overview/bower_components","/home/fdiamond/Training/crwn-clothing/src/components/collection-overview/node_modules"]}
[21:13:52.527] Sending response:
    {"projectName":"/dev/null/inferredProject2*","typeAcquisition":{"enable":true,"include":[],"exclude":[]},"compilerOptions":{"target":1,"jsx":1,"allowNonTsExtensions":true,"allowJs":true,"noEmitForJsFiles":true,"maxNodeModuleJsDepth":2},"typings":["/home/fdiamond/.cache/typescript/3.9/node_modules/@types/react/index.d.ts"],"unresolvedImports":[],"kind":"action::set"}
[21:13:52.527] Response has been sent.
[21:13:52.527] No new typings were requested as a result of typings discovery
[21:13:52.759] Got install request {"projectName":"/dev/null/inferredProject2*","fileNames":["/usr/lib/node_modules/typescript/lib/lib.d.ts","/usr/lib/node_modules/typescript/lib/lib.es5.d.ts","/usr/lib/node_modules/typescript/lib/lib.dom.d.ts","/usr/lib/node_modules/typescript/lib/lib.webworker.importscripts.d.ts","/usr/lib/node_modules/typescript/lib/lib.scripthost.d.ts","/home/fdiamond/Training/crwn-clothing/src/components/collection-overview/collection-overview.container.jsx","/home/fdiamond/.cache/typescript/3.9/node_modules/@types/react/global.d.ts","/home/fdiamond/.cache/typescript/3.9/node_modules/@types/react/index.d.ts"],"compilerOptions":{"target":1,"jsx":1,"allowNonTsExtensions":true,"allowJs":true,"noEmitForJsFiles":true,"maxNodeModuleJsDepth":2},"typeAcquisition":{"enable":true,"include":[],"exclude":[]},"unresolvedImports":[],"projectRootPath":"/home/fdiamond/Training/crwn-clothing/src/components/collection-overview","kind":"discover"}
[21:13:52.760] Explicitly included types: []
[21:13:52.760] Inferred 'react' typings due to presence of '.jsx' extension
[21:13:52.760] Inferred typings from unresolved imports: []
[21:13:52.760] Result: {"cachedTypingPaths":["/home/fdiamond/.cache/typescript/3.9/node_modules/@types/react/index.d.ts"],"newTypingNames":[],"filesToWatch":["/home/fdiamond/Training/crwn-clothing/src/components/collection-overview/bower_components","/home/fdiamond/Training/crwn-clothing/src/components/collection-overview/node_modules"]}
[21:13:52.760] Finished typings discovery: {"cachedTypingPaths":["/home/fdiamond/.cache/typescript/3.9/node_modules/@types/react/index.d.ts"],"newTypingNames":[],"filesToWatch":["/home/fdiamond/Training/crwn-clothing/src/components/collection-overview/bower_components","/home/fdiamond/Training/crwn-clothing/src/components/collection-overview/node_modules"]}
[21:13:52.760] Sending response:
    {"projectName":"/dev/null/inferredProject2*","typeAcquisition":{"enable":true,"include":[],"exclude":[]},"compilerOptions":{"target":1,"jsx":1,"allowNonTsExtensions":true,"allowJs":true,"noEmitForJsFiles":true,"maxNodeModuleJsDepth":2},"typings":["/home/fdiamond/.cache/typescript/3.9/node_modules/@types/react/index.d.ts"],"unresolvedImports":[],"kind":"action::set"}
[21:13:52.760] Response has been sent.
[21:13:52.760] No new typings were requested as a result of typings discovery
[21:14:9.609] Got install request {"projectName":"/dev/null/inferredProject2*","fileNames":["/usr/lib/node_modules/typescript/lib/lib.d.ts","/usr/lib/node_modules/typescript/lib/lib.es5.d.ts","/usr/lib/node_modules/typescript/lib/lib.dom.d.ts","/usr/lib/node_modules/typescript/lib/lib.webworker.importscripts.d.ts","/usr/lib/node_modules/typescript/lib/lib.scripthost.d.ts","/home/fdiamond/.cache/typescript/3.9/node_modules/@types/react/global.d.ts","/home/fdiamond/.cache/typescript/3.9/node_modules/@types/react/index.d.ts","/home/fdiamond/Training/crwn-clothing/src/components/collection-overview/collection-overview.container.jsx"],"compilerOptions":{"target":1,"jsx":1,"allowNonTsExtensions":true,"allowJs":true,"noEmitForJsFiles":true,"maxNodeModuleJsDepth":2},"typeAcquisition":{"enable":true,"include":[],"exclude":[]},"unresolvedImports":[],"projectRootPath":"/home/fdiamond/Training/crwn-clothing/src/components/collection-overview","kind":"discover"}
[21:14:9.610] Explicitly included types: []
[21:14:9.610] Inferred 'react' typings due to presence of '.jsx' extension
[21:14:9.611] Inferred typings from unresolved imports: []
[21:14:9.611] Result: {"cachedTypingPaths":["/home/fdiamond/.cache/typescript/3.9/node_modules/@types/react/index.d.ts"],"newTypingNames":[],"filesToWatch":["/home/fdiamond/Training/crwn-clothing/src/components/collection-overview/bower_components","/home/fdiamond/Training/crwn-clothing/src/components/collection-overview/node_modules"]}
[21:14:9.611] Finished typings discovery: {"cachedTypingPaths":["/home/fdiamond/.cache/typescript/3.9/node_modules/@types/react/index.d.ts"],"newTypingNames":[],"filesToWatch":["/home/fdiamond/Training/crwn-clothing/src/components/collection-overview/bower_components","/home/fdiamond/Training/crwn-clothing/src/components/collection-overview/node_modules"]}
[21:14:9.611] Sending response:
    {"projectName":"/dev/null/inferredProject2*","typeAcquisition":{"enable":true,"include":[],"exclude":[]},"compilerOptions":{"target":1,"jsx":1,"allowNonTsExtensions":true,"allowJs":true,"noEmitForJsFiles":true,"maxNodeModuleJsDepth":2},"typings":["/home/fdiamond/.cache/typescript/3.9/node_modules/@types/react/index.d.ts"],"unresolvedImports":[],"kind":"action::set"}
[21:14:9.611] Response has been sent.
[21:14:9.611] No new typings were requested as a result of typings discovery
[21:14:37.48] Got install request {"projectName":"/dev/null/inferredProject2*","fileNames":["/usr/lib/node_modules/typescript/lib/lib.d.ts","/usr/lib/node_modules/typescript/lib/lib.es5.d.ts","/usr/lib/node_modules/typescript/lib/lib.dom.d.ts","/usr/lib/node_modules/typescript/lib/lib.webworker.importscripts.d.ts","/usr/lib/node_modules/typescript/lib/lib.scripthost.d.ts","/home/fdiamond/.cache/typescript/3.9/node_modules/@types/react/global.d.ts","/home/fdiamond/.cache/typescript/3.9/node_modules/@types/react/index.d.ts","/home/fdiamond/Training/crwn-clothing/src/components/collection-overview/collection-overview.container.jsx"],"compilerOptions":{"target":1,"jsx":1,"allowNonTsExtensions":true,"allowJs":true,"noEmitForJsFiles":true,"maxNodeModuleJsDepth":2},"typeAcquisition":{"enable":true,"include":[],"exclude":[]},"unresolvedImports":["r"],"projectRootPath":"/home/fdiamond/Training/crwn-clothing/src/components/collection-overview","kind":"discover"}
[21:14:37.48] Explicitly included types: []
[21:14:37.49] Inferred 'react' typings due to presence of '.jsx' extension
[21:14:37.49] Inferred typings from unresolved imports: ["r"]
[21:14:37.49] Result: {"cachedTypingPaths":["/home/fdiamond/.cache/typescript/3.9/node_modules/@types/react/index.d.ts"],"newTypingNames":["r"],"filesToWatch":["/home/fdiamond/Training/crwn-clothing/src/components/collection-overview/bower_components","/home/fdiamond/Training/crwn-clothing/src/components/collection-overview/node_modules"]}
[21:14:37.49] Finished typings discovery: {"cachedTypingPaths":["/home/fdiamond/.cache/typescript/3.9/node_modules/@types/react/index.d.ts"],"newTypingNames":["r"],"filesToWatch":["/home/fdiamond/Training/crwn-clothing/src/components/collection-overview/bower_components","/home/fdiamond/Training/crwn-clothing/src/components/collection-overview/node_modules"]}
[21:14:37.49] Installing typings ["r"]
[21:14:37.50] 'r':: Entry for package 'r' does not exist in local types registry - skipping...
[21:14:37.50] All typings are known to be missing or invalid - no need to install more typings
[21:14:37.50] Sending response:
    {"projectName":"/dev/null/inferredProject2*","typeAcquisition":{"enable":true,"include":[],"exclude":[]},"compilerOptions":{"target":1,"jsx":1,"allowNonTsExtensions":true,"allowJs":true,"noEmitForJsFiles":true,"maxNodeModuleJsDepth":2},"typings":["/home/fdiamond/.cache/typescript/3.9/node_modules/@types/react/index.d.ts"],"unresolvedImports":["r"],"kind":"action::set"}
[21:14:37.50] Response has been sent.
[21:14:37.80] Got install request {"projectName":"/dev/null/inferredProject2*","fileNames":["/usr/lib/node_modules/typescript/lib/lib.d.ts","/usr/lib/node_modules/typescript/lib/lib.es5.d.ts","/usr/lib/node_modules/typescript/lib/lib.dom.d.ts","/usr/lib/node_modules/typescript/lib/lib.webworker.importscripts.d.ts","/usr/lib/node_modules/typescript/lib/lib.scripthost.d.ts","/home/fdiamond/.cache/typescript/3.9/node_modules/@types/react/global.d.ts","/home/fdiamond/.cache/typescript/3.9/node_modules/@types/react/index.d.ts","/home/fdiamond/Training/crwn-clothing/src/components/collection-overview/collection-overview.container.jsx"],"compilerOptions":{"target":1,"jsx":1,"allowNonTsExtensions":true,"allowJs":true,"noEmitForJsFiles":true,"maxNodeModuleJsDepth":2},"typeAcquisition":{"enable":true,"include":[],"exclude":[]},"unresolvedImports":["re"],"projectRootPath":"/home/fdiamond/Training/crwn-clothing/src/components/collection-overview","kind":"discover"}
[21:14:37.81] Explicitly included types: []
[21:14:37.81] Inferred 'react' typings due to presence of '.jsx' extension
[21:14:37.81] Inferred typings from unresolved imports: ["re"]
[21:14:37.81] Result: {"cachedTypingPaths":["/home/fdiamond/.cache/typescript/3.9/node_modules/@types/react/index.d.ts"],"newTypingNames":["re"],"filesToWatch":["/home/fdiamond/Training/crwn-clothing/src/components/collection-overview/bower_components","/home/fdiamond/Training/crwn-clothing/src/components/collection-overview/node_modules"]}
[21:14:37.81] Finished typings discovery: {"cachedTypingPaths":["/home/fdiamond/.cache/typescript/3.9/node_modules/@types/react/index.d.ts"],"newTypingNames":["re"],"filesToWatch":["/home/fdiamond/Training/crwn-clothing/src/components/collection-overview/bower_components","/home/fdiamond/Training/crwn-clothing/src/components/collection-overview/node_modules"]}
[21:14:37.81] Installing typings ["re"]
[21:14:37.81] 're':: Entry for package 're' does not exist in local types registry - skipping...
[21:14:37.82] All typings are known to be missing or invalid - no need to install more typings
[21:14:37.82] Sending response:
    {"projectName":"/dev/null/inferredProject2*","typeAcquisition":{"enable":true,"include":[],"exclude":[]},"compilerOptions":{"target":1,"jsx":1,"allowNonTsExtensions":true,"allowJs":true,"noEmitForJsFiles":true,"maxNodeModuleJsDepth":2},"typings":["/home/fdiamond/.cache/typescript/3.9/node_modules/@types/react/index.d.ts"],"unresolvedImports":["re"],"kind":"action::set"}
[21:14:37.82] Response has been sent.
[21:14:37.477] Got install request {"projectName":"/dev/null/inferredProject2*","fileNames":["/usr/lib/node_modules/typescript/lib/lib.d.ts","/usr/lib/node_modules/typescript/lib/lib.es5.d.ts","/usr/lib/node_modules/typescript/lib/lib.dom.d.ts","/usr/lib/node_modules/typescript/lib/lib.webworker.importscripts.d.ts","/usr/lib/node_modules/typescript/lib/lib.scripthost.d.ts","/home/fdiamond/.cache/typescript/3.9/node_modules/@types/react/global.d.ts","/home/fdiamond/.cache/typescript/3.9/node_modules/@types/react/index.d.ts","/home/fdiamond/Training/crwn-clothing/src/components/collection-overview/collection-overview.container.jsx"],"compilerOptions":{"target":1,"jsx":1,"allowNonTsExtensions":true,"allowJs":true,"noEmitForJsFiles":true,"maxNodeModuleJsDepth":2},"typeAcquisition":{"enable":true,"include":[],"exclude":[]},"unresolvedImports":["res"],"projectRootPath":"/home/fdiamond/Training/crwn-clothing/src/components/collection-overview","kind":"discover"}
[21:14:37.478] Explicitly included types: []
[21:14:37.478] Inferred 'react' typings due to presence of '.jsx' extension
[21:14:37.478] Inferred typings from unresolved imports: ["res"]
[21:14:37.478] Result: {"cachedTypingPaths":["/home/fdiamond/.cache/typescript/3.9/node_modules/@types/react/index.d.ts"],"newTypingNames":["res"],"filesToWatch":["/home/fdiamond/Training/crwn-clothing/src/components/collection-overview/bower_components","/home/fdiamond/Training/crwn-clothing/src/components/collection-overview/node_modules"]}
[21:14:37.478] Finished typings discovery: {"cachedTypingPaths":["/home/fdiamond/.cache/typescript/3.9/node_modules/@types/react/index.d.ts"],"newTypingNames":["res"],"filesToWatch":["/home/fdiamond/Training/crwn-clothing/src/components/collection-overview/bower_components","/home/fdiamond/Training/crwn-clothing/src/components/collection-overview/node_modules"]}
[21:14:37.478] Installing typings ["res"]
[21:14:37.479] 'res':: Entry for package 'res' does not exist in local types registry - skipping...
[21:14:37.479] All typings are known to be missing or invalid - no need to install more typings
[21:14:37.479] Sending response:
    {"projectName":"/dev/null/inferredProject2*","typeAcquisition":{"enable":true,"include":[],"exclude":[]},"compilerOptions":{"target":1,"jsx":1,"allowNonTsExtensions":true,"allowJs":true,"noEmitForJsFiles":true,"maxNodeModuleJsDepth":2},"typings":["/home/fdiamond/.cache/typescript/3.9/node_modules/@types/react/index.d.ts"],"unresolvedImports":["res"],"kind":"action::set"}
[21:14:37.479] Response has been sent.
[21:14:39.51] Got install request {"projectName":"/dev/null/inferredProject2*","fileNames":["/usr/lib/node_modules/typescript/lib/lib.d.ts","/usr/lib/node_modules/typescript/lib/lib.es5.d.ts","/usr/lib/node_modules/typescript/lib/lib.dom.d.ts","/usr/lib/node_modules/typescript/lib/lib.webworker.importscripts.d.ts","/usr/lib/node_modules/typescript/lib/lib.scripthost.d.ts","/home/fdiamond/.cache/typescript/3.9/node_modules/@types/react/global.d.ts","/home/fdiamond/.cache/typescript/3.9/node_modules/@types/react/index.d.ts","/home/fdiamond/Training/crwn-clothing/src/components/collection-overview/collection-overview.container.jsx"],"compilerOptions":{"target":1,"jsx":1,"allowNonTsExtensions":true,"allowJs":true,"noEmitForJsFiles":true,"maxNodeModuleJsDepth":2},"typeAcquisition":{"enable":true,"include":[],"exclude":[]},"unresolvedImports":[],"projectRootPath":"/home/fdiamond/Training/crwn-clothing/src/components/collection-overview","kind":"discover"}
[21:14:39.52] Explicitly included types: []
[21:14:39.52] Inferred 'react' typings due to presence of '.jsx' extension
[21:14:39.52] Inferred typings from unresolved imports: []
[21:14:39.52] Result: {"cachedTypingPaths":["/home/fdiamond/.cache/typescript/3.9/node_modules/@types/react/index.d.ts"],"newTypingNames":[],"filesToWatch":["/home/fdiamond/Training/crwn-clothing/src/components/collection-overview/bower_components","/home/fdiamond/Training/crwn-clothing/src/components/collection-overview/node_modules"]}
[21:14:39.52] Finished typings discovery: {"cachedTypingPaths":["/home/fdiamond/.cache/typescript/3.9/node_modules/@types/react/index.d.ts"],"newTypingNames":[],"filesToWatch":["/home/fdiamond/Training/crwn-clothing/src/components/collection-overview/bower_components","/home/fdiamond/Training/crwn-clothing/src/components/collection-overview/node_modules"]}
[21:14:39.52] Sending response:
    {"projectName":"/dev/null/inferredProject2*","typeAcquisition":{"enable":true,"include":[],"exclude":[]},"compilerOptions":{"target":1,"jsx":1,"allowNonTsExtensions":true,"allowJs":true,"noEmitForJsFiles":true,"maxNodeModuleJsDepth":2},"typings":["/home/fdiamond/.cache/typescript/3.9/node_modules/@types/react/index.d.ts"],"unresolvedImports":[],"kind":"action::set"}
[21:14:39.52] Response has been sent.
[21:14:39.53] No new typings were requested as a result of typings discovery
