Info 0    [21:10:41.153] Starting TS Server
Info 1    [21:10:41.153] Version: 3.9.7
Info 2    [21:10:41.153] Arguments: /usr/bin/node /usr/bin/tsserver --logFile /home/fdiamond/Training/crwn-clothing/src/.log/tsserver.log --logVerbosity info --cancellationPipeName /tmp/70bd75ed964964b52521974a9f10ae14/tscancellation*
Info 3    [21:10:41.153] Platform: linux NodeVersion: 12 CaseSensitive: true
Info 4    [21:10:41.162] Search path: /home/fdiamond/Training/crwn-clothing/src
Info 5    [21:10:41.162] For info: /home/fdiamond/Training/crwn-clothing/src/App.js :: No config files found.
Info 6    [21:10:41.165] Starting updateGraphWorker: Project: /dev/null/inferredProject1*
Info 7    [21:10:43.658] Finishing updateGraphWorker: Project: /dev/null/inferredProject1* Version: 1 structureChanged: true Elapsed: 2493ms
Info 8    [21:10:43.658] Project '/dev/null/inferredProject1*' (Inferred)
Info 9    [21:10:43.658] 	Files (225)

Info 10   [21:10:43.658] -----------------------------------------------
Info 11   [21:10:47.688] DirectoryWatcher:: Triggered with /home/fdiamond/.cache/typescript/3.9/node_modules/types-registry/index.json :: WatchInfo: /home/fdiamond/.cache/typescript/3.9/node_modules 1 undefined Project: /dev/null/inferredProject1* WatchType: Failed Lookup Locations
Info 12   [21:10:47.697] Elapsed:: 9ms DirectoryWatcher:: Triggered with /home/fdiamond/.cache/typescript/3.9/node_modules/types-registry/index.json :: WatchInfo: /home/fdiamond/.cache/typescript/3.9/node_modules 1 undefined Project: /dev/null/inferredProject1* WatchType: Failed Lookup Locations
Info 13   [21:10:48.241] Starting updateGraphWorker: Project: /dev/null/inferredProject1*
Info 14   [21:10:48.299] Finishing updateGraphWorker: Project: /dev/null/inferredProject1* Version: 2 structureChanged: true Elapsed: 58ms
Info 15   [21:10:48.299] Different program with same set of files:: oldProgram.structureIsReused:: 0
Info 16   [21:10:48.732] DirectoryWatcher:: Triggered with /home/fdiamond/.cache/typescript/3.9/node_modules :: WatchInfo: /home/fdiamond/.cache/typescript/3.9/node_modules 1 undefined Project: /dev/null/inferredProject1* WatchType: Failed Lookup Locations
Info 17   [21:10:48.736] Elapsed:: 4ms DirectoryWatcher:: Triggered with /home/fdiamond/.cache/typescript/3.9/node_modules :: WatchInfo: /home/fdiamond/.cache/typescript/3.9/node_modules 1 undefined Project: /dev/null/inferredProject1* WatchType: Failed Lookup Locations
Info 18   [21:10:48.987] Starting updateGraphWorker: Project: /dev/null/inferredProject1*
Info 19   [21:10:49.82] Finishing updateGraphWorker: Project: /dev/null/inferredProject1* Version: 3 structureChanged: true Elapsed: 95ms
Info 20   [21:10:49.82] Different program with same set of files:: oldProgram.structureIsReused:: 1
Info 21   [21:10:51.236] Before ensureProjectForOpenFiles:
Info 22   [21:10:51.237] After ensureProjectForOpenFiles:
Info 23   [21:10:51.237] got projects updated in background, updating diagnostics for /home/fdiamond/Training/crwn-clothing/src/App.js
Info 24   [21:12:26.210] DirectoryWatcher:: Triggered with /home/fdiamond/Training/crwn-clothing/src/App.js :: WatchInfo: /home/fdiamond/Training/crwn-clothing/src 0 undefined Project: /dev/null/inferredProject1* WatchType: Failed Lookup Locations
Info 25   [21:12:26.210] Elapsed:: 0ms DirectoryWatcher:: Triggered with /home/fdiamond/Training/crwn-clothing/src/App.js :: WatchInfo: /home/fdiamond/Training/crwn-clothing/src 0 undefined Project: /dev/null/inferredProject1* WatchType: Failed Lookup Locations
Info 26   [21:12:26.210] DirectoryWatcher:: Triggered with /home/fdiamond/Training/crwn-clothing/src/App.js :: WatchInfo: /home/fdiamond/Training/crwn-clothing/src 0 undefined Project: /dev/null/inferredProject1* WatchType: Failed Lookup Locations
Info 27   [21:12:26.210] Elapsed:: 0ms DirectoryWatcher:: Triggered with /home/fdiamond/Training/crwn-clothing/src/App.js :: WatchInfo: /home/fdiamond/Training/crwn-clothing/src 0 undefined Project: /dev/null/inferredProject1* WatchType: Failed Lookup Locations
Info 28   [21:12:26.256] FileWatcher:: Triggered with /home/fdiamond/Training/crwn-clothing/src/redux/user/user.types.js 1:: WatchInfo: /home/fdiamond/Training/crwn-clothing/src/redux/user/user.types.js 500 undefined Project:  WatchType: Closed Script info
Info 29   [21:12:26.257] Elapsed:: 0ms FileWatcher:: Triggered with /home/fdiamond/Training/crwn-clothing/src/redux/user/user.types.js 1:: WatchInfo: /home/fdiamond/Training/crwn-clothing/src/redux/user/user.types.js 500 undefined Project:  WatchType: Closed Script info
Info 30   [21:12:26.257] FileWatcher:: Triggered with /home/fdiamond/Training/crwn-clothing/src/redux/shop/shop.actions.js 1:: WatchInfo: /home/fdiamond/Training/crwn-clothing/src/redux/shop/shop.actions.js 500 undefined Project:  WatchType: Closed Script info
Info 31   [21:12:26.257] Elapsed:: 0ms FileWatcher:: Triggered with /home/fdiamond/Training/crwn-clothing/src/redux/shop/shop.actions.js 1:: WatchInfo: /home/fdiamond/Training/crwn-clothing/src/redux/shop/shop.actions.js 500 undefined Project:  WatchType: Closed Script info
Info 32   [21:12:26.257] FileWatcher:: Triggered with /home/fdiamond/Training/crwn-clothing/src/pages/shop/shop.component.jsx 1:: WatchInfo: /home/fdiamond/Training/crwn-clothing/src/pages/shop/shop.component.jsx 500 undefined Project:  WatchType: Closed Script info
Info 33   [21:12:26.257] Elapsed:: 0ms FileWatcher:: Triggered with /home/fdiamond/Training/crwn-clothing/src/pages/shop/shop.component.jsx 1:: WatchInfo: /home/fdiamond/Training/crwn-clothing/src/pages/shop/shop.component.jsx 500 undefined Project:  WatchType: Closed Script info
Info 34   [21:12:26.257] FileWatcher:: Triggered with /home/fdiamond/Training/crwn-clothing/src/redux/shop/shop.types.js 1:: WatchInfo: /home/fdiamond/Training/crwn-clothing/src/redux/shop/shop.types.js 500 undefined Project:  WatchType: Closed Script info
Info 35   [21:12:26.258] Elapsed:: 0ms FileWatcher:: Triggered with /home/fdiamond/Training/crwn-clothing/src/redux/shop/shop.types.js 1:: WatchInfo: /home/fdiamond/Training/crwn-clothing/src/redux/shop/shop.types.js 500 undefined Project:  WatchType: Closed Script info
Info 36   [21:12:26.258] FileWatcher:: Triggered with /home/fdiamond/Training/crwn-clothing/src/components/collection-overview/collection-overview.container.jsx 2:: WatchInfo: /home/fdiamond/Training/crwn-clothing/src/components/collection-overview/collection-overview.container.jsx 500 undefined Project:  WatchType: Closed Script info
Info 37   [21:12:26.258] Elapsed:: 0ms FileWatcher:: Triggered with /home/fdiamond/Training/crwn-clothing/src/components/collection-overview/collection-overview.container.jsx 2:: WatchInfo: /home/fdiamond/Training/crwn-clothing/src/components/collection-overview/collection-overview.container.jsx 500 undefined Project:  WatchType: Closed Script info
Info 38   [21:12:26.258] FileWatcher:: Triggered with /home/fdiamond/Training/crwn-clothing/src/components/withSpinner/withSpinner.component.jsx 1:: WatchInfo: /home/fdiamond/Training/crwn-clothing/src/components/withSpinner/withSpinner.component.jsx 500 undefined Project:  WatchType: Closed Script info
Info 39   [21:12:26.259] Elapsed:: 1ms FileWatcher:: Triggered with /home/fdiamond/Training/crwn-clothing/src/components/withSpinner/withSpinner.component.jsx 1:: WatchInfo: /home/fdiamond/Training/crwn-clothing/src/components/withSpinner/withSpinner.component.jsx 500 undefined Project:  WatchType: Closed Script info
Info 40   [21:12:26.259] FileWatcher:: Triggered with /home/fdiamond/Training/crwn-clothing/src/pages/collection/collection.container.jsx 2:: WatchInfo: /home/fdiamond/Training/crwn-clothing/src/pages/collection/collection.container.jsx 500 undefined Project:  WatchType: Closed Script info
Info 41   [21:12:26.260] Elapsed:: 1ms FileWatcher:: Triggered with /home/fdiamond/Training/crwn-clothing/src/pages/collection/collection.container.jsx 2:: WatchInfo: /home/fdiamond/Training/crwn-clothing/src/pages/collection/collection.container.jsx 500 undefined Project:  WatchType: Closed Script info
Info 42   [21:12:26.260] FileWatcher:: Triggered with /home/fdiamond/Training/crwn-clothing/src/firebase/firebase.utils.js 1:: WatchInfo: /home/fdiamond/Training/crwn-clothing/src/firebase/firebase.utils.js 500 undefined Project:  WatchType: Closed Script info
Info 43   [21:12:26.260] Elapsed:: 0ms FileWatcher:: Triggered with /home/fdiamond/Training/crwn-clothing/src/firebase/firebase.utils.js 1:: WatchInfo: /home/fdiamond/Training/crwn-clothing/src/firebase/firebase.utils.js 500 undefined Project:  WatchType: Closed Script info
Info 44   [21:12:26.510] Starting updateGraphWorker: Project: /dev/null/inferredProject1*
Info 45   [21:12:26.603] Finishing updateGraphWorker: Project: /dev/null/inferredProject1* Version: 4 structureChanged: true Elapsed: 93ms
Info 46   [21:12:26.603] Project '/dev/null/inferredProject1*' (Inferred)
Info 47   [21:12:26.603] 	Files (222)

Info 48   [21:12:26.603] -----------------------------------------------
Info 49   [21:12:26.960] Starting updateGraphWorker: Project: /dev/null/inferredProject1*
Info 50   [21:12:26.963] Finishing updateGraphWorker: Project: /dev/null/inferredProject1* Version: 5 structureChanged: false Elapsed: 2ms
Info 51   [21:12:27.216] DirectoryWatcher:: Triggered with /home/fdiamond/Training/crwn-clothing/src/pages :: WatchInfo: /home/fdiamond/Training/crwn-clothing/src/pages 1 undefined Project: /dev/null/inferredProject1* WatchType: Failed Lookup Locations
Info 52   [21:12:27.225] Elapsed:: 8ms DirectoryWatcher:: Triggered with /home/fdiamond/Training/crwn-clothing/src/pages :: WatchInfo: /home/fdiamond/Training/crwn-clothing/src/pages 1 undefined Project: /dev/null/inferredProject1* WatchType: Failed Lookup Locations
Info 53   [21:12:27.225] DirectoryWatcher:: Triggered with /home/fdiamond/Training/crwn-clothing/src/components :: WatchInfo: /home/fdiamond/Training/crwn-clothing/src/components 1 undefined Project: /dev/null/inferredProject1* WatchType: Failed Lookup Locations
Info 54   [21:12:27.236] Elapsed:: 10ms DirectoryWatcher:: Triggered with /home/fdiamond/Training/crwn-clothing/src/components :: WatchInfo: /home/fdiamond/Training/crwn-clothing/src/components 1 undefined Project: /dev/null/inferredProject1* WatchType: Failed Lookup Locations
Info 55   [21:12:27.236] DirectoryWatcher:: Triggered with /home/fdiamond/Training/crwn-clothing/src/redux :: WatchInfo: /home/fdiamond/Training/crwn-clothing/src/redux 1 undefined Project: /dev/null/inferredProject1* WatchType: Failed Lookup Locations
Info 56   [21:12:27.244] Elapsed:: 8ms DirectoryWatcher:: Triggered with /home/fdiamond/Training/crwn-clothing/src/redux :: WatchInfo: /home/fdiamond/Training/crwn-clothing/src/redux 1 undefined Project: /dev/null/inferredProject1* WatchType: Failed Lookup Locations
Info 57   [21:12:27.244] DirectoryWatcher:: Triggered with /home/fdiamond/Training/crwn-clothing/src/firebase :: WatchInfo: /home/fdiamond/Training/crwn-clothing/src/firebase 1 undefined Project: /dev/null/inferredProject1* WatchType: Failed Lookup Locations
Info 58   [21:12:27.249] Elapsed:: 5ms DirectoryWatcher:: Triggered with /home/fdiamond/Training/crwn-clothing/src/firebase :: WatchInfo: /home/fdiamond/Training/crwn-clothing/src/firebase 1 undefined Project: /dev/null/inferredProject1* WatchType: Failed Lookup Locations
Info 59   [21:12:27.500] Starting updateGraphWorker: Project: /dev/null/inferredProject1*
Info 60   [21:12:27.622] Finishing updateGraphWorker: Project: /dev/null/inferredProject1* Version: 6 structureChanged: true Elapsed: 122ms
Info 61   [21:12:27.622] Different program with same set of files:: oldProgram.structureIsReused:: 1
Info 62   [21:12:28.755] FileWatcher:: Triggered with /home/fdiamond/Training/crwn-clothing/src/components/sign-in/sign-in.component.jsx 1:: WatchInfo: /home/fdiamond/Training/crwn-clothing/src/components/sign-in/sign-in.component.jsx 500 undefined Project:  WatchType: Closed Script info
Info 63   [21:12:28.756] Elapsed:: 0ms FileWatcher:: Triggered with /home/fdiamond/Training/crwn-clothing/src/components/sign-in/sign-in.component.jsx 1:: WatchInfo: /home/fdiamond/Training/crwn-clothing/src/components/sign-in/sign-in.component.jsx 500 undefined Project:  WatchType: Closed Script info
Info 64   [21:12:28.756] FileWatcher:: Triggered with /home/fdiamond/Training/crwn-clothing/src/redux/user/user.actions.js 1:: WatchInfo: /home/fdiamond/Training/crwn-clothing/src/redux/user/user.actions.js 500 undefined Project:  WatchType: Closed Script info
Info 65   [21:12:28.756] Elapsed:: 0ms FileWatcher:: Triggered with /home/fdiamond/Training/crwn-clothing/src/redux/user/user.actions.js 1:: WatchInfo: /home/fdiamond/Training/crwn-clothing/src/redux/user/user.actions.js 500 undefined Project:  WatchType: Closed Script info
Info 66   [21:12:28.842] Starting updateGraphWorker: Project: /dev/null/inferredProject1*
Info 67   [21:12:28.905] Finishing updateGraphWorker: Project: /dev/null/inferredProject1* Version: 7 structureChanged: true Elapsed: 62ms
Info 68   [21:12:28.905] Different program with same set of files:: oldProgram.structureIsReused:: 1
Info 69   [21:12:31.257] Before ensureProjectForOpenFiles:
Info 70   [21:12:31.257] After ensureProjectForOpenFiles:
Info 71   [21:12:31.263] got projects updated in background, updating diagnostics for /home/fdiamond/Training/crwn-clothing/src/App.js
Info 72   [21:13:49.645] Search path: /home/fdiamond/Training/crwn-clothing/src/components/collection-overview
Info 73   [21:13:49.647] For info: /home/fdiamond/Training/crwn-clothing/src/components/collection-overview/collection-overview.container.jsx :: No config files found.
Info 74   [21:13:49.654] Starting updateGraphWorker: Project: /dev/null/inferredProject2*
Info 75   [21:13:49.768] Finishing updateGraphWorker: Project: /dev/null/inferredProject2* Version: 1 structureChanged: true Elapsed: 114ms
Info 76   [21:13:49.768] Project '/dev/null/inferredProject2*' (Inferred)
Info 77   [21:13:49.768] 	Files (164)

Info 78   [21:13:49.768] -----------------------------------------------
Info 79   [21:13:50.122] Starting updateGraphWorker: Project: /dev/null/inferredProject2*
Info 80   [21:13:50.920] Finishing updateGraphWorker: Project: /dev/null/inferredProject2* Version: 2 structureChanged: true Elapsed: 798ms
Info 81   [21:13:50.920] Project '/dev/null/inferredProject2*' (Inferred)
Info 82   [21:13:50.920] 	Files (167)

Info 83   [21:13:50.920] -----------------------------------------------
Info 84   [21:13:50.924] DirectoryWatcher:: Triggered with /home/fdiamond/Training/crwn-clothing/src/components :: WatchInfo: /home/fdiamond/Training/crwn-clothing/src/components 1 undefined Project: /dev/null/inferredProject1* WatchType: Failed Lookup Locations
Info 85   [21:13:50.933] Elapsed:: 9ms DirectoryWatcher:: Triggered with /home/fdiamond/Training/crwn-clothing/src/components :: WatchInfo: /home/fdiamond/Training/crwn-clothing/src/components 1 undefined Project: /dev/null/inferredProject1* WatchType: Failed Lookup Locations
Info 86   [21:13:51.183] Starting updateGraphWorker: Project: /dev/null/inferredProject1*
Info 87   [21:13:51.301] Finishing updateGraphWorker: Project: /dev/null/inferredProject1* Version: 8 structureChanged: true Elapsed: 118ms
Info 88   [21:13:51.301] Different program with same set of files:: oldProgram.structureIsReused:: 1
Info 89   [21:13:51.387] Starting updateGraphWorker: Project: /dev/null/inferredProject2*
Info 90   [21:13:51.403] Finishing updateGraphWorker: Project: /dev/null/inferredProject2* Version: 3 structureChanged: true Elapsed: 16ms
Info 91   [21:13:51.403] Project '/dev/null/inferredProject2*' (Inferred)
Info 92   [21:13:51.403] 	Files (0)

Info 93   [21:13:51.403] -----------------------------------------------
Info 94   [21:13:51.755] Starting updateGraphWorker: Project: /dev/null/inferredProject2*
Info 95   [21:13:51.756] Finishing updateGraphWorker: Project: /dev/null/inferredProject2* Version: 4 structureChanged: false Elapsed: 1ms
Info 96   [21:13:52.349] Search path: /home/fdiamond/Training/crwn-clothing/src/components/collection-overview
Info 97   [21:13:52.349] For info: /home/fdiamond/Training/crwn-clothing/src/components/collection-overview/collection-overview.container.jsx :: No config files found.
Info 98   [21:13:52.350] Starting updateGraphWorker: Project: /dev/null/inferredProject2*
Info 99   [21:13:52.426] Finishing updateGraphWorker: Project: /dev/null/inferredProject2* Version: 5 structureChanged: true Elapsed: 76ms
Info 100  [21:13:52.426] Project '/dev/null/inferredProject2*' (Inferred)
Info 101  [21:13:52.426] 	Files (164)

Info 102  [21:13:52.426] -----------------------------------------------
Info 103  [21:13:52.550] Starting updateGraphWorker: Project: /dev/null/inferredProject2*
Info 104  [21:13:52.599] Finishing updateGraphWorker: Project: /dev/null/inferredProject2* Version: 6 structureChanged: true Elapsed: 49ms
Info 105  [21:13:52.599] Project '/dev/null/inferredProject2*' (Inferred)
Info 106  [21:13:52.599] 	Files (168)

Info 107  [21:13:52.599] -----------------------------------------------
Info 108  [21:13:53.11] Starting updateGraphWorker: Project: /dev/null/inferredProject2*
Info 109  [21:13:53.13] Finishing updateGraphWorker: Project: /dev/null/inferredProject2* Version: 7 structureChanged: false Elapsed: 2ms
Info 110  [21:13:55.261] Before ensureProjectForOpenFiles:
Info 111  [21:13:55.261] After ensureProjectForOpenFiles:
Info 112  [21:13:55.261] got projects updated in background, updating diagnostics for /home/fdiamond/Training/crwn-clothing/src/App.js,/home/fdiamond/Training/crwn-clothing/src/components/collection-overview/collection-overview.container.jsx
Info 113  [21:13:59.339] Starting updateGraphWorker: Project: /dev/null/inferredProject2*
Info 114  [21:13:59.596] Finishing updateGraphWorker: Project: /dev/null/inferredProject2* Version: 8 structureChanged: false Elapsed: 257ms
Info 115  [21:13:59.597] Different program with same set of files:: oldProgram.structureIsReused:: 2
Info 116  [21:13:59.614] getCompletionData: Get current token: 0
Info 117  [21:13:59.615] getCompletionData: Is inside comment: 0
Info 118  [21:13:59.615] getCompletionData: Get previous token 1: 0
Info 119  [21:13:59.616] getCompletionData: Get previous token 2: 1
Info 120  [21:13:59.685] getCompletionData: Semantic work: 69
Info 121  [21:13:59.824] getCompletionsAtPosition: getCompletionEntriesFromSymbols: 132
Info 122  [21:14:0.77] Starting updateGraphWorker: Project: /dev/null/inferredProject2*
Info 123  [21:14:0.320] Finishing updateGraphWorker: Project: /dev/null/inferredProject2* Version: 9 structureChanged: false Elapsed: 242ms
Info 124  [21:14:0.321] Different program with same set of files:: oldProgram.structureIsReused:: 2
Info 125  [21:14:1.316] Starting updateGraphWorker: Project: /dev/null/inferredProject2*
Info 126  [21:14:1.587] Finishing updateGraphWorker: Project: /dev/null/inferredProject2* Version: 10 structureChanged: false Elapsed: 269ms
Info 127  [21:14:1.587] Different program with same set of files:: oldProgram.structureIsReused:: 2
Info 128  [21:14:3.345] Starting updateGraphWorker: Project: /dev/null/inferredProject2*
Info 129  [21:14:3.370] Finishing updateGraphWorker: Project: /dev/null/inferredProject2* Version: 11 structureChanged: false Elapsed: 25ms
Info 130  [21:14:3.370] Different program with same set of files:: oldProgram.structureIsReused:: 2
Info 131  [21:14:3.371] getCompletionData: Get current token: 0
Info 132  [21:14:3.371] getCompletionData: Is inside comment: 0
Info 133  [21:14:3.371] getCompletionData: Get previous token 1: 0
Info 134  [21:14:3.371] getCompletionData: Get previous token 2: 0
Info 135  [21:14:3.371] getCompletionsAtPosition: isCompletionListBlocker: 0
Info 136  [21:14:3.856] Starting updateGraphWorker: Project: /dev/null/inferredProject2*
Info 137  [21:14:3.888] Finishing updateGraphWorker: Project: /dev/null/inferredProject2* Version: 12 structureChanged: false Elapsed: 32ms
Info 138  [21:14:3.888] Different program with same set of files:: oldProgram.structureIsReused:: 2
Info 139  [21:14:5.81] Starting updateGraphWorker: Project: /dev/null/inferredProject2*
Info 140  [21:14:5.109] Finishing updateGraphWorker: Project: /dev/null/inferredProject2* Version: 13 structureChanged: false Elapsed: 28ms
Info 141  [21:14:5.109] Different program with same set of files:: oldProgram.structureIsReused:: 2
Info 142  [21:14:5.444] Starting updateGraphWorker: Project: /dev/null/inferredProject2*
Info 143  [21:14:5.474] Finishing updateGraphWorker: Project: /dev/null/inferredProject2* Version: 14 structureChanged: false Elapsed: 30ms
Info 144  [21:14:5.474] Different program with same set of files:: oldProgram.structureIsReused:: 2
Info 145  [21:14:9.464] Starting updateGraphWorker: Project: /dev/null/inferredProject2*
Info 146  [21:14:9.508] Finishing updateGraphWorker: Project: /dev/null/inferredProject2* Version: 15 structureChanged: true Elapsed: 44ms
Info 147  [21:14:9.508] Project '/dev/null/inferredProject2*' (Inferred)
Info 148  [21:14:9.508] 	Files (172)

Info 149  [21:14:9.508] -----------------------------------------------
Info 150  [21:14:9.663] Starting updateGraphWorker: Project: /dev/null/inferredProject2*
Info 151  [21:14:9.665] Finishing updateGraphWorker: Project: /dev/null/inferredProject2* Version: 16 structureChanged: false Elapsed: 2ms
Info 152  [21:14:10.316] Starting updateGraphWorker: Project: /dev/null/inferredProject2*
Info 153  [21:14:10.342] Finishing updateGraphWorker: Project: /dev/null/inferredProject2* Version: 17 structureChanged: false Elapsed: 26ms
Info 154  [21:14:10.342] Different program with same set of files:: oldProgram.structureIsReused:: 2
Err 155   [21:14:10.815] Exception on executing command {"command":"getCodeFixes","seq":150,"type":"request","arguments":{"file":"/home/fdiamond/Training/crwn-clothing/src/components/collection-overview/collection-overview.container.jsx","startLine":1,"startOffset":36,"endLine":1,"endOffset":36,"errorCodes":[6133]}}:

    Cannot read property 'kind' of undefined

    TypeError: Cannot read property 'kind' of undefined
        at Object.isImportClause (/usr/lib/node_modules/typescript/lib/tsserver.js:11638:21)
        at Object.deleteDeclaration (/usr/lib/node_modules/typescript/lib/tsserver.js:127231:32)
        at _loop_9 (/usr/lib/node_modules/typescript/lib/tsserver.js:126742:47)
        at ChangeTracker.finishDeleteDeclarations (/usr/lib/node_modules/typescript/lib/tsserver.js:126749:21)
        at ChangeTracker.getChanges (/usr/lib/node_modules/typescript/lib/tsserver.js:126769:22)
        at Function.ChangeTracker.with (/usr/lib/node_modules/typescript/lib/tsserver.js:126224:32)
        at Object.getCodeActions (/usr/lib/node_modules/typescript/lib/tsserver.js:131598:69)
        at /usr/lib/node_modules/typescript/lib/tsserver.js:127394:77
        at Object.flatMap (/usr/lib/node_modules/typescript/lib/tsserver.js:465:25)
        at Object.getFixes (/usr/lib/node_modules/typescript/lib/tsserver.js:127394:23)
        at /usr/lib/node_modules/typescript/lib/tsserver.js:139206:35
        at Object.flatMap (/usr/lib/node_modules/typescript/lib/tsserver.js:465:25)
        at Object.getCodeFixesAtPosition (/usr/lib/node_modules/typescript/lib/tsserver.js:139204:23)
        at IOSession.Session.getCodeFixes (/usr/lib/node_modules/typescript/lib/tsserver.js:149305:64)
        at Session.handlers.ts.createMapFromTemplate._a.<computed> (/usr/lib/node_modules/typescript/lib/tsserver.js:148042:61)
        at /usr/lib/node_modules/typescript/lib/tsserver.js:149555:88
        at IOSession.Session.executeWithRequestId (/usr/lib/node_modules/typescript/lib/tsserver.js:149546:28)
        at IOSession.Session.executeCommand (/usr/lib/node_modules/typescript/lib/tsserver.js:149555:33)
        at IOSession.Session.onMessage (/usr/lib/node_modules/typescript/lib/tsserver.js:149579:35)
        at Interface.<anonymous> (/usr/lib/node_modules/typescript/lib/tsserver.js:150895:27)
        at Interface.emit (events.js:315:20)
        at Interface._onLine (readline.js:329:10)
        at Interface._normalWrite (readline.js:474:12)
        at Socket.ondata (readline.js:186:10)
        at Socket.emit (events.js:315:20)
        at addChunk (_stream_readable.js:295:12)
        at readableAddChunk (_stream_readable.js:271:9)
        at Socket.Readable.push (_stream_readable.js:212:10)
        at Pipe.onStreamRead (internal/stream_base_commons.js:186:23)
Err 156   [21:14:11.95] Exception on executing command {"command":"getCodeFixes","seq":152,"type":"request","arguments":{"file":"/home/fdiamond/Training/crwn-clothing/src/components/collection-overview/collection-overview.container.jsx","startLine":1,"startOffset":36,"endLine":1,"endOffset":36,"errorCodes":[6133]}}:

    Cannot read property 'kind' of undefined

    TypeError: Cannot read property 'kind' of undefined
        at Object.isImportClause (/usr/lib/node_modules/typescript/lib/tsserver.js:11638:21)
        at Object.deleteDeclaration (/usr/lib/node_modules/typescript/lib/tsserver.js:127231:32)
        at _loop_9 (/usr/lib/node_modules/typescript/lib/tsserver.js:126742:47)
        at ChangeTracker.finishDeleteDeclarations (/usr/lib/node_modules/typescript/lib/tsserver.js:126749:21)
        at ChangeTracker.getChanges (/usr/lib/node_modules/typescript/lib/tsserver.js:126769:22)
        at Function.ChangeTracker.with (/usr/lib/node_modules/typescript/lib/tsserver.js:126224:32)
        at Object.getCodeActions (/usr/lib/node_modules/typescript/lib/tsserver.js:131598:69)
        at /usr/lib/node_modules/typescript/lib/tsserver.js:127394:77
        at Object.flatMap (/usr/lib/node_modules/typescript/lib/tsserver.js:465:25)
        at Object.getFixes (/usr/lib/node_modules/typescript/lib/tsserver.js:127394:23)
        at /usr/lib/node_modules/typescript/lib/tsserver.js:139206:35
        at Object.flatMap (/usr/lib/node_modules/typescript/lib/tsserver.js:465:25)
        at Object.getCodeFixesAtPosition (/usr/lib/node_modules/typescript/lib/tsserver.js:139204:23)
        at IOSession.Session.getCodeFixes (/usr/lib/node_modules/typescript/lib/tsserver.js:149305:64)
        at Session.handlers.ts.createMapFromTemplate._a.<computed> (/usr/lib/node_modules/typescript/lib/tsserver.js:148042:61)
        at /usr/lib/node_modules/typescript/lib/tsserver.js:149555:88
        at IOSession.Session.executeWithRequestId (/usr/lib/node_modules/typescript/lib/tsserver.js:149546:28)
        at IOSession.Session.executeCommand (/usr/lib/node_modules/typescript/lib/tsserver.js:149555:33)
        at IOSession.Session.onMessage (/usr/lib/node_modules/typescript/lib/tsserver.js:149579:35)
        at Interface.<anonymous> (/usr/lib/node_modules/typescript/lib/tsserver.js:150895:27)
        at Interface.emit (events.js:315:20)
        at Interface._onLine (readline.js:329:10)
        at Interface._normalWrite (readline.js:474:12)
        at Socket.ondata (readline.js:186:10)
        at Socket.emit (events.js:315:20)
        at addChunk (_stream_readable.js:295:12)
        at readableAddChunk (_stream_readable.js:271:9)
        at Socket.Readable.push (_stream_readable.js:212:10)
        at Pipe.onStreamRead (internal/stream_base_commons.js:186:23)
Info 157  [21:14:11.563] Starting updateGraphWorker: Project: /dev/null/inferredProject2*
Info 158  [21:14:11.877] Finishing updateGraphWorker: Project: /dev/null/inferredProject2* Version: 18 structureChanged: false Elapsed: 314ms
Info 159  [21:14:11.878] Different program with same set of files:: oldProgram.structureIsReused:: 2
Info 160  [21:14:11.885] Starting updateGraphWorker: Project: /dev/null/inferredProject2*
Info 161  [21:14:12.210] Finishing updateGraphWorker: Project: /dev/null/inferredProject2* Version: 19 structureChanged: false Elapsed: 325ms
Info 162  [21:14:12.211] Different program with same set of files:: oldProgram.structureIsReused:: 2
Info 163  [21:14:12.475] Before ensureProjectForOpenFiles:
Info 164  [21:14:12.476] After ensureProjectForOpenFiles:
Info 165  [21:14:12.476] got projects updated in background, updating diagnostics for /home/fdiamond/Training/crwn-clothing/src/App.js,/home/fdiamond/Training/crwn-clothing/src/components/collection-overview/collection-overview.container.jsx
Info 166  [21:14:14.385] Starting updateGraphWorker: Project: /dev/null/inferredProject2*
Info 167  [21:14:14.608] Finishing updateGraphWorker: Project: /dev/null/inferredProject2* Version: 20 structureChanged: false Elapsed: 223ms
Info 168  [21:14:14.608] Different program with same set of files:: oldProgram.structureIsReused:: 2
Info 169  [21:14:14.627] Starting updateGraphWorker: Project: /dev/null/inferredProject2*
Info 170  [21:14:14.842] Finishing updateGraphWorker: Project: /dev/null/inferredProject2* Version: 21 structureChanged: false Elapsed: 215ms
Info 171  [21:14:14.843] Different program with same set of files:: oldProgram.structureIsReused:: 2
Info 172  [21:14:14.849] Starting updateGraphWorker: Project: /dev/null/inferredProject2*
Info 173  [21:14:15.41] Finishing updateGraphWorker: Project: /dev/null/inferredProject2* Version: 22 structureChanged: false Elapsed: 192ms
Info 174  [21:14:15.42] Different program with same set of files:: oldProgram.structureIsReused:: 2
Info 175  [21:14:15.46] getCompletionData: Get current token: 0
Info 176  [21:14:15.47] getCompletionData: Is inside comment: 0
Info 177  [21:14:15.47] getCompletionData: Get previous token 1: 0
Info 178  [21:14:15.48] getCompletionData: Get previous token 2: 1
Info 179  [21:14:15.49] getCompletionsAtPosition: isCompletionListBlocker: 1
Info 180  [21:14:15.83] getSymbolsFromOtherSourceFileExports: Recomputing list
Info 181  [21:14:15.185] forEachExternalModuleToImportFrom: filtered out 74 modules by package.json contents
Info 182  [21:14:15.186] getSymbolsFromOtherSourceFileExports: 104
Info 183  [21:14:15.215] getCompletionData: Semantic work: 166
Info 184  [21:14:15.339] getCompletionsAtPosition: getCompletionEntriesFromSymbols: 123
Info 185  [21:14:15.512] Starting updateGraphWorker: Project: /dev/null/inferredProject2*
Info 186  [21:14:15.732] Finishing updateGraphWorker: Project: /dev/null/inferredProject2* Version: 23 structureChanged: false Elapsed: 219ms
Info 187  [21:14:15.733] Different program with same set of files:: oldProgram.structureIsReused:: 2
Err 188   [21:14:15.740] Exception on executing command {"command":"getApplicableRefactors","seq":191,"type":"request","arguments":{"file":"/home/fdiamond/Training/crwn-clothing/src/components/collection-overview/collection-overview.container.jsx","startLine":2,"startOffset":5,"endLine":2,"endOffset":5}}:

    Debug Failure. Expected 41 <= 40

    Error: Debug Failure. Expected 41 <= 40
        at Object.createFileDiagnostic (/usr/lib/node_modules/typescript/lib/tsserver.js:17721:22)
        at getRangeToExtract (/usr/lib/node_modules/typescript/lib/tsserver.js:134525:42)
        at Object.getAvailableActions (/usr/lib/node_modules/typescript/lib/tsserver.js:134387:38)
        at /usr/lib/node_modules/typescript/lib/tsserver.js:127446:128
        at getIterator (/usr/lib/node_modules/typescript/lib/tsserver.js:519:23)
        at Object.next (/usr/lib/node_modules/typescript/lib/tsserver.js:514:35)
        at Object.arrayFrom (/usr/lib/node_modules/typescript/lib/tsserver.js:1190:40)
        at Object.getApplicableRefactors (/usr/lib/node_modules/typescript/lib/tsserver.js:127445:23)
        at Object.getApplicableRefactors (/usr/lib/node_modules/typescript/lib/tsserver.js:139441:32)
        at IOSession.Session.getApplicableRefactors (/usr/lib/node_modules/typescript/lib/tsserver.js:149255:53)
        at Session.handlers.ts.createMapFromTemplate._a.<computed> (/usr/lib/node_modules/typescript/lib/tsserver.js:148060:61)
        at /usr/lib/node_modules/typescript/lib/tsserver.js:149555:88
        at IOSession.Session.executeWithRequestId (/usr/lib/node_modules/typescript/lib/tsserver.js:149546:28)
        at IOSession.Session.executeCommand (/usr/lib/node_modules/typescript/lib/tsserver.js:149555:33)
        at IOSession.Session.onMessage (/usr/lib/node_modules/typescript/lib/tsserver.js:149579:35)
        at Interface.<anonymous> (/usr/lib/node_modules/typescript/lib/tsserver.js:150895:27)
        at Interface.emit (events.js:315:20)
        at Interface._onLine (readline.js:329:10)
        at Interface._normalWrite (readline.js:474:12)
        at Socket.ondata (readline.js:186:10)
        at Socket.emit (events.js:315:20)
        at addChunk (_stream_readable.js:295:12)
        at readableAddChunk (_stream_readable.js:271:9)
        at Socket.Readable.push (_stream_readable.js:212:10)
        at Pipe.onStreamRead (internal/stream_base_commons.js:186:23)
Err 189   [21:14:15.747] Exception on executing command {"command":"getApplicableRefactors","seq":192,"type":"request","arguments":{"file":"/home/fdiamond/Training/crwn-clothing/src/components/collection-overview/collection-overview.container.jsx","startLine":2,"startOffset":5,"endLine":2,"endOffset":5}}:

    Debug Failure. Expected 41 <= 40

    Error: Debug Failure. Expected 41 <= 40
        at Object.createFileDiagnostic (/usr/lib/node_modules/typescript/lib/tsserver.js:17721:22)
        at getRangeToExtract (/usr/lib/node_modules/typescript/lib/tsserver.js:134525:42)
        at Object.getAvailableActions (/usr/lib/node_modules/typescript/lib/tsserver.js:134387:38)
        at /usr/lib/node_modules/typescript/lib/tsserver.js:127446:128
        at getIterator (/usr/lib/node_modules/typescript/lib/tsserver.js:519:23)
        at Object.next (/usr/lib/node_modules/typescript/lib/tsserver.js:514:35)
        at Object.arrayFrom (/usr/lib/node_modules/typescript/lib/tsserver.js:1190:40)
        at Object.getApplicableRefactors (/usr/lib/node_modules/typescript/lib/tsserver.js:127445:23)
        at Object.getApplicableRefactors (/usr/lib/node_modules/typescript/lib/tsserver.js:139441:32)
        at IOSession.Session.getApplicableRefactors (/usr/lib/node_modules/typescript/lib/tsserver.js:149255:53)
        at Session.handlers.ts.createMapFromTemplate._a.<computed> (/usr/lib/node_modules/typescript/lib/tsserver.js:148060:61)
        at /usr/lib/node_modules/typescript/lib/tsserver.js:149555:88
        at IOSession.Session.executeWithRequestId (/usr/lib/node_modules/typescript/lib/tsserver.js:149546:28)
        at IOSession.Session.executeCommand (/usr/lib/node_modules/typescript/lib/tsserver.js:149555:33)
        at IOSession.Session.onMessage (/usr/lib/node_modules/typescript/lib/tsserver.js:149579:35)
        at Interface.<anonymous> (/usr/lib/node_modules/typescript/lib/tsserver.js:150895:27)
        at Interface.emit (events.js:315:20)
        at Interface._onLine (readline.js:329:10)
        at Interface._normalWrite (readline.js:474:12)
        at Socket.ondata (readline.js:186:10)
        at Socket.emit (events.js:315:20)
        at addChunk (_stream_readable.js:295:12)
        at readableAddChunk (_stream_readable.js:271:9)
        at Socket.Readable.push (_stream_readable.js:212:10)
        at Pipe.onStreamRead (internal/stream_base_commons.js:186:23)
Info 190  [21:14:15.751] Starting updateGraphWorker: Project: /dev/null/inferredProject2*
Info 191  [21:14:15.980] Finishing updateGraphWorker: Project: /dev/null/inferredProject2* Version: 24 structureChanged: false Elapsed: 229ms
Info 192  [21:14:15.981] Different program with same set of files:: oldProgram.structureIsReused:: 2
Info 193  [21:14:16.641] Starting updateGraphWorker: Project: /dev/null/inferredProject2*
Info 194  [21:14:16.663] Finishing updateGraphWorker: Project: /dev/null/inferredProject2* Version: 25 structureChanged: false Elapsed: 22ms
Info 195  [21:14:16.663] Different program with same set of files:: oldProgram.structureIsReused:: 2
Info 196  [21:14:16.664] getCompletionData: Get current token: 0
Info 197  [21:14:16.664] getCompletionData: Is inside comment: 0
Info 198  [21:14:16.664] getCompletionData: Get previous token 1: 0
Info 199  [21:14:16.664] getCompletionData: Get previous token 2: 0
Info 200  [21:14:16.664] getCompletionsAtPosition: isCompletionListBlocker: 0
Info 201  [21:14:16.666] getSymbolsFromOtherSourceFileExports: Using cached list
Info 202  [21:14:16.668] getCompletionData: Semantic work: 4
Info 203  [21:14:16.674] getCompletionsAtPosition: getCompletionEntriesFromSymbols: 6
Info 204  [21:14:17.2] Starting updateGraphWorker: Project: /dev/null/inferredProject2*
Info 205  [21:14:17.36] Finishing updateGraphWorker: Project: /dev/null/inferredProject2* Version: 26 structureChanged: false Elapsed: 34ms
Info 206  [21:14:17.36] Different program with same set of files:: oldProgram.structureIsReused:: 2
Info 207  [21:14:17.271] Starting updateGraphWorker: Project: /dev/null/inferredProject2*
Info 208  [21:14:17.304] Finishing updateGraphWorker: Project: /dev/null/inferredProject2* Version: 27 structureChanged: false Elapsed: 33ms
Info 209  [21:14:17.304] Different program with same set of files:: oldProgram.structureIsReused:: 2
Info 210  [21:14:17.305] Starting updateGraphWorker: Project: /dev/null/inferredProject2*
Info 211  [21:14:17.322] Finishing updateGraphWorker: Project: /dev/null/inferredProject2* Version: 28 structureChanged: false Elapsed: 17ms
Info 212  [21:14:17.322] Different program with same set of files:: oldProgram.structureIsReused:: 2
Info 213  [21:14:18.348] Starting updateGraphWorker: Project: /dev/null/inferredProject2*
Info 214  [21:14:18.378] Finishing updateGraphWorker: Project: /dev/null/inferredProject2* Version: 29 structureChanged: false Elapsed: 30ms
Info 215  [21:14:18.378] Different program with same set of files:: oldProgram.structureIsReused:: 2
Info 216  [21:14:19.76] Starting updateGraphWorker: Project: /dev/null/inferredProject2*
Info 217  [21:14:19.100] Finishing updateGraphWorker: Project: /dev/null/inferredProject2* Version: 30 structureChanged: false Elapsed: 24ms
Info 218  [21:14:19.100] Different program with same set of files:: oldProgram.structureIsReused:: 2
Info 219  [21:14:19.100] getCompletionData: Get current token: 0
Info 220  [21:14:19.100] getCompletionData: Is inside comment: 0
Info 221  [21:14:19.100] getCompletionData: Get previous token 1: 0
Info 222  [21:14:19.100] getCompletionData: Get previous token 2: 0
Info 223  [21:14:19.100] getCompletionsAtPosition: isCompletionListBlocker: 0
Info 224  [21:14:19.104] getSymbolsFromOtherSourceFileExports: Using cached list
Info 225  [21:14:19.105] getCompletionData: Semantic work: 5
Info 226  [21:14:19.109] getCompletionsAtPosition: getCompletionEntriesFromSymbols: 4
Info 227  [21:14:19.388] getCompletionData: Get current token: 0
Info 228  [21:14:19.388] getCompletionData: Is inside comment: 0
Info 229  [21:14:19.388] getCompletionData: Get previous token 1: 0
Info 230  [21:14:19.388] getCompletionData: Get previous token 2: 0
Info 231  [21:14:19.388] getCompletionsAtPosition: isCompletionListBlocker: 0
Info 232  [21:14:19.391] getSymbolsFromOtherSourceFileExports: Using cached list
Info 233  [21:14:19.392] getCompletionData: Semantic work: 4
Info 234  [21:14:19.898] Starting updateGraphWorker: Project: /dev/null/inferredProject2*
Info 235  [21:14:19.923] Finishing updateGraphWorker: Project: /dev/null/inferredProject2* Version: 31 structureChanged: false Elapsed: 25ms
Info 236  [21:14:19.923] Different program with same set of files:: oldProgram.structureIsReused:: 2
Info 237  [21:14:19.924] getCompletionData: Get current token: 0
Info 238  [21:14:19.924] getCompletionData: Is inside comment: 0
Info 239  [21:14:19.924] getCompletionData: Get previous token 1: 0
Info 240  [21:14:19.924] getCompletionData: Get previous token 2: 0
Info 241  [21:14:19.924] getCompletionsAtPosition: isCompletionListBlocker: 0
Info 242  [21:14:19.927] getSymbolsFromOtherSourceFileExports: Using cached list
Info 243  [21:14:19.929] getCompletionData: Semantic work: 5
Info 244  [21:14:19.934] getCompletionsAtPosition: getCompletionEntriesFromSymbols: 5
Info 245  [21:14:20.663] getCompletionData: Get current token: 0
Info 246  [21:14:20.663] getCompletionData: Is inside comment: 0
Info 247  [21:14:20.663] getCompletionData: Get previous token 1: 0
Info 248  [21:14:20.663] getCompletionData: Get previous token 2: 0
Info 249  [21:14:20.663] getCompletionsAtPosition: isCompletionListBlocker: 0
Info 250  [21:14:20.666] getSymbolsFromOtherSourceFileExports: Using cached list
Info 251  [21:14:20.667] getCompletionData: Semantic work: 4
Info 252  [21:14:21.306] Starting updateGraphWorker: Project: /dev/null/inferredProject2*
Info 253  [21:14:21.332] Finishing updateGraphWorker: Project: /dev/null/inferredProject2* Version: 32 structureChanged: false Elapsed: 26ms
Info 254  [21:14:21.332] Different program with same set of files:: oldProgram.structureIsReused:: 2
Info 255  [21:14:21.713] Starting updateGraphWorker: Project: /dev/null/inferredProject2*
Info 256  [21:14:21.742] Finishing updateGraphWorker: Project: /dev/null/inferredProject2* Version: 33 structureChanged: false Elapsed: 29ms
Info 257  [21:14:21.742] Different program with same set of files:: oldProgram.structureIsReused:: 2
Info 258  [21:14:23.621] Starting updateGraphWorker: Project: /dev/null/inferredProject2*
Info 259  [21:14:23.665] Finishing updateGraphWorker: Project: /dev/null/inferredProject2* Version: 34 structureChanged: false Elapsed: 44ms
Info 260  [21:14:23.665] Different program with same set of files:: oldProgram.structureIsReused:: 2
Info 261  [21:14:24.123] Starting updateGraphWorker: Project: /dev/null/inferredProject2*
Info 262  [21:14:24.154] Finishing updateGraphWorker: Project: /dev/null/inferredProject2* Version: 35 structureChanged: false Elapsed: 31ms
Info 263  [21:14:24.155] Different program with same set of files:: oldProgram.structureIsReused:: 2
Info 264  [21:14:24.983] Starting updateGraphWorker: Project: /dev/null/inferredProject2*
Info 265  [21:14:25.18] Finishing updateGraphWorker: Project: /dev/null/inferredProject2* Version: 36 structureChanged: false Elapsed: 35ms
Info 266  [21:14:25.18] Different program with same set of files:: oldProgram.structureIsReused:: 2
Info 267  [21:14:25.19] getCompletionData: Get current token: 0
Info 268  [21:14:25.19] getCompletionData: Is inside comment: 0
Info 269  [21:14:25.19] getCompletionData: Get previous token 1: 0
Info 270  [21:14:25.19] getCompletionData: Get previous token 2: 0
Info 271  [21:14:25.19] getCompletionsAtPosition: isCompletionListBlocker: 0
Info 272  [21:14:25.21] Starting updateGraphWorker: Project: /dev/null/inferredProject2*
Info 273  [21:14:25.46] Finishing updateGraphWorker: Project: /dev/null/inferredProject2* Version: 37 structureChanged: false Elapsed: 25ms
Info 274  [21:14:25.46] Different program with same set of files:: oldProgram.structureIsReused:: 2
Info 275  [21:14:25.236] getCompletionData: Get current token: 1
Info 276  [21:14:25.236] getCompletionData: Is inside comment: 0
Info 277  [21:14:25.236] getCompletionData: Get previous token 1: 0
Info 278  [21:14:25.236] getCompletionData: Get previous token 2: 0
Info 279  [21:14:25.236] getCompletionsAtPosition: isCompletionListBlocker: 0
Info 280  [21:14:25.959] Starting updateGraphWorker: Project: /dev/null/inferredProject2*
Info 281  [21:14:25.981] Finishing updateGraphWorker: Project: /dev/null/inferredProject2* Version: 38 structureChanged: false Elapsed: 21ms
Info 282  [21:14:25.981] Different program with same set of files:: oldProgram.structureIsReused:: 2
Info 283  [21:14:25.981] getCompletionData: Get current token: 0
Info 284  [21:14:25.981] getCompletionData: Is inside comment: 0
Info 285  [21:14:25.981] getCompletionData: Get previous token 1: 0
Info 286  [21:14:25.981] getCompletionData: Get previous token 2: 0
Info 287  [21:14:25.981] getCompletionsAtPosition: isCompletionListBlocker: 0
Info 288  [21:14:26.192] Starting updateGraphWorker: Project: /dev/null/inferredProject2*
Info 289  [21:14:26.211] Finishing updateGraphWorker: Project: /dev/null/inferredProject2* Version: 39 structureChanged: false Elapsed: 19ms
Info 290  [21:14:26.211] Different program with same set of files:: oldProgram.structureIsReused:: 2
Info 291  [21:14:26.211] getCompletionData: Get current token: 0
Info 292  [21:14:26.212] getCompletionData: Is inside comment: 0
Info 293  [21:14:26.212] getCompletionData: Get previous token 1: 0
Info 294  [21:14:26.212] getCompletionData: Get previous token 2: 0
Info 295  [21:14:26.212] getCompletionsAtPosition: isCompletionListBlocker: 0
Info 296  [21:14:26.233] Starting updateGraphWorker: Project: /dev/null/inferredProject2*
Info 297  [21:14:26.256] Finishing updateGraphWorker: Project: /dev/null/inferredProject2* Version: 40 structureChanged: false Elapsed: 23ms
Info 298  [21:14:26.256] Different program with same set of files:: oldProgram.structureIsReused:: 2
Info 299  [21:14:26.873] Starting updateGraphWorker: Project: /dev/null/inferredProject2*
Info 300  [21:14:26.896] Finishing updateGraphWorker: Project: /dev/null/inferredProject2* Version: 41 structureChanged: false Elapsed: 23ms
Info 301  [21:14:26.896] Different program with same set of files:: oldProgram.structureIsReused:: 2
Info 302  [21:14:26.896] getCompletionData: Get current token: 0
Info 303  [21:14:26.896] getCompletionData: Is inside comment: 0
Info 304  [21:14:26.896] getCompletionData: Get previous token 1: 0
Info 305  [21:14:26.896] getCompletionData: Get previous token 2: 0
Info 306  [21:14:26.896] getCompletionsAtPosition: isCompletionListBlocker: 0
Info 307  [21:14:27.214] Starting updateGraphWorker: Project: /dev/null/inferredProject2*
Info 308  [21:14:27.241] Finishing updateGraphWorker: Project: /dev/null/inferredProject2* Version: 42 structureChanged: false Elapsed: 27ms
Info 309  [21:14:27.241] Different program with same set of files:: oldProgram.structureIsReused:: 2
Info 310  [21:14:27.241] getCompletionData: Get current token: 0
Info 311  [21:14:27.241] getCompletionData: Is inside comment: 0
Info 312  [21:14:27.241] getCompletionData: Get previous token 1: 0
Info 313  [21:14:27.241] getCompletionData: Get previous token 2: 0
Info 314  [21:14:27.241] getCompletionsAtPosition: isCompletionListBlocker: 0
Info 315  [21:14:28.75] Starting updateGraphWorker: Project: /dev/null/inferredProject2*
Info 316  [21:14:28.103] Finishing updateGraphWorker: Project: /dev/null/inferredProject2* Version: 43 structureChanged: false Elapsed: 28ms
Info 317  [21:14:28.103] Different program with same set of files:: oldProgram.structureIsReused:: 2
Info 318  [21:14:28.103] getCompletionData: Get current token: 0
Info 319  [21:14:28.103] getCompletionData: Is inside comment: 0
Info 320  [21:14:28.103] getCompletionData: Get previous token 1: 0
Info 321  [21:14:28.103] getCompletionData: Get previous token 2: 0
Info 322  [21:14:28.103] getCompletionsAtPosition: isCompletionListBlocker: 0
Info 323  [21:14:28.775] Starting updateGraphWorker: Project: /dev/null/inferredProject2*
Info 324  [21:14:28.802] Finishing updateGraphWorker: Project: /dev/null/inferredProject2* Version: 44 structureChanged: false Elapsed: 27ms
Info 325  [21:14:28.802] Different program with same set of files:: oldProgram.structureIsReused:: 2
Info 326  [21:14:29.399] Starting updateGraphWorker: Project: /dev/null/inferredProject2*
Info 327  [21:14:29.424] Finishing updateGraphWorker: Project: /dev/null/inferredProject2* Version: 45 structureChanged: false Elapsed: 25ms
Info 328  [21:14:29.424] Different program with same set of files:: oldProgram.structureIsReused:: 2
Info 329  [21:14:31.71] Starting updateGraphWorker: Project: /dev/null/inferredProject2*
Info 330  [21:14:31.89] Finishing updateGraphWorker: Project: /dev/null/inferredProject2* Version: 46 structureChanged: false Elapsed: 18ms
Info 331  [21:14:31.90] Different program with same set of files:: oldProgram.structureIsReused:: 2
Info 332  [21:14:31.90] getCompletionData: Get current token: 0
Info 333  [21:14:31.90] getCompletionData: Is inside comment: 0
Info 334  [21:14:31.90] getCompletionData: Get previous token 1: 0
Info 335  [21:14:31.91] getCompletionData: Get previous token 2: 1
Info 336  [21:14:31.91] getCompletionsAtPosition: isCompletionListBlocker: 0
Info 337  [21:14:31.448] Starting updateGraphWorker: Project: /dev/null/inferredProject2*
Info 338  [21:14:31.477] Finishing updateGraphWorker: Project: /dev/null/inferredProject2* Version: 47 structureChanged: false Elapsed: 29ms
Info 339  [21:14:31.477] Different program with same set of files:: oldProgram.structureIsReused:: 2
Info 340  [21:14:31.477] getCompletionData: Get current token: 0
Info 341  [21:14:31.477] getCompletionData: Is inside comment: 0
Info 342  [21:14:31.477] getCompletionData: Get previous token 1: 0
Info 343  [21:14:31.477] getCompletionData: Get previous token 2: 0
Info 344  [21:14:31.477] getCompletionsAtPosition: isCompletionListBlocker: 0
Info 345  [21:14:31.992] Starting updateGraphWorker: Project: /dev/null/inferredProject2*
Info 346  [21:14:32.16] Finishing updateGraphWorker: Project: /dev/null/inferredProject2* Version: 48 structureChanged: false Elapsed: 24ms
Info 347  [21:14:32.16] Different program with same set of files:: oldProgram.structureIsReused:: 2
Info 348  [21:14:32.17] getCompletionData: Get current token: 0
Info 349  [21:14:32.17] getCompletionData: Is inside comment: 0
Info 350  [21:14:32.17] getCompletionData: Get previous token 1: 0
Info 351  [21:14:32.17] getCompletionData: Get previous token 2: 0
Info 352  [21:14:32.17] getCompletionsAtPosition: isCompletionListBlocker: 0
Info 353  [21:14:32.233] Starting updateGraphWorker: Project: /dev/null/inferredProject2*
Info 354  [21:14:32.262] Finishing updateGraphWorker: Project: /dev/null/inferredProject2* Version: 49 structureChanged: false Elapsed: 28ms
Info 355  [21:14:32.262] Different program with same set of files:: oldProgram.structureIsReused:: 2
Info 356  [21:14:32.263] getCompletionData: Get current token: 0
Info 357  [21:14:32.263] getCompletionData: Is inside comment: 0
Info 358  [21:14:32.263] getCompletionData: Get previous token 1: 0
Info 359  [21:14:32.263] getCompletionData: Get previous token 2: 0
Info 360  [21:14:32.263] getCompletionsAtPosition: isCompletionListBlocker: 0
Info 361  [21:14:32.285] Starting updateGraphWorker: Project: /dev/null/inferredProject2*
Info 362  [21:14:32.303] Finishing updateGraphWorker: Project: /dev/null/inferredProject2* Version: 50 structureChanged: false Elapsed: 18ms
Info 363  [21:14:32.304] Different program with same set of files:: oldProgram.structureIsReused:: 2
Info 364  [21:14:32.587] Starting updateGraphWorker: Project: /dev/null/inferredProject2*
Info 365  [21:14:32.612] Finishing updateGraphWorker: Project: /dev/null/inferredProject2* Version: 51 structureChanged: false Elapsed: 25ms
Info 366  [21:14:32.612] Different program with same set of files:: oldProgram.structureIsReused:: 2
Info 367  [21:14:32.613] getCompletionData: Get current token: 0
Info 368  [21:14:32.613] getCompletionData: Is inside comment: 0
Info 369  [21:14:32.613] getCompletionData: Get previous token 1: 0
Info 370  [21:14:32.613] getCompletionData: Get previous token 2: 0
Info 371  [21:14:32.613] getCompletionsAtPosition: isCompletionListBlocker: 0
Info 372  [21:14:32.910] Starting updateGraphWorker: Project: /dev/null/inferredProject2*
Info 373  [21:14:32.933] Finishing updateGraphWorker: Project: /dev/null/inferredProject2* Version: 52 structureChanged: false Elapsed: 23ms
Info 374  [21:14:32.933] Different program with same set of files:: oldProgram.structureIsReused:: 2
Info 375  [21:14:32.934] getCompletionData: Get current token: 0
Info 376  [21:14:32.934] getCompletionData: Is inside comment: 0
Info 377  [21:14:32.934] getCompletionData: Get previous token 1: 0
Info 378  [21:14:32.934] getCompletionData: Get previous token 2: 0
Info 379  [21:14:32.934] getCompletionsAtPosition: isCompletionListBlocker: 0
Info 380  [21:14:33.417] Starting updateGraphWorker: Project: /dev/null/inferredProject2*
Info 381  [21:14:33.441] Finishing updateGraphWorker: Project: /dev/null/inferredProject2* Version: 53 structureChanged: false Elapsed: 23ms
Info 382  [21:14:33.441] Different program with same set of files:: oldProgram.structureIsReused:: 2
Info 383  [21:14:33.441] getCompletionData: Get current token: 0
Info 384  [21:14:33.441] getCompletionData: Is inside comment: 0
Info 385  [21:14:33.441] getCompletionData: Get previous token 1: 0
Info 386  [21:14:33.441] getCompletionData: Get previous token 2: 0
Info 387  [21:14:33.441] getCompletionsAtPosition: isCompletionListBlocker: 0
Info 388  [21:14:33.710] Starting updateGraphWorker: Project: /dev/null/inferredProject2*
Info 389  [21:14:33.747] Finishing updateGraphWorker: Project: /dev/null/inferredProject2* Version: 54 structureChanged: false Elapsed: 36ms
Info 390  [21:14:33.747] Different program with same set of files:: oldProgram.structureIsReused:: 2
Info 391  [21:14:34.946] Starting updateGraphWorker: Project: /dev/null/inferredProject2*
Info 392  [21:14:34.971] Finishing updateGraphWorker: Project: /dev/null/inferredProject2* Version: 55 structureChanged: false Elapsed: 25ms
Info 393  [21:14:34.971] Different program with same set of files:: oldProgram.structureIsReused:: 2
Info 394  [21:14:35.258] Starting updateGraphWorker: Project: /dev/null/inferredProject2*
Info 395  [21:14:35.287] Finishing updateGraphWorker: Project: /dev/null/inferredProject2* Version: 56 structureChanged: false Elapsed: 29ms
Info 396  [21:14:35.287] Different program with same set of files:: oldProgram.structureIsReused:: 2
Info 397  [21:14:36.904] Starting updateGraphWorker: Project: /dev/null/inferredProject2*
Info 398  [21:14:36.947] Finishing updateGraphWorker: Project: /dev/null/inferredProject2* Version: 57 structureChanged: true Elapsed: 42ms
Info 399  [21:14:36.947] Different program with same set of files:: oldProgram.structureIsReused:: 1
Info 400  [21:14:36.948] Starting updateGraphWorker: Project: /dev/null/inferredProject2*
Info 401  [21:14:36.980] Finishing updateGraphWorker: Project: /dev/null/inferredProject2* Version: 58 structureChanged: true Elapsed: 32ms
Info 402  [21:14:36.980] Different program with same set of files:: oldProgram.structureIsReused:: 1
Info 403  [21:14:37.116] Starting updateGraphWorker: Project: /dev/null/inferredProject2*
Info 404  [21:14:37.152] Finishing updateGraphWorker: Project: /dev/null/inferredProject2* Version: 59 structureChanged: true Elapsed: 36ms
Info 405  [21:14:37.152] Different program with same set of files:: oldProgram.structureIsReused:: 1
Info 406  [21:14:37.332] Starting updateGraphWorker: Project: /dev/null/inferredProject2*
Info 407  [21:14:37.376] Finishing updateGraphWorker: Project: /dev/null/inferredProject2* Version: 60 structureChanged: true Elapsed: 43ms
Info 408  [21:14:37.376] Different program with same set of files:: oldProgram.structureIsReused:: 1
Info 409  [21:14:37.491] Starting updateGraphWorker: Project: /dev/null/inferredProject2*
Info 410  [21:14:37.543] Finishing updateGraphWorker: Project: /dev/null/inferredProject2* Version: 61 structureChanged: true Elapsed: 52ms
Info 411  [21:14:37.543] Different program with same set of files:: oldProgram.structureIsReused:: 1
Info 412  [21:14:38.910] Starting updateGraphWorker: Project: /dev/null/inferredProject2*
Info 413  [21:14:38.950] Finishing updateGraphWorker: Project: /dev/null/inferredProject2* Version: 62 structureChanged: true Elapsed: 40ms
Info 414  [21:14:38.950] Project '/dev/null/inferredProject2*' (Inferred)
Info 415  [21:14:38.950] 	Files (173)

Info 416  [21:14:38.950] -----------------------------------------------
Info 417  [21:14:39.110] Starting updateGraphWorker: Project: /dev/null/inferredProject2*
Info 418  [21:14:39.112] Finishing updateGraphWorker: Project: /dev/null/inferredProject2* Version: 63 structureChanged: false Elapsed: 2ms
Info 419  [21:14:39.303] Starting updateGraphWorker: Project: /dev/null/inferredProject2*
Info 420  [21:14:39.331] Finishing updateGraphWorker: Project: /dev/null/inferredProject2* Version: 64 structureChanged: false Elapsed: 28ms
Info 421  [21:14:39.331] Different program with same set of files:: oldProgram.structureIsReused:: 2
Info 422  [21:14:40.11] Starting updateGraphWorker: Project: /dev/null/inferredProject2*
Info 423  [21:14:40.48] Finishing updateGraphWorker: Project: /dev/null/inferredProject2* Version: 65 structureChanged: false Elapsed: 36ms
Info 424  [21:14:40.48] Different program with same set of files:: oldProgram.structureIsReused:: 2
Err 425   [21:14:41.445] Exception on executing command {"command":"getCodeFixes","seq":502,"type":"request","arguments":{"file":"/home/fdiamond/Training/crwn-clothing/src/components/collection-overview/collection-overview.container.jsx","startLine":2,"startOffset":53,"endLine":2,"endOffset":53,"errorCodes":[6133]}}:

    Cannot read property 'kind' of undefined

    TypeError: Cannot read property 'kind' of undefined
        at Object.isImportClause (/usr/lib/node_modules/typescript/lib/tsserver.js:11638:21)
        at Object.deleteDeclaration (/usr/lib/node_modules/typescript/lib/tsserver.js:127231:32)
        at _loop_9 (/usr/lib/node_modules/typescript/lib/tsserver.js:126742:47)
        at ChangeTracker.finishDeleteDeclarations (/usr/lib/node_modules/typescript/lib/tsserver.js:126749:21)
        at ChangeTracker.getChanges (/usr/lib/node_modules/typescript/lib/tsserver.js:126769:22)
        at Function.ChangeTracker.with (/usr/lib/node_modules/typescript/lib/tsserver.js:126224:32)
        at Object.getCodeActions (/usr/lib/node_modules/typescript/lib/tsserver.js:131598:69)
        at /usr/lib/node_modules/typescript/lib/tsserver.js:127394:77
        at Object.flatMap (/usr/lib/node_modules/typescript/lib/tsserver.js:465:25)
        at Object.getFixes (/usr/lib/node_modules/typescript/lib/tsserver.js:127394:23)
        at /usr/lib/node_modules/typescript/lib/tsserver.js:139206:35
        at Object.flatMap (/usr/lib/node_modules/typescript/lib/tsserver.js:465:25)
        at Object.getCodeFixesAtPosition (/usr/lib/node_modules/typescript/lib/tsserver.js:139204:23)
        at IOSession.Session.getCodeFixes (/usr/lib/node_modules/typescript/lib/tsserver.js:149305:64)
        at Session.handlers.ts.createMapFromTemplate._a.<computed> (/usr/lib/node_modules/typescript/lib/tsserver.js:148042:61)
        at /usr/lib/node_modules/typescript/lib/tsserver.js:149555:88
        at IOSession.Session.executeWithRequestId (/usr/lib/node_modules/typescript/lib/tsserver.js:149546:28)
        at IOSession.Session.executeCommand (/usr/lib/node_modules/typescript/lib/tsserver.js:149555:33)
        at IOSession.Session.onMessage (/usr/lib/node_modules/typescript/lib/tsserver.js:149579:35)
        at Interface.<anonymous> (/usr/lib/node_modules/typescript/lib/tsserver.js:150895:27)
        at Interface.emit (events.js:315:20)
        at Interface._onLine (readline.js:329:10)
        at Interface._normalWrite (readline.js:474:12)
        at Socket.ondata (readline.js:186:10)
        at Socket.emit (events.js:315:20)
        at addChunk (_stream_readable.js:295:12)
        at readableAddChunk (_stream_readable.js:271:9)
        at Socket.Readable.push (_stream_readable.js:212:10)
        at Pipe.onStreamRead (internal/stream_base_commons.js:186:23)
Info 426  [21:14:41.553] Before ensureProjectForOpenFiles:
Info 427  [21:14:41.554] Starting updateGraphWorker: Project: /dev/null/inferredProject2*
Info 428  [21:14:41.574] Finishing updateGraphWorker: Project: /dev/null/inferredProject2* Version: 66 structureChanged: false Elapsed: 20ms
Info 429  [21:14:41.574] Different program with same set of files:: oldProgram.structureIsReused:: 2
Info 430  [21:14:41.575] After ensureProjectForOpenFiles:
Info 431  [21:14:41.575] got projects updated in background, updating diagnostics for /home/fdiamond/Training/crwn-clothing/src/App.js,/home/fdiamond/Training/crwn-clothing/src/components/collection-overview/collection-overview.container.jsx
Info 432  [21:14:46.858] Starting updateGraphWorker: Project: /dev/null/inferredProject2*
Info 433  [21:14:46.886] Finishing updateGraphWorker: Project: /dev/null/inferredProject2* Version: 67 structureChanged: false Elapsed: 28ms
Info 434  [21:14:46.886] Different program with same set of files:: oldProgram.structureIsReused:: 2
Info 435  [21:14:48.841] Starting updateGraphWorker: Project: /dev/null/inferredProject2*
Info 436  [21:14:48.953] Finishing updateGraphWorker: Project: /dev/null/inferredProject2* Version: 68 structureChanged: false Elapsed: 112ms
Info 437  [21:14:48.953] Different program with same set of files:: oldProgram.structureIsReused:: 2
Info 438  [21:14:48.957] getCompletionData: Get current token: 0
Info 439  [21:14:48.958] getCompletionData: Is inside comment: 1
Info 440  [21:14:48.958] getCompletionData: Get previous token 1: 0
Info 441  [21:14:48.958] getCompletionData: Get previous token 2: 0
Info 442  [21:14:48.959] getCompletionsAtPosition: isCompletionListBlocker: 0
Info 443  [21:14:48.980] getSymbolsFromOtherSourceFileExports: Recomputing list
Info 444  [21:14:49.46] forEachExternalModuleToImportFrom: filtered out 74 modules by package.json contents
Info 445  [21:14:49.46] getSymbolsFromOtherSourceFileExports: 66
Info 446  [21:14:49.53] getCompletionData: Semantic work: 94
Info 447  [21:14:49.112] getCompletionsAtPosition: getCompletionEntriesFromSymbols: 59
Info 448  [21:14:49.167] Starting updateGraphWorker: Project: /dev/null/inferredProject2*
Info 449  [21:14:49.385] Finishing updateGraphWorker: Project: /dev/null/inferredProject2* Version: 69 structureChanged: false Elapsed: 217ms
Info 450  [21:14:49.386] Different program with same set of files:: oldProgram.structureIsReused:: 2
Info 451  [21:14:49.392] getCompletionData: Get current token: 0
Info 452  [21:14:49.393] getCompletionData: Is inside comment: 1
Info 453  [21:14:49.393] getCompletionData: Get previous token 1: 0
Info 454  [21:14:49.393] getCompletionData: Get previous token 2: 0
Info 455  [21:14:49.394] getCompletionsAtPosition: isCompletionListBlocker: 1
Info 456  [21:14:49.418] getSymbolsFromOtherSourceFileExports: Using cached list
Info 457  [21:14:49.435] getCompletionData: Semantic work: 41
Info 458  [21:14:49.537] getCompletionsAtPosition: getCompletionEntriesFromSymbols: 85
Info 459  [21:14:50.215] Starting updateGraphWorker: Project: /dev/null/inferredProject2*
Info 460  [21:14:50.430] Finishing updateGraphWorker: Project: /dev/null/inferredProject2* Version: 70 structureChanged: false Elapsed: 214ms
Info 461  [21:14:50.431] Different program with same set of files:: oldProgram.structureIsReused:: 2
Info 462  [21:14:51.535] Starting updateGraphWorker: Project: /dev/null/inferredProject2*
Info 463  [21:14:51.749] Finishing updateGraphWorker: Project: /dev/null/inferredProject2* Version: 71 structureChanged: false Elapsed: 213ms
Info 464  [21:14:51.749] Different program with same set of files:: oldProgram.structureIsReused:: 2
Info 465  [21:14:52.679] Starting updateGraphWorker: Project: /dev/null/inferredProject2*
Info 466  [21:14:52.896] Finishing updateGraphWorker: Project: /dev/null/inferredProject2* Version: 72 structureChanged: false Elapsed: 217ms
Info 467  [21:14:52.897] Different program with same set of files:: oldProgram.structureIsReused:: 2
Info 468  [21:14:53.626] Starting updateGraphWorker: Project: /dev/null/inferredProject2*
Info 469  [21:14:53.820] Finishing updateGraphWorker: Project: /dev/null/inferredProject2* Version: 73 structureChanged: false Elapsed: 193ms
Info 470  [21:14:53.820] Different program with same set of files:: oldProgram.structureIsReused:: 2
Info 471  [21:14:54.373] Starting updateGraphWorker: Project: /dev/null/inferredProject2*
Info 472  [21:14:54.423] Finishing updateGraphWorker: Project: /dev/null/inferredProject2* Version: 74 structureChanged: false Elapsed: 49ms
Info 473  [21:14:54.424] Different program with same set of files:: oldProgram.structureIsReused:: 2
