[22:6:34.49] Global cache location '/home/fdiamond/.cache/typescript/3.9', safe file path '/usr/lib/node_modules/typescript/lib/typingSafeList.json', types map path /usr/lib/node_modules/typescript/lib/typesMap.json
[22:6:34.50] Processing cache location '/home/fdiamond/.cache/typescript/3.9'
[22:6:34.50] Trying to find '/home/fdiamond/.cache/typescript/3.9/package.json'...
[22:6:34.51] Loaded content of '/home/fdiamond/.cache/typescript/3.9/package.json': {"private":true,"dependencies":{"types-registry":"^0.1.492"},"devDependencies":{"@types/assert":"^1.4.7","@types/async":"^3.2.3","@types/atob":"^2.1.2","@types/bcrypt":"^3.0.0","@types/body-parser":"^1.19.0","@types/bson":"^4.0.2","@types/cookie":"^0.4.0","@types/cookie-signature":"^1.0.3","@types/debug":"^4.1.5","@types/depd":"^1.1.32","@types/ejs":"^3.0.4","@types/express":"^4.17.6","@types/express-session":"^1.17.0","@types/isomorphic-fetch":"0.0.35","@types/js-base64":"^2.3.1","@types/json-stable-stringify":"^1.0.32","@types/lodash":"^4.14.151","@types/md5":"^2.2.0","@types/mongodb":"^3.5.18","@types/mongoose":"^5.7.21","@types/node":"^14.0.1","@types/node-sass":"^4.11.1","@types/object-path":"^0.11.0","@types/on-headers":"^1.0.0","@types/parseurl":"^1.3.1","@types/passport":"^1.0.3","@types/passport-google-oauth":"^1.0.41","@types/passport-google-oauth20":"^2.0.3","@types/passport-local":"^1.0.33","@types/passport-local-mongoose":"^4.0.13","@types/passport-oauth2":"^1.4.9","@types/passport-strategy":"^0.2.35","@types/pause":"^0.1.0","@types/random-bytes":"^1.0.1","@types/react":"^16.9.35","@types/react-dom":"^16.9.8","@types/react-redux":"^7.1.8","@types/react-router-dom":"^5.1.5","@types/redux-logger":"^3.0.7","@types/request":"^2.48.5","@types/semver":"^7.2.0","@types/sprintf":"^0.1.0","@types/testing-library__jest-dom":"^5.6.0","@types/testing-library__react":"^10.0.1","@types/testing-library__user-event":"^4.1.1","@types/uid-safe":"^2.1.2","@types/underscore":"^1.10.0"}}
[22:6:34.51] Loaded content of '/home/fdiamond/.cache/typescript/3.9/package-lock.json'
[22:6:34.58] Adding entry into typings cache: 'assert' => '/home/fdiamond/.cache/typescript/3.9/node_modules/@types/assert/ts3.7/index.d.ts'
[22:6:34.60] Adding entry into typings cache: 'async' => '/home/fdiamond/.cache/typescript/3.9/node_modules/@types/async/index.d.ts'
[22:6:34.62] Adding entry into typings cache: 'atob' => '/home/fdiamond/.cache/typescript/3.9/node_modules/@types/atob/index.d.ts'
[22:6:34.63] Adding entry into typings cache: 'bcrypt' => '/home/fdiamond/.cache/typescript/3.9/node_modules/@types/bcrypt/index.d.ts'
[22:6:34.65] Adding entry into typings cache: 'body-parser' => '/home/fdiamond/.cache/typescript/3.9/node_modules/@types/body-parser/index.d.ts'
[22:6:34.66] Adding entry into typings cache: 'bson' => '/home/fdiamond/.cache/typescript/3.9/node_modules/@types/bson/index.d.ts'
[22:6:34.67] Adding entry into typings cache: 'cookie' => '/home/fdiamond/.cache/typescript/3.9/node_modules/@types/cookie/index.d.ts'
[22:6:34.69] Adding entry into typings cache: 'cookie-signature' => '/home/fdiamond/.cache/typescript/3.9/node_modules/@types/cookie-signature/index.d.ts'
[22:6:34.71] Adding entry into typings cache: 'debug' => '/home/fdiamond/.cache/typescript/3.9/node_modules/@types/debug/index.d.ts'
[22:6:34.72] Adding entry into typings cache: 'depd' => '/home/fdiamond/.cache/typescript/3.9/node_modules/@types/depd/index.d.ts'
[22:6:34.73] Adding entry into typings cache: 'ejs' => '/home/fdiamond/.cache/typescript/3.9/node_modules/@types/ejs/index.d.ts'
[22:6:34.75] Adding entry into typings cache: 'express' => '/home/fdiamond/.cache/typescript/3.9/node_modules/@types/express/index.d.ts'
[22:6:34.77] Adding entry into typings cache: 'express-session' => '/home/fdiamond/.cache/typescript/3.9/node_modules/@types/express-session/index.d.ts'
[22:6:34.79] Adding entry into typings cache: 'isomorphic-fetch' => '/home/fdiamond/.cache/typescript/3.9/node_modules/@types/isomorphic-fetch/index.d.ts'
[22:6:34.80] Adding entry into typings cache: 'js-base64' => '/home/fdiamond/.cache/typescript/3.9/node_modules/@types/js-base64/index.d.ts'
[22:6:34.82] Adding entry into typings cache: 'json-stable-stringify' => '/home/fdiamond/.cache/typescript/3.9/node_modules/@types/json-stable-stringify/index.d.ts'
[22:6:34.85] Adding entry into typings cache: 'lodash' => '/home/fdiamond/.cache/typescript/3.9/node_modules/@types/lodash/ts3.1/index.d.ts'
[22:6:34.86] Adding entry into typings cache: 'md5' => '/home/fdiamond/.cache/typescript/3.9/node_modules/@types/md5/index.d.ts'
[22:6:34.88] Adding entry into typings cache: 'mongodb' => '/home/fdiamond/.cache/typescript/3.9/node_modules/@types/mongodb/index.d.ts'
[22:6:34.92] Adding entry into typings cache: 'mongoose' => '/home/fdiamond/.cache/typescript/3.9/node_modules/@types/mongoose/index.d.ts'
[22:6:34.98] Adding entry into typings cache: 'node' => '/home/fdiamond/.cache/typescript/3.9/node_modules/@types/node/ts3.7/index.d.ts'
[22:6:34.99] Adding entry into typings cache: 'node-sass' => '/home/fdiamond/.cache/typescript/3.9/node_modules/@types/node-sass/index.d.ts'
[22:6:34.100] Adding entry into typings cache: 'object-path' => '/home/fdiamond/.cache/typescript/3.9/node_modules/@types/object-path/index.d.ts'
[22:6:34.101] Adding entry into typings cache: 'on-headers' => '/home/fdiamond/.cache/typescript/3.9/node_modules/@types/on-headers/index.d.ts'
[22:6:34.102] Adding entry into typings cache: 'parseurl' => '/home/fdiamond/.cache/typescript/3.9/node_modules/@types/parseurl/index.d.ts'
[22:6:34.102] Adding entry into typings cache: 'passport' => '/home/fdiamond/.cache/typescript/3.9/node_modules/@types/passport/index.d.ts'
[22:6:34.103] Adding entry into typings cache: 'passport-google-oauth' => '/home/fdiamond/.cache/typescript/3.9/node_modules/@types/passport-google-oauth/index.d.ts'
[22:6:34.104] Adding entry into typings cache: 'passport-google-oauth20' => '/home/fdiamond/.cache/typescript/3.9/node_modules/@types/passport-google-oauth20/index.d.ts'
[22:6:34.106] Adding entry into typings cache: 'passport-local' => '/home/fdiamond/.cache/typescript/3.9/node_modules/@types/passport-local/index.d.ts'
[22:6:34.108] Adding entry into typings cache: 'passport-local-mongoose' => '/home/fdiamond/.cache/typescript/3.9/node_modules/@types/passport-local-mongoose/index.d.ts'
[22:6:34.109] Adding entry into typings cache: 'passport-oauth2' => '/home/fdiamond/.cache/typescript/3.9/node_modules/@types/passport-oauth2/index.d.ts'
[22:6:34.110] Adding entry into typings cache: 'passport-strategy' => '/home/fdiamond/.cache/typescript/3.9/node_modules/@types/passport-strategy/index.d.ts'
[22:6:34.111] Adding entry into typings cache: 'pause' => '/home/fdiamond/.cache/typescript/3.9/node_modules/@types/pause/index.d.ts'
[22:6:34.113] Adding entry into typings cache: 'random-bytes' => '/home/fdiamond/.cache/typescript/3.9/node_modules/@types/random-bytes/index.d.ts'
[22:6:34.116] Adding entry into typings cache: 'react' => '/home/fdiamond/.cache/typescript/3.9/node_modules/@types/react/index.d.ts'
[22:6:34.117] Adding entry into typings cache: 'react-dom' => '/home/fdiamond/.cache/typescript/3.9/node_modules/@types/react-dom/index.d.ts'
[22:6:34.118] Adding entry into typings cache: 'react-redux' => '/home/fdiamond/.cache/typescript/3.9/node_modules/@types/react-redux/index.d.ts'
[22:6:34.119] Adding entry into typings cache: 'react-router-dom' => '/home/fdiamond/.cache/typescript/3.9/node_modules/@types/react-router-dom/index.d.ts'
[22:6:34.120] Adding entry into typings cache: 'redux-logger' => '/home/fdiamond/.cache/typescript/3.9/node_modules/@types/redux-logger/index.d.ts'
[22:6:34.121] Adding entry into typings cache: 'request' => '/home/fdiamond/.cache/typescript/3.9/node_modules/@types/request/index.d.ts'
[22:6:34.121] Adding entry into typings cache: 'semver' => '/home/fdiamond/.cache/typescript/3.9/node_modules/@types/semver/index.d.ts'
[22:6:34.123] Adding entry into typings cache: 'sprintf' => '/home/fdiamond/.cache/typescript/3.9/node_modules/@types/sprintf/index.d.ts'
[22:6:34.124] Adding entry into typings cache: 'testing-library__jest-dom' => '/home/fdiamond/.cache/typescript/3.9/node_modules/@types/testing-library__jest-dom/index.d.ts'
[22:6:34.125] Adding entry into typings cache: 'testing-library__react' => '/home/fdiamond/.cache/typescript/3.9/node_modules/@types/testing-library__react/index.d.ts'
[22:6:34.126] Adding entry into typings cache: 'testing-library__user-event' => '/home/fdiamond/.cache/typescript/3.9/node_modules/@types/testing-library__user-event/index.d.ts'
[22:6:34.127] Adding entry into typings cache: 'uid-safe' => '/home/fdiamond/.cache/typescript/3.9/node_modules/@types/uid-safe/index.d.ts'
[22:6:34.128] Adding entry into typings cache: 'underscore' => '/home/fdiamond/.cache/typescript/3.9/node_modules/@types/underscore/index.d.ts'
[22:6:34.128] Finished processing cache location '/home/fdiamond/.cache/typescript/3.9'
[22:6:34.128] Process id: 14393
[22:6:34.128] NPM location: /usr/bin/npm (explicit '--npmLocation' not  provided)
[22:6:34.128] validateDefaultNpmLocation: false
[22:6:34.128] Npm config file: /home/fdiamond/.cache/typescript/3.9/package.json
[22:6:34.128] Updating types-registry npm package...
[22:6:34.128] Exec: /usr/bin/npm install --ignore-scripts types-registry@latest
[22:6:35.629]     Succeeded. stdout:
    + types-registry@0.1.492
    updated 1 package and audited 100 packages in 1.191s

1 package is looking for funding
  run `npm fund` for details

found 0 vulnerabilities


[22:6:35.629] Updated types-registry npm package
[22:6:36.823] Got install request {"projectName":"/dev/null/inferredProject1*","fileNames":["/usr/lib/node_modules/typescript/lib/lib.d.ts","/usr/lib/node_modules/typescript/lib/lib.es5.d.ts","/usr/lib/node_modules/typescript/lib/lib.dom.d.ts","/usr/lib/node_modules/typescript/lib/lib.webworker.importscripts.d.ts","/usr/lib/node_modules/typescript/lib/lib.scripthost.d.ts","/home/fdiamond/Training/crwn-clothing/src/redux/cart/cart.types.js","/home/fdiamond/Training/crwn-clothing/src/redux/cart/cart.actions.js","/home/fdiamond/Training/crwn-clothing/src/components/cart-icon/cart-icon.component.jsx"],"compilerOptions":{"target":1,"jsx":1,"allowNonTsExtensions":true,"allowJs":true,"noEmitForJsFiles":true,"maxNodeModuleJsDepth":2},"typeAcquisition":{"enable":true,"include":[],"exclude":[]},"unresolvedImports":[],"projectRootPath":"/home/fdiamond/Training/crwn-clothing/src/components/cart-icon","kind":"discover"}
[22:6:36.832] Loaded safelist from types map file '/usr/lib/node_modules/typescript/lib/typesMap.json'
[22:6:36.832] Explicitly included types: []
[22:6:36.833] Inferred 'react' typings due to presence of '.jsx' extension
[22:6:36.833] Inferred typings from unresolved imports: []
[22:6:36.833] Result: {"cachedTypingPaths":["/home/fdiamond/.cache/typescript/3.9/node_modules/@types/react/index.d.ts"],"newTypingNames":[],"filesToWatch":["/home/fdiamond/Training/crwn-clothing/src/redux/cart/bower_components","/home/fdiamond/Training/crwn-clothing/src/redux/cart/node_modules","/home/fdiamond/Training/crwn-clothing/src/components/cart-icon/bower_components","/home/fdiamond/Training/crwn-clothing/src/components/cart-icon/node_modules"]}
[22:6:36.833] Finished typings discovery: {"cachedTypingPaths":["/home/fdiamond/.cache/typescript/3.9/node_modules/@types/react/index.d.ts"],"newTypingNames":[],"filesToWatch":["/home/fdiamond/Training/crwn-clothing/src/redux/cart/bower_components","/home/fdiamond/Training/crwn-clothing/src/redux/cart/node_modules","/home/fdiamond/Training/crwn-clothing/src/components/cart-icon/bower_components","/home/fdiamond/Training/crwn-clothing/src/components/cart-icon/node_modules"]}
[22:6:36.833] DirectoryWatcher:: Added:: WatchInfo: /home/fdiamond/Training/crwn-clothing/src/redux/cart/bower_components
[22:6:36.836] DirectoryWatcher:: Added:: WatchInfo: /home/fdiamond/Training/crwn-clothing/src/redux/cart/node_modules
[22:6:36.836] DirectoryWatcher:: Added:: WatchInfo: /home/fdiamond/Training/crwn-clothing/src/components/cart-icon/bower_components
[22:6:36.836] DirectoryWatcher:: Added:: WatchInfo: /home/fdiamond/Training/crwn-clothing/src/components/cart-icon/node_modules
[22:6:36.836] Sending response:
    {"projectName":"/dev/null/inferredProject1*","typeAcquisition":{"enable":true,"include":[],"exclude":[]},"compilerOptions":{"target":1,"jsx":1,"allowNonTsExtensions":true,"allowJs":true,"noEmitForJsFiles":true,"maxNodeModuleJsDepth":2},"typings":["/home/fdiamond/.cache/typescript/3.9/node_modules/@types/react/index.d.ts"],"unresolvedImports":[],"kind":"action::set"}
[22:6:36.837] Response has been sent.
[22:6:36.837] No new typings were requested as a result of typings discovery
[22:8:31.590] Got install request {"projectName":"/dev/null/inferredProject1*","fileNames":["/usr/lib/node_modules/typescript/lib/lib.d.ts","/usr/lib/node_modules/typescript/lib/lib.es5.d.ts","/usr/lib/node_modules/typescript/lib/lib.dom.d.ts","/usr/lib/node_modules/typescript/lib/lib.webworker.importscripts.d.ts","/usr/lib/node_modules/typescript/lib/lib.scripthost.d.ts","/home/fdiamond/.cache/typescript/3.9/node_modules/@types/react/global.d.ts","/home/fdiamond/.cache/typescript/3.9/node_modules/@types/react/index.d.ts","/home/fdiamond/Training/crwn-clothing/src/components/cart-icon/cart-icon.component.jsx"],"compilerOptions":{"target":1,"jsx":1,"allowNonTsExtensions":true,"allowJs":true,"noEmitForJsFiles":true,"maxNodeModuleJsDepth":2},"typeAcquisition":{"enable":true,"include":[],"exclude":[]},"unresolvedImports":[],"projectRootPath":"/home/fdiamond/Training/crwn-clothing/src/components/cart-icon","kind":"discover"}
[22:8:31.590] Explicitly included types: []
[22:8:31.590] Inferred 'react' typings due to presence of '.jsx' extension
[22:8:31.590] Inferred typings from unresolved imports: []
[22:8:31.590] Result: {"cachedTypingPaths":["/home/fdiamond/.cache/typescript/3.9/node_modules/@types/react/index.d.ts"],"newTypingNames":[],"filesToWatch":["/home/fdiamond/Training/crwn-clothing/src/components/cart-icon/bower_components","/home/fdiamond/Training/crwn-clothing/src/components/cart-icon/node_modules"]}
[22:8:31.590] Finished typings discovery: {"cachedTypingPaths":["/home/fdiamond/.cache/typescript/3.9/node_modules/@types/react/index.d.ts"],"newTypingNames":[],"filesToWatch":["/home/fdiamond/Training/crwn-clothing/src/components/cart-icon/bower_components","/home/fdiamond/Training/crwn-clothing/src/components/cart-icon/node_modules"]}
[22:8:31.591] DirectoryWatcher:: Closed:: WatchInfo: /home/fdiamond/Training/crwn-clothing/src/redux/cart/bower_components
[22:8:31.591] DirectoryWatcher:: Closed:: WatchInfo: /home/fdiamond/Training/crwn-clothing/src/redux/cart/node_modules
[22:8:31.591] Sending response:
    {"projectName":"/dev/null/inferredProject1*","typeAcquisition":{"enable":true,"include":[],"exclude":[]},"compilerOptions":{"target":1,"jsx":1,"allowNonTsExtensions":true,"allowJs":true,"noEmitForJsFiles":true,"maxNodeModuleJsDepth":2},"typings":["/home/fdiamond/.cache/typescript/3.9/node_modules/@types/react/index.d.ts"],"unresolvedImports":[],"kind":"action::set"}
[22:8:31.591] Response has been sent.
[22:8:31.592] No new typings were requested as a result of typings discovery
[22:8:33.567] Got install request {"projectName":"/dev/null/inferredProject1*","fileNames":["/usr/lib/node_modules/typescript/lib/lib.d.ts","/usr/lib/node_modules/typescript/lib/lib.es5.d.ts","/usr/lib/node_modules/typescript/lib/lib.dom.d.ts","/usr/lib/node_modules/typescript/lib/lib.webworker.importscripts.d.ts","/usr/lib/node_modules/typescript/lib/lib.scripthost.d.ts","/home/fdiamond/.cache/typescript/3.9/node_modules/@types/react/global.d.ts","/home/fdiamond/.cache/typescript/3.9/node_modules/@types/react/index.d.ts","/home/fdiamond/Training/crwn-clothing/src/components/cart-icon/cart-icon.component.jsx"],"compilerOptions":{"target":1,"jsx":1,"allowNonTsExtensions":true,"allowJs":true,"noEmitForJsFiles":true,"maxNodeModuleJsDepth":2},"typeAcquisition":{"enable":true,"include":[],"exclude":[]},"unresolvedImports":[";"],"projectRootPath":"/home/fdiamond/Training/crwn-clothing/src/components/cart-icon","kind":"discover"}
[22:8:33.568] Explicitly included types: []
[22:8:33.568] Inferred 'react' typings due to presence of '.jsx' extension
[22:8:33.568] Inferred typings from unresolved imports: [";"]
[22:8:33.568] Result: {"cachedTypingPaths":["/home/fdiamond/.cache/typescript/3.9/node_modules/@types/react/index.d.ts"],"newTypingNames":[";"],"filesToWatch":["/home/fdiamond/Training/crwn-clothing/src/components/cart-icon/bower_components","/home/fdiamond/Training/crwn-clothing/src/components/cart-icon/node_modules"]}
[22:8:33.568] Finished typings discovery: {"cachedTypingPaths":["/home/fdiamond/.cache/typescript/3.9/node_modules/@types/react/index.d.ts"],"newTypingNames":[";"],"filesToWatch":["/home/fdiamond/Training/crwn-clothing/src/components/cart-icon/bower_components","/home/fdiamond/Training/crwn-clothing/src/components/cart-icon/node_modules"]}
[22:8:33.568] Installing typings [";"]
[22:8:33.569] ';':: Package name ';' contains non URI safe characters
[22:8:33.569] All typings are known to be missing or invalid - no need to install more typings
[22:8:33.569] Sending response:
    {"projectName":"/dev/null/inferredProject1*","typeAcquisition":{"enable":true,"include":[],"exclude":[]},"compilerOptions":{"target":1,"jsx":1,"allowNonTsExtensions":true,"allowJs":true,"noEmitForJsFiles":true,"maxNodeModuleJsDepth":2},"typings":["/home/fdiamond/.cache/typescript/3.9/node_modules/@types/react/index.d.ts"],"unresolvedImports":[";"],"kind":"action::set"}
[22:8:33.569] Response has been sent.
[22:8:36.312] Got install request {"projectName":"/dev/null/inferredProject2*","fileNames":["/usr/lib/node_modules/typescript/lib/lib.d.ts","/usr/lib/node_modules/typescript/lib/lib.es5.d.ts","/usr/lib/node_modules/typescript/lib/lib.dom.d.ts","/usr/lib/node_modules/typescript/lib/lib.webworker.importscripts.d.ts","/usr/lib/node_modules/typescript/lib/lib.scripthost.d.ts","/home/fdiamond/Training/crwn-clothing/src/redux/cart/cart.types.js","/home/fdiamond/Training/crwn-clothing/src/redux/cart/cart.actions.js"],"compilerOptions":{"target":1,"jsx":1,"allowNonTsExtensions":true,"allowJs":true,"noEmitForJsFiles":true,"maxNodeModuleJsDepth":2},"typeAcquisition":{"enable":true,"include":[],"exclude":[]},"unresolvedImports":[],"projectRootPath":"/home/fdiamond/Training/crwn-clothing/src/redux/cart","kind":"discover"}
[22:8:36.313] Explicitly included types: []
[22:8:36.313] Inferred typings from unresolved imports: []
[22:8:36.313] Result: {"cachedTypingPaths":[],"newTypingNames":[],"filesToWatch":["/home/fdiamond/Training/crwn-clothing/src/redux/cart/bower_components","/home/fdiamond/Training/crwn-clothing/src/redux/cart/node_modules"]}
[22:8:36.314] Finished typings discovery: {"cachedTypingPaths":[],"newTypingNames":[],"filesToWatch":["/home/fdiamond/Training/crwn-clothing/src/redux/cart/bower_components","/home/fdiamond/Training/crwn-clothing/src/redux/cart/node_modules"]}
[22:8:36.314] DirectoryWatcher:: Added:: WatchInfo: /home/fdiamond/Training/crwn-clothing/src/redux/cart/bower_components
[22:8:36.314] DirectoryWatcher:: Added:: WatchInfo: /home/fdiamond/Training/crwn-clothing/src/redux/cart/node_modules
[22:8:36.315] Sending response:
    {"projectName":"/dev/null/inferredProject2*","typeAcquisition":{"enable":true,"include":[],"exclude":[]},"compilerOptions":{"target":1,"jsx":1,"allowNonTsExtensions":true,"allowJs":true,"noEmitForJsFiles":true,"maxNodeModuleJsDepth":2},"typings":[],"unresolvedImports":[],"kind":"action::set"}
[22:8:36.315] Response has been sent.
[22:8:36.315] No new typings were requested as a result of typings discovery
[22:8:38.923] Got install request {"projectName":"/dev/null/inferredProject1*","fileNames":["/usr/lib/node_modules/typescript/lib/lib.d.ts","/usr/lib/node_modules/typescript/lib/lib.es5.d.ts","/usr/lib/node_modules/typescript/lib/lib.dom.d.ts","/usr/lib/node_modules/typescript/lib/lib.webworker.importscripts.d.ts","/usr/lib/node_modules/typescript/lib/lib.scripthost.d.ts","/home/fdiamond/.cache/typescript/3.9/node_modules/@types/react/global.d.ts","/home/fdiamond/.cache/typescript/3.9/node_modules/@types/react/index.d.ts","/home/fdiamond/Training/crwn-clothing/src/components/cart-icon/cart-icon.component.jsx"],"compilerOptions":{"target":1,"jsx":1,"allowNonTsExtensions":true,"allowJs":true,"noEmitForJsFiles":true,"maxNodeModuleJsDepth":2},"typeAcquisition":{"enable":true,"include":[],"exclude":[]},"unresolvedImports":[],"projectRootPath":"/home/fdiamond/Training/crwn-clothing/src/components/cart-icon","kind":"discover"}
[22:8:38.923] Explicitly included types: []
[22:8:38.923] Inferred 'react' typings due to presence of '.jsx' extension
[22:8:38.924] Inferred typings from unresolved imports: []
[22:8:38.924] Result: {"cachedTypingPaths":["/home/fdiamond/.cache/typescript/3.9/node_modules/@types/react/index.d.ts"],"newTypingNames":[],"filesToWatch":["/home/fdiamond/Training/crwn-clothing/src/components/cart-icon/bower_components","/home/fdiamond/Training/crwn-clothing/src/components/cart-icon/node_modules"]}
[22:8:38.924] Finished typings discovery: {"cachedTypingPaths":["/home/fdiamond/.cache/typescript/3.9/node_modules/@types/react/index.d.ts"],"newTypingNames":[],"filesToWatch":["/home/fdiamond/Training/crwn-clothing/src/components/cart-icon/bower_components","/home/fdiamond/Training/crwn-clothing/src/components/cart-icon/node_modules"]}
[22:8:38.924] Sending response:
    {"projectName":"/dev/null/inferredProject1*","typeAcquisition":{"enable":true,"include":[],"exclude":[]},"compilerOptions":{"target":1,"jsx":1,"allowNonTsExtensions":true,"allowJs":true,"noEmitForJsFiles":true,"maxNodeModuleJsDepth":2},"typings":["/home/fdiamond/.cache/typescript/3.9/node_modules/@types/react/index.d.ts"],"unresolvedImports":[],"kind":"action::set"}
[22:8:38.924] Response has been sent.
[22:8:38.924] No new typings were requested as a result of typings discovery
[22:8:48.421] Got install request {"projectName":"/dev/null/inferredProject1*","fileNames":["/usr/lib/node_modules/typescript/lib/lib.d.ts","/usr/lib/node_modules/typescript/lib/lib.es5.d.ts","/usr/lib/node_modules/typescript/lib/lib.dom.d.ts","/usr/lib/node_modules/typescript/lib/lib.webworker.importscripts.d.ts","/usr/lib/node_modules/typescript/lib/lib.scripthost.d.ts","/home/fdiamond/.cache/typescript/3.9/node_modules/@types/react/global.d.ts","/home/fdiamond/.cache/typescript/3.9/node_modules/@types/react/index.d.ts","/home/fdiamond/Training/crwn-clothing/src/firebase/firebase.utils.js","/home/fdiamond/Training/crwn-clothing/src/redux/user/user.types.js","/home/fdiamond/Training/crwn-clothing/src/redux/user/user.actions.js","/home/fdiamond/Training/crwn-clothing/src/components/collection-item/collection-item.component.jsx","/home/fdiamond/Training/crwn-clothing/src/components/collection-preview/collection-preview.jsx","/home/fdiamond/Training/crwn-clothing/src/pages/shop/shopData.js","/home/fdiamond/Training/crwn-clothing/src/pages/shop/shop.component.jsx","/home/fdiamond/Training/crwn-clothing/src/components/custom-button/custom-button.component.jsx","/home/fdiamond/Training/crwn-clothing/src/components/cart-dropdown/cart-dropdown.component.jsx","/home/fdiamond/Training/crwn-clothing/src/components/header/header.component.jsx","/home/fdiamond/Training/crwn-clothing/src/components/form-input/form-input.component.jsx","/home/fdiamond/Training/crwn-clothing/src/components/sign-in/sign-in.component.jsx","/home/fdiamond/Training/crwn-clothing/src/components/sign-up/sign-up.component.jsx","/home/fdiamond/Training/crwn-clothing/src/pages/sign-in-and-sign-up/sign-in-and-sign-up.jsx","/home/fdiamond/Training/crwn-clothing/src/components/menu-item/menu-item.component.jsx","/home/fdiamond/Training/crwn-clothing/src/components/directory-component/directory.component.jsx","/home/fdiamond/Training/crwn-clothing/src/homepage.component.jsx","/home/fdiamond/Training/crwn-clothing/src/App.js","/home/fdiamond/Training/crwn-clothing/src/redux/user/user.reducer.js","/home/fdiamond/Training/crwn-clothing/src/redux/cart/cart.types.js","/home/fdiamond/Training/crwn-clothing/src/redux/cart/cart.reducer.js","/home/fdiamond/Training/crwn-clothing/src/redux/root-reducer.js","/home/fdiamond/Training/crwn-clothing/src/redux/store.js","/home/fdiamond/Training/crwn-clothing/src/index.js","/home/fdiamond/Training/crwn-clothing/src/components/cart-icon/cart-icon.component.jsx"],"compilerOptions":{"target":1,"jsx":1,"allowNonTsExtensions":true,"allowJs":true,"noEmitForJsFiles":true,"maxNodeModuleJsDepth":2},"typeAcquisition":{"enable":true,"include":[],"exclude":[]},"unresolvedImports":[],"projectRootPath":"/home/fdiamond/Training/crwn-clothing/src/components/cart-icon","kind":"discover"}
[22:8:48.422] Explicitly included types: []
[22:8:48.423] Inferred typings from file names: ["storejs"]
[22:8:48.423] Inferred 'react' typings due to presence of '.jsx' extension
[22:8:48.423] Inferred typings from unresolved imports: []
[22:8:48.423] Result: {"cachedTypingPaths":["/home/fdiamond/.cache/typescript/3.9/node_modules/@types/react/index.d.ts"],"newTypingNames":["storejs"],"filesToWatch":["/home/fdiamond/Training/crwn-clothing/src/firebase/bower_components","/home/fdiamond/Training/crwn-clothing/src/firebase/node_modules","/home/fdiamond/Training/crwn-clothing/src/redux/user/bower_components","/home/fdiamond/Training/crwn-clothing/src/redux/user/node_modules","/home/fdiamond/Training/crwn-clothing/src/components/collection-item/bower_components","/home/fdiamond/Training/crwn-clothing/src/components/collection-item/node_modules","/home/fdiamond/Training/crwn-clothing/src/components/collection-preview/bower_components","/home/fdiamond/Training/crwn-clothing/src/components/collection-preview/node_modules","/home/fdiamond/Training/crwn-clothing/src/pages/shop/bower_components","/home/fdiamond/Training/crwn-clothing/src/pages/shop/node_modules","/home/fdiamond/Training/crwn-clothing/src/components/custom-button/bower_components","/home/fdiamond/Training/crwn-clothing/src/components/custom-button/node_modules","/home/fdiamond/Training/crwn-clothing/src/components/cart-dropdown/bower_components","/home/fdiamond/Training/crwn-clothing/src/components/cart-dropdown/node_modules","/home/fdiamond/Training/crwn-clothing/src/components/header/bower_components","/home/fdiamond/Training/crwn-clothing/src/components/header/node_modules","/home/fdiamond/Training/crwn-clothing/src/components/form-input/bower_components","/home/fdiamond/Training/crwn-clothing/src/components/form-input/node_modules","/home/fdiamond/Training/crwn-clothing/src/components/sign-in/bower_components","/home/fdiamond/Training/crwn-clothing/src/components/sign-in/node_modules","/home/fdiamond/Training/crwn-clothing/src/components/sign-up/bower_components","/home/fdiamond/Training/crwn-clothing/src/components/sign-up/node_modules","/home/fdiamond/Training/crwn-clothing/src/pages/sign-in-and-sign-up/bower_components","/home/fdiamond/Training/crwn-clothing/src/pages/sign-in-and-sign-up/node_modules","/home/fdiamond/Training/crwn-clothing/src/components/menu-item/bower_components","/home/fdiamond/Training/crwn-clothing/src/components/menu-item/node_modules","/home/fdiamond/Training/crwn-clothing/src/components/directory-component/bower_components","/home/fdiamond/Training/crwn-clothing/src/components/directory-component/node_modules","/home/fdiamond/Training/crwn-clothing/src/bower_components","/home/fdiamond/Training/crwn-clothing/src/node_modules","/home/fdiamond/Training/crwn-clothing/src/redux/cart/bower_components","/home/fdiamond/Training/crwn-clothing/src/redux/cart/node_modules","/home/fdiamond/Training/crwn-clothing/src/redux/bower_components","/home/fdiamond/Training/crwn-clothing/src/redux/node_modules","/home/fdiamond/Training/crwn-clothing/src/components/cart-icon/bower_components","/home/fdiamond/Training/crwn-clothing/src/components/cart-icon/node_modules"]}
[22:8:48.423] Finished typings discovery: {"cachedTypingPaths":["/home/fdiamond/.cache/typescript/3.9/node_modules/@types/react/index.d.ts"],"newTypingNames":["storejs"],"filesToWatch":["/home/fdiamond/Training/crwn-clothing/src/firebase/bower_components","/home/fdiamond/Training/crwn-clothing/src/firebase/node_modules","/home/fdiamond/Training/crwn-clothing/src/redux/user/bower_components","/home/fdiamond/Training/crwn-clothing/src/redux/user/node_modules","/home/fdiamond/Training/crwn-clothing/src/components/collection-item/bower_components","/home/fdiamond/Training/crwn-clothing/src/components/collection-item/node_modules","/home/fdiamond/Training/crwn-clothing/src/components/collection-preview/bower_components","/home/fdiamond/Training/crwn-clothing/src/components/collection-preview/node_modules","/home/fdiamond/Training/crwn-clothing/src/pages/shop/bower_components","/home/fdiamond/Training/crwn-clothing/src/pages/shop/node_modules","/home/fdiamond/Training/crwn-clothing/src/components/custom-button/bower_components","/home/fdiamond/Training/crwn-clothing/src/components/custom-button/node_modules","/home/fdiamond/Training/crwn-clothing/src/components/cart-dropdown/bower_components","/home/fdiamond/Training/crwn-clothing/src/components/cart-dropdown/node_modules","/home/fdiamond/Training/crwn-clothing/src/components/header/bower_components","/home/fdiamond/Training/crwn-clothing/src/components/header/node_modules","/home/fdiamond/Training/crwn-clothing/src/components/form-input/bower_components","/home/fdiamond/Training/crwn-clothing/src/components/form-input/node_modules","/home/fdiamond/Training/crwn-clothing/src/components/sign-in/bower_components","/home/fdiamond/Training/crwn-clothing/src/components/sign-in/node_modules","/home/fdiamond/Training/crwn-clothing/src/components/sign-up/bower_components","/home/fdiamond/Training/crwn-clothing/src/components/sign-up/node_modules","/home/fdiamond/Training/crwn-clothing/src/pages/sign-in-and-sign-up/bower_components","/home/fdiamond/Training/crwn-clothing/src/pages/sign-in-and-sign-up/node_modules","/home/fdiamond/Training/crwn-clothing/src/components/menu-item/bower_components","/home/fdiamond/Training/crwn-clothing/src/components/menu-item/node_modules","/home/fdiamond/Training/crwn-clothing/src/components/directory-component/bower_components","/home/fdiamond/Training/crwn-clothing/src/components/directory-component/node_modules","/home/fdiamond/Training/crwn-clothing/src/bower_components","/home/fdiamond/Training/crwn-clothing/src/node_modules","/home/fdiamond/Training/crwn-clothing/src/redux/cart/bower_components","/home/fdiamond/Training/crwn-clothing/src/redux/cart/node_modules","/home/fdiamond/Training/crwn-clothing/src/redux/bower_components","/home/fdiamond/Training/crwn-clothing/src/redux/node_modules","/home/fdiamond/Training/crwn-clothing/src/components/cart-icon/bower_components","/home/fdiamond/Training/crwn-clothing/src/components/cart-icon/node_modules"]}
[22:8:48.423] DirectoryWatcher:: Added:: WatchInfo: /home/fdiamond/Training/crwn-clothing/src/firebase/bower_components
[22:8:48.424] DirectoryWatcher:: Added:: WatchInfo: /home/fdiamond/Training/crwn-clothing/src/firebase/node_modules
[22:8:48.424] DirectoryWatcher:: Added:: WatchInfo: /home/fdiamond/Training/crwn-clothing/src/redux/user/bower_components
[22:8:48.424] DirectoryWatcher:: Added:: WatchInfo: /home/fdiamond/Training/crwn-clothing/src/redux/user/node_modules
[22:8:48.424] DirectoryWatcher:: Added:: WatchInfo: /home/fdiamond/Training/crwn-clothing/src/components/collection-item/bower_components
[22:8:48.424] DirectoryWatcher:: Added:: WatchInfo: /home/fdiamond/Training/crwn-clothing/src/components/collection-item/node_modules
[22:8:48.425] DirectoryWatcher:: Added:: WatchInfo: /home/fdiamond/Training/crwn-clothing/src/components/collection-preview/bower_components
[22:8:48.425] DirectoryWatcher:: Added:: WatchInfo: /home/fdiamond/Training/crwn-clothing/src/components/collection-preview/node_modules
[22:8:48.425] DirectoryWatcher:: Added:: WatchInfo: /home/fdiamond/Training/crwn-clothing/src/pages/shop/bower_components
[22:8:48.425] DirectoryWatcher:: Added:: WatchInfo: /home/fdiamond/Training/crwn-clothing/src/pages/shop/node_modules
[22:8:48.425] DirectoryWatcher:: Added:: WatchInfo: /home/fdiamond/Training/crwn-clothing/src/components/custom-button/bower_components
[22:8:48.425] DirectoryWatcher:: Added:: WatchInfo: /home/fdiamond/Training/crwn-clothing/src/components/custom-button/node_modules
[22:8:48.426] DirectoryWatcher:: Added:: WatchInfo: /home/fdiamond/Training/crwn-clothing/src/components/cart-dropdown/bower_components
[22:8:48.426] DirectoryWatcher:: Added:: WatchInfo: /home/fdiamond/Training/crwn-clothing/src/components/cart-dropdown/node_modules
[22:8:48.426] DirectoryWatcher:: Added:: WatchInfo: /home/fdiamond/Training/crwn-clothing/src/components/header/bower_components
[22:8:48.426] DirectoryWatcher:: Added:: WatchInfo: /home/fdiamond/Training/crwn-clothing/src/components/header/node_modules
[22:8:48.426] DirectoryWatcher:: Added:: WatchInfo: /home/fdiamond/Training/crwn-clothing/src/components/form-input/bower_components
[22:8:48.426] DirectoryWatcher:: Added:: WatchInfo: /home/fdiamond/Training/crwn-clothing/src/components/form-input/node_modules
[22:8:48.427] DirectoryWatcher:: Added:: WatchInfo: /home/fdiamond/Training/crwn-clothing/src/components/sign-in/bower_components
[22:8:48.427] DirectoryWatcher:: Added:: WatchInfo: /home/fdiamond/Training/crwn-clothing/src/components/sign-in/node_modules
[22:8:48.427] DirectoryWatcher:: Added:: WatchInfo: /home/fdiamond/Training/crwn-clothing/src/components/sign-up/bower_components
[22:8:48.427] DirectoryWatcher:: Added:: WatchInfo: /home/fdiamond/Training/crwn-clothing/src/components/sign-up/node_modules
[22:8:48.427] DirectoryWatcher:: Added:: WatchInfo: /home/fdiamond/Training/crwn-clothing/src/pages/sign-in-and-sign-up/bower_components
[22:8:48.428] DirectoryWatcher:: Added:: WatchInfo: /home/fdiamond/Training/crwn-clothing/src/pages/sign-in-and-sign-up/node_modules
[22:8:48.428] DirectoryWatcher:: Added:: WatchInfo: /home/fdiamond/Training/crwn-clothing/src/components/menu-item/bower_components
[22:8:48.428] DirectoryWatcher:: Added:: WatchInfo: /home/fdiamond/Training/crwn-clothing/src/components/menu-item/node_modules
[22:8:48.428] DirectoryWatcher:: Added:: WatchInfo: /home/fdiamond/Training/crwn-clothing/src/components/directory-component/bower_components
[22:8:48.428] DirectoryWatcher:: Added:: WatchInfo: /home/fdiamond/Training/crwn-clothing/src/components/directory-component/node_modules
[22:8:48.428] DirectoryWatcher:: Added:: WatchInfo: /home/fdiamond/Training/crwn-clothing/src/bower_components
[22:8:48.429] DirectoryWatcher:: Added:: WatchInfo: /home/fdiamond/Training/crwn-clothing/src/node_modules
[22:8:48.429] DirectoryWatcher:: Added:: WatchInfo: /home/fdiamond/Training/crwn-clothing/src/redux/cart/bower_components
[22:8:48.429] DirectoryWatcher:: Added:: WatchInfo: /home/fdiamond/Training/crwn-clothing/src/redux/cart/node_modules
[22:8:48.429] DirectoryWatcher:: Added:: WatchInfo: /home/fdiamond/Training/crwn-clothing/src/redux/bower_components
[22:8:48.429] DirectoryWatcher:: Added:: WatchInfo: /home/fdiamond/Training/crwn-clothing/src/redux/node_modules
[22:8:48.429] Installing typings ["storejs"]
[22:8:48.429] 'storejs':: Entry for package 'storejs' does not exist in local types registry - skipping...
[22:8:48.429] All typings are known to be missing or invalid - no need to install more typings
[22:8:48.429] Sending response:
    {"projectName":"/dev/null/inferredProject1*","typeAcquisition":{"enable":true,"include":[],"exclude":[]},"compilerOptions":{"target":1,"jsx":1,"allowNonTsExtensions":true,"allowJs":true,"noEmitForJsFiles":true,"maxNodeModuleJsDepth":2},"typings":["/home/fdiamond/.cache/typescript/3.9/node_modules/@types/react/index.d.ts"],"unresolvedImports":[],"kind":"action::set"}
[22:8:48.429] Response has been sent.
[22:8:49.592] Got install request {"projectName":"/dev/null/inferredProject1*","fileNames":["/usr/lib/node_modules/typescript/lib/lib.d.ts","/usr/lib/node_modules/typescript/lib/lib.es5.d.ts","/usr/lib/node_modules/typescript/lib/lib.dom.d.ts","/usr/lib/node_modules/typescript/lib/lib.webworker.importscripts.d.ts","/usr/lib/node_modules/typescript/lib/lib.scripthost.d.ts","/home/fdiamond/.cache/typescript/3.9/node_modules/@types/react/global.d.ts","/home/fdiamond/.cache/typescript/3.9/node_modules/@types/react/index.d.ts","/home/fdiamond/Training/crwn-clothing/src/components/cart-icon/cart-icon.component.jsx"],"compilerOptions":{"target":1,"jsx":1,"allowNonTsExtensions":true,"allowJs":true,"noEmitForJsFiles":true,"maxNodeModuleJsDepth":2},"typeAcquisition":{"enable":true,"include":[],"exclude":[]},"unresolvedImports":[],"projectRootPath":"/home/fdiamond/Training/crwn-clothing/src/components/cart-icon","kind":"discover"}
[22:8:49.592] Explicitly included types: []
[22:8:49.592] Inferred 'react' typings due to presence of '.jsx' extension
[22:8:49.592] Inferred typings from unresolved imports: []
[22:8:49.592] Result: {"cachedTypingPaths":["/home/fdiamond/.cache/typescript/3.9/node_modules/@types/react/index.d.ts"],"newTypingNames":[],"filesToWatch":["/home/fdiamond/Training/crwn-clothing/src/components/cart-icon/bower_components","/home/fdiamond/Training/crwn-clothing/src/components/cart-icon/node_modules"]}
[22:8:49.593] Finished typings discovery: {"cachedTypingPaths":["/home/fdiamond/.cache/typescript/3.9/node_modules/@types/react/index.d.ts"],"newTypingNames":[],"filesToWatch":["/home/fdiamond/Training/crwn-clothing/src/components/cart-icon/bower_components","/home/fdiamond/Training/crwn-clothing/src/components/cart-icon/node_modules"]}
[22:8:49.593] DirectoryWatcher:: Closed:: WatchInfo: /home/fdiamond/Training/crwn-clothing/src/firebase/bower_components
[22:8:49.593] DirectoryWatcher:: Closed:: WatchInfo: /home/fdiamond/Training/crwn-clothing/src/firebase/node_modules
[22:8:49.593] DirectoryWatcher:: Closed:: WatchInfo: /home/fdiamond/Training/crwn-clothing/src/redux/user/bower_components
[22:8:49.593] DirectoryWatcher:: Closed:: WatchInfo: /home/fdiamond/Training/crwn-clothing/src/redux/user/node_modules
[22:8:49.593] DirectoryWatcher:: Closed:: WatchInfo: /home/fdiamond/Training/crwn-clothing/src/components/collection-item/bower_components
[22:8:49.593] DirectoryWatcher:: Closed:: WatchInfo: /home/fdiamond/Training/crwn-clothing/src/components/collection-item/node_modules
[22:8:49.593] DirectoryWatcher:: Closed:: WatchInfo: /home/fdiamond/Training/crwn-clothing/src/components/collection-preview/bower_components
[22:8:49.593] DirectoryWatcher:: Closed:: WatchInfo: /home/fdiamond/Training/crwn-clothing/src/components/collection-preview/node_modules
[22:8:49.593] DirectoryWatcher:: Closed:: WatchInfo: /home/fdiamond/Training/crwn-clothing/src/pages/shop/bower_components
[22:8:49.593] DirectoryWatcher:: Closed:: WatchInfo: /home/fdiamond/Training/crwn-clothing/src/pages/shop/node_modules
[22:8:49.593] DirectoryWatcher:: Closed:: WatchInfo: /home/fdiamond/Training/crwn-clothing/src/components/custom-button/bower_components
[22:8:49.593] DirectoryWatcher:: Closed:: WatchInfo: /home/fdiamond/Training/crwn-clothing/src/components/custom-button/node_modules
[22:8:49.593] DirectoryWatcher:: Closed:: WatchInfo: /home/fdiamond/Training/crwn-clothing/src/components/cart-dropdown/bower_components
[22:8:49.593] DirectoryWatcher:: Closed:: WatchInfo: /home/fdiamond/Training/crwn-clothing/src/components/cart-dropdown/node_modules
[22:8:49.593] DirectoryWatcher:: Closed:: WatchInfo: /home/fdiamond/Training/crwn-clothing/src/components/header/bower_components
[22:8:49.594] DirectoryWatcher:: Closed:: WatchInfo: /home/fdiamond/Training/crwn-clothing/src/components/header/node_modules
[22:8:49.594] DirectoryWatcher:: Closed:: WatchInfo: /home/fdiamond/Training/crwn-clothing/src/components/form-input/bower_components
[22:8:49.594] DirectoryWatcher:: Closed:: WatchInfo: /home/fdiamond/Training/crwn-clothing/src/components/form-input/node_modules
[22:8:49.594] DirectoryWatcher:: Closed:: WatchInfo: /home/fdiamond/Training/crwn-clothing/src/components/sign-in/bower_components
[22:8:49.594] DirectoryWatcher:: Closed:: WatchInfo: /home/fdiamond/Training/crwn-clothing/src/components/sign-in/node_modules
[22:8:49.594] DirectoryWatcher:: Closed:: WatchInfo: /home/fdiamond/Training/crwn-clothing/src/components/sign-up/bower_components
[22:8:49.594] DirectoryWatcher:: Closed:: WatchInfo: /home/fdiamond/Training/crwn-clothing/src/components/sign-up/node_modules
[22:8:49.594] DirectoryWatcher:: Closed:: WatchInfo: /home/fdiamond/Training/crwn-clothing/src/pages/sign-in-and-sign-up/bower_components
[22:8:49.594] DirectoryWatcher:: Closed:: WatchInfo: /home/fdiamond/Training/crwn-clothing/src/pages/sign-in-and-sign-up/node_modules
[22:8:49.594] DirectoryWatcher:: Closed:: WatchInfo: /home/fdiamond/Training/crwn-clothing/src/components/menu-item/bower_components
[22:8:49.594] DirectoryWatcher:: Closed:: WatchInfo: /home/fdiamond/Training/crwn-clothing/src/components/menu-item/node_modules
[22:8:49.594] DirectoryWatcher:: Closed:: WatchInfo: /home/fdiamond/Training/crwn-clothing/src/components/directory-component/bower_components
[22:8:49.594] DirectoryWatcher:: Closed:: WatchInfo: /home/fdiamond/Training/crwn-clothing/src/components/directory-component/node_modules
[22:8:49.594] DirectoryWatcher:: Closed:: WatchInfo: /home/fdiamond/Training/crwn-clothing/src/bower_components
[22:8:49.594] DirectoryWatcher:: Closed:: WatchInfo: /home/fdiamond/Training/crwn-clothing/src/node_modules
[22:8:49.594] DirectoryWatcher:: Closed:: WatchInfo: /home/fdiamond/Training/crwn-clothing/src/redux/cart/bower_components
[22:8:49.594] DirectoryWatcher:: Closed:: WatchInfo: /home/fdiamond/Training/crwn-clothing/src/redux/cart/node_modules
[22:8:49.594] DirectoryWatcher:: Closed:: WatchInfo: /home/fdiamond/Training/crwn-clothing/src/redux/bower_components
[22:8:49.594] DirectoryWatcher:: Closed:: WatchInfo: /home/fdiamond/Training/crwn-clothing/src/redux/node_modules
[22:8:49.594] Sending response:
    {"projectName":"/dev/null/inferredProject1*","typeAcquisition":{"enable":true,"include":[],"exclude":[]},"compilerOptions":{"target":1,"jsx":1,"allowNonTsExtensions":true,"allowJs":true,"noEmitForJsFiles":true,"maxNodeModuleJsDepth":2},"typings":["/home/fdiamond/.cache/typescript/3.9/node_modules/@types/react/index.d.ts"],"unresolvedImports":[],"kind":"action::set"}
[22:8:49.594] Response has been sent.
[22:8:49.594] No new typings were requested as a result of typings discovery
[22:9:0.981] Got install request {"projectName":"/dev/null/inferredProject1*","fileNames":["/usr/lib/node_modules/typescript/lib/lib.d.ts","/usr/lib/node_modules/typescript/lib/lib.es5.d.ts","/usr/lib/node_modules/typescript/lib/lib.dom.d.ts","/usr/lib/node_modules/typescript/lib/lib.webworker.importscripts.d.ts","/usr/lib/node_modules/typescript/lib/lib.scripthost.d.ts","/home/fdiamond/.cache/typescript/3.9/node_modules/@types/react/global.d.ts","/home/fdiamond/.cache/typescript/3.9/node_modules/@types/react/index.d.ts","/home/fdiamond/Training/crwn-clothing/src/redux/cart/cart.types.js","/home/fdiamond/Training/crwn-clothing/src/redux/cart/cart.actions.js","/home/fdiamond/Training/crwn-clothing/src/components/cart-icon/cart-icon.component.jsx"],"compilerOptions":{"target":1,"jsx":1,"allowNonTsExtensions":true,"allowJs":true,"noEmitForJsFiles":true,"maxNodeModuleJsDepth":2},"typeAcquisition":{"enable":true,"include":[],"exclude":[]},"unresolvedImports":[],"projectRootPath":"/home/fdiamond/Training/crwn-clothing/src/components/cart-icon","kind":"discover"}
[22:9:0.981] Explicitly included types: []
[22:9:0.982] Inferred 'react' typings due to presence of '.jsx' extension
[22:9:0.982] Inferred typings from unresolved imports: []
[22:9:0.982] Result: {"cachedTypingPaths":["/home/fdiamond/.cache/typescript/3.9/node_modules/@types/react/index.d.ts"],"newTypingNames":[],"filesToWatch":["/home/fdiamond/Training/crwn-clothing/src/redux/cart/bower_components","/home/fdiamond/Training/crwn-clothing/src/redux/cart/node_modules","/home/fdiamond/Training/crwn-clothing/src/components/cart-icon/bower_components","/home/fdiamond/Training/crwn-clothing/src/components/cart-icon/node_modules"]}
[22:9:0.982] Finished typings discovery: {"cachedTypingPaths":["/home/fdiamond/.cache/typescript/3.9/node_modules/@types/react/index.d.ts"],"newTypingNames":[],"filesToWatch":["/home/fdiamond/Training/crwn-clothing/src/redux/cart/bower_components","/home/fdiamond/Training/crwn-clothing/src/redux/cart/node_modules","/home/fdiamond/Training/crwn-clothing/src/components/cart-icon/bower_components","/home/fdiamond/Training/crwn-clothing/src/components/cart-icon/node_modules"]}
[22:9:0.982] DirectoryWatcher:: Added:: WatchInfo: /home/fdiamond/Training/crwn-clothing/src/redux/cart/bower_components
[22:9:0.983] DirectoryWatcher:: Added:: WatchInfo: /home/fdiamond/Training/crwn-clothing/src/redux/cart/node_modules
[22:9:0.983] Sending response:
    {"projectName":"/dev/null/inferredProject1*","typeAcquisition":{"enable":true,"include":[],"exclude":[]},"compilerOptions":{"target":1,"jsx":1,"allowNonTsExtensions":true,"allowJs":true,"noEmitForJsFiles":true,"maxNodeModuleJsDepth":2},"typings":["/home/fdiamond/.cache/typescript/3.9/node_modules/@types/react/index.d.ts"],"unresolvedImports":[],"kind":"action::set"}
[22:9:0.983] Response has been sent.
[22:9:0.983] No new typings were requested as a result of typings discovery
[22:9:3.592] Got install request {"projectName":"/dev/null/inferredProject2*","fileNames":[],"compilerOptions":{"target":1,"jsx":1,"allowNonTsExtensions":true,"allowJs":true,"noEmitForJsFiles":true},"typeAcquisition":{"enable":true,"include":[],"exclude":[]},"unresolvedImports":[],"projectRootPath":"/home/fdiamond/Training/crwn-clothing/src/redux/cart","kind":"discover"}
[22:9:3.592] Explicitly included types: []
[22:9:3.593] Inferred typings from unresolved imports: []
[22:9:3.593] Result: {"cachedTypingPaths":[],"newTypingNames":[],"filesToWatch":["/home/fdiamond/Training/crwn-clothing/src/redux/cart/bower_components","/home/fdiamond/Training/crwn-clothing/src/redux/cart/node_modules"]}
[22:9:3.593] Finished typings discovery: {"cachedTypingPaths":[],"newTypingNames":[],"filesToWatch":["/home/fdiamond/Training/crwn-clothing/src/redux/cart/bower_components","/home/fdiamond/Training/crwn-clothing/src/redux/cart/node_modules"]}
[22:9:3.593] Sending response:
    {"projectName":"/dev/null/inferredProject2*","typeAcquisition":{"enable":true,"include":[],"exclude":[]},"compilerOptions":{"target":1,"jsx":1,"allowNonTsExtensions":true,"allowJs":true,"noEmitForJsFiles":true},"typings":[],"unresolvedImports":[],"kind":"action::set"}
[22:9:3.593] Response has been sent.
[22:9:3.593] No new typings were requested as a result of typings discovery
[22:11:59.380] Got install request {"projectName":"/dev/null/inferredProject1*","fileNames":["/usr/lib/node_modules/typescript/lib/lib.d.ts","/usr/lib/node_modules/typescript/lib/lib.es5.d.ts","/usr/lib/node_modules/typescript/lib/lib.dom.d.ts","/usr/lib/node_modules/typescript/lib/lib.webworker.importscripts.d.ts","/usr/lib/node_modules/typescript/lib/lib.scripthost.d.ts","/home/fdiamond/.cache/typescript/3.9/node_modules/@types/react/global.d.ts","/home/fdiamond/.cache/typescript/3.9/node_modules/@types/react/index.d.ts","/home/fdiamond/Training/crwn-clothing/src/components/cart-icon/cart-icon.component.jsx"],"compilerOptions":{"target":1,"jsx":1,"allowNonTsExtensions":true,"allowJs":true,"noEmitForJsFiles":true,"maxNodeModuleJsDepth":2},"typeAcquisition":{"enable":true,"include":[],"exclude":[]},"unresolvedImports":[],"projectRootPath":"/home/fdiamond/Training/crwn-clothing/src/components/cart-icon","kind":"discover"}
[22:11:59.380] Explicitly included types: []
[22:11:59.381] Inferred 'react' typings due to presence of '.jsx' extension
[22:11:59.381] Inferred typings from unresolved imports: []
[22:11:59.381] Result: {"cachedTypingPaths":["/home/fdiamond/.cache/typescript/3.9/node_modules/@types/react/index.d.ts"],"newTypingNames":[],"filesToWatch":["/home/fdiamond/Training/crwn-clothing/src/components/cart-icon/bower_components","/home/fdiamond/Training/crwn-clothing/src/components/cart-icon/node_modules"]}
[22:11:59.381] Finished typings discovery: {"cachedTypingPaths":["/home/fdiamond/.cache/typescript/3.9/node_modules/@types/react/index.d.ts"],"newTypingNames":[],"filesToWatch":["/home/fdiamond/Training/crwn-clothing/src/components/cart-icon/bower_components","/home/fdiamond/Training/crwn-clothing/src/components/cart-icon/node_modules"]}
[22:11:59.381] DirectoryWatcher:: Closed:: WatchInfo: /home/fdiamond/Training/crwn-clothing/src/redux/cart/bower_components
[22:11:59.381] DirectoryWatcher:: Closed:: WatchInfo: /home/fdiamond/Training/crwn-clothing/src/redux/cart/node_modules
[22:11:59.381] Sending response:
    {"projectName":"/dev/null/inferredProject1*","typeAcquisition":{"enable":true,"include":[],"exclude":[]},"compilerOptions":{"target":1,"jsx":1,"allowNonTsExtensions":true,"allowJs":true,"noEmitForJsFiles":true,"maxNodeModuleJsDepth":2},"typings":["/home/fdiamond/.cache/typescript/3.9/node_modules/@types/react/index.d.ts"],"unresolvedImports":[],"kind":"action::set"}
[22:11:59.381] Response has been sent.
[22:11:59.381] No new typings were requested as a result of typings discovery
[22:11:59.789] Got install request {"projectName":"/dev/null/inferredProject1*","fileNames":["/usr/lib/node_modules/typescript/lib/lib.d.ts","/usr/lib/node_modules/typescript/lib/lib.es5.d.ts","/usr/lib/node_modules/typescript/lib/lib.dom.d.ts","/usr/lib/node_modules/typescript/lib/lib.webworker.importscripts.d.ts","/usr/lib/node_modules/typescript/lib/lib.scripthost.d.ts","/home/fdiamond/.cache/typescript/3.9/node_modules/@types/react/global.d.ts","/home/fdiamond/.cache/typescript/3.9/node_modules/@types/react/index.d.ts","/home/fdiamond/Training/crwn-clothing/src/redux/cart/cart.types.js","/home/fdiamond/Training/crwn-clothing/src/redux/cart/cart.actions.js","/home/fdiamond/Training/crwn-clothing/src/components/cart-icon/cart-icon.component.jsx"],"compilerOptions":{"target":1,"jsx":1,"allowNonTsExtensions":true,"allowJs":true,"noEmitForJsFiles":true,"maxNodeModuleJsDepth":2},"typeAcquisition":{"enable":true,"include":[],"exclude":[]},"unresolvedImports":[],"projectRootPath":"/home/fdiamond/Training/crwn-clothing/src/components/cart-icon","kind":"discover"}
[22:11:59.790] Explicitly included types: []
[22:11:59.790] Inferred 'react' typings due to presence of '.jsx' extension
[22:11:59.790] Inferred typings from unresolved imports: []
[22:11:59.790] Result: {"cachedTypingPaths":["/home/fdiamond/.cache/typescript/3.9/node_modules/@types/react/index.d.ts"],"newTypingNames":[],"filesToWatch":["/home/fdiamond/Training/crwn-clothing/src/redux/cart/bower_components","/home/fdiamond/Training/crwn-clothing/src/redux/cart/node_modules","/home/fdiamond/Training/crwn-clothing/src/components/cart-icon/bower_components","/home/fdiamond/Training/crwn-clothing/src/components/cart-icon/node_modules"]}
[22:11:59.790] Finished typings discovery: {"cachedTypingPaths":["/home/fdiamond/.cache/typescript/3.9/node_modules/@types/react/index.d.ts"],"newTypingNames":[],"filesToWatch":["/home/fdiamond/Training/crwn-clothing/src/redux/cart/bower_components","/home/fdiamond/Training/crwn-clothing/src/redux/cart/node_modules","/home/fdiamond/Training/crwn-clothing/src/components/cart-icon/bower_components","/home/fdiamond/Training/crwn-clothing/src/components/cart-icon/node_modules"]}
[22:11:59.791] DirectoryWatcher:: Added:: WatchInfo: /home/fdiamond/Training/crwn-clothing/src/redux/cart/bower_components
[22:11:59.791] DirectoryWatcher:: Added:: WatchInfo: /home/fdiamond/Training/crwn-clothing/src/redux/cart/node_modules
[22:11:59.791] Sending response:
    {"projectName":"/dev/null/inferredProject1*","typeAcquisition":{"enable":true,"include":[],"exclude":[]},"compilerOptions":{"target":1,"jsx":1,"allowNonTsExtensions":true,"allowJs":true,"noEmitForJsFiles":true,"maxNodeModuleJsDepth":2},"typings":["/home/fdiamond/.cache/typescript/3.9/node_modules/@types/react/index.d.ts"],"unresolvedImports":[],"kind":"action::set"}
[22:11:59.791] Response has been sent.
[22:11:59.791] No new typings were requested as a result of typings discovery
[22:14:47.747] Got install request {"projectName":"/dev/null/inferredProject1*","fileNames":["/usr/lib/node_modules/typescript/lib/lib.d.ts","/usr/lib/node_modules/typescript/lib/lib.es5.d.ts","/usr/lib/node_modules/typescript/lib/lib.dom.d.ts","/usr/lib/node_modules/typescript/lib/lib.webworker.importscripts.d.ts","/usr/lib/node_modules/typescript/lib/lib.scripthost.d.ts","/home/fdiamond/.cache/typescript/3.9/node_modules/@types/react/global.d.ts","/home/fdiamond/.cache/typescript/3.9/node_modules/@types/react/index.d.ts","/home/fdiamond/Training/crwn-clothing/src/components/cart-icon/cart-icon.component.jsx"],"compilerOptions":{"target":1,"jsx":1,"allowNonTsExtensions":true,"allowJs":true,"noEmitForJsFiles":true,"maxNodeModuleJsDepth":2},"typeAcquisition":{"enable":true,"include":[],"exclude":[]},"unresolvedImports":[],"projectRootPath":"/home/fdiamond/Training/crwn-clothing/src/components/cart-icon","kind":"discover"}
[22:14:47.747] Explicitly included types: []
[22:14:47.747] Inferred 'react' typings due to presence of '.jsx' extension
[22:14:47.747] Inferred typings from unresolved imports: []
[22:14:47.748] Result: {"cachedTypingPaths":["/home/fdiamond/.cache/typescript/3.9/node_modules/@types/react/index.d.ts"],"newTypingNames":[],"filesToWatch":["/home/fdiamond/Training/crwn-clothing/src/components/cart-icon/bower_components","/home/fdiamond/Training/crwn-clothing/src/components/cart-icon/node_modules"]}
[22:14:47.748] Finished typings discovery: {"cachedTypingPaths":["/home/fdiamond/.cache/typescript/3.9/node_modules/@types/react/index.d.ts"],"newTypingNames":[],"filesToWatch":["/home/fdiamond/Training/crwn-clothing/src/components/cart-icon/bower_components","/home/fdiamond/Training/crwn-clothing/src/components/cart-icon/node_modules"]}
[22:14:47.748] DirectoryWatcher:: Closed:: WatchInfo: /home/fdiamond/Training/crwn-clothing/src/redux/cart/bower_components
[22:14:47.748] DirectoryWatcher:: Closed:: WatchInfo: /home/fdiamond/Training/crwn-clothing/src/redux/cart/node_modules
[22:14:47.748] Sending response:
    {"projectName":"/dev/null/inferredProject1*","typeAcquisition":{"enable":true,"include":[],"exclude":[]},"compilerOptions":{"target":1,"jsx":1,"allowNonTsExtensions":true,"allowJs":true,"noEmitForJsFiles":true,"maxNodeModuleJsDepth":2},"typings":["/home/fdiamond/.cache/typescript/3.9/node_modules/@types/react/index.d.ts"],"unresolvedImports":[],"kind":"action::set"}
[22:14:47.748] Response has been sent.
[22:14:47.748] No new typings were requested as a result of typings discovery
[22:14:50.441] Got install request {"projectName":"/dev/null/inferredProject2*","fileNames":["/usr/lib/node_modules/typescript/lib/lib.d.ts","/usr/lib/node_modules/typescript/lib/lib.es5.d.ts","/usr/lib/node_modules/typescript/lib/lib.dom.d.ts","/usr/lib/node_modules/typescript/lib/lib.webworker.importscripts.d.ts","/usr/lib/node_modules/typescript/lib/lib.scripthost.d.ts","/home/fdiamond/Training/crwn-clothing/src/redux/cart/cart.types.js","/home/fdiamond/Training/crwn-clothing/src/redux/cart/cart.actions.js"],"compilerOptions":{"target":1,"jsx":1,"allowNonTsExtensions":true,"allowJs":true,"noEmitForJsFiles":true,"maxNodeModuleJsDepth":2},"typeAcquisition":{"enable":true,"include":[],"exclude":[]},"unresolvedImports":[],"projectRootPath":"/home/fdiamond/Training/crwn-clothing/src/redux/cart","kind":"discover"}
[22:14:50.441] Explicitly included types: []
[22:14:50.443] Inferred typings from unresolved imports: []
[22:14:50.443] Result: {"cachedTypingPaths":[],"newTypingNames":[],"filesToWatch":["/home/fdiamond/Training/crwn-clothing/src/redux/cart/bower_components","/home/fdiamond/Training/crwn-clothing/src/redux/cart/node_modules"]}
[22:14:50.443] Finished typings discovery: {"cachedTypingPaths":[],"newTypingNames":[],"filesToWatch":["/home/fdiamond/Training/crwn-clothing/src/redux/cart/bower_components","/home/fdiamond/Training/crwn-clothing/src/redux/cart/node_modules"]}
[22:14:50.443] Sending response:
    {"projectName":"/dev/null/inferredProject2*","typeAcquisition":{"enable":true,"include":[],"exclude":[]},"compilerOptions":{"target":1,"jsx":1,"allowNonTsExtensions":true,"allowJs":true,"noEmitForJsFiles":true,"maxNodeModuleJsDepth":2},"typings":[],"unresolvedImports":[],"kind":"action::set"}
[22:14:50.443] Response has been sent.
[22:14:50.443] No new typings were requested as a result of typings discovery
[22:14:50.536] Got install request {"projectName":"/dev/null/inferredProject1*","fileNames":["/usr/lib/node_modules/typescript/lib/lib.d.ts","/usr/lib/node_modules/typescript/lib/lib.es5.d.ts","/usr/lib/node_modules/typescript/lib/lib.dom.d.ts","/usr/lib/node_modules/typescript/lib/lib.webworker.importscripts.d.ts","/usr/lib/node_modules/typescript/lib/lib.scripthost.d.ts","/home/fdiamond/.cache/typescript/3.9/node_modules/@types/react/global.d.ts","/home/fdiamond/.cache/typescript/3.9/node_modules/@types/react/index.d.ts","/home/fdiamond/Training/crwn-clothing/src/redux/cart/cart.types.js","/home/fdiamond/Training/crwn-clothing/src/redux/cart/cart.actions.js","/home/fdiamond/Training/crwn-clothing/src/components/cart-icon/cart-icon.component.jsx"],"compilerOptions":{"target":1,"jsx":1,"allowNonTsExtensions":true,"allowJs":true,"noEmitForJsFiles":true,"maxNodeModuleJsDepth":2},"typeAcquisition":{"enable":true,"include":[],"exclude":[]},"unresolvedImports":[],"projectRootPath":"/home/fdiamond/Training/crwn-clothing/src/components/cart-icon","kind":"discover"}
[22:14:50.536] Explicitly included types: []
[22:14:50.536] Inferred 'react' typings due to presence of '.jsx' extension
[22:14:50.536] Inferred typings from unresolved imports: []
[22:14:50.536] Result: {"cachedTypingPaths":["/home/fdiamond/.cache/typescript/3.9/node_modules/@types/react/index.d.ts"],"newTypingNames":[],"filesToWatch":["/home/fdiamond/Training/crwn-clothing/src/redux/cart/bower_components","/home/fdiamond/Training/crwn-clothing/src/redux/cart/node_modules","/home/fdiamond/Training/crwn-clothing/src/components/cart-icon/bower_components","/home/fdiamond/Training/crwn-clothing/src/components/cart-icon/node_modules"]}
[22:14:50.537] Finished typings discovery: {"cachedTypingPaths":["/home/fdiamond/.cache/typescript/3.9/node_modules/@types/react/index.d.ts"],"newTypingNames":[],"filesToWatch":["/home/fdiamond/Training/crwn-clothing/src/redux/cart/bower_components","/home/fdiamond/Training/crwn-clothing/src/redux/cart/node_modules","/home/fdiamond/Training/crwn-clothing/src/components/cart-icon/bower_components","/home/fdiamond/Training/crwn-clothing/src/components/cart-icon/node_modules"]}
[22:14:50.537] DirectoryWatcher:: Added:: WatchInfo: /home/fdiamond/Training/crwn-clothing/src/redux/cart/bower_components
[22:14:50.537] DirectoryWatcher:: Added:: WatchInfo: /home/fdiamond/Training/crwn-clothing/src/redux/cart/node_modules
[22:14:50.537] Sending response:
    {"projectName":"/dev/null/inferredProject1*","typeAcquisition":{"enable":true,"include":[],"exclude":[]},"compilerOptions":{"target":1,"jsx":1,"allowNonTsExtensions":true,"allowJs":true,"noEmitForJsFiles":true,"maxNodeModuleJsDepth":2},"typings":["/home/fdiamond/.cache/typescript/3.9/node_modules/@types/react/index.d.ts"],"unresolvedImports":[],"kind":"action::set"}
[22:14:50.537] Response has been sent.
[22:14:50.537] No new typings were requested as a result of typings discovery
[22:14:53.146] Got install request {"projectName":"/dev/null/inferredProject2*","fileNames":[],"compilerOptions":{"target":1,"jsx":1,"allowNonTsExtensions":true,"allowJs":true,"noEmitForJsFiles":true},"typeAcquisition":{"enable":true,"include":[],"exclude":[]},"unresolvedImports":[],"projectRootPath":"/home/fdiamond/Training/crwn-clothing/src/redux/cart","kind":"discover"}
[22:14:53.147] Explicitly included types: []
[22:14:53.147] Inferred typings from unresolved imports: []
[22:14:53.147] Result: {"cachedTypingPaths":[],"newTypingNames":[],"filesToWatch":["/home/fdiamond/Training/crwn-clothing/src/redux/cart/bower_components","/home/fdiamond/Training/crwn-clothing/src/redux/cart/node_modules"]}
[22:14:53.148] Finished typings discovery: {"cachedTypingPaths":[],"newTypingNames":[],"filesToWatch":["/home/fdiamond/Training/crwn-clothing/src/redux/cart/bower_components","/home/fdiamond/Training/crwn-clothing/src/redux/cart/node_modules"]}
[22:14:53.148] Sending response:
    {"projectName":"/dev/null/inferredProject2*","typeAcquisition":{"enable":true,"include":[],"exclude":[]},"compilerOptions":{"target":1,"jsx":1,"allowNonTsExtensions":true,"allowJs":true,"noEmitForJsFiles":true},"typings":[],"unresolvedImports":[],"kind":"action::set"}
[22:14:53.148] Response has been sent.
[22:14:53.148] No new typings were requested as a result of typings discovery
[22:17:52.384] Got install request {"projectName":"/dev/null/inferredProject3*","fileNames":["/usr/lib/node_modules/typescript/lib/lib.d.ts","/usr/lib/node_modules/typescript/lib/lib.es5.d.ts","/usr/lib/node_modules/typescript/lib/lib.dom.d.ts","/usr/lib/node_modules/typescript/lib/lib.webworker.importscripts.d.ts","/usr/lib/node_modules/typescript/lib/lib.scripthost.d.ts","/home/fdiamond/Training/crwn-clothing/src/redux/cart/cart.types.js","/home/fdiamond/Training/crwn-clothing/src/redux/cart/cart.reducer.js"],"compilerOptions":{"target":1,"jsx":1,"allowNonTsExtensions":true,"allowJs":true,"noEmitForJsFiles":true,"maxNodeModuleJsDepth":2},"typeAcquisition":{"enable":true,"include":[],"exclude":[]},"unresolvedImports":[],"projectRootPath":"/home/fdiamond/Training/crwn-clothing/src/redux/cart","kind":"discover"}
[22:17:52.385] Explicitly included types: []
[22:17:52.385] Inferred typings from unresolved imports: []
[22:17:52.385] Result: {"cachedTypingPaths":[],"newTypingNames":[],"filesToWatch":["/home/fdiamond/Training/crwn-clothing/src/redux/cart/bower_components","/home/fdiamond/Training/crwn-clothing/src/redux/cart/node_modules"]}
[22:17:52.385] Finished typings discovery: {"cachedTypingPaths":[],"newTypingNames":[],"filesToWatch":["/home/fdiamond/Training/crwn-clothing/src/redux/cart/bower_components","/home/fdiamond/Training/crwn-clothing/src/redux/cart/node_modules"]}
[22:17:52.385] DirectoryWatcher:: Added:: WatchInfo: /home/fdiamond/Training/crwn-clothing/src/redux/cart/bower_components
[22:17:52.385] DirectoryWatcher:: Added:: WatchInfo: /home/fdiamond/Training/crwn-clothing/src/redux/cart/node_modules
[22:17:52.385] Sending response:
    {"projectName":"/dev/null/inferredProject3*","typeAcquisition":{"enable":true,"include":[],"exclude":[]},"compilerOptions":{"target":1,"jsx":1,"allowNonTsExtensions":true,"allowJs":true,"noEmitForJsFiles":true,"maxNodeModuleJsDepth":2},"typings":[],"unresolvedImports":[],"kind":"action::set"}
[22:17:52.385] Response has been sent.
[22:17:52.385] No new typings were requested as a result of typings discovery
[22:19:1.998] Got install request {"projectName":"/dev/null/inferredProject4*","fileNames":["/usr/lib/node_modules/typescript/lib/lib.d.ts","/usr/lib/node_modules/typescript/lib/lib.es5.d.ts","/usr/lib/node_modules/typescript/lib/lib.dom.d.ts","/usr/lib/node_modules/typescript/lib/lib.webworker.importscripts.d.ts","/usr/lib/node_modules/typescript/lib/lib.scripthost.d.ts","/home/fdiamond/Training/crwn-clothing/src/firebase/firebase.utils.js","/home/fdiamond/Training/crwn-clothing/src/redux/cart/cart.types.js","/home/fdiamond/Training/crwn-clothing/src/redux/cart/cart.actions.js","/home/fdiamond/Training/crwn-clothing/src/components/cart-icon/cart-icon.component.jsx","/home/fdiamond/Training/crwn-clothing/src/components/custom-button/custom-button.component.jsx","/home/fdiamond/Training/crwn-clothing/src/components/cart-dropdown/cart-dropdown.component.jsx","/home/fdiamond/Training/crwn-clothing/src/components/header/header.component.jsx"],"compilerOptions":{"target":1,"jsx":1,"allowNonTsExtensions":true,"allowJs":true,"noEmitForJsFiles":true,"maxNodeModuleJsDepth":2},"typeAcquisition":{"enable":true,"include":[],"exclude":[]},"unresolvedImports":[],"projectRootPath":"/home/fdiamond/Training/crwn-clothing/src/components/header","kind":"discover"}
[22:19:1.998] Explicitly included types: []
[22:19:1.999] Inferred 'react' typings due to presence of '.jsx' extension
[22:19:1.999] Inferred typings from unresolved imports: []
[22:19:1.999] Result: {"cachedTypingPaths":["/home/fdiamond/.cache/typescript/3.9/node_modules/@types/react/index.d.ts"],"newTypingNames":[],"filesToWatch":["/home/fdiamond/Training/crwn-clothing/src/firebase/bower_components","/home/fdiamond/Training/crwn-clothing/src/firebase/node_modules","/home/fdiamond/Training/crwn-clothing/src/redux/cart/bower_components","/home/fdiamond/Training/crwn-clothing/src/redux/cart/node_modules","/home/fdiamond/Training/crwn-clothing/src/components/cart-icon/bower_components","/home/fdiamond/Training/crwn-clothing/src/components/cart-icon/node_modules","/home/fdiamond/Training/crwn-clothing/src/components/custom-button/bower_components","/home/fdiamond/Training/crwn-clothing/src/components/custom-button/node_modules","/home/fdiamond/Training/crwn-clothing/src/components/cart-dropdown/bower_components","/home/fdiamond/Training/crwn-clothing/src/components/cart-dropdown/node_modules","/home/fdiamond/Training/crwn-clothing/src/components/header/bower_components","/home/fdiamond/Training/crwn-clothing/src/components/header/node_modules"]}
[22:19:1.999] Finished typings discovery: {"cachedTypingPaths":["/home/fdiamond/.cache/typescript/3.9/node_modules/@types/react/index.d.ts"],"newTypingNames":[],"filesToWatch":["/home/fdiamond/Training/crwn-clothing/src/firebase/bower_components","/home/fdiamond/Training/crwn-clothing/src/firebase/node_modules","/home/fdiamond/Training/crwn-clothing/src/redux/cart/bower_components","/home/fdiamond/Training/crwn-clothing/src/redux/cart/node_modules","/home/fdiamond/Training/crwn-clothing/src/components/cart-icon/bower_components","/home/fdiamond/Training/crwn-clothing/src/components/cart-icon/node_modules","/home/fdiamond/Training/crwn-clothing/src/components/custom-button/bower_components","/home/fdiamond/Training/crwn-clothing/src/components/custom-button/node_modules","/home/fdiamond/Training/crwn-clothing/src/components/cart-dropdown/bower_components","/home/fdiamond/Training/crwn-clothing/src/components/cart-dropdown/node_modules","/home/fdiamond/Training/crwn-clothing/src/components/header/bower_components","/home/fdiamond/Training/crwn-clothing/src/components/header/node_modules"]}
[22:19:1.999] DirectoryWatcher:: Added:: WatchInfo: /home/fdiamond/Training/crwn-clothing/src/firebase/bower_components
[22:19:1.999] DirectoryWatcher:: Added:: WatchInfo: /home/fdiamond/Training/crwn-clothing/src/firebase/node_modules
[22:19:1.999] DirectoryWatcher:: Added:: WatchInfo: /home/fdiamond/Training/crwn-clothing/src/redux/cart/bower_components
[22:19:1.999] DirectoryWatcher:: Added:: WatchInfo: /home/fdiamond/Training/crwn-clothing/src/redux/cart/node_modules
[22:19:2.0] DirectoryWatcher:: Added:: WatchInfo: /home/fdiamond/Training/crwn-clothing/src/components/cart-icon/bower_components
[22:19:2.0] DirectoryWatcher:: Added:: WatchInfo: /home/fdiamond/Training/crwn-clothing/src/components/cart-icon/node_modules
[22:19:2.0] DirectoryWatcher:: Added:: WatchInfo: /home/fdiamond/Training/crwn-clothing/src/components/custom-button/bower_components
[22:19:2.0] DirectoryWatcher:: Added:: WatchInfo: /home/fdiamond/Training/crwn-clothing/src/components/custom-button/node_modules
[22:19:2.0] DirectoryWatcher:: Added:: WatchInfo: /home/fdiamond/Training/crwn-clothing/src/components/cart-dropdown/bower_components
[22:19:2.1] DirectoryWatcher:: Added:: WatchInfo: /home/fdiamond/Training/crwn-clothing/src/components/cart-dropdown/node_modules
[22:19:2.1] DirectoryWatcher:: Added:: WatchInfo: /home/fdiamond/Training/crwn-clothing/src/components/header/bower_components
[22:19:2.1] DirectoryWatcher:: Added:: WatchInfo: /home/fdiamond/Training/crwn-clothing/src/components/header/node_modules
[22:19:2.1] Sending response:
    {"projectName":"/dev/null/inferredProject4*","typeAcquisition":{"enable":true,"include":[],"exclude":[]},"compilerOptions":{"target":1,"jsx":1,"allowNonTsExtensions":true,"allowJs":true,"noEmitForJsFiles":true,"maxNodeModuleJsDepth":2},"typings":["/home/fdiamond/.cache/typescript/3.9/node_modules/@types/react/index.d.ts"],"unresolvedImports":[],"kind":"action::set"}
[22:19:2.1] Response has been sent.
[22:19:2.1] No new typings were requested as a result of typings discovery
[22:22:22.815] Got install request {"projectName":"/dev/null/inferredProject5*","fileNames":["/usr/lib/node_modules/typescript/lib/lib.d.ts","/usr/lib/node_modules/typescript/lib/lib.es5.d.ts","/usr/lib/node_modules/typescript/lib/lib.dom.d.ts","/usr/lib/node_modules/typescript/lib/lib.webworker.importscripts.d.ts","/usr/lib/node_modules/typescript/lib/lib.scripthost.d.ts","/home/fdiamond/Training/crwn-clothing/src/redux/user/user.types.js","/home/fdiamond/Training/crwn-clothing/src/redux/user/user.reducer.js","/home/fdiamond/Training/crwn-clothing/src/redux/cart/cart.types.js","/home/fdiamond/Training/crwn-clothing/src/redux/cart/cart.reducer.js","/home/fdiamond/Training/crwn-clothing/src/redux/root-reducer.js"],"compilerOptions":{"target":1,"jsx":1,"allowNonTsExtensions":true,"allowJs":true,"noEmitForJsFiles":true,"maxNodeModuleJsDepth":2},"typeAcquisition":{"enable":true,"include":[],"exclude":[]},"unresolvedImports":[],"projectRootPath":"/home/fdiamond/Training/crwn-clothing/src/redux","kind":"discover"}
[22:22:22.815] Explicitly included types: []
[22:22:22.816] Inferred typings from unresolved imports: []
[22:22:22.816] Result: {"cachedTypingPaths":[],"newTypingNames":[],"filesToWatch":["/home/fdiamond/Training/crwn-clothing/src/redux/user/bower_components","/home/fdiamond/Training/crwn-clothing/src/redux/user/node_modules","/home/fdiamond/Training/crwn-clothing/src/redux/cart/bower_components","/home/fdiamond/Training/crwn-clothing/src/redux/cart/node_modules","/home/fdiamond/Training/crwn-clothing/src/redux/bower_components","/home/fdiamond/Training/crwn-clothing/src/redux/node_modules"]}
[22:22:22.816] Finished typings discovery: {"cachedTypingPaths":[],"newTypingNames":[],"filesToWatch":["/home/fdiamond/Training/crwn-clothing/src/redux/user/bower_components","/home/fdiamond/Training/crwn-clothing/src/redux/user/node_modules","/home/fdiamond/Training/crwn-clothing/src/redux/cart/bower_components","/home/fdiamond/Training/crwn-clothing/src/redux/cart/node_modules","/home/fdiamond/Training/crwn-clothing/src/redux/bower_components","/home/fdiamond/Training/crwn-clothing/src/redux/node_modules"]}
[22:22:22.816] DirectoryWatcher:: Added:: WatchInfo: /home/fdiamond/Training/crwn-clothing/src/redux/user
[22:22:22.816] DirectoryWatcher:: Added:: WatchInfo: /home/fdiamond/Training/crwn-clothing/src/redux/cart
[22:22:22.817] DirectoryWatcher:: Added:: WatchInfo: /home/fdiamond/Training/crwn-clothing/src/redux/bower_components
[22:22:22.817] DirectoryWatcher:: Added:: WatchInfo: /home/fdiamond/Training/crwn-clothing/src/redux/node_modules
[22:22:22.817] Sending response:
    {"projectName":"/dev/null/inferredProject5*","typeAcquisition":{"enable":true,"include":[],"exclude":[]},"compilerOptions":{"target":1,"jsx":1,"allowNonTsExtensions":true,"allowJs":true,"noEmitForJsFiles":true,"maxNodeModuleJsDepth":2},"typings":[],"unresolvedImports":[],"kind":"action::set"}
[22:22:22.817] Response has been sent.
[22:22:22.817] No new typings were requested as a result of typings discovery
