[21:19:17.702] Global cache location '/home/fdiamond/.cache/typescript/3.9', safe file path '/usr/lib/node_modules/typescript/lib/typingSafeList.json', types map path /usr/lib/node_modules/typescript/lib/typesMap.json
[21:19:17.703] Processing cache location '/home/fdiamond/.cache/typescript/3.9'
[21:19:17.703] Trying to find '/home/fdiamond/.cache/typescript/3.9/package.json'...
[21:19:17.704] Loaded content of '/home/fdiamond/.cache/typescript/3.9/package.json': {"private":true,"dependencies":{"types-registry":"^0.1.492"},"devDependencies":{"@types/assert":"^1.4.7","@types/async":"^3.2.3","@types/atob":"^2.1.2","@types/bcrypt":"^3.0.0","@types/body-parser":"^1.19.0","@types/bson":"^4.0.2","@types/cookie":"^0.4.0","@types/cookie-signature":"^1.0.3","@types/debug":"^4.1.5","@types/depd":"^1.1.32","@types/ejs":"^3.0.4","@types/express":"^4.17.6","@types/express-session":"^1.17.0","@types/isomorphic-fetch":"0.0.35","@types/js-base64":"^2.3.1","@types/json-stable-stringify":"^1.0.32","@types/lodash":"^4.14.151","@types/md5":"^2.2.0","@types/mongodb":"^3.5.18","@types/mongoose":"^5.7.21","@types/node":"^14.0.1","@types/node-sass":"^4.11.1","@types/object-path":"^0.11.0","@types/on-headers":"^1.0.0","@types/parseurl":"^1.3.1","@types/passport":"^1.0.3","@types/passport-google-oauth":"^1.0.41","@types/passport-google-oauth20":"^2.0.3","@types/passport-local":"^1.0.33","@types/passport-local-mongoose":"^4.0.13","@types/passport-oauth2":"^1.4.9","@types/passport-strategy":"^0.2.35","@types/pause":"^0.1.0","@types/random-bytes":"^1.0.1","@types/react":"^16.9.35","@types/react-dom":"^16.9.8","@types/react-redux":"^7.1.8","@types/react-router-dom":"^5.1.5","@types/redux-logger":"^3.0.7","@types/request":"^2.48.5","@types/semver":"^7.2.0","@types/sprintf":"^0.1.0","@types/testing-library__jest-dom":"^5.6.0","@types/testing-library__react":"^10.0.1","@types/testing-library__user-event":"^4.1.1","@types/uid-safe":"^2.1.2","@types/underscore":"^1.10.0"}}
[21:19:17.704] Loaded content of '/home/fdiamond/.cache/typescript/3.9/package-lock.json'
[21:19:17.714] Adding entry into typings cache: 'assert' => '/home/fdiamond/.cache/typescript/3.9/node_modules/@types/assert/ts3.7/index.d.ts'
[21:19:17.716] Adding entry into typings cache: 'async' => '/home/fdiamond/.cache/typescript/3.9/node_modules/@types/async/index.d.ts'
[21:19:17.717] Adding entry into typings cache: 'atob' => '/home/fdiamond/.cache/typescript/3.9/node_modules/@types/atob/index.d.ts'
[21:19:17.719] Adding entry into typings cache: 'bcrypt' => '/home/fdiamond/.cache/typescript/3.9/node_modules/@types/bcrypt/index.d.ts'
[21:19:17.721] Adding entry into typings cache: 'body-parser' => '/home/fdiamond/.cache/typescript/3.9/node_modules/@types/body-parser/index.d.ts'
[21:19:17.723] Adding entry into typings cache: 'bson' => '/home/fdiamond/.cache/typescript/3.9/node_modules/@types/bson/index.d.ts'
[21:19:17.725] Adding entry into typings cache: 'cookie' => '/home/fdiamond/.cache/typescript/3.9/node_modules/@types/cookie/index.d.ts'
[21:19:17.726] Adding entry into typings cache: 'cookie-signature' => '/home/fdiamond/.cache/typescript/3.9/node_modules/@types/cookie-signature/index.d.ts'
[21:19:17.728] Adding entry into typings cache: 'debug' => '/home/fdiamond/.cache/typescript/3.9/node_modules/@types/debug/index.d.ts'
[21:19:17.729] Adding entry into typings cache: 'depd' => '/home/fdiamond/.cache/typescript/3.9/node_modules/@types/depd/index.d.ts'
[21:19:17.731] Adding entry into typings cache: 'ejs' => '/home/fdiamond/.cache/typescript/3.9/node_modules/@types/ejs/index.d.ts'
[21:19:17.733] Adding entry into typings cache: 'express' => '/home/fdiamond/.cache/typescript/3.9/node_modules/@types/express/index.d.ts'
[21:19:17.736] Adding entry into typings cache: 'express-session' => '/home/fdiamond/.cache/typescript/3.9/node_modules/@types/express-session/index.d.ts'
[21:19:17.738] Adding entry into typings cache: 'isomorphic-fetch' => '/home/fdiamond/.cache/typescript/3.9/node_modules/@types/isomorphic-fetch/index.d.ts'
[21:19:17.739] Adding entry into typings cache: 'js-base64' => '/home/fdiamond/.cache/typescript/3.9/node_modules/@types/js-base64/index.d.ts'
[21:19:17.741] Adding entry into typings cache: 'json-stable-stringify' => '/home/fdiamond/.cache/typescript/3.9/node_modules/@types/json-stable-stringify/index.d.ts'
[21:19:17.745] Adding entry into typings cache: 'lodash' => '/home/fdiamond/.cache/typescript/3.9/node_modules/@types/lodash/ts3.1/index.d.ts'
[21:19:17.746] Adding entry into typings cache: 'md5' => '/home/fdiamond/.cache/typescript/3.9/node_modules/@types/md5/index.d.ts'
[21:19:17.748] Adding entry into typings cache: 'mongodb' => '/home/fdiamond/.cache/typescript/3.9/node_modules/@types/mongodb/index.d.ts'
[21:19:17.753] Adding entry into typings cache: 'mongoose' => '/home/fdiamond/.cache/typescript/3.9/node_modules/@types/mongoose/index.d.ts'
[21:19:17.757] Adding entry into typings cache: 'node' => '/home/fdiamond/.cache/typescript/3.9/node_modules/@types/node/ts3.7/index.d.ts'
[21:19:17.758] Adding entry into typings cache: 'node-sass' => '/home/fdiamond/.cache/typescript/3.9/node_modules/@types/node-sass/index.d.ts'
[21:19:17.759] Adding entry into typings cache: 'object-path' => '/home/fdiamond/.cache/typescript/3.9/node_modules/@types/object-path/index.d.ts'
[21:19:17.760] Adding entry into typings cache: 'on-headers' => '/home/fdiamond/.cache/typescript/3.9/node_modules/@types/on-headers/index.d.ts'
[21:19:17.762] Adding entry into typings cache: 'parseurl' => '/home/fdiamond/.cache/typescript/3.9/node_modules/@types/parseurl/index.d.ts'
[21:19:17.763] Adding entry into typings cache: 'passport' => '/home/fdiamond/.cache/typescript/3.9/node_modules/@types/passport/index.d.ts'
[21:19:17.764] Adding entry into typings cache: 'passport-google-oauth' => '/home/fdiamond/.cache/typescript/3.9/node_modules/@types/passport-google-oauth/index.d.ts'
[21:19:17.765] Adding entry into typings cache: 'passport-google-oauth20' => '/home/fdiamond/.cache/typescript/3.9/node_modules/@types/passport-google-oauth20/index.d.ts'
[21:19:17.766] Adding entry into typings cache: 'passport-local' => '/home/fdiamond/.cache/typescript/3.9/node_modules/@types/passport-local/index.d.ts'
[21:19:17.768] Adding entry into typings cache: 'passport-local-mongoose' => '/home/fdiamond/.cache/typescript/3.9/node_modules/@types/passport-local-mongoose/index.d.ts'
[21:19:17.770] Adding entry into typings cache: 'passport-oauth2' => '/home/fdiamond/.cache/typescript/3.9/node_modules/@types/passport-oauth2/index.d.ts'
[21:19:17.770] Adding entry into typings cache: 'passport-strategy' => '/home/fdiamond/.cache/typescript/3.9/node_modules/@types/passport-strategy/index.d.ts'
[21:19:17.772] Adding entry into typings cache: 'pause' => '/home/fdiamond/.cache/typescript/3.9/node_modules/@types/pause/index.d.ts'
[21:19:17.774] Adding entry into typings cache: 'random-bytes' => '/home/fdiamond/.cache/typescript/3.9/node_modules/@types/random-bytes/index.d.ts'
[21:19:17.775] Adding entry into typings cache: 'react' => '/home/fdiamond/.cache/typescript/3.9/node_modules/@types/react/index.d.ts'
[21:19:17.777] Adding entry into typings cache: 'react-dom' => '/home/fdiamond/.cache/typescript/3.9/node_modules/@types/react-dom/index.d.ts'
[21:19:17.778] Adding entry into typings cache: 'react-redux' => '/home/fdiamond/.cache/typescript/3.9/node_modules/@types/react-redux/index.d.ts'
[21:19:17.779] Adding entry into typings cache: 'react-router-dom' => '/home/fdiamond/.cache/typescript/3.9/node_modules/@types/react-router-dom/index.d.ts'
[21:19:17.780] Adding entry into typings cache: 'redux-logger' => '/home/fdiamond/.cache/typescript/3.9/node_modules/@types/redux-logger/index.d.ts'
[21:19:17.781] Adding entry into typings cache: 'request' => '/home/fdiamond/.cache/typescript/3.9/node_modules/@types/request/index.d.ts'
[21:19:17.782] Adding entry into typings cache: 'semver' => '/home/fdiamond/.cache/typescript/3.9/node_modules/@types/semver/index.d.ts'
[21:19:17.783] Adding entry into typings cache: 'sprintf' => '/home/fdiamond/.cache/typescript/3.9/node_modules/@types/sprintf/index.d.ts'
[21:19:17.784] Adding entry into typings cache: 'testing-library__jest-dom' => '/home/fdiamond/.cache/typescript/3.9/node_modules/@types/testing-library__jest-dom/index.d.ts'
[21:19:17.785] Adding entry into typings cache: 'testing-library__react' => '/home/fdiamond/.cache/typescript/3.9/node_modules/@types/testing-library__react/index.d.ts'
[21:19:17.786] Adding entry into typings cache: 'testing-library__user-event' => '/home/fdiamond/.cache/typescript/3.9/node_modules/@types/testing-library__user-event/index.d.ts'
[21:19:17.787] Adding entry into typings cache: 'uid-safe' => '/home/fdiamond/.cache/typescript/3.9/node_modules/@types/uid-safe/index.d.ts'
[21:19:17.788] Adding entry into typings cache: 'underscore' => '/home/fdiamond/.cache/typescript/3.9/node_modules/@types/underscore/index.d.ts'
[21:19:17.789] Finished processing cache location '/home/fdiamond/.cache/typescript/3.9'
[21:19:17.789] Process id: 12701
[21:19:17.789] NPM location: /usr/bin/npm (explicit '--npmLocation' not  provided)
[21:19:17.789] validateDefaultNpmLocation: false
[21:19:17.789] Npm config file: /home/fdiamond/.cache/typescript/3.9/package.json
[21:19:17.789] Updating types-registry npm package...
[21:19:17.789] Exec: /usr/bin/npm install --ignore-scripts types-registry@latest
[21:19:19.628]     Succeeded. stdout:
    + types-registry@0.1.492
    updated 1 package and audited 100 packages in 1.414s

1 package is looking for funding
  run `npm fund` for details

found 0 vulnerabilities


[21:19:19.628] Updated types-registry npm package
[21:19:19.641] Got install request {"projectName":"/dev/null/inferredProject1*","fileNames":["/usr/lib/node_modules/typescript/lib/lib.d.ts","/usr/lib/node_modules/typescript/lib/lib.es5.d.ts","/usr/lib/node_modules/typescript/lib/lib.dom.d.ts","/usr/lib/node_modules/typescript/lib/lib.webworker.importscripts.d.ts","/usr/lib/node_modules/typescript/lib/lib.scripthost.d.ts","/home/fdiamond/Training/crwn-clothing/src/components/custom-button/custom-button.component.jsx","/home/fdiamond/Training/crwn-clothing/src/components/cart-dropdown/cart-dropdown.component.jsx"],"compilerOptions":{"target":1,"jsx":1,"allowNonTsExtensions":true,"allowJs":true,"noEmitForJsFiles":true,"maxNodeModuleJsDepth":2},"typeAcquisition":{"enable":true,"include":[],"exclude":[]},"unresolvedImports":[],"projectRootPath":"/home/fdiamond/Training/crwn-clothing/src/components/cart-dropdown","kind":"discover"}
[21:19:19.652] Loaded safelist from types map file '/usr/lib/node_modules/typescript/lib/typesMap.json'
[21:19:19.652] Explicitly included types: []
[21:19:19.653] Inferred 'react' typings due to presence of '.jsx' extension
[21:19:19.654] Inferred typings from unresolved imports: []
[21:19:19.654] Result: {"cachedTypingPaths":["/home/fdiamond/.cache/typescript/3.9/node_modules/@types/react/index.d.ts"],"newTypingNames":[],"filesToWatch":["/home/fdiamond/Training/crwn-clothing/src/components/custom-button/bower_components","/home/fdiamond/Training/crwn-clothing/src/components/custom-button/node_modules","/home/fdiamond/Training/crwn-clothing/src/components/cart-dropdown/bower_components","/home/fdiamond/Training/crwn-clothing/src/components/cart-dropdown/node_modules"]}
[21:19:19.654] Finished typings discovery: {"cachedTypingPaths":["/home/fdiamond/.cache/typescript/3.9/node_modules/@types/react/index.d.ts"],"newTypingNames":[],"filesToWatch":["/home/fdiamond/Training/crwn-clothing/src/components/custom-button/bower_components","/home/fdiamond/Training/crwn-clothing/src/components/custom-button/node_modules","/home/fdiamond/Training/crwn-clothing/src/components/cart-dropdown/bower_components","/home/fdiamond/Training/crwn-clothing/src/components/cart-dropdown/node_modules"]}
[21:19:19.654] DirectoryWatcher:: Added:: WatchInfo: /home/fdiamond/Training/crwn-clothing/src/components/custom-button/bower_components
[21:19:19.656] DirectoryWatcher:: Added:: WatchInfo: /home/fdiamond/Training/crwn-clothing/src/components/custom-button/node_modules
[21:19:19.657] DirectoryWatcher:: Added:: WatchInfo: /home/fdiamond/Training/crwn-clothing/src/components/cart-dropdown/bower_components
[21:19:19.657] DirectoryWatcher:: Added:: WatchInfo: /home/fdiamond/Training/crwn-clothing/src/components/cart-dropdown/node_modules
[21:19:19.657] Sending response:
    {"projectName":"/dev/null/inferredProject1*","typeAcquisition":{"enable":true,"include":[],"exclude":[]},"compilerOptions":{"target":1,"jsx":1,"allowNonTsExtensions":true,"allowJs":true,"noEmitForJsFiles":true,"maxNodeModuleJsDepth":2},"typings":["/home/fdiamond/.cache/typescript/3.9/node_modules/@types/react/index.d.ts"],"unresolvedImports":[],"kind":"action::set"}
[21:19:19.658] Response has been sent.
[21:19:19.658] No new typings were requested as a result of typings discovery
[21:19:20.137] Got install request {"projectName":"/dev/null/inferredProject1*","fileNames":["/usr/lib/node_modules/typescript/lib/lib.d.ts","/usr/lib/node_modules/typescript/lib/lib.es5.d.ts","/usr/lib/node_modules/typescript/lib/lib.dom.d.ts","/usr/lib/node_modules/typescript/lib/lib.webworker.importscripts.d.ts","/usr/lib/node_modules/typescript/lib/lib.scripthost.d.ts","/home/fdiamond/Training/crwn-clothing/src/components/custom-button/custom-button.component.jsx","/home/fdiamond/Training/crwn-clothing/src/components/cart-dropdown/cart-dropdown.component.jsx","/home/fdiamond/.cache/typescript/3.9/node_modules/@types/react/global.d.ts","/home/fdiamond/.cache/typescript/3.9/node_modules/@types/react/index.d.ts"],"compilerOptions":{"target":1,"jsx":1,"allowNonTsExtensions":true,"allowJs":true,"noEmitForJsFiles":true,"maxNodeModuleJsDepth":2},"typeAcquisition":{"enable":true,"include":[],"exclude":[]},"unresolvedImports":[],"projectRootPath":"/home/fdiamond/Training/crwn-clothing/src/components/cart-dropdown","kind":"discover"}
[21:19:20.138] Explicitly included types: []
[21:19:20.138] Inferred 'react' typings due to presence of '.jsx' extension
[21:19:20.138] Inferred typings from unresolved imports: []
[21:19:20.139] Result: {"cachedTypingPaths":["/home/fdiamond/.cache/typescript/3.9/node_modules/@types/react/index.d.ts"],"newTypingNames":[],"filesToWatch":["/home/fdiamond/Training/crwn-clothing/src/components/custom-button/bower_components","/home/fdiamond/Training/crwn-clothing/src/components/custom-button/node_modules","/home/fdiamond/Training/crwn-clothing/src/components/cart-dropdown/bower_components","/home/fdiamond/Training/crwn-clothing/src/components/cart-dropdown/node_modules"]}
[21:19:20.139] Finished typings discovery: {"cachedTypingPaths":["/home/fdiamond/.cache/typescript/3.9/node_modules/@types/react/index.d.ts"],"newTypingNames":[],"filesToWatch":["/home/fdiamond/Training/crwn-clothing/src/components/custom-button/bower_components","/home/fdiamond/Training/crwn-clothing/src/components/custom-button/node_modules","/home/fdiamond/Training/crwn-clothing/src/components/cart-dropdown/bower_components","/home/fdiamond/Training/crwn-clothing/src/components/cart-dropdown/node_modules"]}
[21:19:20.139] Sending response:
    {"projectName":"/dev/null/inferredProject1*","typeAcquisition":{"enable":true,"include":[],"exclude":[]},"compilerOptions":{"target":1,"jsx":1,"allowNonTsExtensions":true,"allowJs":true,"noEmitForJsFiles":true,"maxNodeModuleJsDepth":2},"typings":["/home/fdiamond/.cache/typescript/3.9/node_modules/@types/react/index.d.ts"],"unresolvedImports":[],"kind":"action::set"}
[21:19:20.139] Response has been sent.
[21:19:20.139] No new typings were requested as a result of typings discovery
[21:21:31.701] Got install request {"projectName":"/dev/null/inferredProject2*","fileNames":["/usr/lib/node_modules/typescript/lib/lib.d.ts","/usr/lib/node_modules/typescript/lib/lib.es5.d.ts","/usr/lib/node_modules/typescript/lib/lib.dom.d.ts","/usr/lib/node_modules/typescript/lib/lib.webworker.importscripts.d.ts","/usr/lib/node_modules/typescript/lib/lib.scripthost.d.ts","/home/fdiamond/Training/crwn-clothing/src/redux/cart/cart.actions.js"],"compilerOptions":{"target":1,"jsx":1,"allowNonTsExtensions":true,"allowJs":true,"noEmitForJsFiles":true,"maxNodeModuleJsDepth":2},"typeAcquisition":{"enable":true,"include":[],"exclude":[]},"unresolvedImports":[],"projectRootPath":"/home/fdiamond/Training/crwn-clothing/src/redux/cart","kind":"discover"}
[21:21:31.701] Explicitly included types: []
[21:21:31.702] Inferred typings from unresolved imports: []
[21:21:31.702] Result: {"cachedTypingPaths":[],"newTypingNames":[],"filesToWatch":["/home/fdiamond/Training/crwn-clothing/src/redux/cart/bower_components","/home/fdiamond/Training/crwn-clothing/src/redux/cart/node_modules"]}
[21:21:31.702] Finished typings discovery: {"cachedTypingPaths":[],"newTypingNames":[],"filesToWatch":["/home/fdiamond/Training/crwn-clothing/src/redux/cart/bower_components","/home/fdiamond/Training/crwn-clothing/src/redux/cart/node_modules"]}
[21:21:31.702] DirectoryWatcher:: Added:: WatchInfo: /home/fdiamond/Training/crwn-clothing/src/redux/cart/bower_components
[21:21:31.703] DirectoryWatcher:: Added:: WatchInfo: /home/fdiamond/Training/crwn-clothing/src/redux/cart/node_modules
[21:21:31.703] Sending response:
    {"projectName":"/dev/null/inferredProject2*","typeAcquisition":{"enable":true,"include":[],"exclude":[]},"compilerOptions":{"target":1,"jsx":1,"allowNonTsExtensions":true,"allowJs":true,"noEmitForJsFiles":true,"maxNodeModuleJsDepth":2},"typings":[],"unresolvedImports":[],"kind":"action::set"}
[21:21:31.703] Response has been sent.
[21:21:31.703] No new typings were requested as a result of typings discovery
[21:21:32.60] Got install request {"projectName":"/dev/null/inferredProject2*","fileNames":[],"compilerOptions":{"target":1,"jsx":1,"allowNonTsExtensions":true,"allowJs":true,"noEmitForJsFiles":true},"typeAcquisition":{"enable":true,"include":[],"exclude":[]},"unresolvedImports":[],"projectRootPath":"/home/fdiamond/Training/crwn-clothing/src/redux/cart","kind":"discover"}
[21:21:32.61] Explicitly included types: []
[21:21:32.61] Inferred typings from unresolved imports: []
[21:21:32.61] Result: {"cachedTypingPaths":[],"newTypingNames":[],"filesToWatch":["/home/fdiamond/Training/crwn-clothing/src/redux/cart/bower_components","/home/fdiamond/Training/crwn-clothing/src/redux/cart/node_modules"]}
[21:21:32.61] Finished typings discovery: {"cachedTypingPaths":[],"newTypingNames":[],"filesToWatch":["/home/fdiamond/Training/crwn-clothing/src/redux/cart/bower_components","/home/fdiamond/Training/crwn-clothing/src/redux/cart/node_modules"]}
[21:21:32.61] Sending response:
    {"projectName":"/dev/null/inferredProject2*","typeAcquisition":{"enable":true,"include":[],"exclude":[]},"compilerOptions":{"target":1,"jsx":1,"allowNonTsExtensions":true,"allowJs":true,"noEmitForJsFiles":true},"typings":[],"unresolvedImports":[],"kind":"action::set"}
[21:21:32.62] Response has been sent.
[21:21:32.62] No new typings were requested as a result of typings discovery
[21:21:44.56] Got install request {"projectName":"/dev/null/inferredProject2*","fileNames":["/usr/lib/node_modules/typescript/lib/lib.d.ts","/usr/lib/node_modules/typescript/lib/lib.es5.d.ts","/usr/lib/node_modules/typescript/lib/lib.dom.d.ts","/usr/lib/node_modules/typescript/lib/lib.webworker.importscripts.d.ts","/usr/lib/node_modules/typescript/lib/lib.scripthost.d.ts","/home/fdiamond/Training/crwn-clothing/src/redux/cart/cart.reducer.js"],"compilerOptions":{"target":1,"jsx":1,"allowNonTsExtensions":true,"allowJs":true,"noEmitForJsFiles":true,"maxNodeModuleJsDepth":2},"typeAcquisition":{"enable":true,"include":[],"exclude":[]},"unresolvedImports":[],"projectRootPath":"/home/fdiamond/Training/crwn-clothing/src/redux/cart","kind":"discover"}
[21:21:44.56] Explicitly included types: []
[21:21:44.57] Inferred typings from unresolved imports: []
[21:21:44.57] Result: {"cachedTypingPaths":[],"newTypingNames":[],"filesToWatch":["/home/fdiamond/Training/crwn-clothing/src/redux/cart/bower_components","/home/fdiamond/Training/crwn-clothing/src/redux/cart/node_modules"]}
[21:21:44.57] Finished typings discovery: {"cachedTypingPaths":[],"newTypingNames":[],"filesToWatch":["/home/fdiamond/Training/crwn-clothing/src/redux/cart/bower_components","/home/fdiamond/Training/crwn-clothing/src/redux/cart/node_modules"]}
[21:21:44.57] Sending response:
    {"projectName":"/dev/null/inferredProject2*","typeAcquisition":{"enable":true,"include":[],"exclude":[]},"compilerOptions":{"target":1,"jsx":1,"allowNonTsExtensions":true,"allowJs":true,"noEmitForJsFiles":true,"maxNodeModuleJsDepth":2},"typings":[],"unresolvedImports":[],"kind":"action::set"}
[21:21:44.57] Response has been sent.
[21:21:44.57] No new typings were requested as a result of typings discovery
[21:21:44.415] Got install request {"projectName":"/dev/null/inferredProject2*","fileNames":[],"compilerOptions":{"target":1,"jsx":1,"allowNonTsExtensions":true,"allowJs":true,"noEmitForJsFiles":true},"typeAcquisition":{"enable":true,"include":[],"exclude":[]},"unresolvedImports":[],"projectRootPath":"/home/fdiamond/Training/crwn-clothing/src/redux/cart","kind":"discover"}
[21:21:44.415] Explicitly included types: []
[21:21:44.416] Inferred typings from unresolved imports: []
[21:21:44.416] Result: {"cachedTypingPaths":[],"newTypingNames":[],"filesToWatch":["/home/fdiamond/Training/crwn-clothing/src/redux/cart/bower_components","/home/fdiamond/Training/crwn-clothing/src/redux/cart/node_modules"]}
[21:21:44.416] Finished typings discovery: {"cachedTypingPaths":[],"newTypingNames":[],"filesToWatch":["/home/fdiamond/Training/crwn-clothing/src/redux/cart/bower_components","/home/fdiamond/Training/crwn-clothing/src/redux/cart/node_modules"]}
[21:21:44.416] Sending response:
    {"projectName":"/dev/null/inferredProject2*","typeAcquisition":{"enable":true,"include":[],"exclude":[]},"compilerOptions":{"target":1,"jsx":1,"allowNonTsExtensions":true,"allowJs":true,"noEmitForJsFiles":true},"typings":[],"unresolvedImports":[],"kind":"action::set"}
[21:21:44.416] Response has been sent.
[21:21:44.416] No new typings were requested as a result of typings discovery
[21:21:58.538] Got install request {"projectName":"/dev/null/inferredProject2*","fileNames":["/usr/lib/node_modules/typescript/lib/lib.d.ts","/usr/lib/node_modules/typescript/lib/lib.es5.d.ts","/usr/lib/node_modules/typescript/lib/lib.dom.d.ts","/usr/lib/node_modules/typescript/lib/lib.webworker.importscripts.d.ts","/usr/lib/node_modules/typescript/lib/lib.scripthost.d.ts","/home/fdiamond/Training/crwn-clothing/src/redux/cart/cart.types.js"],"compilerOptions":{"target":1,"jsx":1,"allowNonTsExtensions":true,"allowJs":true,"noEmitForJsFiles":true,"maxNodeModuleJsDepth":2},"typeAcquisition":{"enable":true,"include":[],"exclude":[]},"unresolvedImports":[],"projectRootPath":"/home/fdiamond/Training/crwn-clothing/src/redux/cart","kind":"discover"}
[21:21:58.538] Explicitly included types: []
[21:21:58.539] Inferred typings from unresolved imports: []
[21:21:58.539] Result: {"cachedTypingPaths":[],"newTypingNames":[],"filesToWatch":["/home/fdiamond/Training/crwn-clothing/src/redux/cart/bower_components","/home/fdiamond/Training/crwn-clothing/src/redux/cart/node_modules"]}
[21:21:58.539] Finished typings discovery: {"cachedTypingPaths":[],"newTypingNames":[],"filesToWatch":["/home/fdiamond/Training/crwn-clothing/src/redux/cart/bower_components","/home/fdiamond/Training/crwn-clothing/src/redux/cart/node_modules"]}
[21:21:58.539] Sending response:
    {"projectName":"/dev/null/inferredProject2*","typeAcquisition":{"enable":true,"include":[],"exclude":[]},"compilerOptions":{"target":1,"jsx":1,"allowNonTsExtensions":true,"allowJs":true,"noEmitForJsFiles":true,"maxNodeModuleJsDepth":2},"typings":[],"unresolvedImports":[],"kind":"action::set"}
[21:21:58.539] Response has been sent.
[21:21:58.539] No new typings were requested as a result of typings discovery
[21:21:58.898] Got install request {"projectName":"/dev/null/inferredProject2*","fileNames":[],"compilerOptions":{"target":1,"jsx":1,"allowNonTsExtensions":true,"allowJs":true,"noEmitForJsFiles":true},"typeAcquisition":{"enable":true,"include":[],"exclude":[]},"unresolvedImports":[],"projectRootPath":"/home/fdiamond/Training/crwn-clothing/src/redux/cart","kind":"discover"}
[21:21:58.898] Explicitly included types: []
[21:21:58.899] Inferred typings from unresolved imports: []
[21:21:58.899] Result: {"cachedTypingPaths":[],"newTypingNames":[],"filesToWatch":["/home/fdiamond/Training/crwn-clothing/src/redux/cart/bower_components","/home/fdiamond/Training/crwn-clothing/src/redux/cart/node_modules"]}
[21:21:58.899] Finished typings discovery: {"cachedTypingPaths":[],"newTypingNames":[],"filesToWatch":["/home/fdiamond/Training/crwn-clothing/src/redux/cart/bower_components","/home/fdiamond/Training/crwn-clothing/src/redux/cart/node_modules"]}
[21:21:58.899] Sending response:
    {"projectName":"/dev/null/inferredProject2*","typeAcquisition":{"enable":true,"include":[],"exclude":[]},"compilerOptions":{"target":1,"jsx":1,"allowNonTsExtensions":true,"allowJs":true,"noEmitForJsFiles":true},"typings":[],"unresolvedImports":[],"kind":"action::set"}
[21:21:58.899] Response has been sent.
[21:21:58.899] No new typings were requested as a result of typings discovery
[21:22:17.373] Got install request {"projectName":"/dev/null/inferredProject2*","fileNames":["/usr/lib/node_modules/typescript/lib/lib.d.ts","/usr/lib/node_modules/typescript/lib/lib.es5.d.ts","/usr/lib/node_modules/typescript/lib/lib.dom.d.ts","/usr/lib/node_modules/typescript/lib/lib.webworker.importscripts.d.ts","/usr/lib/node_modules/typescript/lib/lib.scripthost.d.ts","/home/fdiamond/Training/crwn-clothing/src/redux/cart/cart.reducer.js"],"compilerOptions":{"target":1,"jsx":1,"allowNonTsExtensions":true,"allowJs":true,"noEmitForJsFiles":true,"maxNodeModuleJsDepth":2},"typeAcquisition":{"enable":true,"include":[],"exclude":[]},"unresolvedImports":[],"projectRootPath":"/home/fdiamond/Training/crwn-clothing/src/redux/cart","kind":"discover"}
[21:22:17.373] Explicitly included types: []
[21:22:17.374] Inferred typings from unresolved imports: []
[21:22:17.374] Result: {"cachedTypingPaths":[],"newTypingNames":[],"filesToWatch":["/home/fdiamond/Training/crwn-clothing/src/redux/cart/bower_components","/home/fdiamond/Training/crwn-clothing/src/redux/cart/node_modules"]}
[21:22:17.374] Finished typings discovery: {"cachedTypingPaths":[],"newTypingNames":[],"filesToWatch":["/home/fdiamond/Training/crwn-clothing/src/redux/cart/bower_components","/home/fdiamond/Training/crwn-clothing/src/redux/cart/node_modules"]}
[21:22:17.374] Sending response:
    {"projectName":"/dev/null/inferredProject2*","typeAcquisition":{"enable":true,"include":[],"exclude":[]},"compilerOptions":{"target":1,"jsx":1,"allowNonTsExtensions":true,"allowJs":true,"noEmitForJsFiles":true,"maxNodeModuleJsDepth":2},"typings":[],"unresolvedImports":[],"kind":"action::set"}
[21:22:17.374] Response has been sent.
[21:22:17.374] No new typings were requested as a result of typings discovery
