[9:32:14.775] Global cache location '/home/fdiamond/.cache/typescript/3.9', safe file path '/usr/lib/node_modules/typescript/lib/typingSafeList.json', types map path /usr/lib/node_modules/typescript/lib/typesMap.json
[9:32:14.775] Processing cache location '/home/fdiamond/.cache/typescript/3.9'
[9:32:14.775] Trying to find '/home/fdiamond/.cache/typescript/3.9/package.json'...
[9:32:14.776] Loaded content of '/home/fdiamond/.cache/typescript/3.9/package.json': {"private":true,"dependencies":{"types-registry":"^0.1.492"},"devDependencies":{"@types/assert":"^1.4.7","@types/async":"^3.2.3","@types/atob":"^2.1.2","@types/bcrypt":"^3.0.0","@types/body-parser":"^1.19.0","@types/bson":"^4.0.2","@types/cookie":"^0.4.0","@types/cookie-signature":"^1.0.3","@types/debug":"^4.1.5","@types/depd":"^1.1.32","@types/ejs":"^3.0.4","@types/express":"^4.17.6","@types/express-session":"^1.17.0","@types/isomorphic-fetch":"0.0.35","@types/js-base64":"^2.3.1","@types/json-stable-stringify":"^1.0.32","@types/lodash":"^4.14.151","@types/md5":"^2.2.0","@types/mongodb":"^3.5.18","@types/mongoose":"^5.7.21","@types/node":"^14.0.1","@types/node-sass":"^4.11.1","@types/object-path":"^0.11.0","@types/on-headers":"^1.0.0","@types/parseurl":"^1.3.1","@types/passport":"^1.0.3","@types/passport-google-oauth":"^1.0.41","@types/passport-google-oauth20":"^2.0.3","@types/passport-local":"^1.0.33","@types/passport-local-mongoose":"^4.0.13","@types/passport-oauth2":"^1.4.9","@types/passport-strategy":"^0.2.35","@types/pause":"^0.1.0","@types/random-bytes":"^1.0.1","@types/react":"^16.9.35","@types/react-dom":"^16.9.8","@types/react-redux":"^7.1.8","@types/react-router-dom":"^5.1.5","@types/redux-logger":"^3.0.7","@types/request":"^2.48.5","@types/semver":"^7.2.0","@types/sprintf":"^0.1.0","@types/testing-library__jest-dom":"^5.6.0","@types/testing-library__react":"^10.0.1","@types/testing-library__user-event":"^4.1.1","@types/uid-safe":"^2.1.2","@types/underscore":"^1.10.0"}}
[9:32:14.776] Loaded content of '/home/fdiamond/.cache/typescript/3.9/package-lock.json'
[9:32:14.784] Adding entry into typings cache: 'assert' => '/home/fdiamond/.cache/typescript/3.9/node_modules/@types/assert/ts3.7/index.d.ts'
[9:32:14.786] Adding entry into typings cache: 'async' => '/home/fdiamond/.cache/typescript/3.9/node_modules/@types/async/index.d.ts'
[9:32:14.788] Adding entry into typings cache: 'atob' => '/home/fdiamond/.cache/typescript/3.9/node_modules/@types/atob/index.d.ts'
[9:32:14.790] Adding entry into typings cache: 'bcrypt' => '/home/fdiamond/.cache/typescript/3.9/node_modules/@types/bcrypt/index.d.ts'
[9:32:14.792] Adding entry into typings cache: 'body-parser' => '/home/fdiamond/.cache/typescript/3.9/node_modules/@types/body-parser/index.d.ts'
[9:32:14.793] Adding entry into typings cache: 'bson' => '/home/fdiamond/.cache/typescript/3.9/node_modules/@types/bson/index.d.ts'
[9:32:14.795] Adding entry into typings cache: 'cookie' => '/home/fdiamond/.cache/typescript/3.9/node_modules/@types/cookie/index.d.ts'
[9:32:14.797] Adding entry into typings cache: 'cookie-signature' => '/home/fdiamond/.cache/typescript/3.9/node_modules/@types/cookie-signature/index.d.ts'
[9:32:14.798] Adding entry into typings cache: 'debug' => '/home/fdiamond/.cache/typescript/3.9/node_modules/@types/debug/index.d.ts'
[9:32:14.800] Adding entry into typings cache: 'depd' => '/home/fdiamond/.cache/typescript/3.9/node_modules/@types/depd/index.d.ts'
[9:32:14.801] Adding entry into typings cache: 'ejs' => '/home/fdiamond/.cache/typescript/3.9/node_modules/@types/ejs/index.d.ts'
[9:32:14.802] Adding entry into typings cache: 'express' => '/home/fdiamond/.cache/typescript/3.9/node_modules/@types/express/index.d.ts'
[9:32:14.805] Adding entry into typings cache: 'express-session' => '/home/fdiamond/.cache/typescript/3.9/node_modules/@types/express-session/index.d.ts'
[9:32:14.807] Adding entry into typings cache: 'isomorphic-fetch' => '/home/fdiamond/.cache/typescript/3.9/node_modules/@types/isomorphic-fetch/index.d.ts'
[9:32:14.808] Adding entry into typings cache: 'js-base64' => '/home/fdiamond/.cache/typescript/3.9/node_modules/@types/js-base64/index.d.ts'
[9:32:14.810] Adding entry into typings cache: 'json-stable-stringify' => '/home/fdiamond/.cache/typescript/3.9/node_modules/@types/json-stable-stringify/index.d.ts'
[9:32:14.814] Adding entry into typings cache: 'lodash' => '/home/fdiamond/.cache/typescript/3.9/node_modules/@types/lodash/ts3.1/index.d.ts'
[9:32:14.815] Adding entry into typings cache: 'md5' => '/home/fdiamond/.cache/typescript/3.9/node_modules/@types/md5/index.d.ts'
[9:32:14.817] Adding entry into typings cache: 'mongodb' => '/home/fdiamond/.cache/typescript/3.9/node_modules/@types/mongodb/index.d.ts'
[9:32:14.820] Adding entry into typings cache: 'mongoose' => '/home/fdiamond/.cache/typescript/3.9/node_modules/@types/mongoose/index.d.ts'
[9:32:14.826] Adding entry into typings cache: 'node' => '/home/fdiamond/.cache/typescript/3.9/node_modules/@types/node/ts3.7/index.d.ts'
[9:32:14.827] Adding entry into typings cache: 'node-sass' => '/home/fdiamond/.cache/typescript/3.9/node_modules/@types/node-sass/index.d.ts'
[9:32:14.829] Adding entry into typings cache: 'object-path' => '/home/fdiamond/.cache/typescript/3.9/node_modules/@types/object-path/index.d.ts'
[9:32:14.830] Adding entry into typings cache: 'on-headers' => '/home/fdiamond/.cache/typescript/3.9/node_modules/@types/on-headers/index.d.ts'
[9:32:14.831] Adding entry into typings cache: 'parseurl' => '/home/fdiamond/.cache/typescript/3.9/node_modules/@types/parseurl/index.d.ts'
[9:32:14.832] Adding entry into typings cache: 'passport' => '/home/fdiamond/.cache/typescript/3.9/node_modules/@types/passport/index.d.ts'
[9:32:14.834] Adding entry into typings cache: 'passport-google-oauth' => '/home/fdiamond/.cache/typescript/3.9/node_modules/@types/passport-google-oauth/index.d.ts'
[9:32:14.836] Adding entry into typings cache: 'passport-google-oauth20' => '/home/fdiamond/.cache/typescript/3.9/node_modules/@types/passport-google-oauth20/index.d.ts'
[9:32:14.839] Adding entry into typings cache: 'passport-local' => '/home/fdiamond/.cache/typescript/3.9/node_modules/@types/passport-local/index.d.ts'
[9:32:14.841] Adding entry into typings cache: 'passport-local-mongoose' => '/home/fdiamond/.cache/typescript/3.9/node_modules/@types/passport-local-mongoose/index.d.ts'
[9:32:14.842] Adding entry into typings cache: 'passport-oauth2' => '/home/fdiamond/.cache/typescript/3.9/node_modules/@types/passport-oauth2/index.d.ts'
[9:32:14.843] Adding entry into typings cache: 'passport-strategy' => '/home/fdiamond/.cache/typescript/3.9/node_modules/@types/passport-strategy/index.d.ts'
[9:32:14.845] Adding entry into typings cache: 'pause' => '/home/fdiamond/.cache/typescript/3.9/node_modules/@types/pause/index.d.ts'
[9:32:14.846] Adding entry into typings cache: 'random-bytes' => '/home/fdiamond/.cache/typescript/3.9/node_modules/@types/random-bytes/index.d.ts'
[9:32:14.849] Adding entry into typings cache: 'react' => '/home/fdiamond/.cache/typescript/3.9/node_modules/@types/react/index.d.ts'
[9:32:14.851] Adding entry into typings cache: 'react-dom' => '/home/fdiamond/.cache/typescript/3.9/node_modules/@types/react-dom/index.d.ts'
[9:32:14.852] Adding entry into typings cache: 'react-redux' => '/home/fdiamond/.cache/typescript/3.9/node_modules/@types/react-redux/index.d.ts'
[9:32:14.853] Adding entry into typings cache: 'react-router-dom' => '/home/fdiamond/.cache/typescript/3.9/node_modules/@types/react-router-dom/index.d.ts'
[9:32:14.854] Adding entry into typings cache: 'redux-logger' => '/home/fdiamond/.cache/typescript/3.9/node_modules/@types/redux-logger/index.d.ts'
[9:32:14.855] Adding entry into typings cache: 'request' => '/home/fdiamond/.cache/typescript/3.9/node_modules/@types/request/index.d.ts'
[9:32:14.856] Adding entry into typings cache: 'semver' => '/home/fdiamond/.cache/typescript/3.9/node_modules/@types/semver/index.d.ts'
[9:32:14.856] Adding entry into typings cache: 'sprintf' => '/home/fdiamond/.cache/typescript/3.9/node_modules/@types/sprintf/index.d.ts'
[9:32:14.857] Adding entry into typings cache: 'testing-library__jest-dom' => '/home/fdiamond/.cache/typescript/3.9/node_modules/@types/testing-library__jest-dom/index.d.ts'
[9:32:14.858] Adding entry into typings cache: 'testing-library__react' => '/home/fdiamond/.cache/typescript/3.9/node_modules/@types/testing-library__react/index.d.ts'
[9:32:14.859] Adding entry into typings cache: 'testing-library__user-event' => '/home/fdiamond/.cache/typescript/3.9/node_modules/@types/testing-library__user-event/index.d.ts'
[9:32:14.859] Adding entry into typings cache: 'uid-safe' => '/home/fdiamond/.cache/typescript/3.9/node_modules/@types/uid-safe/index.d.ts'
[9:32:14.860] Adding entry into typings cache: 'underscore' => '/home/fdiamond/.cache/typescript/3.9/node_modules/@types/underscore/index.d.ts'
[9:32:14.860] Finished processing cache location '/home/fdiamond/.cache/typescript/3.9'
[9:32:14.860] Process id: 118503
[9:32:14.860] NPM location: /usr/bin/npm (explicit '--npmLocation' not  provided)
[9:32:14.860] validateDefaultNpmLocation: false
[9:32:14.860] Npm config file: /home/fdiamond/.cache/typescript/3.9/package.json
[9:32:14.860] Updating types-registry npm package...
[9:32:14.860] Exec: /usr/bin/npm install --ignore-scripts types-registry@latest
[9:32:21.441]     Succeeded. stdout:
    + types-registry@0.1.492
    updated 1 package and audited 100 packages in 6.131s

1 package is looking for funding
  run `npm fund` for details

found 0 vulnerabilities


[9:32:21.441] Updated types-registry npm package
[9:32:21.460] Got install request {"projectName":"/dev/null/inferredProject1*","fileNames":["/usr/lib/node_modules/typescript/lib/lib.d.ts","/usr/lib/node_modules/typescript/lib/lib.es5.d.ts","/usr/lib/node_modules/typescript/lib/lib.dom.d.ts","/usr/lib/node_modules/typescript/lib/lib.webworker.importscripts.d.ts","/usr/lib/node_modules/typescript/lib/lib.scripthost.d.ts","/home/fdiamond/Training/crwn-clothing/src/components/custom-button/custom-button.component.jsx","/home/fdiamond/Training/crwn-clothing/src/redux/cart/cart.types.js","/home/fdiamond/Training/crwn-clothing/src/redux/cart/cart.actions.js","/home/fdiamond/Training/crwn-clothing/src/components/collection-item/collection-item.component.jsx","/home/fdiamond/Training/crwn-clothing/src/components/collection-preview/collection-preview.jsx"],"compilerOptions":{"target":1,"jsx":1,"allowNonTsExtensions":true,"allowJs":true,"noEmitForJsFiles":true,"maxNodeModuleJsDepth":2},"typeAcquisition":{"enable":true,"include":[],"exclude":[]},"unresolvedImports":[],"projectRootPath":"/home/fdiamond/Training/crwn-clothing/src/components/collection-preview","kind":"discover"}
[9:32:21.468] Loaded safelist from types map file '/usr/lib/node_modules/typescript/lib/typesMap.json'
[9:32:21.469] Explicitly included types: []
[9:32:21.470] Inferred 'react' typings due to presence of '.jsx' extension
[9:32:21.470] Inferred typings from unresolved imports: []
[9:32:21.470] Result: {"cachedTypingPaths":["/home/fdiamond/.cache/typescript/3.9/node_modules/@types/react/index.d.ts"],"newTypingNames":[],"filesToWatch":["/home/fdiamond/Training/crwn-clothing/src/components/custom-button/bower_components","/home/fdiamond/Training/crwn-clothing/src/components/custom-button/node_modules","/home/fdiamond/Training/crwn-clothing/src/redux/cart/bower_components","/home/fdiamond/Training/crwn-clothing/src/redux/cart/node_modules","/home/fdiamond/Training/crwn-clothing/src/components/collection-item/bower_components","/home/fdiamond/Training/crwn-clothing/src/components/collection-item/node_modules","/home/fdiamond/Training/crwn-clothing/src/components/collection-preview/bower_components","/home/fdiamond/Training/crwn-clothing/src/components/collection-preview/node_modules"]}
[9:32:21.470] Finished typings discovery: {"cachedTypingPaths":["/home/fdiamond/.cache/typescript/3.9/node_modules/@types/react/index.d.ts"],"newTypingNames":[],"filesToWatch":["/home/fdiamond/Training/crwn-clothing/src/components/custom-button/bower_components","/home/fdiamond/Training/crwn-clothing/src/components/custom-button/node_modules","/home/fdiamond/Training/crwn-clothing/src/redux/cart/bower_components","/home/fdiamond/Training/crwn-clothing/src/redux/cart/node_modules","/home/fdiamond/Training/crwn-clothing/src/components/collection-item/bower_components","/home/fdiamond/Training/crwn-clothing/src/components/collection-item/node_modules","/home/fdiamond/Training/crwn-clothing/src/components/collection-preview/bower_components","/home/fdiamond/Training/crwn-clothing/src/components/collection-preview/node_modules"]}
[9:32:21.470] DirectoryWatcher:: Added:: WatchInfo: /home/fdiamond/Training/crwn-clothing/src/components/custom-button/bower_components
[9:32:21.472] DirectoryWatcher:: Added:: WatchInfo: /home/fdiamond/Training/crwn-clothing/src/components/custom-button/node_modules
[9:32:21.472] DirectoryWatcher:: Added:: WatchInfo: /home/fdiamond/Training/crwn-clothing/src/redux/cart/bower_components
[9:32:21.474] DirectoryWatcher:: Added:: WatchInfo: /home/fdiamond/Training/crwn-clothing/src/redux/cart/node_modules
[9:32:21.474] DirectoryWatcher:: Added:: WatchInfo: /home/fdiamond/Training/crwn-clothing/src/components/collection-item/bower_components
[9:32:21.474] DirectoryWatcher:: Added:: WatchInfo: /home/fdiamond/Training/crwn-clothing/src/components/collection-item/node_modules
[9:32:21.475] DirectoryWatcher:: Added:: WatchInfo: /home/fdiamond/Training/crwn-clothing/src/components/collection-preview/bower_components
[9:32:21.475] DirectoryWatcher:: Added:: WatchInfo: /home/fdiamond/Training/crwn-clothing/src/components/collection-preview/node_modules
[9:32:21.475] Sending response:
    {"projectName":"/dev/null/inferredProject1*","typeAcquisition":{"enable":true,"include":[],"exclude":[]},"compilerOptions":{"target":1,"jsx":1,"allowNonTsExtensions":true,"allowJs":true,"noEmitForJsFiles":true,"maxNodeModuleJsDepth":2},"typings":["/home/fdiamond/.cache/typescript/3.9/node_modules/@types/react/index.d.ts"],"unresolvedImports":[],"kind":"action::set"}
[9:32:21.475] Response has been sent.
[9:32:21.475] No new typings were requested as a result of typings discovery
[9:32:21.475] Got install request {"projectName":"/dev/null/inferredProject2*","fileNames":["/usr/lib/node_modules/typescript/lib/lib.d.ts","/usr/lib/node_modules/typescript/lib/lib.es5.d.ts","/usr/lib/node_modules/typescript/lib/lib.dom.d.ts","/usr/lib/node_modules/typescript/lib/lib.webworker.importscripts.d.ts","/usr/lib/node_modules/typescript/lib/lib.scripthost.d.ts","/home/fdiamond/Training/crwn-clothing/src/components/form-input/form-input.component.jsx","/home/fdiamond/Training/crwn-clothing/src/components/custom-button/custom-button.component.jsx","/home/fdiamond/Training/crwn-clothing/src/firebase/firebase.utils.js","/home/fdiamond/Training/crwn-clothing/src/components/sign-in/sign-in.component.jsx"],"compilerOptions":{"target":1,"jsx":1,"allowNonTsExtensions":true,"allowJs":true,"noEmitForJsFiles":true,"maxNodeModuleJsDepth":2},"typeAcquisition":{"enable":true,"include":[],"exclude":[]},"unresolvedImports":[],"projectRootPath":"/home/fdiamond/Training/crwn-clothing/src/components/sign-in","kind":"discover"}
[9:32:21.476] Explicitly included types: []
[9:32:21.476] Inferred 'react' typings due to presence of '.jsx' extension
[9:32:21.476] Inferred typings from unresolved imports: []
[9:32:21.476] Result: {"cachedTypingPaths":["/home/fdiamond/.cache/typescript/3.9/node_modules/@types/react/index.d.ts"],"newTypingNames":[],"filesToWatch":["/home/fdiamond/Training/crwn-clothing/src/components/form-input/bower_components","/home/fdiamond/Training/crwn-clothing/src/components/form-input/node_modules","/home/fdiamond/Training/crwn-clothing/src/components/custom-button/bower_components","/home/fdiamond/Training/crwn-clothing/src/components/custom-button/node_modules","/home/fdiamond/Training/crwn-clothing/src/firebase/bower_components","/home/fdiamond/Training/crwn-clothing/src/firebase/node_modules","/home/fdiamond/Training/crwn-clothing/src/components/sign-in/bower_components","/home/fdiamond/Training/crwn-clothing/src/components/sign-in/node_modules"]}
[9:32:21.476] Finished typings discovery: {"cachedTypingPaths":["/home/fdiamond/.cache/typescript/3.9/node_modules/@types/react/index.d.ts"],"newTypingNames":[],"filesToWatch":["/home/fdiamond/Training/crwn-clothing/src/components/form-input/bower_components","/home/fdiamond/Training/crwn-clothing/src/components/form-input/node_modules","/home/fdiamond/Training/crwn-clothing/src/components/custom-button/bower_components","/home/fdiamond/Training/crwn-clothing/src/components/custom-button/node_modules","/home/fdiamond/Training/crwn-clothing/src/firebase/bower_components","/home/fdiamond/Training/crwn-clothing/src/firebase/node_modules","/home/fdiamond/Training/crwn-clothing/src/components/sign-in/bower_components","/home/fdiamond/Training/crwn-clothing/src/components/sign-in/node_modules"]}
[9:32:21.476] DirectoryWatcher:: Added:: WatchInfo: /home/fdiamond/Training/crwn-clothing/src/components/form-input/bower_components
[9:32:21.476] DirectoryWatcher:: Added:: WatchInfo: /home/fdiamond/Training/crwn-clothing/src/components/form-input/node_modules
[9:32:21.477] DirectoryWatcher:: Added:: WatchInfo: /home/fdiamond/Training/crwn-clothing/src/components/custom-button/bower_components
[9:32:21.477] DirectoryWatcher:: Added:: WatchInfo: /home/fdiamond/Training/crwn-clothing/src/components/custom-button/node_modules
[9:32:21.477] DirectoryWatcher:: Added:: WatchInfo: /home/fdiamond/Training/crwn-clothing/src/firebase/bower_components
[9:32:21.477] DirectoryWatcher:: Added:: WatchInfo: /home/fdiamond/Training/crwn-clothing/src/firebase/node_modules
[9:32:21.477] DirectoryWatcher:: Added:: WatchInfo: /home/fdiamond/Training/crwn-clothing/src/components/sign-in/bower_components
[9:32:21.477] DirectoryWatcher:: Added:: WatchInfo: /home/fdiamond/Training/crwn-clothing/src/components/sign-in/node_modules
[9:32:21.477] Sending response:
    {"projectName":"/dev/null/inferredProject2*","typeAcquisition":{"enable":true,"include":[],"exclude":[]},"compilerOptions":{"target":1,"jsx":1,"allowNonTsExtensions":true,"allowJs":true,"noEmitForJsFiles":true,"maxNodeModuleJsDepth":2},"typings":["/home/fdiamond/.cache/typescript/3.9/node_modules/@types/react/index.d.ts"],"unresolvedImports":[],"kind":"action::set"}
[9:32:21.477] Response has been sent.
[9:32:21.477] No new typings were requested as a result of typings discovery
[9:32:21.477] Got install request {"projectName":"/dev/null/inferredProject3*","fileNames":["/usr/lib/node_modules/typescript/lib/lib.d.ts","/usr/lib/node_modules/typescript/lib/lib.es5.d.ts","/usr/lib/node_modules/typescript/lib/lib.dom.d.ts","/usr/lib/node_modules/typescript/lib/lib.webworker.importscripts.d.ts","/usr/lib/node_modules/typescript/lib/lib.scripthost.d.ts","/home/fdiamond/Training/crwn-clothing/src/serviceWorker.js"],"compilerOptions":{"target":1,"jsx":1,"allowNonTsExtensions":true,"allowJs":true,"noEmitForJsFiles":true,"maxNodeModuleJsDepth":2},"typeAcquisition":{"enable":true,"include":[],"exclude":[]},"unresolvedImports":[],"projectRootPath":"/home/fdiamond/Training/crwn-clothing/src","kind":"discover"}
[9:32:21.477] Explicitly included types: []
[9:32:21.478] Inferred typings from unresolved imports: []
[9:32:21.478] Result: {"cachedTypingPaths":[],"newTypingNames":[],"filesToWatch":["/home/fdiamond/Training/crwn-clothing/src/bower_components","/home/fdiamond/Training/crwn-clothing/src/node_modules"]}
[9:32:21.478] Finished typings discovery: {"cachedTypingPaths":[],"newTypingNames":[],"filesToWatch":["/home/fdiamond/Training/crwn-clothing/src/bower_components","/home/fdiamond/Training/crwn-clothing/src/node_modules"]}
[9:32:21.478] DirectoryWatcher:: Added:: WatchInfo: /home/fdiamond/Training/crwn-clothing/src/bower_components
[9:32:21.478] DirectoryWatcher:: Added:: WatchInfo: /home/fdiamond/Training/crwn-clothing/src/node_modules
[9:32:21.478] Sending response:
    {"projectName":"/dev/null/inferredProject3*","typeAcquisition":{"enable":true,"include":[],"exclude":[]},"compilerOptions":{"target":1,"jsx":1,"allowNonTsExtensions":true,"allowJs":true,"noEmitForJsFiles":true,"maxNodeModuleJsDepth":2},"typings":[],"unresolvedImports":[],"kind":"action::set"}
[9:32:21.478] Response has been sent.
[9:32:21.478] No new typings were requested as a result of typings discovery
[9:32:21.478] Got install request {"projectName":"/dev/null/inferredProject4*","fileNames":["/usr/lib/node_modules/typescript/lib/lib.d.ts","/usr/lib/node_modules/typescript/lib/lib.es5.d.ts","/usr/lib/node_modules/typescript/lib/lib.dom.d.ts","/usr/lib/node_modules/typescript/lib/lib.webworker.importscripts.d.ts","/usr/lib/node_modules/typescript/lib/lib.scripthost.d.ts","/home/fdiamond/Training/crwn-clothing/src/firebase/firebase.utils.js","/home/fdiamond/Training/crwn-clothing/src/redux/user/user.types.js","/home/fdiamond/Training/crwn-clothing/src/redux/user/user.actions.js","/home/fdiamond/Training/crwn-clothing/src/components/custom-button/custom-button.component.jsx","/home/fdiamond/Training/crwn-clothing/src/redux/cart/cart.types.js","/home/fdiamond/Training/crwn-clothing/src/redux/cart/cart.actions.js","/home/fdiamond/Training/crwn-clothing/src/components/collection-item/collection-item.component.jsx","/home/fdiamond/Training/crwn-clothing/src/components/collection-preview/collection-preview.jsx","/home/fdiamond/Training/crwn-clothing/src/pages/shop/shopData.js","/home/fdiamond/Training/crwn-clothing/src/pages/shop/shop.component.jsx","/home/fdiamond/Training/crwn-clothing/src/redux/cart/cart.selector.js","/home/fdiamond/Training/crwn-clothing/src/components/cart-icon/cart-icon.component.jsx","/home/fdiamond/Training/crwn-clothing/src/components/cart-item/cart-item.component.jsx","/home/fdiamond/Training/crwn-clothing/src/components/cart-dropdown/cart-dropdown.component.jsx","/home/fdiamond/Training/crwn-clothing/src/components/header/header.component.jsx","/home/fdiamond/Training/crwn-clothing/src/components/form-input/form-input.component.jsx","/home/fdiamond/Training/crwn-clothing/src/components/sign-in/sign-in.component.jsx","/home/fdiamond/Training/crwn-clothing/src/components/sign-up/sign-up.component.jsx","/home/fdiamond/Training/crwn-clothing/src/pages/sign-in-and-sign-up/sign-in-and-sign-up.jsx","/home/fdiamond/Training/crwn-clothing/src/components/menu-item/menu-item.component.jsx","/home/fdiamond/Training/crwn-clothing/src/components/directory-component/directory.component.jsx","/home/fdiamond/Training/crwn-clothing/src/homepage.component.jsx","/home/fdiamond/Training/crwn-clothing/src/App.js","/home/fdiamond/Training/crwn-clothing/src/redux/user/user.reducer.js","/home/fdiamond/Training/crwn-clothing/src/redux/cart/cart.utils.js","/home/fdiamond/Training/crwn-clothing/src/redux/cart/cart.reducer.js","/home/fdiamond/Training/crwn-clothing/src/redux/root-reducer.js","/home/fdiamond/Training/crwn-clothing/src/redux/store.js","/home/fdiamond/Training/crwn-clothing/src/index.js"],"compilerOptions":{"target":1,"jsx":1,"allowNonTsExtensions":true,"allowJs":true,"noEmitForJsFiles":true,"maxNodeModuleJsDepth":2},"typeAcquisition":{"enable":true,"include":[],"exclude":[]},"unresolvedImports":[],"projectRootPath":"/home/fdiamond/Training/crwn-clothing/src","kind":"discover"}
[9:32:21.478] Explicitly included types: []
[9:32:21.481] Inferred typings from file names: ["storejs"]
[9:32:21.481] Inferred 'react' typings due to presence of '.jsx' extension
[9:32:21.481] Inferred typings from unresolved imports: []
[9:32:21.481] Result: {"cachedTypingPaths":["/home/fdiamond/.cache/typescript/3.9/node_modules/@types/react/index.d.ts"],"newTypingNames":["storejs"],"filesToWatch":["/home/fdiamond/Training/crwn-clothing/src/firebase/bower_components","/home/fdiamond/Training/crwn-clothing/src/firebase/node_modules","/home/fdiamond/Training/crwn-clothing/src/redux/user/bower_components","/home/fdiamond/Training/crwn-clothing/src/redux/user/node_modules","/home/fdiamond/Training/crwn-clothing/src/components/custom-button/bower_components","/home/fdiamond/Training/crwn-clothing/src/components/custom-button/node_modules","/home/fdiamond/Training/crwn-clothing/src/redux/cart/bower_components","/home/fdiamond/Training/crwn-clothing/src/redux/cart/node_modules","/home/fdiamond/Training/crwn-clothing/src/components/collection-item/bower_components","/home/fdiamond/Training/crwn-clothing/src/components/collection-item/node_modules","/home/fdiamond/Training/crwn-clothing/src/components/collection-preview/bower_components","/home/fdiamond/Training/crwn-clothing/src/components/collection-preview/node_modules","/home/fdiamond/Training/crwn-clothing/src/pages/shop/bower_components","/home/fdiamond/Training/crwn-clothing/src/pages/shop/node_modules","/home/fdiamond/Training/crwn-clothing/src/components/cart-icon/bower_components","/home/fdiamond/Training/crwn-clothing/src/components/cart-icon/node_modules","/home/fdiamond/Training/crwn-clothing/src/components/cart-item/bower_components","/home/fdiamond/Training/crwn-clothing/src/components/cart-item/node_modules","/home/fdiamond/Training/crwn-clothing/src/components/cart-dropdown/bower_components","/home/fdiamond/Training/crwn-clothing/src/components/cart-dropdown/node_modules","/home/fdiamond/Training/crwn-clothing/src/components/header/bower_components","/home/fdiamond/Training/crwn-clothing/src/components/header/node_modules","/home/fdiamond/Training/crwn-clothing/src/components/form-input/bower_components","/home/fdiamond/Training/crwn-clothing/src/components/form-input/node_modules","/home/fdiamond/Training/crwn-clothing/src/components/sign-in/bower_components","/home/fdiamond/Training/crwn-clothing/src/components/sign-in/node_modules","/home/fdiamond/Training/crwn-clothing/src/components/sign-up/bower_components","/home/fdiamond/Training/crwn-clothing/src/components/sign-up/node_modules","/home/fdiamond/Training/crwn-clothing/src/pages/sign-in-and-sign-up/bower_components","/home/fdiamond/Training/crwn-clothing/src/pages/sign-in-and-sign-up/node_modules","/home/fdiamond/Training/crwn-clothing/src/components/menu-item/bower_components","/home/fdiamond/Training/crwn-clothing/src/components/menu-item/node_modules","/home/fdiamond/Training/crwn-clothing/src/components/directory-component/bower_components","/home/fdiamond/Training/crwn-clothing/src/components/directory-component/node_modules","/home/fdiamond/Training/crwn-clothing/src/bower_components","/home/fdiamond/Training/crwn-clothing/src/node_modules","/home/fdiamond/Training/crwn-clothing/src/redux/bower_components","/home/fdiamond/Training/crwn-clothing/src/redux/node_modules"]}
[9:32:21.481] Finished typings discovery: {"cachedTypingPaths":["/home/fdiamond/.cache/typescript/3.9/node_modules/@types/react/index.d.ts"],"newTypingNames":["storejs"],"filesToWatch":["/home/fdiamond/Training/crwn-clothing/src/firebase/bower_components","/home/fdiamond/Training/crwn-clothing/src/firebase/node_modules","/home/fdiamond/Training/crwn-clothing/src/redux/user/bower_components","/home/fdiamond/Training/crwn-clothing/src/redux/user/node_modules","/home/fdiamond/Training/crwn-clothing/src/components/custom-button/bower_components","/home/fdiamond/Training/crwn-clothing/src/components/custom-button/node_modules","/home/fdiamond/Training/crwn-clothing/src/redux/cart/bower_components","/home/fdiamond/Training/crwn-clothing/src/redux/cart/node_modules","/home/fdiamond/Training/crwn-clothing/src/components/collection-item/bower_components","/home/fdiamond/Training/crwn-clothing/src/components/collection-item/node_modules","/home/fdiamond/Training/crwn-clothing/src/components/collection-preview/bower_components","/home/fdiamond/Training/crwn-clothing/src/components/collection-preview/node_modules","/home/fdiamond/Training/crwn-clothing/src/pages/shop/bower_components","/home/fdiamond/Training/crwn-clothing/src/pages/shop/node_modules","/home/fdiamond/Training/crwn-clothing/src/components/cart-icon/bower_components","/home/fdiamond/Training/crwn-clothing/src/components/cart-icon/node_modules","/home/fdiamond/Training/crwn-clothing/src/components/cart-item/bower_components","/home/fdiamond/Training/crwn-clothing/src/components/cart-item/node_modules","/home/fdiamond/Training/crwn-clothing/src/components/cart-dropdown/bower_components","/home/fdiamond/Training/crwn-clothing/src/components/cart-dropdown/node_modules","/home/fdiamond/Training/crwn-clothing/src/components/header/bower_components","/home/fdiamond/Training/crwn-clothing/src/components/header/node_modules","/home/fdiamond/Training/crwn-clothing/src/components/form-input/bower_components","/home/fdiamond/Training/crwn-clothing/src/components/form-input/node_modules","/home/fdiamond/Training/crwn-clothing/src/components/sign-in/bower_components","/home/fdiamond/Training/crwn-clothing/src/components/sign-in/node_modules","/home/fdiamond/Training/crwn-clothing/src/components/sign-up/bower_components","/home/fdiamond/Training/crwn-clothing/src/components/sign-up/node_modules","/home/fdiamond/Training/crwn-clothing/src/pages/sign-in-and-sign-up/bower_components","/home/fdiamond/Training/crwn-clothing/src/pages/sign-in-and-sign-up/node_modules","/home/fdiamond/Training/crwn-clothing/src/components/menu-item/bower_components","/home/fdiamond/Training/crwn-clothing/src/components/menu-item/node_modules","/home/fdiamond/Training/crwn-clothing/src/components/directory-component/bower_components","/home/fdiamond/Training/crwn-clothing/src/components/directory-component/node_modules","/home/fdiamond/Training/crwn-clothing/src/bower_components","/home/fdiamond/Training/crwn-clothing/src/node_modules","/home/fdiamond/Training/crwn-clothing/src/redux/bower_components","/home/fdiamond/Training/crwn-clothing/src/redux/node_modules"]}
[9:32:21.481] DirectoryWatcher:: Added:: WatchInfo: /home/fdiamond/Training/crwn-clothing/src/firebase
[9:32:21.482] DirectoryWatcher:: Added:: WatchInfo: /home/fdiamond/Training/crwn-clothing/src/redux
[9:32:21.482] DirectoryWatcher:: Added:: WatchInfo: /home/fdiamond/Training/crwn-clothing/src/components
[9:32:21.484] DirectoryWatcher:: Added:: WatchInfo: /home/fdiamond/Training/crwn-clothing/src/pages
[9:32:21.484] DirectoryWatcher:: Added:: WatchInfo: /home/fdiamond/Training/crwn-clothing/src/bower_components
[9:32:21.484] DirectoryWatcher:: Added:: WatchInfo: /home/fdiamond/Training/crwn-clothing/src/node_modules
[9:32:21.485] Installing typings ["storejs"]
[9:32:21.485] 'storejs':: Entry for package 'storejs' does not exist in local types registry - skipping...
[9:32:21.485] All typings are known to be missing or invalid - no need to install more typings
[9:32:21.485] Sending response:
    {"projectName":"/dev/null/inferredProject4*","typeAcquisition":{"enable":true,"include":[],"exclude":[]},"compilerOptions":{"target":1,"jsx":1,"allowNonTsExtensions":true,"allowJs":true,"noEmitForJsFiles":true,"maxNodeModuleJsDepth":2},"typings":["/home/fdiamond/.cache/typescript/3.9/node_modules/@types/react/index.d.ts"],"unresolvedImports":[],"kind":"action::set"}
[9:32:21.485] Response has been sent.
[9:34:59.29] DirectoryWatcher:: Triggered with /home/fdiamond/Training/crwn-clothing/src/components/cart-dropdown/cart-dropdown.styles.scss :: WatchInfo: /home/fdiamond/Training/crwn-clothing/src/components recursive :: handler is already invoked 'false'
[9:34:59.30] DirectoryWatcher:: Triggered with /home/fdiamond/Training/crwn-clothing/src/components/cart-icon/cart-icon.component.jsx :: WatchInfo: /home/fdiamond/Training/crwn-clothing/src/components recursive :: handler is already invoked 'false'
[9:34:59.31] DirectoryWatcher:: Triggered with /home/fdiamond/Training/crwn-clothing/src/components/cart-dropdown :: WatchInfo: /home/fdiamond/Training/crwn-clothing/src/components recursive :: handler is already invoked 'false'
[9:34:59.32] DirectoryWatcher:: Triggered with /home/fdiamond/Training/crwn-clothing/src/components/cart-icon/cart-icon.styles.scss :: WatchInfo: /home/fdiamond/Training/crwn-clothing/src/components recursive :: handler is already invoked 'false'
[9:34:59.32] DirectoryWatcher:: Triggered with /home/fdiamond/Training/crwn-clothing/src/components/cart-item/cart-item.component.jsx :: WatchInfo: /home/fdiamond/Training/crwn-clothing/src/components recursive :: handler is already invoked 'false'
[9:34:59.33] DirectoryWatcher:: Triggered with /home/fdiamond/Training/crwn-clothing/src/components/cart-icon :: WatchInfo: /home/fdiamond/Training/crwn-clothing/src/components recursive :: handler is already invoked 'false'
[9:34:59.33] DirectoryWatcher:: Triggered with /home/fdiamond/Training/crwn-clothing/src/components/cart-item/cart-item.styles.scss :: WatchInfo: /home/fdiamond/Training/crwn-clothing/src/components recursive :: handler is already invoked 'false'
[9:34:59.34] DirectoryWatcher:: Triggered with /home/fdiamond/Training/crwn-clothing/src/components/cart-item :: WatchInfo: /home/fdiamond/Training/crwn-clothing/src/components recursive :: handler is already invoked 'false'
[9:34:59.35] DirectoryWatcher:: Triggered with /home/fdiamond/Training/crwn-clothing/src/components/sign-up/sign-up.component.jsx :: WatchInfo: /home/fdiamond/Training/crwn-clothing/src/components recursive :: handler is already invoked 'false'
[9:34:59.35] DirectoryWatcher:: Triggered with /home/fdiamond/Training/crwn-clothing/src/components/sign-up/sign-up.styles.scss :: WatchInfo: /home/fdiamond/Training/crwn-clothing/src/components recursive :: handler is already invoked 'false'
[9:34:59.36] DirectoryWatcher:: Triggered with /home/fdiamond/Training/crwn-clothing/src/components/sign-up :: WatchInfo: /home/fdiamond/Training/crwn-clothing/src/components recursive :: handler is already invoked 'false'
[9:34:59.37] DirectoryWatcher:: Triggered with /home/fdiamond/Training/crwn-clothing/src/redux/.tern-port :: WatchInfo: /home/fdiamond/Training/crwn-clothing/src/redux recursive :: handler is already invoked 'false'
[9:34:59.37] DirectoryWatcher:: Triggered with /home/fdiamond/Training/crwn-clothing/src/redux/root-reducer.js :: WatchInfo: /home/fdiamond/Training/crwn-clothing/src/redux recursive :: handler is already invoked 'false'
[9:34:59.37] DirectoryWatcher:: Triggered with /home/fdiamond/Training/crwn-clothing/src/redux/store.js :: WatchInfo: /home/fdiamond/Training/crwn-clothing/src/redux recursive :: handler is already invoked 'false'
[9:34:59.38] DirectoryWatcher:: Triggered with /home/fdiamond/Training/crwn-clothing/src/redux/cart :: WatchInfo: /home/fdiamond/Training/crwn-clothing/src/redux recursive :: handler is already invoked 'false'
[9:34:59.38] DirectoryWatcher:: Triggered with /home/fdiamond/Training/crwn-clothing/src/redux/user :: WatchInfo: /home/fdiamond/Training/crwn-clothing/src/redux recursive :: handler is already invoked 'false'
[9:34:59.38] DirectoryWatcher:: Triggered with /home/fdiamond/Training/crwn-clothing/src/redux :: WatchInfo: /home/fdiamond/Training/crwn-clothing/src/redux recursive :: handler is already invoked 'false'
[9:34:59.546] Got install request {"projectName":"/dev/null/inferredProject4*","fileNames":["/usr/lib/node_modules/typescript/lib/lib.d.ts","/usr/lib/node_modules/typescript/lib/lib.es5.d.ts","/usr/lib/node_modules/typescript/lib/lib.dom.d.ts","/usr/lib/node_modules/typescript/lib/lib.webworker.importscripts.d.ts","/usr/lib/node_modules/typescript/lib/lib.scripthost.d.ts","/home/fdiamond/.cache/typescript/3.9/node_modules/@types/react/global.d.ts","/home/fdiamond/.cache/typescript/3.9/node_modules/@types/react/index.d.ts","/home/fdiamond/Training/crwn-clothing/src/firebase/firebase.utils.js","/home/fdiamond/Training/crwn-clothing/src/components/custom-button/custom-button.component.jsx","/home/fdiamond/Training/crwn-clothing/src/components/collection-item/collection-item.component.jsx","/home/fdiamond/Training/crwn-clothing/src/components/collection-preview/collection-preview.jsx","/home/fdiamond/Training/crwn-clothing/src/pages/shop/shopData.js","/home/fdiamond/Training/crwn-clothing/src/pages/shop/shop.component.jsx","/home/fdiamond/Training/crwn-clothing/src/components/cart-icon/cart-icon.component.jsx","/home/fdiamond/Training/crwn-clothing/src/components/cart-item/cart-item.component.jsx","/home/fdiamond/Training/crwn-clothing/src/components/cart-dropdown/cart-dropdown.component.jsx","/home/fdiamond/Training/crwn-clothing/src/components/header/header.component.jsx","/home/fdiamond/Training/crwn-clothing/src/components/form-input/form-input.component.jsx","/home/fdiamond/Training/crwn-clothing/src/components/sign-in/sign-in.component.jsx","/home/fdiamond/Training/crwn-clothing/src/components/sign-up/sign-up.component.jsx","/home/fdiamond/Training/crwn-clothing/src/pages/sign-in-and-sign-up/sign-in-and-sign-up.jsx","/home/fdiamond/Training/crwn-clothing/src/components/menu-item/menu-item.component.jsx","/home/fdiamond/Training/crwn-clothing/src/components/directory-component/directory.component.jsx","/home/fdiamond/Training/crwn-clothing/src/homepage.component.jsx","/home/fdiamond/Training/crwn-clothing/src/App.js","/home/fdiamond/Training/crwn-clothing/src/index.js"],"compilerOptions":{"target":1,"jsx":1,"allowNonTsExtensions":true,"allowJs":true,"noEmitForJsFiles":true,"maxNodeModuleJsDepth":2},"typeAcquisition":{"enable":true,"include":[],"exclude":[]},"unresolvedImports":[],"projectRootPath":"/home/fdiamond/Training/crwn-clothing/src","kind":"discover"}
[9:34:59.547] Explicitly included types: []
[9:34:59.550] Inferred 'react' typings due to presence of '.jsx' extension
[9:34:59.550] Inferred typings from unresolved imports: []
[9:34:59.550] Result: {"cachedTypingPaths":["/home/fdiamond/.cache/typescript/3.9/node_modules/@types/react/index.d.ts"],"newTypingNames":[],"filesToWatch":["/home/fdiamond/Training/crwn-clothing/src/firebase/bower_components","/home/fdiamond/Training/crwn-clothing/src/firebase/node_modules","/home/fdiamond/Training/crwn-clothing/src/components/custom-button/bower_components","/home/fdiamond/Training/crwn-clothing/src/components/custom-button/node_modules","/home/fdiamond/Training/crwn-clothing/src/components/collection-item/bower_components","/home/fdiamond/Training/crwn-clothing/src/components/collection-item/node_modules","/home/fdiamond/Training/crwn-clothing/src/components/collection-preview/bower_components","/home/fdiamond/Training/crwn-clothing/src/components/collection-preview/node_modules","/home/fdiamond/Training/crwn-clothing/src/pages/shop/bower_components","/home/fdiamond/Training/crwn-clothing/src/pages/shop/node_modules","/home/fdiamond/Training/crwn-clothing/src/components/cart-icon/bower_components","/home/fdiamond/Training/crwn-clothing/src/components/cart-icon/node_modules","/home/fdiamond/Training/crwn-clothing/src/components/cart-item/bower_components","/home/fdiamond/Training/crwn-clothing/src/components/cart-item/node_modules","/home/fdiamond/Training/crwn-clothing/src/components/cart-dropdown/bower_components","/home/fdiamond/Training/crwn-clothing/src/components/cart-dropdown/node_modules","/home/fdiamond/Training/crwn-clothing/src/components/header/bower_components","/home/fdiamond/Training/crwn-clothing/src/components/header/node_modules","/home/fdiamond/Training/crwn-clothing/src/components/form-input/bower_components","/home/fdiamond/Training/crwn-clothing/src/components/form-input/node_modules","/home/fdiamond/Training/crwn-clothing/src/components/sign-in/bower_components","/home/fdiamond/Training/crwn-clothing/src/components/sign-in/node_modules","/home/fdiamond/Training/crwn-clothing/src/components/sign-up/bower_components","/home/fdiamond/Training/crwn-clothing/src/components/sign-up/node_modules","/home/fdiamond/Training/crwn-clothing/src/pages/sign-in-and-sign-up/bower_components","/home/fdiamond/Training/crwn-clothing/src/pages/sign-in-and-sign-up/node_modules","/home/fdiamond/Training/crwn-clothing/src/components/menu-item/bower_components","/home/fdiamond/Training/crwn-clothing/src/components/menu-item/node_modules","/home/fdiamond/Training/crwn-clothing/src/components/directory-component/bower_components","/home/fdiamond/Training/crwn-clothing/src/components/directory-component/node_modules","/home/fdiamond/Training/crwn-clothing/src/bower_components","/home/fdiamond/Training/crwn-clothing/src/node_modules"]}
[9:34:59.550] Finished typings discovery: {"cachedTypingPaths":["/home/fdiamond/.cache/typescript/3.9/node_modules/@types/react/index.d.ts"],"newTypingNames":[],"filesToWatch":["/home/fdiamond/Training/crwn-clothing/src/firebase/bower_components","/home/fdiamond/Training/crwn-clothing/src/firebase/node_modules","/home/fdiamond/Training/crwn-clothing/src/components/custom-button/bower_components","/home/fdiamond/Training/crwn-clothing/src/components/custom-button/node_modules","/home/fdiamond/Training/crwn-clothing/src/components/collection-item/bower_components","/home/fdiamond/Training/crwn-clothing/src/components/collection-item/node_modules","/home/fdiamond/Training/crwn-clothing/src/components/collection-preview/bower_components","/home/fdiamond/Training/crwn-clothing/src/components/collection-preview/node_modules","/home/fdiamond/Training/crwn-clothing/src/pages/shop/bower_components","/home/fdiamond/Training/crwn-clothing/src/pages/shop/node_modules","/home/fdiamond/Training/crwn-clothing/src/components/cart-icon/bower_components","/home/fdiamond/Training/crwn-clothing/src/components/cart-icon/node_modules","/home/fdiamond/Training/crwn-clothing/src/components/cart-item/bower_components","/home/fdiamond/Training/crwn-clothing/src/components/cart-item/node_modules","/home/fdiamond/Training/crwn-clothing/src/components/cart-dropdown/bower_components","/home/fdiamond/Training/crwn-clothing/src/components/cart-dropdown/node_modules","/home/fdiamond/Training/crwn-clothing/src/components/header/bower_components","/home/fdiamond/Training/crwn-clothing/src/components/header/node_modules","/home/fdiamond/Training/crwn-clothing/src/components/form-input/bower_components","/home/fdiamond/Training/crwn-clothing/src/components/form-input/node_modules","/home/fdiamond/Training/crwn-clothing/src/components/sign-in/bower_components","/home/fdiamond/Training/crwn-clothing/src/components/sign-in/node_modules","/home/fdiamond/Training/crwn-clothing/src/components/sign-up/bower_components","/home/fdiamond/Training/crwn-clothing/src/components/sign-up/node_modules","/home/fdiamond/Training/crwn-clothing/src/pages/sign-in-and-sign-up/bower_components","/home/fdiamond/Training/crwn-clothing/src/pages/sign-in-and-sign-up/node_modules","/home/fdiamond/Training/crwn-clothing/src/components/menu-item/bower_components","/home/fdiamond/Training/crwn-clothing/src/components/menu-item/node_modules","/home/fdiamond/Training/crwn-clothing/src/components/directory-component/bower_components","/home/fdiamond/Training/crwn-clothing/src/components/directory-component/node_modules","/home/fdiamond/Training/crwn-clothing/src/bower_components","/home/fdiamond/Training/crwn-clothing/src/node_modules"]}
[9:34:59.551] DirectoryWatcher:: Closed:: WatchInfo: /home/fdiamond/Training/crwn-clothing/src/redux
[9:34:59.552] Sending response:
    {"projectName":"/dev/null/inferredProject4*","typeAcquisition":{"enable":true,"include":[],"exclude":[]},"compilerOptions":{"target":1,"jsx":1,"allowNonTsExtensions":true,"allowJs":true,"noEmitForJsFiles":true,"maxNodeModuleJsDepth":2},"typings":["/home/fdiamond/.cache/typescript/3.9/node_modules/@types/react/index.d.ts"],"unresolvedImports":[],"kind":"action::set"}
[9:34:59.552] Response has been sent.
[9:34:59.552] No new typings were requested as a result of typings discovery
[9:35:0.63] DirectoryWatcher:: Triggered with /home/fdiamond/Training/crwn-clothing/src/firebase :: WatchInfo: /home/fdiamond/Training/crwn-clothing/src/firebase recursive :: handler is already invoked 'false'
[9:35:0.63] DirectoryWatcher:: Triggered with /home/fdiamond/Training/crwn-clothing/src/components :: WatchInfo: /home/fdiamond/Training/crwn-clothing/src/components recursive :: handler is already invoked 'false'
[9:35:0.63] DirectoryWatcher:: Triggered with /home/fdiamond/Training/crwn-clothing/src/pages :: WatchInfo: /home/fdiamond/Training/crwn-clothing/src/pages recursive :: handler is already invoked 'false'
[9:35:0.614] Got install request {"projectName":"/dev/null/inferredProject4*","fileNames":["/usr/lib/node_modules/typescript/lib/lib.d.ts","/usr/lib/node_modules/typescript/lib/lib.es5.d.ts","/usr/lib/node_modules/typescript/lib/lib.dom.d.ts","/usr/lib/node_modules/typescript/lib/lib.webworker.importscripts.d.ts","/usr/lib/node_modules/typescript/lib/lib.scripthost.d.ts","/home/fdiamond/.cache/typescript/3.9/node_modules/@types/react/global.d.ts","/home/fdiamond/.cache/typescript/3.9/node_modules/@types/react/index.d.ts","/home/fdiamond/Training/crwn-clothing/src/firebase/firebase.utils.js","/home/fdiamond/Training/crwn-clothing/src/components/custom-button/custom-button.component.jsx","/home/fdiamond/Training/crwn-clothing/src/components/collection-item/collection-item.component.jsx","/home/fdiamond/Training/crwn-clothing/src/components/collection-preview/collection-preview.jsx","/home/fdiamond/Training/crwn-clothing/src/pages/shop/shopData.js","/home/fdiamond/Training/crwn-clothing/src/pages/shop/shop.component.jsx","/home/fdiamond/Training/crwn-clothing/src/components/header/header.component.jsx","/home/fdiamond/Training/crwn-clothing/src/components/form-input/form-input.component.jsx","/home/fdiamond/Training/crwn-clothing/src/components/sign-in/sign-in.component.jsx","/home/fdiamond/Training/crwn-clothing/src/pages/sign-in-and-sign-up/sign-in-and-sign-up.jsx","/home/fdiamond/Training/crwn-clothing/src/components/menu-item/menu-item.component.jsx","/home/fdiamond/Training/crwn-clothing/src/components/directory-component/directory.component.jsx","/home/fdiamond/Training/crwn-clothing/src/homepage.component.jsx","/home/fdiamond/Training/crwn-clothing/src/App.js","/home/fdiamond/Training/crwn-clothing/src/index.js"],"compilerOptions":{"target":1,"jsx":1,"allowNonTsExtensions":true,"allowJs":true,"noEmitForJsFiles":true,"maxNodeModuleJsDepth":2},"typeAcquisition":{"enable":true,"include":[],"exclude":[]},"unresolvedImports":[],"projectRootPath":"/home/fdiamond/Training/crwn-clothing/src","kind":"discover"}
[9:35:0.614] Explicitly included types: []
[9:35:0.618] Inferred 'react' typings due to presence of '.jsx' extension
[9:35:0.618] Inferred typings from unresolved imports: []
[9:35:0.618] Result: {"cachedTypingPaths":["/home/fdiamond/.cache/typescript/3.9/node_modules/@types/react/index.d.ts"],"newTypingNames":[],"filesToWatch":["/home/fdiamond/Training/crwn-clothing/src/firebase/bower_components","/home/fdiamond/Training/crwn-clothing/src/firebase/node_modules","/home/fdiamond/Training/crwn-clothing/src/components/custom-button/bower_components","/home/fdiamond/Training/crwn-clothing/src/components/custom-button/node_modules","/home/fdiamond/Training/crwn-clothing/src/components/collection-item/bower_components","/home/fdiamond/Training/crwn-clothing/src/components/collection-item/node_modules","/home/fdiamond/Training/crwn-clothing/src/components/collection-preview/bower_components","/home/fdiamond/Training/crwn-clothing/src/components/collection-preview/node_modules","/home/fdiamond/Training/crwn-clothing/src/pages/shop/bower_components","/home/fdiamond/Training/crwn-clothing/src/pages/shop/node_modules","/home/fdiamond/Training/crwn-clothing/src/components/header/bower_components","/home/fdiamond/Training/crwn-clothing/src/components/header/node_modules","/home/fdiamond/Training/crwn-clothing/src/components/form-input/bower_components","/home/fdiamond/Training/crwn-clothing/src/components/form-input/node_modules","/home/fdiamond/Training/crwn-clothing/src/components/sign-in/bower_components","/home/fdiamond/Training/crwn-clothing/src/components/sign-in/node_modules","/home/fdiamond/Training/crwn-clothing/src/pages/sign-in-and-sign-up/bower_components","/home/fdiamond/Training/crwn-clothing/src/pages/sign-in-and-sign-up/node_modules","/home/fdiamond/Training/crwn-clothing/src/components/menu-item/bower_components","/home/fdiamond/Training/crwn-clothing/src/components/menu-item/node_modules","/home/fdiamond/Training/crwn-clothing/src/components/directory-component/bower_components","/home/fdiamond/Training/crwn-clothing/src/components/directory-component/node_modules","/home/fdiamond/Training/crwn-clothing/src/bower_components","/home/fdiamond/Training/crwn-clothing/src/node_modules"]}
[9:35:0.618] Finished typings discovery: {"cachedTypingPaths":["/home/fdiamond/.cache/typescript/3.9/node_modules/@types/react/index.d.ts"],"newTypingNames":[],"filesToWatch":["/home/fdiamond/Training/crwn-clothing/src/firebase/bower_components","/home/fdiamond/Training/crwn-clothing/src/firebase/node_modules","/home/fdiamond/Training/crwn-clothing/src/components/custom-button/bower_components","/home/fdiamond/Training/crwn-clothing/src/components/custom-button/node_modules","/home/fdiamond/Training/crwn-clothing/src/components/collection-item/bower_components","/home/fdiamond/Training/crwn-clothing/src/components/collection-item/node_modules","/home/fdiamond/Training/crwn-clothing/src/components/collection-preview/bower_components","/home/fdiamond/Training/crwn-clothing/src/components/collection-preview/node_modules","/home/fdiamond/Training/crwn-clothing/src/pages/shop/bower_components","/home/fdiamond/Training/crwn-clothing/src/pages/shop/node_modules","/home/fdiamond/Training/crwn-clothing/src/components/header/bower_components","/home/fdiamond/Training/crwn-clothing/src/components/header/node_modules","/home/fdiamond/Training/crwn-clothing/src/components/form-input/bower_components","/home/fdiamond/Training/crwn-clothing/src/components/form-input/node_modules","/home/fdiamond/Training/crwn-clothing/src/components/sign-in/bower_components","/home/fdiamond/Training/crwn-clothing/src/components/sign-in/node_modules","/home/fdiamond/Training/crwn-clothing/src/pages/sign-in-and-sign-up/bower_components","/home/fdiamond/Training/crwn-clothing/src/pages/sign-in-and-sign-up/node_modules","/home/fdiamond/Training/crwn-clothing/src/components/menu-item/bower_components","/home/fdiamond/Training/crwn-clothing/src/components/menu-item/node_modules","/home/fdiamond/Training/crwn-clothing/src/components/directory-component/bower_components","/home/fdiamond/Training/crwn-clothing/src/components/directory-component/node_modules","/home/fdiamond/Training/crwn-clothing/src/bower_components","/home/fdiamond/Training/crwn-clothing/src/node_modules"]}
[9:35:0.619] Sending response:
    {"projectName":"/dev/null/inferredProject4*","typeAcquisition":{"enable":true,"include":[],"exclude":[]},"compilerOptions":{"target":1,"jsx":1,"allowNonTsExtensions":true,"allowJs":true,"noEmitForJsFiles":true,"maxNodeModuleJsDepth":2},"typings":["/home/fdiamond/.cache/typescript/3.9/node_modules/@types/react/index.d.ts"],"unresolvedImports":[],"kind":"action::set"}
[9:35:0.619] Response has been sent.
[9:35:0.619] No new typings were requested as a result of typings discovery
[9:35:3.749] Got install request {"projectName":"/dev/null/inferredProject5*","fileNames":["/usr/lib/node_modules/typescript/lib/lib.d.ts","/usr/lib/node_modules/typescript/lib/lib.es5.d.ts","/usr/lib/node_modules/typescript/lib/lib.dom.d.ts","/usr/lib/node_modules/typescript/lib/lib.webworker.importscripts.d.ts","/usr/lib/node_modules/typescript/lib/lib.scripthost.d.ts","/home/fdiamond/Training/crwn-clothing/src/redux/user/user.reducer.js"],"compilerOptions":{"target":1,"jsx":1,"allowNonTsExtensions":true,"allowJs":true,"noEmitForJsFiles":true,"maxNodeModuleJsDepth":2},"typeAcquisition":{"enable":true,"include":[],"exclude":[]},"unresolvedImports":[],"projectRootPath":"/home/fdiamond/Training/crwn-clothing/src/redux/user","kind":"discover"}
[9:35:3.749] Explicitly included types: []
[9:35:3.750] Inferred typings from unresolved imports: []
[9:35:3.750] Result: {"cachedTypingPaths":[],"newTypingNames":[],"filesToWatch":["/home/fdiamond/Training/crwn-clothing/src/redux/user/bower_components","/home/fdiamond/Training/crwn-clothing/src/redux/user/node_modules"]}
[9:35:3.750] Finished typings discovery: {"cachedTypingPaths":[],"newTypingNames":[],"filesToWatch":["/home/fdiamond/Training/crwn-clothing/src/redux/user/bower_components","/home/fdiamond/Training/crwn-clothing/src/redux/user/node_modules"]}
[9:35:3.750] DirectoryWatcher:: Added:: WatchInfo: /home/fdiamond/Training/crwn-clothing/src/redux/user/bower_components
[9:35:3.750] DirectoryWatcher:: Added:: WatchInfo: /home/fdiamond/Training/crwn-clothing/src/redux/user/node_modules
[9:35:3.750] Sending response:
    {"projectName":"/dev/null/inferredProject5*","typeAcquisition":{"enable":true,"include":[],"exclude":[]},"compilerOptions":{"target":1,"jsx":1,"allowNonTsExtensions":true,"allowJs":true,"noEmitForJsFiles":true,"maxNodeModuleJsDepth":2},"typings":[],"unresolvedImports":[],"kind":"action::set"}
[9:35:3.750] Response has been sent.
[9:35:3.750] No new typings were requested as a result of typings discovery
[9:35:3.750] Got install request {"projectName":"/dev/null/inferredProject6*","fileNames":["/usr/lib/node_modules/typescript/lib/lib.d.ts","/usr/lib/node_modules/typescript/lib/lib.es5.d.ts","/usr/lib/node_modules/typescript/lib/lib.dom.d.ts","/usr/lib/node_modules/typescript/lib/lib.webworker.importscripts.d.ts","/usr/lib/node_modules/typescript/lib/lib.scripthost.d.ts","/home/fdiamond/Training/crwn-clothing/src/redux/cart/cart.reducer.js"],"compilerOptions":{"target":1,"jsx":1,"allowNonTsExtensions":true,"allowJs":true,"noEmitForJsFiles":true,"maxNodeModuleJsDepth":2},"typeAcquisition":{"enable":true,"include":[],"exclude":[]},"unresolvedImports":[],"projectRootPath":"/home/fdiamond/Training/crwn-clothing/src/redux/cart","kind":"discover"}
[9:35:3.750] Explicitly included types: []
[9:35:3.750] Inferred typings from unresolved imports: []
[9:35:3.751] Result: {"cachedTypingPaths":[],"newTypingNames":[],"filesToWatch":["/home/fdiamond/Training/crwn-clothing/src/redux/cart/bower_components","/home/fdiamond/Training/crwn-clothing/src/redux/cart/node_modules"]}
[9:35:3.751] Finished typings discovery: {"cachedTypingPaths":[],"newTypingNames":[],"filesToWatch":["/home/fdiamond/Training/crwn-clothing/src/redux/cart/bower_components","/home/fdiamond/Training/crwn-clothing/src/redux/cart/node_modules"]}
[9:35:3.751] DirectoryWatcher:: Added:: WatchInfo: /home/fdiamond/Training/crwn-clothing/src/redux/cart/bower_components
[9:35:3.751] DirectoryWatcher:: Added:: WatchInfo: /home/fdiamond/Training/crwn-clothing/src/redux/cart/node_modules
[9:35:3.751] Sending response:
    {"projectName":"/dev/null/inferredProject6*","typeAcquisition":{"enable":true,"include":[],"exclude":[]},"compilerOptions":{"target":1,"jsx":1,"allowNonTsExtensions":true,"allowJs":true,"noEmitForJsFiles":true,"maxNodeModuleJsDepth":2},"typings":[],"unresolvedImports":[],"kind":"action::set"}
[9:35:3.751] Response has been sent.
[9:35:3.751] No new typings were requested as a result of typings discovery
[9:35:3.751] Got install request {"projectName":"/dev/null/inferredProject7*","fileNames":["/usr/lib/node_modules/typescript/lib/lib.d.ts","/usr/lib/node_modules/typescript/lib/lib.es5.d.ts","/usr/lib/node_modules/typescript/lib/lib.dom.d.ts","/usr/lib/node_modules/typescript/lib/lib.webworker.importscripts.d.ts","/usr/lib/node_modules/typescript/lib/lib.scripthost.d.ts","/home/fdiamond/Training/crwn-clothing/src/redux/cart/cart.utils.js"],"compilerOptions":{"target":1,"jsx":1,"allowNonTsExtensions":true,"allowJs":true,"noEmitForJsFiles":true,"maxNodeModuleJsDepth":2},"typeAcquisition":{"enable":true,"include":[],"exclude":[]},"unresolvedImports":[],"projectRootPath":"/home/fdiamond/Training/crwn-clothing/src/redux/cart","kind":"discover"}
[9:35:3.751] Explicitly included types: []
[9:35:3.751] Inferred typings from unresolved imports: []
[9:35:3.751] Result: {"cachedTypingPaths":[],"newTypingNames":[],"filesToWatch":["/home/fdiamond/Training/crwn-clothing/src/redux/cart/bower_components","/home/fdiamond/Training/crwn-clothing/src/redux/cart/node_modules"]}
[9:35:3.751] Finished typings discovery: {"cachedTypingPaths":[],"newTypingNames":[],"filesToWatch":["/home/fdiamond/Training/crwn-clothing/src/redux/cart/bower_components","/home/fdiamond/Training/crwn-clothing/src/redux/cart/node_modules"]}
[9:35:3.751] DirectoryWatcher:: Added:: WatchInfo: /home/fdiamond/Training/crwn-clothing/src/redux/cart/bower_components
[9:35:3.751] DirectoryWatcher:: Added:: WatchInfo: /home/fdiamond/Training/crwn-clothing/src/redux/cart/node_modules
[9:35:3.751] Sending response:
    {"projectName":"/dev/null/inferredProject7*","typeAcquisition":{"enable":true,"include":[],"exclude":[]},"compilerOptions":{"target":1,"jsx":1,"allowNonTsExtensions":true,"allowJs":true,"noEmitForJsFiles":true,"maxNodeModuleJsDepth":2},"typings":[],"unresolvedImports":[],"kind":"action::set"}
[9:35:3.751] Response has been sent.
[9:35:3.751] No new typings were requested as a result of typings discovery
[9:35:3.752] Got install request {"projectName":"/dev/null/inferredProject8*","fileNames":["/usr/lib/node_modules/typescript/lib/lib.d.ts","/usr/lib/node_modules/typescript/lib/lib.es5.d.ts","/usr/lib/node_modules/typescript/lib/lib.dom.d.ts","/usr/lib/node_modules/typescript/lib/lib.webworker.importscripts.d.ts","/usr/lib/node_modules/typescript/lib/lib.scripthost.d.ts","/home/fdiamond/Training/crwn-clothing/src/components/cart-icon/cart-icon.component.jsx"],"compilerOptions":{"target":1,"jsx":1,"allowNonTsExtensions":true,"allowJs":true,"noEmitForJsFiles":true,"maxNodeModuleJsDepth":2},"typeAcquisition":{"enable":true,"include":[],"exclude":[]},"unresolvedImports":[],"projectRootPath":"/home/fdiamond/Training/crwn-clothing/src/components/cart-icon","kind":"discover"}
[9:35:3.752] Explicitly included types: []
[9:35:3.752] Inferred 'react' typings due to presence of '.jsx' extension
[9:35:3.752] Inferred typings from unresolved imports: []
[9:35:3.752] Result: {"cachedTypingPaths":["/home/fdiamond/.cache/typescript/3.9/node_modules/@types/react/index.d.ts"],"newTypingNames":[],"filesToWatch":["/home/fdiamond/Training/crwn-clothing/src/components/cart-icon/bower_components","/home/fdiamond/Training/crwn-clothing/src/components/cart-icon/node_modules"]}
[9:35:3.752] Finished typings discovery: {"cachedTypingPaths":["/home/fdiamond/.cache/typescript/3.9/node_modules/@types/react/index.d.ts"],"newTypingNames":[],"filesToWatch":["/home/fdiamond/Training/crwn-clothing/src/components/cart-icon/bower_components","/home/fdiamond/Training/crwn-clothing/src/components/cart-icon/node_modules"]}
[9:35:3.752] DirectoryWatcher:: Added:: WatchInfo: /home/fdiamond/Training/crwn-clothing/src/components/cart-icon/bower_components
[9:35:3.752] DirectoryWatcher:: Added:: WatchInfo: /home/fdiamond/Training/crwn-clothing/src/components/cart-icon/node_modules
[9:35:3.752] Sending response:
    {"projectName":"/dev/null/inferredProject8*","typeAcquisition":{"enable":true,"include":[],"exclude":[]},"compilerOptions":{"target":1,"jsx":1,"allowNonTsExtensions":true,"allowJs":true,"noEmitForJsFiles":true,"maxNodeModuleJsDepth":2},"typings":["/home/fdiamond/.cache/typescript/3.9/node_modules/@types/react/index.d.ts"],"unresolvedImports":[],"kind":"action::set"}
[9:35:3.752] Response has been sent.
[9:35:3.752] No new typings were requested as a result of typings discovery
[9:35:3.762] Got install request {"projectName":"/dev/null/inferredProject9*","fileNames":["/usr/lib/node_modules/typescript/lib/lib.d.ts","/usr/lib/node_modules/typescript/lib/lib.es5.d.ts","/usr/lib/node_modules/typescript/lib/lib.dom.d.ts","/usr/lib/node_modules/typescript/lib/lib.webworker.importscripts.d.ts","/usr/lib/node_modules/typescript/lib/lib.scripthost.d.ts","/home/fdiamond/Training/crwn-clothing/src/components/custom-button/custom-button.component.jsx","/home/fdiamond/Training/crwn-clothing/src/components/cart-dropdown/cart-dropdown.component.jsx"],"compilerOptions":{"target":1,"jsx":1,"allowNonTsExtensions":true,"allowJs":true,"noEmitForJsFiles":true,"maxNodeModuleJsDepth":2},"typeAcquisition":{"enable":true,"include":[],"exclude":[]},"unresolvedImports":[],"projectRootPath":"/home/fdiamond/Training/crwn-clothing/src/components/cart-dropdown","kind":"discover"}
[9:35:3.763] Explicitly included types: []
[9:35:3.763] Inferred 'react' typings due to presence of '.jsx' extension
[9:35:3.763] Inferred typings from unresolved imports: []
[9:35:3.763] Result: {"cachedTypingPaths":["/home/fdiamond/.cache/typescript/3.9/node_modules/@types/react/index.d.ts"],"newTypingNames":[],"filesToWatch":["/home/fdiamond/Training/crwn-clothing/src/components/custom-button/bower_components","/home/fdiamond/Training/crwn-clothing/src/components/custom-button/node_modules","/home/fdiamond/Training/crwn-clothing/src/components/cart-dropdown/bower_components","/home/fdiamond/Training/crwn-clothing/src/components/cart-dropdown/node_modules"]}
[9:35:3.763] Finished typings discovery: {"cachedTypingPaths":["/home/fdiamond/.cache/typescript/3.9/node_modules/@types/react/index.d.ts"],"newTypingNames":[],"filesToWatch":["/home/fdiamond/Training/crwn-clothing/src/components/custom-button/bower_components","/home/fdiamond/Training/crwn-clothing/src/components/custom-button/node_modules","/home/fdiamond/Training/crwn-clothing/src/components/cart-dropdown/bower_components","/home/fdiamond/Training/crwn-clothing/src/components/cart-dropdown/node_modules"]}
[9:35:3.763] DirectoryWatcher:: Added:: WatchInfo: /home/fdiamond/Training/crwn-clothing/src/components/custom-button/bower_components
[9:35:3.763] DirectoryWatcher:: Added:: WatchInfo: /home/fdiamond/Training/crwn-clothing/src/components/custom-button/node_modules
[9:35:3.763] DirectoryWatcher:: Added:: WatchInfo: /home/fdiamond/Training/crwn-clothing/src/components/cart-dropdown/bower_components
[9:35:3.763] DirectoryWatcher:: Added:: WatchInfo: /home/fdiamond/Training/crwn-clothing/src/components/cart-dropdown/node_modules
[9:35:3.764] Sending response:
    {"projectName":"/dev/null/inferredProject9*","typeAcquisition":{"enable":true,"include":[],"exclude":[]},"compilerOptions":{"target":1,"jsx":1,"allowNonTsExtensions":true,"allowJs":true,"noEmitForJsFiles":true,"maxNodeModuleJsDepth":2},"typings":["/home/fdiamond/.cache/typescript/3.9/node_modules/@types/react/index.d.ts"],"unresolvedImports":[],"kind":"action::set"}
[9:35:3.764] Response has been sent.
[9:35:3.764] No new typings were requested as a result of typings discovery
[9:35:3.848] Got install request {"projectName":"/dev/null/inferredProject10*","fileNames":["/usr/lib/node_modules/typescript/lib/lib.d.ts","/usr/lib/node_modules/typescript/lib/lib.es5.d.ts","/usr/lib/node_modules/typescript/lib/lib.dom.d.ts","/usr/lib/node_modules/typescript/lib/lib.webworker.importscripts.d.ts","/usr/lib/node_modules/typescript/lib/lib.scripthost.d.ts","/home/fdiamond/Training/crwn-clothing/src/redux/cart/cart.selector.js"],"compilerOptions":{"target":1,"jsx":1,"allowNonTsExtensions":true,"allowJs":true,"noEmitForJsFiles":true,"maxNodeModuleJsDepth":2},"typeAcquisition":{"enable":true,"include":[],"exclude":[]},"unresolvedImports":[],"projectRootPath":"/home/fdiamond/Training/crwn-clothing/src/redux/cart","kind":"discover"}
[9:35:3.849] Explicitly included types: []
[9:35:3.849] Inferred typings from unresolved imports: []
[9:35:3.849] Result: {"cachedTypingPaths":[],"newTypingNames":[],"filesToWatch":["/home/fdiamond/Training/crwn-clothing/src/redux/cart/bower_components","/home/fdiamond/Training/crwn-clothing/src/redux/cart/node_modules"]}
[9:35:3.849] Finished typings discovery: {"cachedTypingPaths":[],"newTypingNames":[],"filesToWatch":["/home/fdiamond/Training/crwn-clothing/src/redux/cart/bower_components","/home/fdiamond/Training/crwn-clothing/src/redux/cart/node_modules"]}
[9:35:3.850] DirectoryWatcher:: Added:: WatchInfo: /home/fdiamond/Training/crwn-clothing/src/redux/cart/bower_components
[9:35:3.850] DirectoryWatcher:: Added:: WatchInfo: /home/fdiamond/Training/crwn-clothing/src/redux/cart/node_modules
[9:35:3.850] Sending response:
    {"projectName":"/dev/null/inferredProject10*","typeAcquisition":{"enable":true,"include":[],"exclude":[]},"compilerOptions":{"target":1,"jsx":1,"allowNonTsExtensions":true,"allowJs":true,"noEmitForJsFiles":true,"maxNodeModuleJsDepth":2},"typings":[],"unresolvedImports":[],"kind":"action::set"}
[9:35:3.850] Response has been sent.
[9:35:3.850] No new typings were requested as a result of typings discovery
