[11:25:11.559] Global cache location '/home/fdiamond/.cache/typescript/3.9', safe file path '/usr/lib/node_modules/typescript/lib/typingSafeList.json', types map path /usr/lib/node_modules/typescript/lib/typesMap.json
[11:25:11.564] Processing cache location '/home/fdiamond/.cache/typescript/3.9'
[11:25:11.564] Trying to find '/home/fdiamond/.cache/typescript/3.9/package.json'...
[11:25:11.566] Loaded content of '/home/fdiamond/.cache/typescript/3.9/package.json': {"private":true,"dependencies":{"types-registry":"^0.1.490"},"devDependencies":{"@types/async":"^3.2.3","@types/atob":"^2.1.2","@types/body-parser":"^1.19.0","@types/bson":"^4.0.2","@types/ejs":"^3.0.4","@types/express":"^4.17.6","@types/isomorphic-fetch":"0.0.35","@types/js-base64":"^2.3.1","@types/lodash":"^4.14.151","@types/mongoose":"^5.7.20","@types/node":"^14.0.1","@types/node-sass":"^4.11.1","@types/object-path":"^0.11.0","@types/react":"^16.9.35","@types/react-dom":"^16.9.8","@types/react-redux":"^7.1.8","@types/react-router-dom":"^5.1.5","@types/redux-logger":"^3.0.7","@types/sprintf":"^0.1.0","@types/testing-library__jest-dom":"^5.6.0","@types/testing-library__react":"^10.0.1","@types/testing-library__user-event":"^4.1.1"}}
[11:25:11.566] Loaded content of '/home/fdiamond/.cache/typescript/3.9/package-lock.json'
[11:25:11.575] Adding entry into typings cache: 'async' => '/home/fdiamond/.cache/typescript/3.9/node_modules/@types/async/index.d.ts'
[11:25:11.577] Adding entry into typings cache: 'atob' => '/home/fdiamond/.cache/typescript/3.9/node_modules/@types/atob/index.d.ts'
[11:25:11.579] Adding entry into typings cache: 'body-parser' => '/home/fdiamond/.cache/typescript/3.9/node_modules/@types/body-parser/index.d.ts'
[11:25:11.581] Adding entry into typings cache: 'bson' => '/home/fdiamond/.cache/typescript/3.9/node_modules/@types/bson/index.d.ts'
[11:25:11.582] Adding entry into typings cache: 'ejs' => '/home/fdiamond/.cache/typescript/3.9/node_modules/@types/ejs/index.d.ts'
[11:25:11.585] Adding entry into typings cache: 'express' => '/home/fdiamond/.cache/typescript/3.9/node_modules/@types/express/index.d.ts'
[11:25:11.587] Adding entry into typings cache: 'isomorphic-fetch' => '/home/fdiamond/.cache/typescript/3.9/node_modules/@types/isomorphic-fetch/index.d.ts'
[11:25:11.589] Adding entry into typings cache: 'js-base64' => '/home/fdiamond/.cache/typescript/3.9/node_modules/@types/js-base64/index.d.ts'
[11:25:11.598] Adding entry into typings cache: 'lodash' => '/home/fdiamond/.cache/typescript/3.9/node_modules/@types/lodash/ts3.1/index.d.ts'
[11:25:11.602] Adding entry into typings cache: 'mongoose' => '/home/fdiamond/.cache/typescript/3.9/node_modules/@types/mongoose/index.d.ts'
[11:25:11.606] Adding entry into typings cache: 'node' => '/home/fdiamond/.cache/typescript/3.9/node_modules/@types/node/ts3.7/index.d.ts'
[11:25:11.607] Adding entry into typings cache: 'node-sass' => '/home/fdiamond/.cache/typescript/3.9/node_modules/@types/node-sass/index.d.ts'
[11:25:11.610] Adding entry into typings cache: 'object-path' => '/home/fdiamond/.cache/typescript/3.9/node_modules/@types/object-path/index.d.ts'
[11:25:11.611] Adding entry into typings cache: 'react' => '/home/fdiamond/.cache/typescript/3.9/node_modules/@types/react/index.d.ts'
[11:25:11.613] Adding entry into typings cache: 'react-dom' => '/home/fdiamond/.cache/typescript/3.9/node_modules/@types/react-dom/index.d.ts'
[11:25:11.615] Adding entry into typings cache: 'react-redux' => '/home/fdiamond/.cache/typescript/3.9/node_modules/@types/react-redux/index.d.ts'
[11:25:11.617] Adding entry into typings cache: 'react-router-dom' => '/home/fdiamond/.cache/typescript/3.9/node_modules/@types/react-router-dom/index.d.ts'
[11:25:11.618] Adding entry into typings cache: 'redux-logger' => '/home/fdiamond/.cache/typescript/3.9/node_modules/@types/redux-logger/index.d.ts'
[11:25:11.619] Adding entry into typings cache: 'sprintf' => '/home/fdiamond/.cache/typescript/3.9/node_modules/@types/sprintf/index.d.ts'
[11:25:11.621] Adding entry into typings cache: 'testing-library__jest-dom' => '/home/fdiamond/.cache/typescript/3.9/node_modules/@types/testing-library__jest-dom/index.d.ts'
[11:25:11.622] Adding entry into typings cache: 'testing-library__react' => '/home/fdiamond/.cache/typescript/3.9/node_modules/@types/testing-library__react/index.d.ts'
[11:25:11.623] Adding entry into typings cache: 'testing-library__user-event' => '/home/fdiamond/.cache/typescript/3.9/node_modules/@types/testing-library__user-event/index.d.ts'
[11:25:11.623] Finished processing cache location '/home/fdiamond/.cache/typescript/3.9'
[11:25:11.624] Process id: 210477
[11:25:11.624] NPM location: /usr/bin/npm (explicit '--npmLocation' not  provided)
[11:25:11.624] validateDefaultNpmLocation: false
[11:25:11.624] Npm config file: /home/fdiamond/.cache/typescript/3.9/package.json
[11:25:11.624] Updating types-registry npm package...
[11:25:11.624] Exec: /usr/bin/npm install --ignore-scripts types-registry@latest
[11:25:12.732]     Succeeded. stdout:
    + types-registry@0.1.490
    updated 1 package and audited 65 packages in 0.739s

1 package is looking for funding
  run `npm fund` for details

found 0 vulnerabilities


[11:25:12.732] Updated types-registry npm package
[11:25:15.692] Got install request {"projectName":"/dev/null/inferredProject1*","fileNames":["/usr/lib/node_modules/typescript/lib/lib.d.ts","/usr/lib/node_modules/typescript/lib/lib.es5.d.ts","/usr/lib/node_modules/typescript/lib/lib.dom.d.ts","/usr/lib/node_modules/typescript/lib/lib.webworker.importscripts.d.ts","/usr/lib/node_modules/typescript/lib/lib.scripthost.d.ts","/home/fdiamond/Training/crwn-clothing/src/firebase/firebase.utils.js","/home/fdiamond/Training/crwn-clothing/src/components/header/header.component.jsx"],"compilerOptions":{"target":1,"jsx":1,"allowNonTsExtensions":true,"allowJs":true,"noEmitForJsFiles":true,"maxNodeModuleJsDepth":2},"typeAcquisition":{"enable":true,"include":[],"exclude":[]},"unresolvedImports":[],"projectRootPath":"/home/fdiamond/Training/crwn-clothing/src/components/header","kind":"discover"}
[11:25:15.707] Loaded safelist from types map file '/usr/lib/node_modules/typescript/lib/typesMap.json'
[11:25:15.707] Explicitly included types: []
[11:25:15.709] Inferred 'react' typings due to presence of '.jsx' extension
[11:25:15.709] Inferred typings from unresolved imports: []
[11:25:15.709] Result: {"cachedTypingPaths":["/home/fdiamond/.cache/typescript/3.9/node_modules/@types/react/index.d.ts"],"newTypingNames":[],"filesToWatch":["/home/fdiamond/Training/crwn-clothing/src/firebase/bower_components","/home/fdiamond/Training/crwn-clothing/src/firebase/node_modules","/home/fdiamond/Training/crwn-clothing/src/components/header/bower_components","/home/fdiamond/Training/crwn-clothing/src/components/header/node_modules"]}
[11:25:15.709] Finished typings discovery: {"cachedTypingPaths":["/home/fdiamond/.cache/typescript/3.9/node_modules/@types/react/index.d.ts"],"newTypingNames":[],"filesToWatch":["/home/fdiamond/Training/crwn-clothing/src/firebase/bower_components","/home/fdiamond/Training/crwn-clothing/src/firebase/node_modules","/home/fdiamond/Training/crwn-clothing/src/components/header/bower_components","/home/fdiamond/Training/crwn-clothing/src/components/header/node_modules"]}
[11:25:15.709] DirectoryWatcher:: Added:: WatchInfo: /home/fdiamond/Training/crwn-clothing/src/firebase/bower_components
[11:25:15.711] DirectoryWatcher:: Added:: WatchInfo: /home/fdiamond/Training/crwn-clothing/src/firebase/node_modules
[11:25:15.712] DirectoryWatcher:: Added:: WatchInfo: /home/fdiamond/Training/crwn-clothing/src/components/header/bower_components
[11:25:15.712] DirectoryWatcher:: Added:: WatchInfo: /home/fdiamond/Training/crwn-clothing/src/components/header/node_modules
[11:25:15.712] Sending response:
    {"projectName":"/dev/null/inferredProject1*","typeAcquisition":{"enable":true,"include":[],"exclude":[]},"compilerOptions":{"target":1,"jsx":1,"allowNonTsExtensions":true,"allowJs":true,"noEmitForJsFiles":true,"maxNodeModuleJsDepth":2},"typings":["/home/fdiamond/.cache/typescript/3.9/node_modules/@types/react/index.d.ts"],"unresolvedImports":[],"kind":"action::set"}
[11:25:15.712] Response has been sent.
[11:25:15.712] No new typings were requested as a result of typings discovery
[11:25:26.254] Got install request {"projectName":"/dev/null/inferredProject2*","fileNames":["/usr/lib/node_modules/typescript/lib/lib.d.ts","/usr/lib/node_modules/typescript/lib/lib.es5.d.ts","/usr/lib/node_modules/typescript/lib/lib.dom.d.ts","/usr/lib/node_modules/typescript/lib/lib.webworker.importscripts.d.ts","/usr/lib/node_modules/typescript/lib/lib.scripthost.d.ts","/home/fdiamond/Training/crwn-clothing/src/firebase/firebase.utils.js","/home/fdiamond/Training/crwn-clothing/src/components/collection-item/collection-item.component.jsx","/home/fdiamond/Training/crwn-clothing/src/components/collection-preview/collection-preview.jsx","/home/fdiamond/Training/crwn-clothing/src/pages/shop/shopData.js","/home/fdiamond/Training/crwn-clothing/src/pages/shop/shop.component.jsx","/home/fdiamond/Training/crwn-clothing/src/components/header/header.component.jsx","/home/fdiamond/Training/crwn-clothing/src/components/form-input/form-input.component.jsx","/home/fdiamond/Training/crwn-clothing/src/components/custom-button/custom-button.component.jsx","/home/fdiamond/Training/crwn-clothing/src/components/sign-in/sign-in.component.jsx","/home/fdiamond/Training/crwn-clothing/src/components/sign-up/sign-up.component.jsx","/home/fdiamond/Training/crwn-clothing/src/pages/sign-in-and-sign-up/sign-in-and-sign-up.jsx","/home/fdiamond/Training/crwn-clothing/src/redux/user/user.actions.js","/home/fdiamond/Training/crwn-clothing/src/components/menu-item/menu-item.component.jsx","/home/fdiamond/Training/crwn-clothing/src/components/directory-component/directory.component.jsx","/home/fdiamond/Training/crwn-clothing/src/homepage.component.jsx","/home/fdiamond/Training/crwn-clothing/src/App.js"],"compilerOptions":{"target":1,"jsx":1,"allowNonTsExtensions":true,"allowJs":true,"noEmitForJsFiles":true,"maxNodeModuleJsDepth":2},"typeAcquisition":{"enable":true,"include":[],"exclude":[]},"unresolvedImports":[],"projectRootPath":"/home/fdiamond/Training/crwn-clothing/src","kind":"discover"}
[11:25:26.255] Explicitly included types: []
[11:25:26.258] Inferred 'react' typings due to presence of '.jsx' extension
[11:25:26.258] Inferred typings from unresolved imports: []
[11:25:26.258] Result: {"cachedTypingPaths":["/home/fdiamond/.cache/typescript/3.9/node_modules/@types/react/index.d.ts"],"newTypingNames":[],"filesToWatch":["/home/fdiamond/Training/crwn-clothing/src/firebase/bower_components","/home/fdiamond/Training/crwn-clothing/src/firebase/node_modules","/home/fdiamond/Training/crwn-clothing/src/components/collection-item/bower_components","/home/fdiamond/Training/crwn-clothing/src/components/collection-item/node_modules","/home/fdiamond/Training/crwn-clothing/src/components/collection-preview/bower_components","/home/fdiamond/Training/crwn-clothing/src/components/collection-preview/node_modules","/home/fdiamond/Training/crwn-clothing/src/pages/shop/bower_components","/home/fdiamond/Training/crwn-clothing/src/pages/shop/node_modules","/home/fdiamond/Training/crwn-clothing/src/components/header/bower_components","/home/fdiamond/Training/crwn-clothing/src/components/header/node_modules","/home/fdiamond/Training/crwn-clothing/src/components/form-input/bower_components","/home/fdiamond/Training/crwn-clothing/src/components/form-input/node_modules","/home/fdiamond/Training/crwn-clothing/src/components/custom-button/bower_components","/home/fdiamond/Training/crwn-clothing/src/components/custom-button/node_modules","/home/fdiamond/Training/crwn-clothing/src/components/sign-in/bower_components","/home/fdiamond/Training/crwn-clothing/src/components/sign-in/node_modules","/home/fdiamond/Training/crwn-clothing/src/components/sign-up/bower_components","/home/fdiamond/Training/crwn-clothing/src/components/sign-up/node_modules","/home/fdiamond/Training/crwn-clothing/src/pages/sign-in-and-sign-up/bower_components","/home/fdiamond/Training/crwn-clothing/src/pages/sign-in-and-sign-up/node_modules","/home/fdiamond/Training/crwn-clothing/src/redux/user/bower_components","/home/fdiamond/Training/crwn-clothing/src/redux/user/node_modules","/home/fdiamond/Training/crwn-clothing/src/components/menu-item/bower_components","/home/fdiamond/Training/crwn-clothing/src/components/menu-item/node_modules","/home/fdiamond/Training/crwn-clothing/src/components/directory-component/bower_components","/home/fdiamond/Training/crwn-clothing/src/components/directory-component/node_modules","/home/fdiamond/Training/crwn-clothing/src/bower_components","/home/fdiamond/Training/crwn-clothing/src/node_modules"]}
[11:25:26.258] Finished typings discovery: {"cachedTypingPaths":["/home/fdiamond/.cache/typescript/3.9/node_modules/@types/react/index.d.ts"],"newTypingNames":[],"filesToWatch":["/home/fdiamond/Training/crwn-clothing/src/firebase/bower_components","/home/fdiamond/Training/crwn-clothing/src/firebase/node_modules","/home/fdiamond/Training/crwn-clothing/src/components/collection-item/bower_components","/home/fdiamond/Training/crwn-clothing/src/components/collection-item/node_modules","/home/fdiamond/Training/crwn-clothing/src/components/collection-preview/bower_components","/home/fdiamond/Training/crwn-clothing/src/components/collection-preview/node_modules","/home/fdiamond/Training/crwn-clothing/src/pages/shop/bower_components","/home/fdiamond/Training/crwn-clothing/src/pages/shop/node_modules","/home/fdiamond/Training/crwn-clothing/src/components/header/bower_components","/home/fdiamond/Training/crwn-clothing/src/components/header/node_modules","/home/fdiamond/Training/crwn-clothing/src/components/form-input/bower_components","/home/fdiamond/Training/crwn-clothing/src/components/form-input/node_modules","/home/fdiamond/Training/crwn-clothing/src/components/custom-button/bower_components","/home/fdiamond/Training/crwn-clothing/src/components/custom-button/node_modules","/home/fdiamond/Training/crwn-clothing/src/components/sign-in/bower_components","/home/fdiamond/Training/crwn-clothing/src/components/sign-in/node_modules","/home/fdiamond/Training/crwn-clothing/src/components/sign-up/bower_components","/home/fdiamond/Training/crwn-clothing/src/components/sign-up/node_modules","/home/fdiamond/Training/crwn-clothing/src/pages/sign-in-and-sign-up/bower_components","/home/fdiamond/Training/crwn-clothing/src/pages/sign-in-and-sign-up/node_modules","/home/fdiamond/Training/crwn-clothing/src/redux/user/bower_components","/home/fdiamond/Training/crwn-clothing/src/redux/user/node_modules","/home/fdiamond/Training/crwn-clothing/src/components/menu-item/bower_components","/home/fdiamond/Training/crwn-clothing/src/components/menu-item/node_modules","/home/fdiamond/Training/crwn-clothing/src/components/directory-component/bower_components","/home/fdiamond/Training/crwn-clothing/src/components/directory-component/node_modules","/home/fdiamond/Training/crwn-clothing/src/bower_components","/home/fdiamond/Training/crwn-clothing/src/node_modules"]}
[11:25:26.258] DirectoryWatcher:: Added:: WatchInfo: /home/fdiamond/Training/crwn-clothing/src/firebase
[11:25:26.259] DirectoryWatcher:: Added:: WatchInfo: /home/fdiamond/Training/crwn-clothing/src/components
[11:25:26.262] DirectoryWatcher:: Added:: WatchInfo: /home/fdiamond/Training/crwn-clothing/src/pages
[11:25:26.263] DirectoryWatcher:: Added:: WatchInfo: /home/fdiamond/Training/crwn-clothing/src/redux
[11:25:26.263] DirectoryWatcher:: Added:: WatchInfo: /home/fdiamond/Training/crwn-clothing/src/bower_components
[11:25:26.263] DirectoryWatcher:: Added:: WatchInfo: /home/fdiamond/Training/crwn-clothing/src/node_modules
[11:25:26.264] Sending response:
    {"projectName":"/dev/null/inferredProject2*","typeAcquisition":{"enable":true,"include":[],"exclude":[]},"compilerOptions":{"target":1,"jsx":1,"allowNonTsExtensions":true,"allowJs":true,"noEmitForJsFiles":true,"maxNodeModuleJsDepth":2},"typings":["/home/fdiamond/.cache/typescript/3.9/node_modules/@types/react/index.d.ts"],"unresolvedImports":[],"kind":"action::set"}
[11:25:26.264] Response has been sent.
[11:25:26.264] No new typings were requested as a result of typings discovery
[11:29:1.601] Got install request {"projectName":"/dev/null/inferredProject3*","fileNames":["/usr/lib/node_modules/typescript/lib/lib.d.ts","/usr/lib/node_modules/typescript/lib/lib.es5.d.ts","/usr/lib/node_modules/typescript/lib/lib.dom.d.ts","/usr/lib/node_modules/typescript/lib/lib.webworker.importscripts.d.ts","/usr/lib/node_modules/typescript/lib/lib.scripthost.d.ts","/home/fdiamond/Training/crwn-clothing/src/firebase/firebase.utils.js","/home/fdiamond/Training/crwn-clothing/src/components/collection-item/collection-item.component.jsx","/home/fdiamond/Training/crwn-clothing/src/components/collection-preview/collection-preview.jsx","/home/fdiamond/Training/crwn-clothing/src/pages/shop/shopData.js","/home/fdiamond/Training/crwn-clothing/src/pages/shop/shop.component.jsx","/home/fdiamond/Training/crwn-clothing/src/components/header/header.component.jsx","/home/fdiamond/Training/crwn-clothing/src/components/form-input/form-input.component.jsx","/home/fdiamond/Training/crwn-clothing/src/components/custom-button/custom-button.component.jsx","/home/fdiamond/Training/crwn-clothing/src/components/sign-in/sign-in.component.jsx","/home/fdiamond/Training/crwn-clothing/src/components/sign-up/sign-up.component.jsx","/home/fdiamond/Training/crwn-clothing/src/pages/sign-in-and-sign-up/sign-in-and-sign-up.jsx","/home/fdiamond/Training/crwn-clothing/src/redux/user/user.actions.js","/home/fdiamond/Training/crwn-clothing/src/components/menu-item/menu-item.component.jsx","/home/fdiamond/Training/crwn-clothing/src/components/directory-component/directory.component.jsx","/home/fdiamond/Training/crwn-clothing/src/homepage.component.jsx","/home/fdiamond/Training/crwn-clothing/src/App.js","/home/fdiamond/Training/crwn-clothing/src/redux/user/user.reducer.js","/home/fdiamond/Training/crwn-clothing/src/redux/root-reducer.js","/home/fdiamond/Training/crwn-clothing/src/redux/store.js","/home/fdiamond/Training/crwn-clothing/src/index.js"],"compilerOptions":{"target":1,"jsx":1,"allowNonTsExtensions":true,"allowJs":true,"noEmitForJsFiles":true,"maxNodeModuleJsDepth":2},"typeAcquisition":{"enable":true,"include":[],"exclude":[]},"unresolvedImports":[],"projectRootPath":"/home/fdiamond/Training/crwn-clothing/src","kind":"discover"}
[11:29:1.602] Explicitly included types: []
[11:29:1.606] Inferred typings from file names: ["storejs"]
[11:29:1.606] Inferred 'react' typings due to presence of '.jsx' extension
[11:29:1.606] Inferred typings from unresolved imports: []
[11:29:1.606] Result: {"cachedTypingPaths":["/home/fdiamond/.cache/typescript/3.9/node_modules/@types/react/index.d.ts"],"newTypingNames":["storejs"],"filesToWatch":["/home/fdiamond/Training/crwn-clothing/src/firebase/bower_components","/home/fdiamond/Training/crwn-clothing/src/firebase/node_modules","/home/fdiamond/Training/crwn-clothing/src/components/collection-item/bower_components","/home/fdiamond/Training/crwn-clothing/src/components/collection-item/node_modules","/home/fdiamond/Training/crwn-clothing/src/components/collection-preview/bower_components","/home/fdiamond/Training/crwn-clothing/src/components/collection-preview/node_modules","/home/fdiamond/Training/crwn-clothing/src/pages/shop/bower_components","/home/fdiamond/Training/crwn-clothing/src/pages/shop/node_modules","/home/fdiamond/Training/crwn-clothing/src/components/header/bower_components","/home/fdiamond/Training/crwn-clothing/src/components/header/node_modules","/home/fdiamond/Training/crwn-clothing/src/components/form-input/bower_components","/home/fdiamond/Training/crwn-clothing/src/components/form-input/node_modules","/home/fdiamond/Training/crwn-clothing/src/components/custom-button/bower_components","/home/fdiamond/Training/crwn-clothing/src/components/custom-button/node_modules","/home/fdiamond/Training/crwn-clothing/src/components/sign-in/bower_components","/home/fdiamond/Training/crwn-clothing/src/components/sign-in/node_modules","/home/fdiamond/Training/crwn-clothing/src/components/sign-up/bower_components","/home/fdiamond/Training/crwn-clothing/src/components/sign-up/node_modules","/home/fdiamond/Training/crwn-clothing/src/pages/sign-in-and-sign-up/bower_components","/home/fdiamond/Training/crwn-clothing/src/pages/sign-in-and-sign-up/node_modules","/home/fdiamond/Training/crwn-clothing/src/redux/user/bower_components","/home/fdiamond/Training/crwn-clothing/src/redux/user/node_modules","/home/fdiamond/Training/crwn-clothing/src/components/menu-item/bower_components","/home/fdiamond/Training/crwn-clothing/src/components/menu-item/node_modules","/home/fdiamond/Training/crwn-clothing/src/components/directory-component/bower_components","/home/fdiamond/Training/crwn-clothing/src/components/directory-component/node_modules","/home/fdiamond/Training/crwn-clothing/src/bower_components","/home/fdiamond/Training/crwn-clothing/src/node_modules","/home/fdiamond/Training/crwn-clothing/src/redux/bower_components","/home/fdiamond/Training/crwn-clothing/src/redux/node_modules"]}
[11:29:1.606] Finished typings discovery: {"cachedTypingPaths":["/home/fdiamond/.cache/typescript/3.9/node_modules/@types/react/index.d.ts"],"newTypingNames":["storejs"],"filesToWatch":["/home/fdiamond/Training/crwn-clothing/src/firebase/bower_components","/home/fdiamond/Training/crwn-clothing/src/firebase/node_modules","/home/fdiamond/Training/crwn-clothing/src/components/collection-item/bower_components","/home/fdiamond/Training/crwn-clothing/src/components/collection-item/node_modules","/home/fdiamond/Training/crwn-clothing/src/components/collection-preview/bower_components","/home/fdiamond/Training/crwn-clothing/src/components/collection-preview/node_modules","/home/fdiamond/Training/crwn-clothing/src/pages/shop/bower_components","/home/fdiamond/Training/crwn-clothing/src/pages/shop/node_modules","/home/fdiamond/Training/crwn-clothing/src/components/header/bower_components","/home/fdiamond/Training/crwn-clothing/src/components/header/node_modules","/home/fdiamond/Training/crwn-clothing/src/components/form-input/bower_components","/home/fdiamond/Training/crwn-clothing/src/components/form-input/node_modules","/home/fdiamond/Training/crwn-clothing/src/components/custom-button/bower_components","/home/fdiamond/Training/crwn-clothing/src/components/custom-button/node_modules","/home/fdiamond/Training/crwn-clothing/src/components/sign-in/bower_components","/home/fdiamond/Training/crwn-clothing/src/components/sign-in/node_modules","/home/fdiamond/Training/crwn-clothing/src/components/sign-up/bower_components","/home/fdiamond/Training/crwn-clothing/src/components/sign-up/node_modules","/home/fdiamond/Training/crwn-clothing/src/pages/sign-in-and-sign-up/bower_components","/home/fdiamond/Training/crwn-clothing/src/pages/sign-in-and-sign-up/node_modules","/home/fdiamond/Training/crwn-clothing/src/redux/user/bower_components","/home/fdiamond/Training/crwn-clothing/src/redux/user/node_modules","/home/fdiamond/Training/crwn-clothing/src/components/menu-item/bower_components","/home/fdiamond/Training/crwn-clothing/src/components/menu-item/node_modules","/home/fdiamond/Training/crwn-clothing/src/components/directory-component/bower_components","/home/fdiamond/Training/crwn-clothing/src/components/directory-component/node_modules","/home/fdiamond/Training/crwn-clothing/src/bower_components","/home/fdiamond/Training/crwn-clothing/src/node_modules","/home/fdiamond/Training/crwn-clothing/src/redux/bower_components","/home/fdiamond/Training/crwn-clothing/src/redux/node_modules"]}
[11:29:1.606] DirectoryWatcher:: Added:: WatchInfo: /home/fdiamond/Training/crwn-clothing/src/firebase
[11:29:1.607] DirectoryWatcher:: Added:: WatchInfo: /home/fdiamond/Training/crwn-clothing/src/components
[11:29:1.607] DirectoryWatcher:: Added:: WatchInfo: /home/fdiamond/Training/crwn-clothing/src/pages
[11:29:1.607] DirectoryWatcher:: Added:: WatchInfo: /home/fdiamond/Training/crwn-clothing/src/redux
[11:29:1.607] DirectoryWatcher:: Added:: WatchInfo: /home/fdiamond/Training/crwn-clothing/src/bower_components
[11:29:1.608] DirectoryWatcher:: Added:: WatchInfo: /home/fdiamond/Training/crwn-clothing/src/node_modules
[11:29:1.608] Installing typings ["storejs"]
[11:29:1.609] 'storejs':: Entry for package 'storejs' does not exist in local types registry - skipping...
[11:29:1.609] All typings are known to be missing or invalid - no need to install more typings
[11:29:1.609] Sending response:
    {"projectName":"/dev/null/inferredProject3*","typeAcquisition":{"enable":true,"include":[],"exclude":[]},"compilerOptions":{"target":1,"jsx":1,"allowNonTsExtensions":true,"allowJs":true,"noEmitForJsFiles":true,"maxNodeModuleJsDepth":2},"typings":["/home/fdiamond/.cache/typescript/3.9/node_modules/@types/react/index.d.ts"],"unresolvedImports":[],"kind":"action::set"}
[11:29:1.609] Response has been sent.
