[10:0:15.664] Global cache location '/home/fdiamond/.cache/typescript/3.9', safe file path '/usr/lib/node_modules/typescript/lib/typingSafeList.json', types map path /usr/lib/node_modules/typescript/lib/typesMap.json
[10:0:15.665] Processing cache location '/home/fdiamond/.cache/typescript/3.9'
[10:0:15.665] Trying to find '/home/fdiamond/.cache/typescript/3.9/package.json'...
[10:0:15.666] Loaded content of '/home/fdiamond/.cache/typescript/3.9/package.json': {"private":true,"dependencies":{"types-registry":"^0.1.492"},"devDependencies":{"@types/assert":"^1.4.7","@types/async":"^3.2.3","@types/atob":"^2.1.2","@types/bcrypt":"^3.0.0","@types/body-parser":"^1.19.0","@types/bson":"^4.0.2","@types/cookie":"^0.4.0","@types/cookie-signature":"^1.0.3","@types/debug":"^4.1.5","@types/depd":"^1.1.32","@types/ejs":"^3.0.4","@types/express":"^4.17.6","@types/express-session":"^1.17.0","@types/isomorphic-fetch":"0.0.35","@types/js-base64":"^2.3.1","@types/json-stable-stringify":"^1.0.32","@types/lodash":"^4.14.151","@types/md5":"^2.2.0","@types/mongodb":"^3.5.18","@types/mongoose":"^5.7.21","@types/node":"^14.0.1","@types/node-sass":"^4.11.1","@types/object-path":"^0.11.0","@types/on-headers":"^1.0.0","@types/parseurl":"^1.3.1","@types/passport":"^1.0.3","@types/passport-google-oauth":"^1.0.41","@types/passport-google-oauth20":"^2.0.3","@types/passport-local":"^1.0.33","@types/passport-local-mongoose":"^4.0.13","@types/passport-oauth2":"^1.4.9","@types/passport-strategy":"^0.2.35","@types/pause":"^0.1.0","@types/random-bytes":"^1.0.1","@types/react":"^16.9.35","@types/react-dom":"^16.9.8","@types/react-redux":"^7.1.8","@types/react-router-dom":"^5.1.5","@types/redux-logger":"^3.0.7","@types/request":"^2.48.5","@types/semver":"^7.2.0","@types/sprintf":"^0.1.0","@types/testing-library__jest-dom":"^5.6.0","@types/testing-library__react":"^10.0.1","@types/testing-library__user-event":"^4.1.1","@types/uid-safe":"^2.1.2","@types/underscore":"^1.10.0"}}
[10:0:15.666] Loaded content of '/home/fdiamond/.cache/typescript/3.9/package-lock.json'
[10:0:15.674] Adding entry into typings cache: 'assert' => '/home/fdiamond/.cache/typescript/3.9/node_modules/@types/assert/ts3.7/index.d.ts'
[10:0:15.677] Adding entry into typings cache: 'async' => '/home/fdiamond/.cache/typescript/3.9/node_modules/@types/async/index.d.ts'
[10:0:15.678] Adding entry into typings cache: 'atob' => '/home/fdiamond/.cache/typescript/3.9/node_modules/@types/atob/index.d.ts'
[10:0:15.680] Adding entry into typings cache: 'bcrypt' => '/home/fdiamond/.cache/typescript/3.9/node_modules/@types/bcrypt/index.d.ts'
[10:0:15.682] Adding entry into typings cache: 'body-parser' => '/home/fdiamond/.cache/typescript/3.9/node_modules/@types/body-parser/index.d.ts'
[10:0:15.685] Adding entry into typings cache: 'bson' => '/home/fdiamond/.cache/typescript/3.9/node_modules/@types/bson/index.d.ts'
[10:0:15.686] Adding entry into typings cache: 'cookie' => '/home/fdiamond/.cache/typescript/3.9/node_modules/@types/cookie/index.d.ts'
[10:0:15.689] Adding entry into typings cache: 'cookie-signature' => '/home/fdiamond/.cache/typescript/3.9/node_modules/@types/cookie-signature/index.d.ts'
[10:0:15.691] Adding entry into typings cache: 'debug' => '/home/fdiamond/.cache/typescript/3.9/node_modules/@types/debug/index.d.ts'
[10:0:15.693] Adding entry into typings cache: 'depd' => '/home/fdiamond/.cache/typescript/3.9/node_modules/@types/depd/index.d.ts'
[10:0:15.695] Adding entry into typings cache: 'ejs' => '/home/fdiamond/.cache/typescript/3.9/node_modules/@types/ejs/index.d.ts'
[10:0:15.697] Adding entry into typings cache: 'express' => '/home/fdiamond/.cache/typescript/3.9/node_modules/@types/express/index.d.ts'
[10:0:15.700] Adding entry into typings cache: 'express-session' => '/home/fdiamond/.cache/typescript/3.9/node_modules/@types/express-session/index.d.ts'
[10:0:15.703] Adding entry into typings cache: 'isomorphic-fetch' => '/home/fdiamond/.cache/typescript/3.9/node_modules/@types/isomorphic-fetch/index.d.ts'
[10:0:15.704] Adding entry into typings cache: 'js-base64' => '/home/fdiamond/.cache/typescript/3.9/node_modules/@types/js-base64/index.d.ts'
[10:0:15.706] Adding entry into typings cache: 'json-stable-stringify' => '/home/fdiamond/.cache/typescript/3.9/node_modules/@types/json-stable-stringify/index.d.ts'
[10:0:15.709] Adding entry into typings cache: 'lodash' => '/home/fdiamond/.cache/typescript/3.9/node_modules/@types/lodash/ts3.1/index.d.ts'
[10:0:15.711] Adding entry into typings cache: 'md5' => '/home/fdiamond/.cache/typescript/3.9/node_modules/@types/md5/index.d.ts'
[10:0:15.713] Adding entry into typings cache: 'mongodb' => '/home/fdiamond/.cache/typescript/3.9/node_modules/@types/mongodb/index.d.ts'
[10:0:15.720] Adding entry into typings cache: 'mongoose' => '/home/fdiamond/.cache/typescript/3.9/node_modules/@types/mongoose/index.d.ts'
[10:0:15.725] Adding entry into typings cache: 'node' => '/home/fdiamond/.cache/typescript/3.9/node_modules/@types/node/ts3.7/index.d.ts'
[10:0:15.727] Adding entry into typings cache: 'node-sass' => '/home/fdiamond/.cache/typescript/3.9/node_modules/@types/node-sass/index.d.ts'
[10:0:15.728] Adding entry into typings cache: 'object-path' => '/home/fdiamond/.cache/typescript/3.9/node_modules/@types/object-path/index.d.ts'
[10:0:15.729] Adding entry into typings cache: 'on-headers' => '/home/fdiamond/.cache/typescript/3.9/node_modules/@types/on-headers/index.d.ts'
[10:0:15.731] Adding entry into typings cache: 'parseurl' => '/home/fdiamond/.cache/typescript/3.9/node_modules/@types/parseurl/index.d.ts'
[10:0:15.732] Adding entry into typings cache: 'passport' => '/home/fdiamond/.cache/typescript/3.9/node_modules/@types/passport/index.d.ts'
[10:0:15.735] Adding entry into typings cache: 'passport-google-oauth' => '/home/fdiamond/.cache/typescript/3.9/node_modules/@types/passport-google-oauth/index.d.ts'
[10:0:15.737] Adding entry into typings cache: 'passport-google-oauth20' => '/home/fdiamond/.cache/typescript/3.9/node_modules/@types/passport-google-oauth20/index.d.ts'
[10:0:15.741] Adding entry into typings cache: 'passport-local' => '/home/fdiamond/.cache/typescript/3.9/node_modules/@types/passport-local/index.d.ts'
[10:0:15.743] Adding entry into typings cache: 'passport-local-mongoose' => '/home/fdiamond/.cache/typescript/3.9/node_modules/@types/passport-local-mongoose/index.d.ts'
[10:0:15.745] Adding entry into typings cache: 'passport-oauth2' => '/home/fdiamond/.cache/typescript/3.9/node_modules/@types/passport-oauth2/index.d.ts'
[10:0:15.746] Adding entry into typings cache: 'passport-strategy' => '/home/fdiamond/.cache/typescript/3.9/node_modules/@types/passport-strategy/index.d.ts'
[10:0:15.749] Adding entry into typings cache: 'pause' => '/home/fdiamond/.cache/typescript/3.9/node_modules/@types/pause/index.d.ts'
[10:0:15.751] Adding entry into typings cache: 'random-bytes' => '/home/fdiamond/.cache/typescript/3.9/node_modules/@types/random-bytes/index.d.ts'
[10:0:15.756] Adding entry into typings cache: 'react' => '/home/fdiamond/.cache/typescript/3.9/node_modules/@types/react/index.d.ts'
[10:0:15.758] Adding entry into typings cache: 'react-dom' => '/home/fdiamond/.cache/typescript/3.9/node_modules/@types/react-dom/index.d.ts'
[10:0:15.761] Adding entry into typings cache: 'react-redux' => '/home/fdiamond/.cache/typescript/3.9/node_modules/@types/react-redux/index.d.ts'
[10:0:15.763] Adding entry into typings cache: 'react-router-dom' => '/home/fdiamond/.cache/typescript/3.9/node_modules/@types/react-router-dom/index.d.ts'
[10:0:15.764] Adding entry into typings cache: 'redux-logger' => '/home/fdiamond/.cache/typescript/3.9/node_modules/@types/redux-logger/index.d.ts'
[10:0:15.766] Adding entry into typings cache: 'request' => '/home/fdiamond/.cache/typescript/3.9/node_modules/@types/request/index.d.ts'
[10:0:15.767] Adding entry into typings cache: 'semver' => '/home/fdiamond/.cache/typescript/3.9/node_modules/@types/semver/index.d.ts'
[10:0:15.768] Adding entry into typings cache: 'sprintf' => '/home/fdiamond/.cache/typescript/3.9/node_modules/@types/sprintf/index.d.ts'
[10:0:15.769] Adding entry into typings cache: 'testing-library__jest-dom' => '/home/fdiamond/.cache/typescript/3.9/node_modules/@types/testing-library__jest-dom/index.d.ts'
[10:0:15.771] Adding entry into typings cache: 'testing-library__react' => '/home/fdiamond/.cache/typescript/3.9/node_modules/@types/testing-library__react/index.d.ts'
[10:0:15.772] Adding entry into typings cache: 'testing-library__user-event' => '/home/fdiamond/.cache/typescript/3.9/node_modules/@types/testing-library__user-event/index.d.ts'
[10:0:15.773] Adding entry into typings cache: 'uid-safe' => '/home/fdiamond/.cache/typescript/3.9/node_modules/@types/uid-safe/index.d.ts'
[10:0:15.774] Adding entry into typings cache: 'underscore' => '/home/fdiamond/.cache/typescript/3.9/node_modules/@types/underscore/index.d.ts'
[10:0:15.774] Finished processing cache location '/home/fdiamond/.cache/typescript/3.9'
[10:0:15.774] Process id: 36126
[10:0:15.774] NPM location: /usr/bin/npm (explicit '--npmLocation' not  provided)
[10:0:15.774] validateDefaultNpmLocation: false
[10:0:15.774] Npm config file: /home/fdiamond/.cache/typescript/3.9/package.json
[10:0:15.774] Updating types-registry npm package...
[10:0:15.774] Exec: /usr/bin/npm install --ignore-scripts types-registry@latest
[10:0:17.415]     Succeeded. stdout:
    + types-registry@0.1.492
    updated 1 package and audited 100 packages in 1.243s

1 package is looking for funding
  run `npm fund` for details

found 0 vulnerabilities


[10:0:17.415] Updated types-registry npm package
[10:0:18.387] Got install request {"projectName":"/dev/null/inferredProject1*","fileNames":["/usr/lib/node_modules/typescript/lib/lib.d.ts","/usr/lib/node_modules/typescript/lib/lib.es5.d.ts","/usr/lib/node_modules/typescript/lib/lib.dom.d.ts","/usr/lib/node_modules/typescript/lib/lib.webworker.importscripts.d.ts","/usr/lib/node_modules/typescript/lib/lib.scripthost.d.ts","/home/fdiamond/Training/crwn-clothing/src/firebase/firebase.utils.js","/home/fdiamond/Training/crwn-clothing/src/redux/user/user.types.js","/home/fdiamond/Training/crwn-clothing/src/redux/user/user.actions.js","/home/fdiamond/Training/crwn-clothing/src/components/collection-item/collection-item.component.jsx","/home/fdiamond/Training/crwn-clothing/src/components/collection-preview/collection-preview.jsx","/home/fdiamond/Training/crwn-clothing/src/pages/shop/shopData.js","/home/fdiamond/Training/crwn-clothing/src/pages/shop/shop.component.jsx","/home/fdiamond/Training/crwn-clothing/src/redux/cart/cart.types.js","/home/fdiamond/Training/crwn-clothing/src/redux/cart/cart.actions.js","/home/fdiamond/Training/crwn-clothing/src/components/cart-icon/cart-icon.component.jsx","/home/fdiamond/Training/crwn-clothing/src/components/custom-button/custom-button.component.jsx","/home/fdiamond/Training/crwn-clothing/src/components/cart-dropdown/cart-dropdown.component.jsx","/home/fdiamond/Training/crwn-clothing/src/components/header/header.component.jsx","/home/fdiamond/Training/crwn-clothing/src/components/form-input/form-input.component.jsx","/home/fdiamond/Training/crwn-clothing/src/components/sign-in/sign-in.component.jsx","/home/fdiamond/Training/crwn-clothing/src/components/sign-up/sign-up.component.jsx","/home/fdiamond/Training/crwn-clothing/src/pages/sign-in-and-sign-up/sign-in-and-sign-up.jsx","/home/fdiamond/Training/crwn-clothing/src/components/menu-item/menu-item.component.jsx","/home/fdiamond/Training/crwn-clothing/src/components/directory-component/directory.component.jsx","/home/fdiamond/Training/crwn-clothing/src/homepage.component.jsx","/home/fdiamond/Training/crwn-clothing/src/App.js"],"compilerOptions":{"target":1,"jsx":1,"allowNonTsExtensions":true,"allowJs":true,"noEmitForJsFiles":true,"maxNodeModuleJsDepth":2},"typeAcquisition":{"enable":true,"include":[],"exclude":[]},"unresolvedImports":[],"projectRootPath":"/home/fdiamond/Training/crwn-clothing/src","kind":"discover"}
[10:0:18.395] Loaded safelist from types map file '/usr/lib/node_modules/typescript/lib/typesMap.json'
[10:0:18.395] Explicitly included types: []
[10:0:18.401] Inferred 'react' typings due to presence of '.jsx' extension
[10:0:18.401] Inferred typings from unresolved imports: []
[10:0:18.402] Result: {"cachedTypingPaths":["/home/fdiamond/.cache/typescript/3.9/node_modules/@types/react/index.d.ts"],"newTypingNames":[],"filesToWatch":["/home/fdiamond/Training/crwn-clothing/src/firebase/bower_components","/home/fdiamond/Training/crwn-clothing/src/firebase/node_modules","/home/fdiamond/Training/crwn-clothing/src/redux/user/bower_components","/home/fdiamond/Training/crwn-clothing/src/redux/user/node_modules","/home/fdiamond/Training/crwn-clothing/src/components/collection-item/bower_components","/home/fdiamond/Training/crwn-clothing/src/components/collection-item/node_modules","/home/fdiamond/Training/crwn-clothing/src/components/collection-preview/bower_components","/home/fdiamond/Training/crwn-clothing/src/components/collection-preview/node_modules","/home/fdiamond/Training/crwn-clothing/src/pages/shop/bower_components","/home/fdiamond/Training/crwn-clothing/src/pages/shop/node_modules","/home/fdiamond/Training/crwn-clothing/src/redux/cart/bower_components","/home/fdiamond/Training/crwn-clothing/src/redux/cart/node_modules","/home/fdiamond/Training/crwn-clothing/src/components/cart-icon/bower_components","/home/fdiamond/Training/crwn-clothing/src/components/cart-icon/node_modules","/home/fdiamond/Training/crwn-clothing/src/components/custom-button/bower_components","/home/fdiamond/Training/crwn-clothing/src/components/custom-button/node_modules","/home/fdiamond/Training/crwn-clothing/src/components/cart-dropdown/bower_components","/home/fdiamond/Training/crwn-clothing/src/components/cart-dropdown/node_modules","/home/fdiamond/Training/crwn-clothing/src/components/header/bower_components","/home/fdiamond/Training/crwn-clothing/src/components/header/node_modules","/home/fdiamond/Training/crwn-clothing/src/components/form-input/bower_components","/home/fdiamond/Training/crwn-clothing/src/components/form-input/node_modules","/home/fdiamond/Training/crwn-clothing/src/components/sign-in/bower_components","/home/fdiamond/Training/crwn-clothing/src/components/sign-in/node_modules","/home/fdiamond/Training/crwn-clothing/src/components/sign-up/bower_components","/home/fdiamond/Training/crwn-clothing/src/components/sign-up/node_modules","/home/fdiamond/Training/crwn-clothing/src/pages/sign-in-and-sign-up/bower_components","/home/fdiamond/Training/crwn-clothing/src/pages/sign-in-and-sign-up/node_modules","/home/fdiamond/Training/crwn-clothing/src/components/menu-item/bower_components","/home/fdiamond/Training/crwn-clothing/src/components/menu-item/node_modules","/home/fdiamond/Training/crwn-clothing/src/components/directory-component/bower_components","/home/fdiamond/Training/crwn-clothing/src/components/directory-component/node_modules","/home/fdiamond/Training/crwn-clothing/src/bower_components","/home/fdiamond/Training/crwn-clothing/src/node_modules"]}
[10:0:18.402] Finished typings discovery: {"cachedTypingPaths":["/home/fdiamond/.cache/typescript/3.9/node_modules/@types/react/index.d.ts"],"newTypingNames":[],"filesToWatch":["/home/fdiamond/Training/crwn-clothing/src/firebase/bower_components","/home/fdiamond/Training/crwn-clothing/src/firebase/node_modules","/home/fdiamond/Training/crwn-clothing/src/redux/user/bower_components","/home/fdiamond/Training/crwn-clothing/src/redux/user/node_modules","/home/fdiamond/Training/crwn-clothing/src/components/collection-item/bower_components","/home/fdiamond/Training/crwn-clothing/src/components/collection-item/node_modules","/home/fdiamond/Training/crwn-clothing/src/components/collection-preview/bower_components","/home/fdiamond/Training/crwn-clothing/src/components/collection-preview/node_modules","/home/fdiamond/Training/crwn-clothing/src/pages/shop/bower_components","/home/fdiamond/Training/crwn-clothing/src/pages/shop/node_modules","/home/fdiamond/Training/crwn-clothing/src/redux/cart/bower_components","/home/fdiamond/Training/crwn-clothing/src/redux/cart/node_modules","/home/fdiamond/Training/crwn-clothing/src/components/cart-icon/bower_components","/home/fdiamond/Training/crwn-clothing/src/components/cart-icon/node_modules","/home/fdiamond/Training/crwn-clothing/src/components/custom-button/bower_components","/home/fdiamond/Training/crwn-clothing/src/components/custom-button/node_modules","/home/fdiamond/Training/crwn-clothing/src/components/cart-dropdown/bower_components","/home/fdiamond/Training/crwn-clothing/src/components/cart-dropdown/node_modules","/home/fdiamond/Training/crwn-clothing/src/components/header/bower_components","/home/fdiamond/Training/crwn-clothing/src/components/header/node_modules","/home/fdiamond/Training/crwn-clothing/src/components/form-input/bower_components","/home/fdiamond/Training/crwn-clothing/src/components/form-input/node_modules","/home/fdiamond/Training/crwn-clothing/src/components/sign-in/bower_components","/home/fdiamond/Training/crwn-clothing/src/components/sign-in/node_modules","/home/fdiamond/Training/crwn-clothing/src/components/sign-up/bower_components","/home/fdiamond/Training/crwn-clothing/src/components/sign-up/node_modules","/home/fdiamond/Training/crwn-clothing/src/pages/sign-in-and-sign-up/bower_components","/home/fdiamond/Training/crwn-clothing/src/pages/sign-in-and-sign-up/node_modules","/home/fdiamond/Training/crwn-clothing/src/components/menu-item/bower_components","/home/fdiamond/Training/crwn-clothing/src/components/menu-item/node_modules","/home/fdiamond/Training/crwn-clothing/src/components/directory-component/bower_components","/home/fdiamond/Training/crwn-clothing/src/components/directory-component/node_modules","/home/fdiamond/Training/crwn-clothing/src/bower_components","/home/fdiamond/Training/crwn-clothing/src/node_modules"]}
[10:0:18.402] DirectoryWatcher:: Added:: WatchInfo: /home/fdiamond/Training/crwn-clothing/src/firebase
[10:0:18.404] DirectoryWatcher:: Added:: WatchInfo: /home/fdiamond/Training/crwn-clothing/src/redux
[10:0:18.405] DirectoryWatcher:: Added:: WatchInfo: /home/fdiamond/Training/crwn-clothing/src/components
[10:0:18.406] DirectoryWatcher:: Added:: WatchInfo: /home/fdiamond/Training/crwn-clothing/src/pages
[10:0:18.407] DirectoryWatcher:: Added:: WatchInfo: /home/fdiamond/Training/crwn-clothing/src/bower_components
[10:0:18.408] DirectoryWatcher:: Added:: WatchInfo: /home/fdiamond/Training/crwn-clothing/src/node_modules
[10:0:18.408] Sending response:
    {"projectName":"/dev/null/inferredProject1*","typeAcquisition":{"enable":true,"include":[],"exclude":[]},"compilerOptions":{"target":1,"jsx":1,"allowNonTsExtensions":true,"allowJs":true,"noEmitForJsFiles":true,"maxNodeModuleJsDepth":2},"typings":["/home/fdiamond/.cache/typescript/3.9/node_modules/@types/react/index.d.ts"],"unresolvedImports":[],"kind":"action::set"}
[10:0:18.408] Response has been sent.
[10:0:18.408] No new typings were requested as a result of typings discovery
[10:5:8.683] DirectoryWatcher:: Triggered with /home/fdiamond/Training/crwn-clothing/src/components :: WatchInfo: /home/fdiamond/Training/crwn-clothing/src/components recursive :: handler is already invoked 'false'
[10:5:37.328] DirectoryWatcher:: Triggered with /home/fdiamond/Training/crwn-clothing/src/components/cart-dropdown/cart-dropdown.component.jsx :: WatchInfo: /home/fdiamond/Training/crwn-clothing/src/components recursive :: handler is already invoked 'false'
[10:5:37.328] DirectoryWatcher:: Triggered with /home/fdiamond/Training/crwn-clothing/src/components/cart-dropdown/cart-dropdown.styles.scss :: WatchInfo: /home/fdiamond/Training/crwn-clothing/src/components recursive :: handler is already invoked 'false'
[10:5:37.329] DirectoryWatcher:: Triggered with /home/fdiamond/Training/crwn-clothing/src/components/cart-dropdown :: WatchInfo: /home/fdiamond/Training/crwn-clothing/src/components recursive :: handler is already invoked 'false'
[10:5:37.332] DirectoryWatcher:: Triggered with /home/fdiamond/Training/crwn-clothing/src/components/cart-icon/cart-icon.styles.scss :: WatchInfo: /home/fdiamond/Training/crwn-clothing/src/components recursive :: handler is already invoked 'false'
[10:5:37.333] DirectoryWatcher:: Triggered with /home/fdiamond/Training/crwn-clothing/src/redux/cart/cart.actions.js :: WatchInfo: /home/fdiamond/Training/crwn-clothing/src/redux recursive :: handler is already invoked 'false'
[10:5:37.333] DirectoryWatcher:: Triggered with /home/fdiamond/Training/crwn-clothing/src/components/cart-icon :: WatchInfo: /home/fdiamond/Training/crwn-clothing/src/components recursive :: handler is already invoked 'false'
[10:5:37.334] DirectoryWatcher:: Triggered with /home/fdiamond/Training/crwn-clothing/src/redux/cart/cart.reducer.js :: WatchInfo: /home/fdiamond/Training/crwn-clothing/src/redux recursive :: handler is already invoked 'false'
[10:5:37.334] DirectoryWatcher:: Triggered with /home/fdiamond/Training/crwn-clothing/src/redux/cart/cart.types.js :: WatchInfo: /home/fdiamond/Training/crwn-clothing/src/redux recursive :: handler is already invoked 'false'
[10:5:37.334] DirectoryWatcher:: Triggered with /home/fdiamond/Training/crwn-clothing/src/redux/cart :: WatchInfo: /home/fdiamond/Training/crwn-clothing/src/redux recursive :: handler is already invoked 'false'
[10:5:38.344] DirectoryWatcher:: Triggered with /home/fdiamond/Training/crwn-clothing/src/redux :: WatchInfo: /home/fdiamond/Training/crwn-clothing/src/redux recursive :: handler is already invoked 'false'
[10:5:38.344] DirectoryWatcher:: Triggered with /home/fdiamond/Training/crwn-clothing/src/components :: WatchInfo: /home/fdiamond/Training/crwn-clothing/src/components recursive :: handler is already invoked 'false'
[10:23:4.561] Got install request {"projectName":"/dev/null/inferredProject2*","fileNames":["/usr/lib/node_modules/typescript/lib/lib.d.ts","/usr/lib/node_modules/typescript/lib/lib.es5.d.ts","/usr/lib/node_modules/typescript/lib/lib.dom.d.ts","/usr/lib/node_modules/typescript/lib/lib.webworker.importscripts.d.ts","/usr/lib/node_modules/typescript/lib/lib.scripthost.d.ts","/home/fdiamond/Training/crwn-clothing/src/redux/user/user.types.js"],"compilerOptions":{"target":1,"jsx":1,"allowNonTsExtensions":true,"allowJs":true,"noEmitForJsFiles":true,"maxNodeModuleJsDepth":2},"typeAcquisition":{"enable":true,"include":[],"exclude":[]},"unresolvedImports":[],"projectRootPath":"/home/fdiamond/Training/crwn-clothing/src/redux/user","kind":"discover"}
[10:23:4.561] Explicitly included types: []
[10:23:4.561] Inferred typings from unresolved imports: []
[10:23:4.561] Result: {"cachedTypingPaths":[],"newTypingNames":[],"filesToWatch":["/home/fdiamond/Training/crwn-clothing/src/redux/user/bower_components","/home/fdiamond/Training/crwn-clothing/src/redux/user/node_modules"]}
[10:23:4.561] Finished typings discovery: {"cachedTypingPaths":[],"newTypingNames":[],"filesToWatch":["/home/fdiamond/Training/crwn-clothing/src/redux/user/bower_components","/home/fdiamond/Training/crwn-clothing/src/redux/user/node_modules"]}
[10:23:4.561] DirectoryWatcher:: Added:: WatchInfo: /home/fdiamond/Training/crwn-clothing/src/redux/user/bower_components
[10:23:4.561] DirectoryWatcher:: Added:: WatchInfo: /home/fdiamond/Training/crwn-clothing/src/redux/user/node_modules
[10:23:4.562] Sending response:
    {"projectName":"/dev/null/inferredProject2*","typeAcquisition":{"enable":true,"include":[],"exclude":[]},"compilerOptions":{"target":1,"jsx":1,"allowNonTsExtensions":true,"allowJs":true,"noEmitForJsFiles":true,"maxNodeModuleJsDepth":2},"typings":[],"unresolvedImports":[],"kind":"action::set"}
[10:23:4.562] Response has been sent.
[10:23:4.562] No new typings were requested as a result of typings discovery
[10:23:4.919] Got install request {"projectName":"/dev/null/inferredProject2*","fileNames":[],"compilerOptions":{"target":1,"jsx":1,"allowNonTsExtensions":true,"allowJs":true,"noEmitForJsFiles":true},"typeAcquisition":{"enable":true,"include":[],"exclude":[]},"unresolvedImports":[],"projectRootPath":"/home/fdiamond/Training/crwn-clothing/src/redux/user","kind":"discover"}
[10:23:4.919] Explicitly included types: []
[10:23:4.920] Inferred typings from unresolved imports: []
[10:23:4.920] Result: {"cachedTypingPaths":[],"newTypingNames":[],"filesToWatch":["/home/fdiamond/Training/crwn-clothing/src/redux/user/bower_components","/home/fdiamond/Training/crwn-clothing/src/redux/user/node_modules"]}
[10:23:4.920] Finished typings discovery: {"cachedTypingPaths":[],"newTypingNames":[],"filesToWatch":["/home/fdiamond/Training/crwn-clothing/src/redux/user/bower_components","/home/fdiamond/Training/crwn-clothing/src/redux/user/node_modules"]}
[10:23:4.921] Sending response:
    {"projectName":"/dev/null/inferredProject2*","typeAcquisition":{"enable":true,"include":[],"exclude":[]},"compilerOptions":{"target":1,"jsx":1,"allowNonTsExtensions":true,"allowJs":true,"noEmitForJsFiles":true},"typings":[],"unresolvedImports":[],"kind":"action::set"}
[10:23:4.921] Response has been sent.
[10:23:4.921] No new typings were requested as a result of typings discovery
[10:23:5.266] DirectoryWatcher:: Triggered with /home/fdiamond/Training/crwn-clothing/src/redux :: WatchInfo: /home/fdiamond/Training/crwn-clothing/src/redux recursive :: handler is already invoked 'false'
[10:23:41.169] Got install request {"projectName":"/dev/null/inferredProject2*","fileNames":["/usr/lib/node_modules/typescript/lib/lib.d.ts","/usr/lib/node_modules/typescript/lib/lib.es5.d.ts","/usr/lib/node_modules/typescript/lib/lib.dom.d.ts","/usr/lib/node_modules/typescript/lib/lib.webworker.importscripts.d.ts","/usr/lib/node_modules/typescript/lib/lib.scripthost.d.ts","/home/fdiamond/Training/crwn-clothing/src/redux/user/user.types.js"],"compilerOptions":{"target":1,"jsx":1,"allowNonTsExtensions":true,"allowJs":true,"noEmitForJsFiles":true,"maxNodeModuleJsDepth":2},"typeAcquisition":{"enable":true,"include":[],"exclude":[]},"unresolvedImports":[],"projectRootPath":"/home/fdiamond/Training/crwn-clothing/src/redux/user","kind":"discover"}
[10:23:41.169] Explicitly included types: []
[10:23:41.170] Inferred typings from unresolved imports: []
[10:23:41.170] Result: {"cachedTypingPaths":[],"newTypingNames":[],"filesToWatch":["/home/fdiamond/Training/crwn-clothing/src/redux/user/bower_components","/home/fdiamond/Training/crwn-clothing/src/redux/user/node_modules"]}
[10:23:41.170] Finished typings discovery: {"cachedTypingPaths":[],"newTypingNames":[],"filesToWatch":["/home/fdiamond/Training/crwn-clothing/src/redux/user/bower_components","/home/fdiamond/Training/crwn-clothing/src/redux/user/node_modules"]}
[10:23:41.170] Sending response:
    {"projectName":"/dev/null/inferredProject2*","typeAcquisition":{"enable":true,"include":[],"exclude":[]},"compilerOptions":{"target":1,"jsx":1,"allowNonTsExtensions":true,"allowJs":true,"noEmitForJsFiles":true,"maxNodeModuleJsDepth":2},"typings":[],"unresolvedImports":[],"kind":"action::set"}
[10:23:41.171] Response has been sent.
[10:23:41.171] No new typings were requested as a result of typings discovery
[10:26:23.607] Got install request {"projectName":"/dev/null/inferredProject1*","fileNames":["/usr/lib/node_modules/typescript/lib/lib.d.ts","/usr/lib/node_modules/typescript/lib/lib.es5.d.ts","/usr/lib/node_modules/typescript/lib/lib.dom.d.ts","/usr/lib/node_modules/typescript/lib/lib.webworker.importscripts.d.ts","/usr/lib/node_modules/typescript/lib/lib.scripthost.d.ts","/home/fdiamond/.cache/typescript/3.9/node_modules/@types/react/global.d.ts","/home/fdiamond/.cache/typescript/3.9/node_modules/@types/react/index.d.ts","/home/fdiamond/Training/crwn-clothing/src/firebase/firebase.utils.js","/home/fdiamond/Training/crwn-clothing/src/redux/user/user.types.js","/home/fdiamond/Training/crwn-clothing/src/redux/user/user.actions.js","/home/fdiamond/Training/crwn-clothing/src/components/collection-item/collection-item.component.jsx","/home/fdiamond/Training/crwn-clothing/src/components/collection-preview/collection-preview.jsx","/home/fdiamond/Training/crwn-clothing/src/pages/shop/shopData.js","/home/fdiamond/Training/crwn-clothing/src/pages/shop/shop.component.jsx","/home/fdiamond/Training/crwn-clothing/src/components/header/header.component.jsx","/home/fdiamond/Training/crwn-clothing/src/components/form-input/form-input.component.jsx","/home/fdiamond/Training/crwn-clothing/src/components/custom-button/custom-button.component.jsx","/home/fdiamond/Training/crwn-clothing/src/components/sign-in/sign-in.component.jsx","/home/fdiamond/Training/crwn-clothing/src/components/sign-up/sign-up.component.jsx","/home/fdiamond/Training/crwn-clothing/src/pages/sign-in-and-sign-up/sign-in-and-sign-up.jsx","/home/fdiamond/Training/crwn-clothing/src/components/menu-item/menu-item.component.jsx","/home/fdiamond/Training/crwn-clothing/src/components/directory-component/directory.component.jsx","/home/fdiamond/Training/crwn-clothing/src/homepage.component.jsx","/home/fdiamond/Training/crwn-clothing/src/App.js"],"compilerOptions":{"target":1,"jsx":1,"allowNonTsExtensions":true,"allowJs":true,"noEmitForJsFiles":true,"maxNodeModuleJsDepth":2},"typeAcquisition":{"enable":true,"include":[],"exclude":[]},"unresolvedImports":[],"projectRootPath":"/home/fdiamond/Training/crwn-clothing/src","kind":"discover"}
[10:26:23.608] Explicitly included types: []
[10:26:23.610] Inferred 'react' typings due to presence of '.jsx' extension
[10:26:23.610] Inferred typings from unresolved imports: []
[10:26:23.611] Result: {"cachedTypingPaths":["/home/fdiamond/.cache/typescript/3.9/node_modules/@types/react/index.d.ts"],"newTypingNames":[],"filesToWatch":["/home/fdiamond/Training/crwn-clothing/src/firebase/bower_components","/home/fdiamond/Training/crwn-clothing/src/firebase/node_modules","/home/fdiamond/Training/crwn-clothing/src/redux/user/bower_components","/home/fdiamond/Training/crwn-clothing/src/redux/user/node_modules","/home/fdiamond/Training/crwn-clothing/src/components/collection-item/bower_components","/home/fdiamond/Training/crwn-clothing/src/components/collection-item/node_modules","/home/fdiamond/Training/crwn-clothing/src/components/collection-preview/bower_components","/home/fdiamond/Training/crwn-clothing/src/components/collection-preview/node_modules","/home/fdiamond/Training/crwn-clothing/src/pages/shop/bower_components","/home/fdiamond/Training/crwn-clothing/src/pages/shop/node_modules","/home/fdiamond/Training/crwn-clothing/src/components/header/bower_components","/home/fdiamond/Training/crwn-clothing/src/components/header/node_modules","/home/fdiamond/Training/crwn-clothing/src/components/form-input/bower_components","/home/fdiamond/Training/crwn-clothing/src/components/form-input/node_modules","/home/fdiamond/Training/crwn-clothing/src/components/custom-button/bower_components","/home/fdiamond/Training/crwn-clothing/src/components/custom-button/node_modules","/home/fdiamond/Training/crwn-clothing/src/components/sign-in/bower_components","/home/fdiamond/Training/crwn-clothing/src/components/sign-in/node_modules","/home/fdiamond/Training/crwn-clothing/src/components/sign-up/bower_components","/home/fdiamond/Training/crwn-clothing/src/components/sign-up/node_modules","/home/fdiamond/Training/crwn-clothing/src/pages/sign-in-and-sign-up/bower_components","/home/fdiamond/Training/crwn-clothing/src/pages/sign-in-and-sign-up/node_modules","/home/fdiamond/Training/crwn-clothing/src/components/menu-item/bower_components","/home/fdiamond/Training/crwn-clothing/src/components/menu-item/node_modules","/home/fdiamond/Training/crwn-clothing/src/components/directory-component/bower_components","/home/fdiamond/Training/crwn-clothing/src/components/directory-component/node_modules","/home/fdiamond/Training/crwn-clothing/src/bower_components","/home/fdiamond/Training/crwn-clothing/src/node_modules"]}
[10:26:23.611] Finished typings discovery: {"cachedTypingPaths":["/home/fdiamond/.cache/typescript/3.9/node_modules/@types/react/index.d.ts"],"newTypingNames":[],"filesToWatch":["/home/fdiamond/Training/crwn-clothing/src/firebase/bower_components","/home/fdiamond/Training/crwn-clothing/src/firebase/node_modules","/home/fdiamond/Training/crwn-clothing/src/redux/user/bower_components","/home/fdiamond/Training/crwn-clothing/src/redux/user/node_modules","/home/fdiamond/Training/crwn-clothing/src/components/collection-item/bower_components","/home/fdiamond/Training/crwn-clothing/src/components/collection-item/node_modules","/home/fdiamond/Training/crwn-clothing/src/components/collection-preview/bower_components","/home/fdiamond/Training/crwn-clothing/src/components/collection-preview/node_modules","/home/fdiamond/Training/crwn-clothing/src/pages/shop/bower_components","/home/fdiamond/Training/crwn-clothing/src/pages/shop/node_modules","/home/fdiamond/Training/crwn-clothing/src/components/header/bower_components","/home/fdiamond/Training/crwn-clothing/src/components/header/node_modules","/home/fdiamond/Training/crwn-clothing/src/components/form-input/bower_components","/home/fdiamond/Training/crwn-clothing/src/components/form-input/node_modules","/home/fdiamond/Training/crwn-clothing/src/components/custom-button/bower_components","/home/fdiamond/Training/crwn-clothing/src/components/custom-button/node_modules","/home/fdiamond/Training/crwn-clothing/src/components/sign-in/bower_components","/home/fdiamond/Training/crwn-clothing/src/components/sign-in/node_modules","/home/fdiamond/Training/crwn-clothing/src/components/sign-up/bower_components","/home/fdiamond/Training/crwn-clothing/src/components/sign-up/node_modules","/home/fdiamond/Training/crwn-clothing/src/pages/sign-in-and-sign-up/bower_components","/home/fdiamond/Training/crwn-clothing/src/pages/sign-in-and-sign-up/node_modules","/home/fdiamond/Training/crwn-clothing/src/components/menu-item/bower_components","/home/fdiamond/Training/crwn-clothing/src/components/menu-item/node_modules","/home/fdiamond/Training/crwn-clothing/src/components/directory-component/bower_components","/home/fdiamond/Training/crwn-clothing/src/components/directory-component/node_modules","/home/fdiamond/Training/crwn-clothing/src/bower_components","/home/fdiamond/Training/crwn-clothing/src/node_modules"]}
[10:26:23.611] Sending response:
    {"projectName":"/dev/null/inferredProject1*","typeAcquisition":{"enable":true,"include":[],"exclude":[]},"compilerOptions":{"target":1,"jsx":1,"allowNonTsExtensions":true,"allowJs":true,"noEmitForJsFiles":true,"maxNodeModuleJsDepth":2},"typings":["/home/fdiamond/.cache/typescript/3.9/node_modules/@types/react/index.d.ts"],"unresolvedImports":[],"kind":"action::set"}
[10:26:23.612] Response has been sent.
[10:26:23.612] No new typings were requested as a result of typings discovery
[10:26:26.224] Got install request {"projectName":"/dev/null/inferredProject2*","fileNames":[],"compilerOptions":{"target":1,"jsx":1,"allowNonTsExtensions":true,"allowJs":true,"noEmitForJsFiles":true},"typeAcquisition":{"enable":true,"include":[],"exclude":[]},"unresolvedImports":[],"projectRootPath":"/home/fdiamond/Training/crwn-clothing/src/redux/user","kind":"discover"}
[10:26:26.225] Explicitly included types: []
[10:26:26.225] Inferred typings from unresolved imports: []
[10:26:26.225] Result: {"cachedTypingPaths":[],"newTypingNames":[],"filesToWatch":["/home/fdiamond/Training/crwn-clothing/src/redux/user/bower_components","/home/fdiamond/Training/crwn-clothing/src/redux/user/node_modules"]}
[10:26:26.225] Finished typings discovery: {"cachedTypingPaths":[],"newTypingNames":[],"filesToWatch":["/home/fdiamond/Training/crwn-clothing/src/redux/user/bower_components","/home/fdiamond/Training/crwn-clothing/src/redux/user/node_modules"]}
[10:26:26.225] Sending response:
    {"projectName":"/dev/null/inferredProject2*","typeAcquisition":{"enable":true,"include":[],"exclude":[]},"compilerOptions":{"target":1,"jsx":1,"allowNonTsExtensions":true,"allowJs":true,"noEmitForJsFiles":true},"typings":[],"unresolvedImports":[],"kind":"action::set"}
[10:26:26.225] Response has been sent.
[10:26:26.225] No new typings were requested as a result of typings discovery
