[21:6:26.334] Global cache location '/home/fdiamond/.cache/typescript/3.8', safe file path '/usr/lib/node_modules/typescript/lib/typingSafeList.json', types map path /usr/lib/node_modules/typescript/lib/typesMap.json
[21:6:26.335] Processing cache location '/home/fdiamond/.cache/typescript/3.8'
[21:6:26.335] Trying to find '/home/fdiamond/.cache/typescript/3.8/package.json'...
[21:6:26.335] Finished processing cache location '/home/fdiamond/.cache/typescript/3.8'
[21:6:26.335] Process id: 96718
[21:6:26.335] NPM location: /usr/bin/npm (explicit '--npmLocation' not  provided)
[21:6:26.335] validateDefaultNpmLocation: false
[21:6:26.336] Npm config file: /home/fdiamond/.cache/typescript/3.8/package.json
[21:6:26.336] Npm config file: '/home/fdiamond/.cache/typescript/3.8/package.json' is missing, creating new one...
[21:6:26.336] Updating types-registry npm package...
[21:6:26.336] Exec: /usr/bin/npm install --ignore-scripts types-registry@latest
[21:6:27.914]     Succeeded. stdout:
    + types-registry@0.1.489
    added 1 package from 1 contributor and audited 1 package in 1.2s
found 0 vulnerabilities


[21:6:27.914] Updated types-registry npm package
[21:6:29.18] Got install request {"projectName":"/dev/null/inferredProject1*","fileNames":["/usr/lib/node_modules/typescript/lib/lib.d.ts","/usr/lib/node_modules/typescript/lib/lib.es5.d.ts","/usr/lib/node_modules/typescript/lib/lib.dom.d.ts","/usr/lib/node_modules/typescript/lib/lib.webworker.importscripts.d.ts","/usr/lib/node_modules/typescript/lib/lib.scripthost.d.ts","/home/fdiamond/Training/crwn-clothing/src/components/form-input/form-input.component.jsx","/home/fdiamond/Training/crwn-clothing/src/components/custom-button/custom-button.component.jsx","/home/fdiamond/Training/crwn-clothing/src/firebase/firebase.utils.js","/home/fdiamond/Training/crwn-clothing/src/components/sign-in/sign-in.component.jsx"],"compilerOptions":{"target":1,"jsx":1,"allowNonTsExtensions":true,"allowJs":true,"noEmitForJsFiles":true,"maxNodeModuleJsDepth":2},"typeAcquisition":{"enable":true,"include":[],"exclude":[]},"unresolvedImports":[],"projectRootPath":"/home/fdiamond/Training/crwn-clothing/src/components/sign-in","kind":"discover"}
[21:6:29.34] Loaded safelist from types map file '/usr/lib/node_modules/typescript/lib/typesMap.json'
[21:6:29.34] Explicitly included types: []
[21:6:29.35] Inferred 'react' typings due to presence of '.jsx' extension
[21:6:29.35] Inferred typings from unresolved imports: []
[21:6:29.37] Result: {"cachedTypingPaths":[],"newTypingNames":["react"],"filesToWatch":["/home/fdiamond/Training/crwn-clothing/src/components/form-input/bower_components","/home/fdiamond/Training/crwn-clothing/src/components/form-input/node_modules","/home/fdiamond/Training/crwn-clothing/src/components/custom-button/bower_components","/home/fdiamond/Training/crwn-clothing/src/components/custom-button/node_modules","/home/fdiamond/Training/crwn-clothing/src/firebase/bower_components","/home/fdiamond/Training/crwn-clothing/src/firebase/node_modules","/home/fdiamond/Training/crwn-clothing/src/components/sign-in/bower_components","/home/fdiamond/Training/crwn-clothing/src/components/sign-in/node_modules"]}
[21:6:29.37] Finished typings discovery: {"cachedTypingPaths":[],"newTypingNames":["react"],"filesToWatch":["/home/fdiamond/Training/crwn-clothing/src/components/form-input/bower_components","/home/fdiamond/Training/crwn-clothing/src/components/form-input/node_modules","/home/fdiamond/Training/crwn-clothing/src/components/custom-button/bower_components","/home/fdiamond/Training/crwn-clothing/src/components/custom-button/node_modules","/home/fdiamond/Training/crwn-clothing/src/firebase/bower_components","/home/fdiamond/Training/crwn-clothing/src/firebase/node_modules","/home/fdiamond/Training/crwn-clothing/src/components/sign-in/bower_components","/home/fdiamond/Training/crwn-clothing/src/components/sign-in/node_modules"]}
[21:6:29.37] DirectoryWatcher:: Added:: WatchInfo: /home/fdiamond/Training/crwn-clothing/src/components/form-input/bower_components
[21:6:29.38] DirectoryWatcher:: Added:: WatchInfo: /home/fdiamond/Training/crwn-clothing/src/components/form-input/node_modules
[21:6:29.39] DirectoryWatcher:: Added:: WatchInfo: /home/fdiamond/Training/crwn-clothing/src/components/custom-button/bower_components
[21:6:29.39] DirectoryWatcher:: Added:: WatchInfo: /home/fdiamond/Training/crwn-clothing/src/components/custom-button/node_modules
[21:6:29.39] DirectoryWatcher:: Added:: WatchInfo: /home/fdiamond/Training/crwn-clothing/src/firebase/bower_components
[21:6:29.39] DirectoryWatcher:: Added:: WatchInfo: /home/fdiamond/Training/crwn-clothing/src/firebase/node_modules
[21:6:29.39] DirectoryWatcher:: Added:: WatchInfo: /home/fdiamond/Training/crwn-clothing/src/components/sign-in/bower_components
[21:6:29.39] DirectoryWatcher:: Added:: WatchInfo: /home/fdiamond/Training/crwn-clothing/src/components/sign-in/node_modules
[21:6:29.40] Installing typings ["react"]
[21:6:29.40] Npm config file: /home/fdiamond/.cache/typescript/3.8/package.json
[21:6:29.40] Sending response:
    {"kind":"event::beginInstallTypes","eventId":1,"typingsInstallerVersion":"3.8.3","projectName":"/dev/null/inferredProject1*"}
[21:6:29.40] Response has been sent.
[21:6:29.41] #1 with arguments'["@types/react@ts3.8"]'.
[21:6:29.41] Exec: /usr/bin/npm install --ignore-scripts @types/react@ts3.8 --save-dev --user-agent="typesInstaller/3.8.3"
[21:6:30.277]     Succeeded. stdout:
    + @types/react@16.9.35
    added 3 packages from 27 contributors and audited 4 packages in 0.86s
found 0 vulnerabilities


[21:6:30.278] npm install #1 took: 1237 ms
[21:6:30.279] Installed typings ["@types/react@ts3.8"]
[21:6:30.291] Installed typing files ["/home/fdiamond/.cache/typescript/3.8/node_modules/@types/react/index.d.ts"]
[21:6:30.291] Sending response:
    {"projectName":"/dev/null/inferredProject1*","typeAcquisition":{"enable":true,"include":[],"exclude":[]},"compilerOptions":{"target":1,"jsx":1,"allowNonTsExtensions":true,"allowJs":true,"noEmitForJsFiles":true,"maxNodeModuleJsDepth":2},"typings":["/home/fdiamond/.cache/typescript/3.8/node_modules/@types/react/index.d.ts"],"unresolvedImports":[],"kind":"action::set"}
[21:6:30.292] Response has been sent.
[21:6:30.292] Sending response:
    {"kind":"event::endInstallTypes","eventId":1,"projectName":"/dev/null/inferredProject1*","packagesToInstall":["@types/react@ts3.8"],"installSuccess":true,"typingsInstallerVersion":"3.8.3"}
[21:6:30.292] Response has been sent.
[21:6:30.892] Got install request {"projectName":"/dev/null/inferredProject1*","fileNames":["/usr/lib/node_modules/typescript/lib/lib.d.ts","/usr/lib/node_modules/typescript/lib/lib.es5.d.ts","/usr/lib/node_modules/typescript/lib/lib.dom.d.ts","/usr/lib/node_modules/typescript/lib/lib.webworker.importscripts.d.ts","/usr/lib/node_modules/typescript/lib/lib.scripthost.d.ts","/home/fdiamond/Training/crwn-clothing/src/components/form-input/form-input.component.jsx","/home/fdiamond/Training/crwn-clothing/src/components/custom-button/custom-button.component.jsx","/home/fdiamond/Training/crwn-clothing/src/firebase/firebase.utils.js","/home/fdiamond/Training/crwn-clothing/src/components/sign-in/sign-in.component.jsx","/home/fdiamond/.cache/typescript/3.8/node_modules/@types/react/global.d.ts","/home/fdiamond/.cache/typescript/3.8/node_modules/@types/react/index.d.ts"],"compilerOptions":{"target":1,"jsx":1,"allowNonTsExtensions":true,"allowJs":true,"noEmitForJsFiles":true,"maxNodeModuleJsDepth":2},"typeAcquisition":{"enable":true,"include":[],"exclude":[]},"unresolvedImports":[],"projectRootPath":"/home/fdiamond/Training/crwn-clothing/src/components/sign-in","kind":"discover"}
[21:6:30.893] Explicitly included types: []
[21:6:30.894] Inferred 'react' typings due to presence of '.jsx' extension
[21:6:30.894] Inferred typings from unresolved imports: []
[21:6:30.894] Result: {"cachedTypingPaths":["/home/fdiamond/.cache/typescript/3.8/node_modules/@types/react/index.d.ts"],"newTypingNames":[],"filesToWatch":["/home/fdiamond/Training/crwn-clothing/src/components/form-input/bower_components","/home/fdiamond/Training/crwn-clothing/src/components/form-input/node_modules","/home/fdiamond/Training/crwn-clothing/src/components/custom-button/bower_components","/home/fdiamond/Training/crwn-clothing/src/components/custom-button/node_modules","/home/fdiamond/Training/crwn-clothing/src/firebase/bower_components","/home/fdiamond/Training/crwn-clothing/src/firebase/node_modules","/home/fdiamond/Training/crwn-clothing/src/components/sign-in/bower_components","/home/fdiamond/Training/crwn-clothing/src/components/sign-in/node_modules"]}
[21:6:30.894] Finished typings discovery: {"cachedTypingPaths":["/home/fdiamond/.cache/typescript/3.8/node_modules/@types/react/index.d.ts"],"newTypingNames":[],"filesToWatch":["/home/fdiamond/Training/crwn-clothing/src/components/form-input/bower_components","/home/fdiamond/Training/crwn-clothing/src/components/form-input/node_modules","/home/fdiamond/Training/crwn-clothing/src/components/custom-button/bower_components","/home/fdiamond/Training/crwn-clothing/src/components/custom-button/node_modules","/home/fdiamond/Training/crwn-clothing/src/firebase/bower_components","/home/fdiamond/Training/crwn-clothing/src/firebase/node_modules","/home/fdiamond/Training/crwn-clothing/src/components/sign-in/bower_components","/home/fdiamond/Training/crwn-clothing/src/components/sign-in/node_modules"]}
[21:6:30.895] Sending response:
    {"projectName":"/dev/null/inferredProject1*","typeAcquisition":{"enable":true,"include":[],"exclude":[]},"compilerOptions":{"target":1,"jsx":1,"allowNonTsExtensions":true,"allowJs":true,"noEmitForJsFiles":true,"maxNodeModuleJsDepth":2},"typings":["/home/fdiamond/.cache/typescript/3.8/node_modules/@types/react/index.d.ts"],"unresolvedImports":[],"kind":"action::set"}
[21:6:30.895] Response has been sent.
[21:6:30.895] No new typings were requested as a result of typings discovery
[21:7:48.787] Got install request {"projectName":"/dev/null/inferredProject1*","fileNames":["/usr/lib/node_modules/typescript/lib/lib.d.ts","/usr/lib/node_modules/typescript/lib/lib.es5.d.ts","/usr/lib/node_modules/typescript/lib/lib.dom.d.ts","/usr/lib/node_modules/typescript/lib/lib.webworker.importscripts.d.ts","/usr/lib/node_modules/typescript/lib/lib.scripthost.d.ts","/home/fdiamond/Training/crwn-clothing/src/components/form-input/form-input.component.jsx","/home/fdiamond/Training/crwn-clothing/src/firebase/firebase.utils.js","/home/fdiamond/Training/crwn-clothing/src/components/sign-in/sign-in.component.jsx","/home/fdiamond/.cache/typescript/3.8/node_modules/@types/react/global.d.ts","/home/fdiamond/.cache/typescript/3.8/node_modules/@types/react/index.d.ts"],"compilerOptions":{"target":1,"jsx":1,"allowNonTsExtensions":true,"allowJs":true,"noEmitForJsFiles":true,"maxNodeModuleJsDepth":2},"typeAcquisition":{"enable":true,"include":[],"exclude":[]},"unresolvedImports":[],"projectRootPath":"/home/fdiamond/Training/crwn-clothing/src/components/sign-in","kind":"discover"}
[21:7:48.788] Explicitly included types: []
[21:7:48.789] Inferred 'react' typings due to presence of '.jsx' extension
[21:7:48.789] Inferred typings from unresolved imports: []
[21:7:48.789] Result: {"cachedTypingPaths":["/home/fdiamond/.cache/typescript/3.8/node_modules/@types/react/index.d.ts"],"newTypingNames":[],"filesToWatch":["/home/fdiamond/Training/crwn-clothing/src/components/form-input/bower_components","/home/fdiamond/Training/crwn-clothing/src/components/form-input/node_modules","/home/fdiamond/Training/crwn-clothing/src/firebase/bower_components","/home/fdiamond/Training/crwn-clothing/src/firebase/node_modules","/home/fdiamond/Training/crwn-clothing/src/components/sign-in/bower_components","/home/fdiamond/Training/crwn-clothing/src/components/sign-in/node_modules"]}
[21:7:48.789] Finished typings discovery: {"cachedTypingPaths":["/home/fdiamond/.cache/typescript/3.8/node_modules/@types/react/index.d.ts"],"newTypingNames":[],"filesToWatch":["/home/fdiamond/Training/crwn-clothing/src/components/form-input/bower_components","/home/fdiamond/Training/crwn-clothing/src/components/form-input/node_modules","/home/fdiamond/Training/crwn-clothing/src/firebase/bower_components","/home/fdiamond/Training/crwn-clothing/src/firebase/node_modules","/home/fdiamond/Training/crwn-clothing/src/components/sign-in/bower_components","/home/fdiamond/Training/crwn-clothing/src/components/sign-in/node_modules"]}
[21:7:48.790] DirectoryWatcher:: Closed:: WatchInfo: /home/fdiamond/Training/crwn-clothing/src/components/custom-button/bower_components
[21:7:48.791] DirectoryWatcher:: Closed:: WatchInfo: /home/fdiamond/Training/crwn-clothing/src/components/custom-button/node_modules
[21:7:48.791] Sending response:
    {"projectName":"/dev/null/inferredProject1*","typeAcquisition":{"enable":true,"include":[],"exclude":[]},"compilerOptions":{"target":1,"jsx":1,"allowNonTsExtensions":true,"allowJs":true,"noEmitForJsFiles":true,"maxNodeModuleJsDepth":2},"typings":["/home/fdiamond/.cache/typescript/3.8/node_modules/@types/react/index.d.ts"],"unresolvedImports":[],"kind":"action::set"}
[21:7:48.791] Response has been sent.
[21:7:48.791] No new typings were requested as a result of typings discovery
[21:8:43.816] Got install request {"projectName":"/dev/null/inferredProject1*","fileNames":["/usr/lib/node_modules/typescript/lib/lib.d.ts","/usr/lib/node_modules/typescript/lib/lib.es5.d.ts","/usr/lib/node_modules/typescript/lib/lib.dom.d.ts","/usr/lib/node_modules/typescript/lib/lib.webworker.importscripts.d.ts","/usr/lib/node_modules/typescript/lib/lib.scripthost.d.ts","/home/fdiamond/Training/crwn-clothing/src/components/form-input/form-input.component.jsx","/home/fdiamond/Training/crwn-clothing/src/firebase/firebase.utils.js","/home/fdiamond/Training/crwn-clothing/src/components/collection-item/collection-item.component.jsx","/home/fdiamond/Training/crwn-clothing/src/components/collection-preview/collection-preview.jsx","/home/fdiamond/Training/crwn-clothing/src/pages/shop/shopData.js","/home/fdiamond/Training/crwn-clothing/src/pages/shop/shop.component.jsx","/home/fdiamond/Training/crwn-clothing/src/components/header/header.component.jsx","/home/fdiamond/Training/crwn-clothing/src/components/custom-button/custom-button.component.jsx","/home/fdiamond/Training/crwn-clothing/src/components/sign-up/sign-up.component.jsx","/home/fdiamond/Training/crwn-clothing/src/pages/sign-in-and-sign-up/sign-in-and-sign-up.jsx","/home/fdiamond/Training/crwn-clothing/src/components/menu-item/menu-item.component.jsx","/home/fdiamond/Training/crwn-clothing/src/components/directory-component/directory.component.jsx","/home/fdiamond/Training/crwn-clothing/src/homepage.component.jsx","/home/fdiamond/Training/crwn-clothing/src/App.js","/home/fdiamond/Training/crwn-clothing/src/index.js","/home/fdiamond/Training/crwn-clothing/src/components/sign-in/sign-in.component.jsx","/home/fdiamond/.cache/typescript/3.8/node_modules/@types/react/global.d.ts","/home/fdiamond/.cache/typescript/3.8/node_modules/@types/react/index.d.ts"],"compilerOptions":{"target":1,"jsx":1,"allowNonTsExtensions":true,"allowJs":true,"noEmitForJsFiles":true,"maxNodeModuleJsDepth":2},"typeAcquisition":{"enable":true,"include":[],"exclude":[]},"unresolvedImports":["history","react-router","react-router-dom"],"projectRootPath":"/home/fdiamond/Training/crwn-clothing/src/components/sign-in","kind":"discover"}
[21:8:43.817] Explicitly included types: []
[21:8:43.818] Inferred 'react' typings due to presence of '.jsx' extension
[21:8:43.818] Inferred typings from unresolved imports: ["history","react-router","react-router-dom"]
[21:8:43.818] Result: {"cachedTypingPaths":["/home/fdiamond/.cache/typescript/3.8/node_modules/@types/react/index.d.ts"],"newTypingNames":["history","react-router","react-router-dom"],"filesToWatch":["/home/fdiamond/Training/crwn-clothing/src/components/form-input/bower_components","/home/fdiamond/Training/crwn-clothing/src/components/form-input/node_modules","/home/fdiamond/Training/crwn-clothing/src/firebase/bower_components","/home/fdiamond/Training/crwn-clothing/src/firebase/node_modules","/home/fdiamond/Training/crwn-clothing/src/components/collection-item/bower_components","/home/fdiamond/Training/crwn-clothing/src/components/collection-item/node_modules","/home/fdiamond/Training/crwn-clothing/src/components/collection-preview/bower_components","/home/fdiamond/Training/crwn-clothing/src/components/collection-preview/node_modules","/home/fdiamond/Training/crwn-clothing/src/pages/shop/bower_components","/home/fdiamond/Training/crwn-clothing/src/pages/shop/node_modules","/home/fdiamond/Training/crwn-clothing/src/components/header/bower_components","/home/fdiamond/Training/crwn-clothing/src/components/header/node_modules","/home/fdiamond/Training/crwn-clothing/src/components/custom-button/bower_components","/home/fdiamond/Training/crwn-clothing/src/components/custom-button/node_modules","/home/fdiamond/Training/crwn-clothing/src/components/sign-up/bower_components","/home/fdiamond/Training/crwn-clothing/src/components/sign-up/node_modules","/home/fdiamond/Training/crwn-clothing/src/pages/sign-in-and-sign-up/bower_components","/home/fdiamond/Training/crwn-clothing/src/pages/sign-in-and-sign-up/node_modules","/home/fdiamond/Training/crwn-clothing/src/components/menu-item/bower_components","/home/fdiamond/Training/crwn-clothing/src/components/menu-item/node_modules","/home/fdiamond/Training/crwn-clothing/src/components/directory-component/bower_components","/home/fdiamond/Training/crwn-clothing/src/components/directory-component/node_modules","/home/fdiamond/Training/crwn-clothing/src/bower_components","/home/fdiamond/Training/crwn-clothing/src/node_modules","/home/fdiamond/Training/crwn-clothing/src/components/sign-in/bower_components","/home/fdiamond/Training/crwn-clothing/src/components/sign-in/node_modules"]}
[21:8:43.818] Finished typings discovery: {"cachedTypingPaths":["/home/fdiamond/.cache/typescript/3.8/node_modules/@types/react/index.d.ts"],"newTypingNames":["history","react-router","react-router-dom"],"filesToWatch":["/home/fdiamond/Training/crwn-clothing/src/components/form-input/bower_components","/home/fdiamond/Training/crwn-clothing/src/components/form-input/node_modules","/home/fdiamond/Training/crwn-clothing/src/firebase/bower_components","/home/fdiamond/Training/crwn-clothing/src/firebase/node_modules","/home/fdiamond/Training/crwn-clothing/src/components/collection-item/bower_components","/home/fdiamond/Training/crwn-clothing/src/components/collection-item/node_modules","/home/fdiamond/Training/crwn-clothing/src/components/collection-preview/bower_components","/home/fdiamond/Training/crwn-clothing/src/components/collection-preview/node_modules","/home/fdiamond/Training/crwn-clothing/src/pages/shop/bower_components","/home/fdiamond/Training/crwn-clothing/src/pages/shop/node_modules","/home/fdiamond/Training/crwn-clothing/src/components/header/bower_components","/home/fdiamond/Training/crwn-clothing/src/components/header/node_modules","/home/fdiamond/Training/crwn-clothing/src/components/custom-button/bower_components","/home/fdiamond/Training/crwn-clothing/src/components/custom-button/node_modules","/home/fdiamond/Training/crwn-clothing/src/components/sign-up/bower_components","/home/fdiamond/Training/crwn-clothing/src/components/sign-up/node_modules","/home/fdiamond/Training/crwn-clothing/src/pages/sign-in-and-sign-up/bower_components","/home/fdiamond/Training/crwn-clothing/src/pages/sign-in-and-sign-up/node_modules","/home/fdiamond/Training/crwn-clothing/src/components/menu-item/bower_components","/home/fdiamond/Training/crwn-clothing/src/components/menu-item/node_modules","/home/fdiamond/Training/crwn-clothing/src/components/directory-component/bower_components","/home/fdiamond/Training/crwn-clothing/src/components/directory-component/node_modules","/home/fdiamond/Training/crwn-clothing/src/bower_components","/home/fdiamond/Training/crwn-clothing/src/node_modules","/home/fdiamond/Training/crwn-clothing/src/components/sign-in/bower_components","/home/fdiamond/Training/crwn-clothing/src/components/sign-in/node_modules"]}
[21:8:43.818] DirectoryWatcher:: Added:: WatchInfo: /home/fdiamond/Training/crwn-clothing/src/components/collection-item/bower_components
[21:8:43.819] DirectoryWatcher:: Added:: WatchInfo: /home/fdiamond/Training/crwn-clothing/src/components/collection-item/node_modules
[21:8:43.819] DirectoryWatcher:: Added:: WatchInfo: /home/fdiamond/Training/crwn-clothing/src/components/collection-preview/bower_components
[21:8:43.819] DirectoryWatcher:: Added:: WatchInfo: /home/fdiamond/Training/crwn-clothing/src/components/collection-preview/node_modules
[21:8:43.819] DirectoryWatcher:: Added:: WatchInfo: /home/fdiamond/Training/crwn-clothing/src/pages/shop/bower_components
[21:8:43.819] DirectoryWatcher:: Added:: WatchInfo: /home/fdiamond/Training/crwn-clothing/src/pages/shop/node_modules
[21:8:43.820] DirectoryWatcher:: Added:: WatchInfo: /home/fdiamond/Training/crwn-clothing/src/components/header/bower_components
[21:8:43.820] DirectoryWatcher:: Added:: WatchInfo: /home/fdiamond/Training/crwn-clothing/src/components/header/node_modules
[21:8:43.820] DirectoryWatcher:: Added:: WatchInfo: /home/fdiamond/Training/crwn-clothing/src/components/custom-button/bower_components
[21:8:43.820] DirectoryWatcher:: Added:: WatchInfo: /home/fdiamond/Training/crwn-clothing/src/components/custom-button/node_modules
[21:8:43.820] DirectoryWatcher:: Added:: WatchInfo: /home/fdiamond/Training/crwn-clothing/src/components/sign-up/bower_components
[21:8:43.820] DirectoryWatcher:: Added:: WatchInfo: /home/fdiamond/Training/crwn-clothing/src/components/sign-up/node_modules
[21:8:43.820] DirectoryWatcher:: Added:: WatchInfo: /home/fdiamond/Training/crwn-clothing/src/pages/sign-in-and-sign-up/bower_components
[21:8:43.821] DirectoryWatcher:: Added:: WatchInfo: /home/fdiamond/Training/crwn-clothing/src/pages/sign-in-and-sign-up/node_modules
[21:8:43.821] DirectoryWatcher:: Added:: WatchInfo: /home/fdiamond/Training/crwn-clothing/src/components/menu-item/bower_components
[21:8:43.821] DirectoryWatcher:: Added:: WatchInfo: /home/fdiamond/Training/crwn-clothing/src/components/menu-item/node_modules
[21:8:43.821] DirectoryWatcher:: Added:: WatchInfo: /home/fdiamond/Training/crwn-clothing/src/components/directory-component/bower_components
[21:8:43.821] DirectoryWatcher:: Added:: WatchInfo: /home/fdiamond/Training/crwn-clothing/src/components/directory-component/node_modules
[21:8:43.821] DirectoryWatcher:: Added:: WatchInfo: /home/fdiamond/Training/crwn-clothing/src/bower_components
[21:8:43.821] DirectoryWatcher:: Added:: WatchInfo: /home/fdiamond/Training/crwn-clothing/src/node_modules
[21:8:43.822] Installing typings ["history","react-router","react-router-dom"]
[21:8:43.822] Npm config file: /home/fdiamond/.cache/typescript/3.8/package.json
[21:8:43.822] Sending response:
    {"kind":"event::beginInstallTypes","eventId":2,"typingsInstallerVersion":"3.8.3","projectName":"/dev/null/inferredProject1*"}
[21:8:43.822] Response has been sent.
[21:8:43.822] #2 with arguments'["@types/history@ts3.8","@types/react-router@ts3.8","@types/react-router-dom@ts3.8"]'.
[21:8:43.822] Exec: /usr/bin/npm install --ignore-scripts @types/history@ts3.8 @types/react-router@ts3.8 @types/react-router-dom@ts3.8 --save-dev --user-agent="typesInstaller/3.8.3"
[21:8:44.831]     Succeeded. stdout:
    + @types/history@4.7.5
    + @types/react-router-dom@5.1.5
+ @types/react-router@5.1.7
added 3 packages from 25 contributors and audited 8 packages in 0.665s
found 0 vulnerabilities


[21:8:44.831] npm install #2 took: 1009 ms
[21:8:44.831] Installed typings ["@types/history@ts3.8","@types/react-router@ts3.8","@types/react-router-dom@ts3.8"]
[21:8:44.846] Installed typing files ["/home/fdiamond/.cache/typescript/3.8/node_modules/@types/history/index.d.ts","/home/fdiamond/.cache/typescript/3.8/node_modules/@types/react-router/index.d.ts","/home/fdiamond/.cache/typescript/3.8/node_modules/@types/react-router-dom/index.d.ts"]
[21:8:44.846] Sending response:
    {"projectName":"/dev/null/inferredProject1*","typeAcquisition":{"enable":true,"include":[],"exclude":[]},"compilerOptions":{"target":1,"jsx":1,"allowNonTsExtensions":true,"allowJs":true,"noEmitForJsFiles":true,"maxNodeModuleJsDepth":2},"typings":["/home/fdiamond/.cache/typescript/3.8/node_modules/@types/react/index.d.ts","/home/fdiamond/.cache/typescript/3.8/node_modules/@types/history/index.d.ts","/home/fdiamond/.cache/typescript/3.8/node_modules/@types/react-router/index.d.ts","/home/fdiamond/.cache/typescript/3.8/node_modules/@types/react-router-dom/index.d.ts"],"unresolvedImports":["history","react-router","react-router-dom"],"kind":"action::set"}
[21:8:44.846] Response has been sent.
[21:8:44.846] Sending response:
    {"kind":"event::endInstallTypes","eventId":2,"projectName":"/dev/null/inferredProject1*","packagesToInstall":["@types/history@ts3.8","@types/react-router@ts3.8","@types/react-router-dom@ts3.8"],"installSuccess":true,"typingsInstallerVersion":"3.8.3"}
[21:8:44.846] Response has been sent.
[21:8:45.296] Got install request {"projectName":"/dev/null/inferredProject1*","fileNames":["/usr/lib/node_modules/typescript/lib/lib.d.ts","/usr/lib/node_modules/typescript/lib/lib.es5.d.ts","/usr/lib/node_modules/typescript/lib/lib.dom.d.ts","/usr/lib/node_modules/typescript/lib/lib.webworker.importscripts.d.ts","/usr/lib/node_modules/typescript/lib/lib.scripthost.d.ts","/home/fdiamond/Training/crwn-clothing/src/components/form-input/form-input.component.jsx","/home/fdiamond/Training/crwn-clothing/src/firebase/firebase.utils.js","/home/fdiamond/.cache/typescript/3.8/node_modules/@types/react/global.d.ts","/home/fdiamond/.cache/typescript/3.8/node_modules/@types/react/index.d.ts","/home/fdiamond/.cache/typescript/3.8/node_modules/@types/history/index.d.ts","/home/fdiamond/.cache/typescript/3.8/node_modules/@types/react-router/index.d.ts","/home/fdiamond/.cache/typescript/3.8/node_modules/@types/react-router-dom/index.d.ts","/home/fdiamond/Training/crwn-clothing/src/components/collection-item/collection-item.component.jsx","/home/fdiamond/Training/crwn-clothing/src/components/collection-preview/collection-preview.jsx","/home/fdiamond/Training/crwn-clothing/src/pages/shop/shopData.js","/home/fdiamond/Training/crwn-clothing/src/pages/shop/shop.component.jsx","/home/fdiamond/Training/crwn-clothing/src/components/header/header.component.jsx","/home/fdiamond/Training/crwn-clothing/src/components/custom-button/custom-button.component.jsx","/home/fdiamond/Training/crwn-clothing/src/components/sign-up/sign-up.component.jsx","/home/fdiamond/Training/crwn-clothing/src/pages/sign-in-and-sign-up/sign-in-and-sign-up.jsx","/home/fdiamond/Training/crwn-clothing/src/components/menu-item/menu-item.component.jsx","/home/fdiamond/Training/crwn-clothing/src/components/directory-component/directory.component.jsx","/home/fdiamond/Training/crwn-clothing/src/homepage.component.jsx","/home/fdiamond/Training/crwn-clothing/src/App.js","/home/fdiamond/Training/crwn-clothing/src/index.js","/home/fdiamond/Training/crwn-clothing/src/components/sign-in/sign-in.component.jsx"],"compilerOptions":{"target":1,"jsx":1,"allowNonTsExtensions":true,"allowJs":true,"noEmitForJsFiles":true,"maxNodeModuleJsDepth":2},"typeAcquisition":{"enable":true,"include":[],"exclude":[]},"unresolvedImports":[],"projectRootPath":"/home/fdiamond/Training/crwn-clothing/src/components/sign-in","kind":"discover"}
[21:8:45.297] Explicitly included types: []
[21:8:45.300] Inferred 'react' typings due to presence of '.jsx' extension
[21:8:45.300] Inferred typings from unresolved imports: []
[21:8:45.300] Result: {"cachedTypingPaths":["/home/fdiamond/.cache/typescript/3.8/node_modules/@types/react/index.d.ts"],"newTypingNames":[],"filesToWatch":["/home/fdiamond/Training/crwn-clothing/src/components/form-input/bower_components","/home/fdiamond/Training/crwn-clothing/src/components/form-input/node_modules","/home/fdiamond/Training/crwn-clothing/src/firebase/bower_components","/home/fdiamond/Training/crwn-clothing/src/firebase/node_modules","/home/fdiamond/Training/crwn-clothing/src/components/collection-item/bower_components","/home/fdiamond/Training/crwn-clothing/src/components/collection-item/node_modules","/home/fdiamond/Training/crwn-clothing/src/components/collection-preview/bower_components","/home/fdiamond/Training/crwn-clothing/src/components/collection-preview/node_modules","/home/fdiamond/Training/crwn-clothing/src/pages/shop/bower_components","/home/fdiamond/Training/crwn-clothing/src/pages/shop/node_modules","/home/fdiamond/Training/crwn-clothing/src/components/header/bower_components","/home/fdiamond/Training/crwn-clothing/src/components/header/node_modules","/home/fdiamond/Training/crwn-clothing/src/components/custom-button/bower_components","/home/fdiamond/Training/crwn-clothing/src/components/custom-button/node_modules","/home/fdiamond/Training/crwn-clothing/src/components/sign-up/bower_components","/home/fdiamond/Training/crwn-clothing/src/components/sign-up/node_modules","/home/fdiamond/Training/crwn-clothing/src/pages/sign-in-and-sign-up/bower_components","/home/fdiamond/Training/crwn-clothing/src/pages/sign-in-and-sign-up/node_modules","/home/fdiamond/Training/crwn-clothing/src/components/menu-item/bower_components","/home/fdiamond/Training/crwn-clothing/src/components/menu-item/node_modules","/home/fdiamond/Training/crwn-clothing/src/components/directory-component/bower_components","/home/fdiamond/Training/crwn-clothing/src/components/directory-component/node_modules","/home/fdiamond/Training/crwn-clothing/src/bower_components","/home/fdiamond/Training/crwn-clothing/src/node_modules","/home/fdiamond/Training/crwn-clothing/src/components/sign-in/bower_components","/home/fdiamond/Training/crwn-clothing/src/components/sign-in/node_modules"]}
[21:8:45.300] Finished typings discovery: {"cachedTypingPaths":["/home/fdiamond/.cache/typescript/3.8/node_modules/@types/react/index.d.ts"],"newTypingNames":[],"filesToWatch":["/home/fdiamond/Training/crwn-clothing/src/components/form-input/bower_components","/home/fdiamond/Training/crwn-clothing/src/components/form-input/node_modules","/home/fdiamond/Training/crwn-clothing/src/firebase/bower_components","/home/fdiamond/Training/crwn-clothing/src/firebase/node_modules","/home/fdiamond/Training/crwn-clothing/src/components/collection-item/bower_components","/home/fdiamond/Training/crwn-clothing/src/components/collection-item/node_modules","/home/fdiamond/Training/crwn-clothing/src/components/collection-preview/bower_components","/home/fdiamond/Training/crwn-clothing/src/components/collection-preview/node_modules","/home/fdiamond/Training/crwn-clothing/src/pages/shop/bower_components","/home/fdiamond/Training/crwn-clothing/src/pages/shop/node_modules","/home/fdiamond/Training/crwn-clothing/src/components/header/bower_components","/home/fdiamond/Training/crwn-clothing/src/components/header/node_modules","/home/fdiamond/Training/crwn-clothing/src/components/custom-button/bower_components","/home/fdiamond/Training/crwn-clothing/src/components/custom-button/node_modules","/home/fdiamond/Training/crwn-clothing/src/components/sign-up/bower_components","/home/fdiamond/Training/crwn-clothing/src/components/sign-up/node_modules","/home/fdiamond/Training/crwn-clothing/src/pages/sign-in-and-sign-up/bower_components","/home/fdiamond/Training/crwn-clothing/src/pages/sign-in-and-sign-up/node_modules","/home/fdiamond/Training/crwn-clothing/src/components/menu-item/bower_components","/home/fdiamond/Training/crwn-clothing/src/components/menu-item/node_modules","/home/fdiamond/Training/crwn-clothing/src/components/directory-component/bower_components","/home/fdiamond/Training/crwn-clothing/src/components/directory-component/node_modules","/home/fdiamond/Training/crwn-clothing/src/bower_components","/home/fdiamond/Training/crwn-clothing/src/node_modules","/home/fdiamond/Training/crwn-clothing/src/components/sign-in/bower_components","/home/fdiamond/Training/crwn-clothing/src/components/sign-in/node_modules"]}
[21:8:45.302] Sending response:
    {"projectName":"/dev/null/inferredProject1*","typeAcquisition":{"enable":true,"include":[],"exclude":[]},"compilerOptions":{"target":1,"jsx":1,"allowNonTsExtensions":true,"allowJs":true,"noEmitForJsFiles":true,"maxNodeModuleJsDepth":2},"typings":["/home/fdiamond/.cache/typescript/3.8/node_modules/@types/react/index.d.ts"],"unresolvedImports":[],"kind":"action::set"}
[21:8:45.302] Response has been sent.
[21:8:45.302] No new typings were requested as a result of typings discovery
[21:8:46.35] Got install request {"projectName":"/dev/null/inferredProject1*","fileNames":["/usr/lib/node_modules/typescript/lib/lib.d.ts","/usr/lib/node_modules/typescript/lib/lib.es5.d.ts","/usr/lib/node_modules/typescript/lib/lib.dom.d.ts","/usr/lib/node_modules/typescript/lib/lib.webworker.importscripts.d.ts","/usr/lib/node_modules/typescript/lib/lib.scripthost.d.ts","/home/fdiamond/Training/crwn-clothing/src/components/form-input/form-input.component.jsx","/home/fdiamond/Training/crwn-clothing/src/firebase/firebase.utils.js","/home/fdiamond/.cache/typescript/3.8/node_modules/@types/react/global.d.ts","/home/fdiamond/.cache/typescript/3.8/node_modules/@types/react/index.d.ts","/home/fdiamond/Training/crwn-clothing/src/components/collection-item/collection-item.component.jsx","/home/fdiamond/Training/crwn-clothing/src/components/collection-preview/collection-preview.jsx","/home/fdiamond/Training/crwn-clothing/src/pages/shop/shopData.js","/home/fdiamond/Training/crwn-clothing/src/pages/shop/shop.component.jsx","/home/fdiamond/Training/crwn-clothing/src/components/header/header.component.jsx","/home/fdiamond/Training/crwn-clothing/src/components/custom-button/custom-button.component.jsx","/home/fdiamond/Training/crwn-clothing/src/components/sign-up/sign-up.component.jsx","/home/fdiamond/Training/crwn-clothing/src/pages/sign-in-and-sign-up/sign-in-and-sign-up.jsx","/home/fdiamond/Training/crwn-clothing/src/components/menu-item/menu-item.component.jsx","/home/fdiamond/Training/crwn-clothing/src/components/directory-component/directory.component.jsx","/home/fdiamond/Training/crwn-clothing/src/homepage.component.jsx","/home/fdiamond/Training/crwn-clothing/src/App.js","/home/fdiamond/Training/crwn-clothing/src/index.js","/home/fdiamond/Training/crwn-clothing/src/components/sign-in/sign-in.component.jsx"],"compilerOptions":{"target":1,"jsx":1,"allowNonTsExtensions":true,"allowJs":true,"noEmitForJsFiles":true,"maxNodeModuleJsDepth":2},"typeAcquisition":{"enable":true,"include":[],"exclude":[]},"unresolvedImports":[],"projectRootPath":"/home/fdiamond/Training/crwn-clothing/src/components/sign-in","kind":"discover"}
[21:8:46.36] Explicitly included types: []
[21:8:46.40] Inferred 'react' typings due to presence of '.jsx' extension
[21:8:46.40] Inferred typings from unresolved imports: []
[21:8:46.40] Result: {"cachedTypingPaths":["/home/fdiamond/.cache/typescript/3.8/node_modules/@types/react/index.d.ts"],"newTypingNames":[],"filesToWatch":["/home/fdiamond/Training/crwn-clothing/src/components/form-input/bower_components","/home/fdiamond/Training/crwn-clothing/src/components/form-input/node_modules","/home/fdiamond/Training/crwn-clothing/src/firebase/bower_components","/home/fdiamond/Training/crwn-clothing/src/firebase/node_modules","/home/fdiamond/Training/crwn-clothing/src/components/collection-item/bower_components","/home/fdiamond/Training/crwn-clothing/src/components/collection-item/node_modules","/home/fdiamond/Training/crwn-clothing/src/components/collection-preview/bower_components","/home/fdiamond/Training/crwn-clothing/src/components/collection-preview/node_modules","/home/fdiamond/Training/crwn-clothing/src/pages/shop/bower_components","/home/fdiamond/Training/crwn-clothing/src/pages/shop/node_modules","/home/fdiamond/Training/crwn-clothing/src/components/header/bower_components","/home/fdiamond/Training/crwn-clothing/src/components/header/node_modules","/home/fdiamond/Training/crwn-clothing/src/components/custom-button/bower_components","/home/fdiamond/Training/crwn-clothing/src/components/custom-button/node_modules","/home/fdiamond/Training/crwn-clothing/src/components/sign-up/bower_components","/home/fdiamond/Training/crwn-clothing/src/components/sign-up/node_modules","/home/fdiamond/Training/crwn-clothing/src/pages/sign-in-and-sign-up/bower_components","/home/fdiamond/Training/crwn-clothing/src/pages/sign-in-and-sign-up/node_modules","/home/fdiamond/Training/crwn-clothing/src/components/menu-item/bower_components","/home/fdiamond/Training/crwn-clothing/src/components/menu-item/node_modules","/home/fdiamond/Training/crwn-clothing/src/components/directory-component/bower_components","/home/fdiamond/Training/crwn-clothing/src/components/directory-component/node_modules","/home/fdiamond/Training/crwn-clothing/src/bower_components","/home/fdiamond/Training/crwn-clothing/src/node_modules","/home/fdiamond/Training/crwn-clothing/src/components/sign-in/bower_components","/home/fdiamond/Training/crwn-clothing/src/components/sign-in/node_modules"]}
[21:8:46.40] Finished typings discovery: {"cachedTypingPaths":["/home/fdiamond/.cache/typescript/3.8/node_modules/@types/react/index.d.ts"],"newTypingNames":[],"filesToWatch":["/home/fdiamond/Training/crwn-clothing/src/components/form-input/bower_components","/home/fdiamond/Training/crwn-clothing/src/components/form-input/node_modules","/home/fdiamond/Training/crwn-clothing/src/firebase/bower_components","/home/fdiamond/Training/crwn-clothing/src/firebase/node_modules","/home/fdiamond/Training/crwn-clothing/src/components/collection-item/bower_components","/home/fdiamond/Training/crwn-clothing/src/components/collection-item/node_modules","/home/fdiamond/Training/crwn-clothing/src/components/collection-preview/bower_components","/home/fdiamond/Training/crwn-clothing/src/components/collection-preview/node_modules","/home/fdiamond/Training/crwn-clothing/src/pages/shop/bower_components","/home/fdiamond/Training/crwn-clothing/src/pages/shop/node_modules","/home/fdiamond/Training/crwn-clothing/src/components/header/bower_components","/home/fdiamond/Training/crwn-clothing/src/components/header/node_modules","/home/fdiamond/Training/crwn-clothing/src/components/custom-button/bower_components","/home/fdiamond/Training/crwn-clothing/src/components/custom-button/node_modules","/home/fdiamond/Training/crwn-clothing/src/components/sign-up/bower_components","/home/fdiamond/Training/crwn-clothing/src/components/sign-up/node_modules","/home/fdiamond/Training/crwn-clothing/src/pages/sign-in-and-sign-up/bower_components","/home/fdiamond/Training/crwn-clothing/src/pages/sign-in-and-sign-up/node_modules","/home/fdiamond/Training/crwn-clothing/src/components/menu-item/bower_components","/home/fdiamond/Training/crwn-clothing/src/components/menu-item/node_modules","/home/fdiamond/Training/crwn-clothing/src/components/directory-component/bower_components","/home/fdiamond/Training/crwn-clothing/src/components/directory-component/node_modules","/home/fdiamond/Training/crwn-clothing/src/bower_components","/home/fdiamond/Training/crwn-clothing/src/node_modules","/home/fdiamond/Training/crwn-clothing/src/components/sign-in/bower_components","/home/fdiamond/Training/crwn-clothing/src/components/sign-in/node_modules"]}
[21:8:46.42] Sending response:
    {"projectName":"/dev/null/inferredProject1*","typeAcquisition":{"enable":true,"include":[],"exclude":[]},"compilerOptions":{"target":1,"jsx":1,"allowNonTsExtensions":true,"allowJs":true,"noEmitForJsFiles":true,"maxNodeModuleJsDepth":2},"typings":["/home/fdiamond/.cache/typescript/3.8/node_modules/@types/react/index.d.ts"],"unresolvedImports":[],"kind":"action::set"}
[21:8:46.42] Response has been sent.
[21:8:46.42] No new typings were requested as a result of typings discovery
[21:8:54.608] Got install request {"projectName":"/dev/null/inferredProject1*","fileNames":["/usr/lib/node_modules/typescript/lib/lib.d.ts","/usr/lib/node_modules/typescript/lib/lib.es5.d.ts","/usr/lib/node_modules/typescript/lib/lib.dom.d.ts","/usr/lib/node_modules/typescript/lib/lib.webworker.importscripts.d.ts","/usr/lib/node_modules/typescript/lib/lib.scripthost.d.ts","/home/fdiamond/Training/crwn-clothing/src/components/form-input/form-input.component.jsx","/home/fdiamond/Training/crwn-clothing/src/firebase/firebase.utils.js","/home/fdiamond/Training/crwn-clothing/src/components/sign-in/sign-in.component.jsx","/home/fdiamond/.cache/typescript/3.8/node_modules/@types/react/global.d.ts","/home/fdiamond/.cache/typescript/3.8/node_modules/@types/react/index.d.ts"],"compilerOptions":{"target":1,"jsx":1,"allowNonTsExtensions":true,"allowJs":true,"noEmitForJsFiles":true,"maxNodeModuleJsDepth":2},"typeAcquisition":{"enable":true,"include":[],"exclude":[]},"unresolvedImports":[],"projectRootPath":"/home/fdiamond/Training/crwn-clothing/src/components/sign-in","kind":"discover"}
[21:8:54.609] Explicitly included types: []
[21:8:54.610] Inferred 'react' typings due to presence of '.jsx' extension
[21:8:54.611] Inferred typings from unresolved imports: []
[21:8:54.611] Result: {"cachedTypingPaths":["/home/fdiamond/.cache/typescript/3.8/node_modules/@types/react/index.d.ts"],"newTypingNames":[],"filesToWatch":["/home/fdiamond/Training/crwn-clothing/src/components/form-input/bower_components","/home/fdiamond/Training/crwn-clothing/src/components/form-input/node_modules","/home/fdiamond/Training/crwn-clothing/src/firebase/bower_components","/home/fdiamond/Training/crwn-clothing/src/firebase/node_modules","/home/fdiamond/Training/crwn-clothing/src/components/sign-in/bower_components","/home/fdiamond/Training/crwn-clothing/src/components/sign-in/node_modules"]}
[21:8:54.611] Finished typings discovery: {"cachedTypingPaths":["/home/fdiamond/.cache/typescript/3.8/node_modules/@types/react/index.d.ts"],"newTypingNames":[],"filesToWatch":["/home/fdiamond/Training/crwn-clothing/src/components/form-input/bower_components","/home/fdiamond/Training/crwn-clothing/src/components/form-input/node_modules","/home/fdiamond/Training/crwn-clothing/src/firebase/bower_components","/home/fdiamond/Training/crwn-clothing/src/firebase/node_modules","/home/fdiamond/Training/crwn-clothing/src/components/sign-in/bower_components","/home/fdiamond/Training/crwn-clothing/src/components/sign-in/node_modules"]}
[21:8:54.611] DirectoryWatcher:: Closed:: WatchInfo: /home/fdiamond/Training/crwn-clothing/src/components/collection-item/bower_components
[21:8:54.611] DirectoryWatcher:: Closed:: WatchInfo: /home/fdiamond/Training/crwn-clothing/src/components/collection-item/node_modules
[21:8:54.612] DirectoryWatcher:: Closed:: WatchInfo: /home/fdiamond/Training/crwn-clothing/src/components/collection-preview/bower_components
[21:8:54.612] DirectoryWatcher:: Closed:: WatchInfo: /home/fdiamond/Training/crwn-clothing/src/components/collection-preview/node_modules
[21:8:54.612] DirectoryWatcher:: Closed:: WatchInfo: /home/fdiamond/Training/crwn-clothing/src/pages/shop/bower_components
[21:8:54.612] DirectoryWatcher:: Closed:: WatchInfo: /home/fdiamond/Training/crwn-clothing/src/pages/shop/node_modules
[21:8:54.612] DirectoryWatcher:: Closed:: WatchInfo: /home/fdiamond/Training/crwn-clothing/src/components/header/bower_components
[21:8:54.612] DirectoryWatcher:: Closed:: WatchInfo: /home/fdiamond/Training/crwn-clothing/src/components/header/node_modules
[21:8:54.612] DirectoryWatcher:: Closed:: WatchInfo: /home/fdiamond/Training/crwn-clothing/src/components/custom-button/bower_components
[21:8:54.612] DirectoryWatcher:: Closed:: WatchInfo: /home/fdiamond/Training/crwn-clothing/src/components/custom-button/node_modules
[21:8:54.613] DirectoryWatcher:: Closed:: WatchInfo: /home/fdiamond/Training/crwn-clothing/src/components/sign-up/bower_components
[21:8:54.613] DirectoryWatcher:: Closed:: WatchInfo: /home/fdiamond/Training/crwn-clothing/src/components/sign-up/node_modules
[21:8:54.613] DirectoryWatcher:: Closed:: WatchInfo: /home/fdiamond/Training/crwn-clothing/src/pages/sign-in-and-sign-up/bower_components
[21:8:54.613] DirectoryWatcher:: Closed:: WatchInfo: /home/fdiamond/Training/crwn-clothing/src/pages/sign-in-and-sign-up/node_modules
[21:8:54.613] DirectoryWatcher:: Closed:: WatchInfo: /home/fdiamond/Training/crwn-clothing/src/components/menu-item/bower_components
[21:8:54.613] DirectoryWatcher:: Closed:: WatchInfo: /home/fdiamond/Training/crwn-clothing/src/components/menu-item/node_modules
[21:8:54.613] DirectoryWatcher:: Closed:: WatchInfo: /home/fdiamond/Training/crwn-clothing/src/components/directory-component/bower_components
[21:8:54.614] DirectoryWatcher:: Closed:: WatchInfo: /home/fdiamond/Training/crwn-clothing/src/components/directory-component/node_modules
[21:8:54.614] DirectoryWatcher:: Closed:: WatchInfo: /home/fdiamond/Training/crwn-clothing/src/bower_components
[21:8:54.614] DirectoryWatcher:: Closed:: WatchInfo: /home/fdiamond/Training/crwn-clothing/src/node_modules
[21:8:54.614] Sending response:
    {"projectName":"/dev/null/inferredProject1*","typeAcquisition":{"enable":true,"include":[],"exclude":[]},"compilerOptions":{"target":1,"jsx":1,"allowNonTsExtensions":true,"allowJs":true,"noEmitForJsFiles":true,"maxNodeModuleJsDepth":2},"typings":["/home/fdiamond/.cache/typescript/3.8/node_modules/@types/react/index.d.ts"],"unresolvedImports":[],"kind":"action::set"}
[21:8:54.614] Response has been sent.
[21:8:54.614] No new typings were requested as a result of typings discovery
[21:9:38.208] Got install request {"projectName":"/dev/null/inferredProject1*","fileNames":["/usr/lib/node_modules/typescript/lib/lib.d.ts","/usr/lib/node_modules/typescript/lib/lib.es5.d.ts","/usr/lib/node_modules/typescript/lib/lib.dom.d.ts","/usr/lib/node_modules/typescript/lib/lib.webworker.importscripts.d.ts","/usr/lib/node_modules/typescript/lib/lib.scripthost.d.ts","/home/fdiamond/Training/crwn-clothing/src/components/form-input/form-input.component.jsx","/home/fdiamond/Training/crwn-clothing/src/firebase/firebase.utils.js","/home/fdiamond/Training/crwn-clothing/src/components/custom-button/custom-button.component.jsx","/home/fdiamond/Training/crwn-clothing/src/components/sign-in/sign-in.component.jsx","/home/fdiamond/.cache/typescript/3.8/node_modules/@types/react/global.d.ts","/home/fdiamond/.cache/typescript/3.8/node_modules/@types/react/index.d.ts"],"compilerOptions":{"target":1,"jsx":1,"allowNonTsExtensions":true,"allowJs":true,"noEmitForJsFiles":true,"maxNodeModuleJsDepth":2},"typeAcquisition":{"enable":true,"include":[],"exclude":[]},"unresolvedImports":[],"projectRootPath":"/home/fdiamond/Training/crwn-clothing/src/components/sign-in","kind":"discover"}
[21:9:38.209] Explicitly included types: []
[21:9:38.209] Inferred 'react' typings due to presence of '.jsx' extension
[21:9:38.209] Inferred typings from unresolved imports: []
[21:9:38.209] Result: {"cachedTypingPaths":["/home/fdiamond/.cache/typescript/3.8/node_modules/@types/react/index.d.ts"],"newTypingNames":[],"filesToWatch":["/home/fdiamond/Training/crwn-clothing/src/components/form-input/bower_components","/home/fdiamond/Training/crwn-clothing/src/components/form-input/node_modules","/home/fdiamond/Training/crwn-clothing/src/firebase/bower_components","/home/fdiamond/Training/crwn-clothing/src/firebase/node_modules","/home/fdiamond/Training/crwn-clothing/src/components/custom-button/bower_components","/home/fdiamond/Training/crwn-clothing/src/components/custom-button/node_modules","/home/fdiamond/Training/crwn-clothing/src/components/sign-in/bower_components","/home/fdiamond/Training/crwn-clothing/src/components/sign-in/node_modules"]}
[21:9:38.210] Finished typings discovery: {"cachedTypingPaths":["/home/fdiamond/.cache/typescript/3.8/node_modules/@types/react/index.d.ts"],"newTypingNames":[],"filesToWatch":["/home/fdiamond/Training/crwn-clothing/src/components/form-input/bower_components","/home/fdiamond/Training/crwn-clothing/src/components/form-input/node_modules","/home/fdiamond/Training/crwn-clothing/src/firebase/bower_components","/home/fdiamond/Training/crwn-clothing/src/firebase/node_modules","/home/fdiamond/Training/crwn-clothing/src/components/custom-button/bower_components","/home/fdiamond/Training/crwn-clothing/src/components/custom-button/node_modules","/home/fdiamond/Training/crwn-clothing/src/components/sign-in/bower_components","/home/fdiamond/Training/crwn-clothing/src/components/sign-in/node_modules"]}
[21:9:38.210] DirectoryWatcher:: Added:: WatchInfo: /home/fdiamond/Training/crwn-clothing/src/components/custom-button/bower_components
[21:9:38.210] DirectoryWatcher:: Added:: WatchInfo: /home/fdiamond/Training/crwn-clothing/src/components/custom-button/node_modules
[21:9:38.210] Sending response:
    {"projectName":"/dev/null/inferredProject1*","typeAcquisition":{"enable":true,"include":[],"exclude":[]},"compilerOptions":{"target":1,"jsx":1,"allowNonTsExtensions":true,"allowJs":true,"noEmitForJsFiles":true,"maxNodeModuleJsDepth":2},"typings":["/home/fdiamond/.cache/typescript/3.8/node_modules/@types/react/index.d.ts"],"unresolvedImports":[],"kind":"action::set"}
[21:9:38.211] Response has been sent.
[21:9:38.211] No new typings were requested as a result of typings discovery
