[10:19:49.852] Global cache location '/home/fdiamond/.cache/typescript/3.9', safe file path '/usr/lib/node_modules/typescript/lib/typingSafeList.json', types map path /usr/lib/node_modules/typescript/lib/typesMap.json
[10:19:49.852] Processing cache location '/home/fdiamond/.cache/typescript/3.9'
[10:19:49.852] Trying to find '/home/fdiamond/.cache/typescript/3.9/package.json'...
[10:19:49.853] Loaded content of '/home/fdiamond/.cache/typescript/3.9/package.json': {"private":true,"dependencies":{"types-registry":"^0.1.492"},"devDependencies":{"@types/assert":"^1.4.7","@types/async":"^3.2.3","@types/atob":"^2.1.2","@types/bcrypt":"^3.0.0","@types/body-parser":"^1.19.0","@types/bson":"^4.0.2","@types/cookie":"^0.4.0","@types/cookie-signature":"^1.0.3","@types/debug":"^4.1.5","@types/depd":"^1.1.32","@types/ejs":"^3.0.4","@types/express":"^4.17.6","@types/express-session":"^1.17.0","@types/isomorphic-fetch":"0.0.35","@types/js-base64":"^2.3.1","@types/json-stable-stringify":"^1.0.32","@types/lodash":"^4.14.151","@types/md5":"^2.2.0","@types/mongodb":"^3.5.18","@types/mongoose":"^5.7.21","@types/node":"^14.0.1","@types/node-sass":"^4.11.1","@types/object-path":"^0.11.0","@types/on-headers":"^1.0.0","@types/parseurl":"^1.3.1","@types/passport":"^1.0.3","@types/passport-google-oauth":"^1.0.41","@types/passport-google-oauth20":"^2.0.3","@types/passport-local":"^1.0.33","@types/passport-local-mongoose":"^4.0.13","@types/passport-oauth2":"^1.4.9","@types/passport-strategy":"^0.2.35","@types/pause":"^0.1.0","@types/random-bytes":"^1.0.1","@types/react":"^16.9.35","@types/react-dom":"^16.9.8","@types/react-redux":"^7.1.8","@types/react-router-dom":"^5.1.5","@types/redux-logger":"^3.0.7","@types/request":"^2.48.5","@types/semver":"^7.2.0","@types/sprintf":"^0.1.0","@types/testing-library__jest-dom":"^5.6.0","@types/testing-library__react":"^10.0.1","@types/testing-library__user-event":"^4.1.1","@types/uid-safe":"^2.1.2","@types/underscore":"^1.10.0"}}
[10:19:49.853] Loaded content of '/home/fdiamond/.cache/typescript/3.9/package-lock.json'
[10:19:49.860] Adding entry into typings cache: 'assert' => '/home/fdiamond/.cache/typescript/3.9/node_modules/@types/assert/ts3.7/index.d.ts'
[10:19:49.862] Adding entry into typings cache: 'async' => '/home/fdiamond/.cache/typescript/3.9/node_modules/@types/async/index.d.ts'
[10:19:49.864] Adding entry into typings cache: 'atob' => '/home/fdiamond/.cache/typescript/3.9/node_modules/@types/atob/index.d.ts'
[10:19:49.865] Adding entry into typings cache: 'bcrypt' => '/home/fdiamond/.cache/typescript/3.9/node_modules/@types/bcrypt/index.d.ts'
[10:19:49.867] Adding entry into typings cache: 'body-parser' => '/home/fdiamond/.cache/typescript/3.9/node_modules/@types/body-parser/index.d.ts'
[10:19:49.869] Adding entry into typings cache: 'bson' => '/home/fdiamond/.cache/typescript/3.9/node_modules/@types/bson/index.d.ts'
[10:19:49.870] Adding entry into typings cache: 'cookie' => '/home/fdiamond/.cache/typescript/3.9/node_modules/@types/cookie/index.d.ts'
[10:19:49.872] Adding entry into typings cache: 'cookie-signature' => '/home/fdiamond/.cache/typescript/3.9/node_modules/@types/cookie-signature/index.d.ts'
[10:19:49.874] Adding entry into typings cache: 'debug' => '/home/fdiamond/.cache/typescript/3.9/node_modules/@types/debug/index.d.ts'
[10:19:49.875] Adding entry into typings cache: 'depd' => '/home/fdiamond/.cache/typescript/3.9/node_modules/@types/depd/index.d.ts'
[10:19:49.876] Adding entry into typings cache: 'ejs' => '/home/fdiamond/.cache/typescript/3.9/node_modules/@types/ejs/index.d.ts'
[10:19:49.877] Adding entry into typings cache: 'express' => '/home/fdiamond/.cache/typescript/3.9/node_modules/@types/express/index.d.ts'
[10:19:49.881] Adding entry into typings cache: 'express-session' => '/home/fdiamond/.cache/typescript/3.9/node_modules/@types/express-session/index.d.ts'
[10:19:49.882] Adding entry into typings cache: 'isomorphic-fetch' => '/home/fdiamond/.cache/typescript/3.9/node_modules/@types/isomorphic-fetch/index.d.ts'
[10:19:49.883] Adding entry into typings cache: 'js-base64' => '/home/fdiamond/.cache/typescript/3.9/node_modules/@types/js-base64/index.d.ts'
[10:19:49.885] Adding entry into typings cache: 'json-stable-stringify' => '/home/fdiamond/.cache/typescript/3.9/node_modules/@types/json-stable-stringify/index.d.ts'
[10:19:49.889] Adding entry into typings cache: 'lodash' => '/home/fdiamond/.cache/typescript/3.9/node_modules/@types/lodash/ts3.1/index.d.ts'
[10:19:49.890] Adding entry into typings cache: 'md5' => '/home/fdiamond/.cache/typescript/3.9/node_modules/@types/md5/index.d.ts'
[10:19:49.893] Adding entry into typings cache: 'mongodb' => '/home/fdiamond/.cache/typescript/3.9/node_modules/@types/mongodb/index.d.ts'
[10:19:49.897] Adding entry into typings cache: 'mongoose' => '/home/fdiamond/.cache/typescript/3.9/node_modules/@types/mongoose/index.d.ts'
[10:19:49.904] Adding entry into typings cache: 'node' => '/home/fdiamond/.cache/typescript/3.9/node_modules/@types/node/ts3.7/index.d.ts'
[10:19:49.906] Adding entry into typings cache: 'node-sass' => '/home/fdiamond/.cache/typescript/3.9/node_modules/@types/node-sass/index.d.ts'
[10:19:49.907] Adding entry into typings cache: 'object-path' => '/home/fdiamond/.cache/typescript/3.9/node_modules/@types/object-path/index.d.ts'
[10:19:49.908] Adding entry into typings cache: 'on-headers' => '/home/fdiamond/.cache/typescript/3.9/node_modules/@types/on-headers/index.d.ts'
[10:19:49.909] Adding entry into typings cache: 'parseurl' => '/home/fdiamond/.cache/typescript/3.9/node_modules/@types/parseurl/index.d.ts'
[10:19:49.910] Adding entry into typings cache: 'passport' => '/home/fdiamond/.cache/typescript/3.9/node_modules/@types/passport/index.d.ts'
[10:19:49.911] Adding entry into typings cache: 'passport-google-oauth' => '/home/fdiamond/.cache/typescript/3.9/node_modules/@types/passport-google-oauth/index.d.ts'
[10:19:49.912] Adding entry into typings cache: 'passport-google-oauth20' => '/home/fdiamond/.cache/typescript/3.9/node_modules/@types/passport-google-oauth20/index.d.ts'
[10:19:49.914] Adding entry into typings cache: 'passport-local' => '/home/fdiamond/.cache/typescript/3.9/node_modules/@types/passport-local/index.d.ts'
[10:19:49.915] Adding entry into typings cache: 'passport-local-mongoose' => '/home/fdiamond/.cache/typescript/3.9/node_modules/@types/passport-local-mongoose/index.d.ts'
[10:19:49.916] Adding entry into typings cache: 'passport-oauth2' => '/home/fdiamond/.cache/typescript/3.9/node_modules/@types/passport-oauth2/index.d.ts'
[10:19:49.917] Adding entry into typings cache: 'passport-strategy' => '/home/fdiamond/.cache/typescript/3.9/node_modules/@types/passport-strategy/index.d.ts'
[10:19:49.918] Adding entry into typings cache: 'pause' => '/home/fdiamond/.cache/typescript/3.9/node_modules/@types/pause/index.d.ts'
[10:19:49.919] Adding entry into typings cache: 'random-bytes' => '/home/fdiamond/.cache/typescript/3.9/node_modules/@types/random-bytes/index.d.ts'
[10:19:49.922] Adding entry into typings cache: 'react' => '/home/fdiamond/.cache/typescript/3.9/node_modules/@types/react/index.d.ts'
[10:19:49.923] Adding entry into typings cache: 'react-dom' => '/home/fdiamond/.cache/typescript/3.9/node_modules/@types/react-dom/index.d.ts'
[10:19:49.925] Adding entry into typings cache: 'react-redux' => '/home/fdiamond/.cache/typescript/3.9/node_modules/@types/react-redux/index.d.ts'
[10:19:49.926] Adding entry into typings cache: 'react-router-dom' => '/home/fdiamond/.cache/typescript/3.9/node_modules/@types/react-router-dom/index.d.ts'
[10:19:49.928] Adding entry into typings cache: 'redux-logger' => '/home/fdiamond/.cache/typescript/3.9/node_modules/@types/redux-logger/index.d.ts'
[10:19:49.929] Adding entry into typings cache: 'request' => '/home/fdiamond/.cache/typescript/3.9/node_modules/@types/request/index.d.ts'
[10:19:49.930] Adding entry into typings cache: 'semver' => '/home/fdiamond/.cache/typescript/3.9/node_modules/@types/semver/index.d.ts'
[10:19:49.931] Adding entry into typings cache: 'sprintf' => '/home/fdiamond/.cache/typescript/3.9/node_modules/@types/sprintf/index.d.ts'
[10:19:49.932] Adding entry into typings cache: 'testing-library__jest-dom' => '/home/fdiamond/.cache/typescript/3.9/node_modules/@types/testing-library__jest-dom/index.d.ts'
[10:19:49.932] Adding entry into typings cache: 'testing-library__react' => '/home/fdiamond/.cache/typescript/3.9/node_modules/@types/testing-library__react/index.d.ts'
[10:19:49.934] Adding entry into typings cache: 'testing-library__user-event' => '/home/fdiamond/.cache/typescript/3.9/node_modules/@types/testing-library__user-event/index.d.ts'
[10:19:49.934] Adding entry into typings cache: 'uid-safe' => '/home/fdiamond/.cache/typescript/3.9/node_modules/@types/uid-safe/index.d.ts'
[10:19:49.935] Adding entry into typings cache: 'underscore' => '/home/fdiamond/.cache/typescript/3.9/node_modules/@types/underscore/index.d.ts'
[10:19:49.935] Finished processing cache location '/home/fdiamond/.cache/typescript/3.9'
[10:19:49.935] Process id: 97375
[10:19:49.935] NPM location: /usr/bin/npm (explicit '--npmLocation' not  provided)
[10:19:49.935] validateDefaultNpmLocation: false
[10:19:49.936] Npm config file: /home/fdiamond/.cache/typescript/3.9/package.json
[10:19:49.936] Updating types-registry npm package...
[10:19:49.936] Exec: /usr/bin/npm install --ignore-scripts types-registry@latest
[10:19:51.149]     Succeeded. stdout:
    + types-registry@0.1.492
    updated 1 package and audited 100 packages in 0.842s

1 package is looking for funding
  run `npm fund` for details

found 0 vulnerabilities


[10:19:51.149] Updated types-registry npm package
[10:19:53.997] Got install request {"projectName":"/dev/null/inferredProject1*","fileNames":["/usr/lib/node_modules/typescript/lib/lib.d.ts","/usr/lib/node_modules/typescript/lib/lib.es5.d.ts","/usr/lib/node_modules/typescript/lib/lib.dom.d.ts","/usr/lib/node_modules/typescript/lib/lib.webworker.importscripts.d.ts","/usr/lib/node_modules/typescript/lib/lib.scripthost.d.ts","/home/fdiamond/Training/crwn-clothing/src/firebase/firebase.utils.js","/home/fdiamond/Training/crwn-clothing/src/components/collection-item/collection-item.component.jsx","/home/fdiamond/Training/crwn-clothing/src/components/collection-preview/collection-preview.jsx","/home/fdiamond/Training/crwn-clothing/src/pages/shop/shopData.js","/home/fdiamond/Training/crwn-clothing/src/pages/shop/shop.component.jsx","/home/fdiamond/Training/crwn-clothing/src/components/header/header.component.jsx","/home/fdiamond/Training/crwn-clothing/src/components/form-input/form-input.component.jsx","/home/fdiamond/Training/crwn-clothing/src/components/custom-button/custom-button.component.jsx","/home/fdiamond/Training/crwn-clothing/src/components/sign-in/sign-in.component.jsx","/home/fdiamond/Training/crwn-clothing/src/components/sign-up/sign-up.component.jsx","/home/fdiamond/Training/crwn-clothing/src/pages/sign-in-and-sign-up/sign-in-and-sign-up.jsx","/home/fdiamond/Training/crwn-clothing/src/components/menu-item/menu-item.component.jsx","/home/fdiamond/Training/crwn-clothing/src/components/directory-component/directory.component.jsx","/home/fdiamond/Training/crwn-clothing/src/homepage.component.jsx","/home/fdiamond/Training/crwn-clothing/src/App.js"],"compilerOptions":{"target":1,"jsx":1,"allowNonTsExtensions":true,"allowJs":true,"noEmitForJsFiles":true,"maxNodeModuleJsDepth":2},"typeAcquisition":{"enable":true,"include":[],"exclude":[]},"unresolvedImports":[],"projectRootPath":"/home/fdiamond/Training/crwn-clothing/src","kind":"discover"}
[10:19:54.9] Loaded safelist from types map file '/usr/lib/node_modules/typescript/lib/typesMap.json'
[10:19:54.9] Explicitly included types: []
[10:19:54.14] Inferred 'react' typings due to presence of '.jsx' extension
[10:19:54.14] Inferred typings from unresolved imports: []
[10:19:54.14] Result: {"cachedTypingPaths":["/home/fdiamond/.cache/typescript/3.9/node_modules/@types/react/index.d.ts"],"newTypingNames":[],"filesToWatch":["/home/fdiamond/Training/crwn-clothing/src/firebase/bower_components","/home/fdiamond/Training/crwn-clothing/src/firebase/node_modules","/home/fdiamond/Training/crwn-clothing/src/components/collection-item/bower_components","/home/fdiamond/Training/crwn-clothing/src/components/collection-item/node_modules","/home/fdiamond/Training/crwn-clothing/src/components/collection-preview/bower_components","/home/fdiamond/Training/crwn-clothing/src/components/collection-preview/node_modules","/home/fdiamond/Training/crwn-clothing/src/pages/shop/bower_components","/home/fdiamond/Training/crwn-clothing/src/pages/shop/node_modules","/home/fdiamond/Training/crwn-clothing/src/components/header/bower_components","/home/fdiamond/Training/crwn-clothing/src/components/header/node_modules","/home/fdiamond/Training/crwn-clothing/src/components/form-input/bower_components","/home/fdiamond/Training/crwn-clothing/src/components/form-input/node_modules","/home/fdiamond/Training/crwn-clothing/src/components/custom-button/bower_components","/home/fdiamond/Training/crwn-clothing/src/components/custom-button/node_modules","/home/fdiamond/Training/crwn-clothing/src/components/sign-in/bower_components","/home/fdiamond/Training/crwn-clothing/src/components/sign-in/node_modules","/home/fdiamond/Training/crwn-clothing/src/components/sign-up/bower_components","/home/fdiamond/Training/crwn-clothing/src/components/sign-up/node_modules","/home/fdiamond/Training/crwn-clothing/src/pages/sign-in-and-sign-up/bower_components","/home/fdiamond/Training/crwn-clothing/src/pages/sign-in-and-sign-up/node_modules","/home/fdiamond/Training/crwn-clothing/src/components/menu-item/bower_components","/home/fdiamond/Training/crwn-clothing/src/components/menu-item/node_modules","/home/fdiamond/Training/crwn-clothing/src/components/directory-component/bower_components","/home/fdiamond/Training/crwn-clothing/src/components/directory-component/node_modules","/home/fdiamond/Training/crwn-clothing/src/bower_components","/home/fdiamond/Training/crwn-clothing/src/node_modules"]}
[10:19:54.14] Finished typings discovery: {"cachedTypingPaths":["/home/fdiamond/.cache/typescript/3.9/node_modules/@types/react/index.d.ts"],"newTypingNames":[],"filesToWatch":["/home/fdiamond/Training/crwn-clothing/src/firebase/bower_components","/home/fdiamond/Training/crwn-clothing/src/firebase/node_modules","/home/fdiamond/Training/crwn-clothing/src/components/collection-item/bower_components","/home/fdiamond/Training/crwn-clothing/src/components/collection-item/node_modules","/home/fdiamond/Training/crwn-clothing/src/components/collection-preview/bower_components","/home/fdiamond/Training/crwn-clothing/src/components/collection-preview/node_modules","/home/fdiamond/Training/crwn-clothing/src/pages/shop/bower_components","/home/fdiamond/Training/crwn-clothing/src/pages/shop/node_modules","/home/fdiamond/Training/crwn-clothing/src/components/header/bower_components","/home/fdiamond/Training/crwn-clothing/src/components/header/node_modules","/home/fdiamond/Training/crwn-clothing/src/components/form-input/bower_components","/home/fdiamond/Training/crwn-clothing/src/components/form-input/node_modules","/home/fdiamond/Training/crwn-clothing/src/components/custom-button/bower_components","/home/fdiamond/Training/crwn-clothing/src/components/custom-button/node_modules","/home/fdiamond/Training/crwn-clothing/src/components/sign-in/bower_components","/home/fdiamond/Training/crwn-clothing/src/components/sign-in/node_modules","/home/fdiamond/Training/crwn-clothing/src/components/sign-up/bower_components","/home/fdiamond/Training/crwn-clothing/src/components/sign-up/node_modules","/home/fdiamond/Training/crwn-clothing/src/pages/sign-in-and-sign-up/bower_components","/home/fdiamond/Training/crwn-clothing/src/pages/sign-in-and-sign-up/node_modules","/home/fdiamond/Training/crwn-clothing/src/components/menu-item/bower_components","/home/fdiamond/Training/crwn-clothing/src/components/menu-item/node_modules","/home/fdiamond/Training/crwn-clothing/src/components/directory-component/bower_components","/home/fdiamond/Training/crwn-clothing/src/components/directory-component/node_modules","/home/fdiamond/Training/crwn-clothing/src/bower_components","/home/fdiamond/Training/crwn-clothing/src/node_modules"]}
[10:19:54.15] DirectoryWatcher:: Added:: WatchInfo: /home/fdiamond/Training/crwn-clothing/src/firebase
[10:19:54.16] DirectoryWatcher:: Added:: WatchInfo: /home/fdiamond/Training/crwn-clothing/src/components
[10:19:54.17] DirectoryWatcher:: Added:: WatchInfo: /home/fdiamond/Training/crwn-clothing/src/pages
[10:19:54.18] DirectoryWatcher:: Added:: WatchInfo: /home/fdiamond/Training/crwn-clothing/src/bower_components
[10:19:54.19] DirectoryWatcher:: Added:: WatchInfo: /home/fdiamond/Training/crwn-clothing/src/node_modules
[10:19:54.19] Sending response:
    {"projectName":"/dev/null/inferredProject1*","typeAcquisition":{"enable":true,"include":[],"exclude":[]},"compilerOptions":{"target":1,"jsx":1,"allowNonTsExtensions":true,"allowJs":true,"noEmitForJsFiles":true,"maxNodeModuleJsDepth":2},"typings":["/home/fdiamond/.cache/typescript/3.9/node_modules/@types/react/index.d.ts"],"unresolvedImports":[],"kind":"action::set"}
[10:19:54.19] Response has been sent.
[10:19:54.19] No new typings were requested as a result of typings discovery
[10:19:54.20] Got install request {"projectName":"/dev/null/inferredProject2*","fileNames":["/usr/lib/node_modules/typescript/lib/lib.d.ts","/usr/lib/node_modules/typescript/lib/lib.es5.d.ts","/usr/lib/node_modules/typescript/lib/lib.dom.d.ts","/usr/lib/node_modules/typescript/lib/lib.webworker.importscripts.d.ts","/usr/lib/node_modules/typescript/lib/lib.scripthost.d.ts","/home/fdiamond/Training/crwn-clothing/src/components/sign-in/test.js"],"compilerOptions":{"target":1,"jsx":1,"allowNonTsExtensions":true,"allowJs":true,"noEmitForJsFiles":true,"maxNodeModuleJsDepth":2},"typeAcquisition":{"enable":true,"include":[],"exclude":[]},"unresolvedImports":[],"projectRootPath":"/home/fdiamond/Training/crwn-clothing/src/components/sign-in","kind":"discover"}
[10:19:54.20] Explicitly included types: []
[10:19:54.20] Inferred typings from unresolved imports: []
[10:19:54.20] Result: {"cachedTypingPaths":[],"newTypingNames":[],"filesToWatch":["/home/fdiamond/Training/crwn-clothing/src/components/sign-in/bower_components","/home/fdiamond/Training/crwn-clothing/src/components/sign-in/node_modules"]}
[10:19:54.20] Finished typings discovery: {"cachedTypingPaths":[],"newTypingNames":[],"filesToWatch":["/home/fdiamond/Training/crwn-clothing/src/components/sign-in/bower_components","/home/fdiamond/Training/crwn-clothing/src/components/sign-in/node_modules"]}
[10:19:54.20] DirectoryWatcher:: Added:: WatchInfo: /home/fdiamond/Training/crwn-clothing/src/components/sign-in/bower_components
[10:19:54.20] DirectoryWatcher:: Added:: WatchInfo: /home/fdiamond/Training/crwn-clothing/src/components/sign-in/node_modules
[10:19:54.20] Sending response:
    {"projectName":"/dev/null/inferredProject2*","typeAcquisition":{"enable":true,"include":[],"exclude":[]},"compilerOptions":{"target":1,"jsx":1,"allowNonTsExtensions":true,"allowJs":true,"noEmitForJsFiles":true,"maxNodeModuleJsDepth":2},"typings":[],"unresolvedImports":[],"kind":"action::set"}
[10:19:54.21] Response has been sent.
[10:19:54.21] No new typings were requested as a result of typings discovery
[10:19:54.21] Got install request {"projectName":"/dev/null/inferredProject3*","fileNames":["/usr/lib/node_modules/typescript/lib/lib.d.ts","/usr/lib/node_modules/typescript/lib/lib.es5.d.ts","/usr/lib/node_modules/typescript/lib/lib.dom.d.ts","/usr/lib/node_modules/typescript/lib/lib.webworker.importscripts.d.ts","/usr/lib/node_modules/typescript/lib/lib.scripthost.d.ts","/home/fdiamond/Training/crwn-clothing/src/serviceWorker.js"],"compilerOptions":{"target":1,"jsx":1,"allowNonTsExtensions":true,"allowJs":true,"noEmitForJsFiles":true,"maxNodeModuleJsDepth":2},"typeAcquisition":{"enable":true,"include":[],"exclude":[]},"unresolvedImports":[],"projectRootPath":"/home/fdiamond/Training/crwn-clothing/src","kind":"discover"}
[10:19:54.21] Explicitly included types: []
[10:19:54.21] Inferred typings from unresolved imports: []
[10:19:54.21] Result: {"cachedTypingPaths":[],"newTypingNames":[],"filesToWatch":["/home/fdiamond/Training/crwn-clothing/src/bower_components","/home/fdiamond/Training/crwn-clothing/src/node_modules"]}
[10:19:54.21] Finished typings discovery: {"cachedTypingPaths":[],"newTypingNames":[],"filesToWatch":["/home/fdiamond/Training/crwn-clothing/src/bower_components","/home/fdiamond/Training/crwn-clothing/src/node_modules"]}
[10:19:54.21] DirectoryWatcher:: Added:: WatchInfo: /home/fdiamond/Training/crwn-clothing/src/bower_components
[10:19:54.21] DirectoryWatcher:: Added:: WatchInfo: /home/fdiamond/Training/crwn-clothing/src/node_modules
[10:19:54.21] Sending response:
    {"projectName":"/dev/null/inferredProject3*","typeAcquisition":{"enable":true,"include":[],"exclude":[]},"compilerOptions":{"target":1,"jsx":1,"allowNonTsExtensions":true,"allowJs":true,"noEmitForJsFiles":true,"maxNodeModuleJsDepth":2},"typings":[],"unresolvedImports":[],"kind":"action::set"}
[10:19:54.21] Response has been sent.
[10:19:54.21] No new typings were requested as a result of typings discovery
[10:19:54.21] Got install request {"projectName":"/dev/null/inferredProject4*","fileNames":["/usr/lib/node_modules/typescript/lib/lib.d.ts","/usr/lib/node_modules/typescript/lib/lib.es5.d.ts","/usr/lib/node_modules/typescript/lib/lib.dom.d.ts","/usr/lib/node_modules/typescript/lib/lib.webworker.importscripts.d.ts","/usr/lib/node_modules/typescript/lib/lib.scripthost.d.ts","/home/fdiamond/Training/crwn-clothing/src/firebase/firebase.utils.js","/home/fdiamond/Training/crwn-clothing/src/components/collection-item/collection-item.component.jsx","/home/fdiamond/Training/crwn-clothing/src/components/collection-preview/collection-preview.jsx","/home/fdiamond/Training/crwn-clothing/src/pages/shop/shopData.js","/home/fdiamond/Training/crwn-clothing/src/pages/shop/shop.component.jsx","/home/fdiamond/Training/crwn-clothing/src/components/header/header.component.jsx","/home/fdiamond/Training/crwn-clothing/src/components/form-input/form-input.component.jsx","/home/fdiamond/Training/crwn-clothing/src/components/custom-button/custom-button.component.jsx","/home/fdiamond/Training/crwn-clothing/src/components/sign-in/sign-in.component.jsx","/home/fdiamond/Training/crwn-clothing/src/components/sign-up/sign-up.component.jsx","/home/fdiamond/Training/crwn-clothing/src/pages/sign-in-and-sign-up/sign-in-and-sign-up.jsx","/home/fdiamond/Training/crwn-clothing/src/components/menu-item/menu-item.component.jsx","/home/fdiamond/Training/crwn-clothing/src/components/directory-component/directory.component.jsx","/home/fdiamond/Training/crwn-clothing/src/homepage.component.jsx","/home/fdiamond/Training/crwn-clothing/src/App.js","/home/fdiamond/Training/crwn-clothing/src/index.js"],"compilerOptions":{"target":1,"jsx":1,"allowNonTsExtensions":true,"allowJs":true,"noEmitForJsFiles":true,"maxNodeModuleJsDepth":2},"typeAcquisition":{"enable":true,"include":[],"exclude":[]},"unresolvedImports":[],"projectRootPath":"/home/fdiamond/Training/crwn-clothing/src","kind":"discover"}
[10:19:54.22] Explicitly included types: []
[10:19:54.24] Inferred 'react' typings due to presence of '.jsx' extension
[10:19:54.24] Inferred typings from unresolved imports: []
[10:19:54.24] Result: {"cachedTypingPaths":["/home/fdiamond/.cache/typescript/3.9/node_modules/@types/react/index.d.ts"],"newTypingNames":[],"filesToWatch":["/home/fdiamond/Training/crwn-clothing/src/firebase/bower_components","/home/fdiamond/Training/crwn-clothing/src/firebase/node_modules","/home/fdiamond/Training/crwn-clothing/src/components/collection-item/bower_components","/home/fdiamond/Training/crwn-clothing/src/components/collection-item/node_modules","/home/fdiamond/Training/crwn-clothing/src/components/collection-preview/bower_components","/home/fdiamond/Training/crwn-clothing/src/components/collection-preview/node_modules","/home/fdiamond/Training/crwn-clothing/src/pages/shop/bower_components","/home/fdiamond/Training/crwn-clothing/src/pages/shop/node_modules","/home/fdiamond/Training/crwn-clothing/src/components/header/bower_components","/home/fdiamond/Training/crwn-clothing/src/components/header/node_modules","/home/fdiamond/Training/crwn-clothing/src/components/form-input/bower_components","/home/fdiamond/Training/crwn-clothing/src/components/form-input/node_modules","/home/fdiamond/Training/crwn-clothing/src/components/custom-button/bower_components","/home/fdiamond/Training/crwn-clothing/src/components/custom-button/node_modules","/home/fdiamond/Training/crwn-clothing/src/components/sign-in/bower_components","/home/fdiamond/Training/crwn-clothing/src/components/sign-in/node_modules","/home/fdiamond/Training/crwn-clothing/src/components/sign-up/bower_components","/home/fdiamond/Training/crwn-clothing/src/components/sign-up/node_modules","/home/fdiamond/Training/crwn-clothing/src/pages/sign-in-and-sign-up/bower_components","/home/fdiamond/Training/crwn-clothing/src/pages/sign-in-and-sign-up/node_modules","/home/fdiamond/Training/crwn-clothing/src/components/menu-item/bower_components","/home/fdiamond/Training/crwn-clothing/src/components/menu-item/node_modules","/home/fdiamond/Training/crwn-clothing/src/components/directory-component/bower_components","/home/fdiamond/Training/crwn-clothing/src/components/directory-component/node_modules","/home/fdiamond/Training/crwn-clothing/src/bower_components","/home/fdiamond/Training/crwn-clothing/src/node_modules"]}
[10:19:54.24] Finished typings discovery: {"cachedTypingPaths":["/home/fdiamond/.cache/typescript/3.9/node_modules/@types/react/index.d.ts"],"newTypingNames":[],"filesToWatch":["/home/fdiamond/Training/crwn-clothing/src/firebase/bower_components","/home/fdiamond/Training/crwn-clothing/src/firebase/node_modules","/home/fdiamond/Training/crwn-clothing/src/components/collection-item/bower_components","/home/fdiamond/Training/crwn-clothing/src/components/collection-item/node_modules","/home/fdiamond/Training/crwn-clothing/src/components/collection-preview/bower_components","/home/fdiamond/Training/crwn-clothing/src/components/collection-preview/node_modules","/home/fdiamond/Training/crwn-clothing/src/pages/shop/bower_components","/home/fdiamond/Training/crwn-clothing/src/pages/shop/node_modules","/home/fdiamond/Training/crwn-clothing/src/components/header/bower_components","/home/fdiamond/Training/crwn-clothing/src/components/header/node_modules","/home/fdiamond/Training/crwn-clothing/src/components/form-input/bower_components","/home/fdiamond/Training/crwn-clothing/src/components/form-input/node_modules","/home/fdiamond/Training/crwn-clothing/src/components/custom-button/bower_components","/home/fdiamond/Training/crwn-clothing/src/components/custom-button/node_modules","/home/fdiamond/Training/crwn-clothing/src/components/sign-in/bower_components","/home/fdiamond/Training/crwn-clothing/src/components/sign-in/node_modules","/home/fdiamond/Training/crwn-clothing/src/components/sign-up/bower_components","/home/fdiamond/Training/crwn-clothing/src/components/sign-up/node_modules","/home/fdiamond/Training/crwn-clothing/src/pages/sign-in-and-sign-up/bower_components","/home/fdiamond/Training/crwn-clothing/src/pages/sign-in-and-sign-up/node_modules","/home/fdiamond/Training/crwn-clothing/src/components/menu-item/bower_components","/home/fdiamond/Training/crwn-clothing/src/components/menu-item/node_modules","/home/fdiamond/Training/crwn-clothing/src/components/directory-component/bower_components","/home/fdiamond/Training/crwn-clothing/src/components/directory-component/node_modules","/home/fdiamond/Training/crwn-clothing/src/bower_components","/home/fdiamond/Training/crwn-clothing/src/node_modules"]}
[10:19:54.25] DirectoryWatcher:: Added:: WatchInfo: /home/fdiamond/Training/crwn-clothing/src/firebase
[10:19:54.25] DirectoryWatcher:: Added:: WatchInfo: /home/fdiamond/Training/crwn-clothing/src/components
[10:19:54.25] DirectoryWatcher:: Added:: WatchInfo: /home/fdiamond/Training/crwn-clothing/src/pages
[10:19:54.25] DirectoryWatcher:: Added:: WatchInfo: /home/fdiamond/Training/crwn-clothing/src/bower_components
[10:19:54.25] DirectoryWatcher:: Added:: WatchInfo: /home/fdiamond/Training/crwn-clothing/src/node_modules
[10:19:54.25] Sending response:
    {"projectName":"/dev/null/inferredProject4*","typeAcquisition":{"enable":true,"include":[],"exclude":[]},"compilerOptions":{"target":1,"jsx":1,"allowNonTsExtensions":true,"allowJs":true,"noEmitForJsFiles":true,"maxNodeModuleJsDepth":2},"typings":["/home/fdiamond/.cache/typescript/3.9/node_modules/@types/react/index.d.ts"],"unresolvedImports":[],"kind":"action::set"}
[10:19:54.25] Response has been sent.
[10:19:54.25] No new typings were requested as a result of typings discovery
[10:19:54.25] Got install request {"projectName":"/dev/null/inferredProject5*","fileNames":["/usr/lib/node_modules/typescript/lib/lib.d.ts","/usr/lib/node_modules/typescript/lib/lib.es5.d.ts","/usr/lib/node_modules/typescript/lib/lib.dom.d.ts","/usr/lib/node_modules/typescript/lib/lib.webworker.importscripts.d.ts","/usr/lib/node_modules/typescript/lib/lib.scripthost.d.ts","/home/fdiamond/Training/crwn-clothing/src/redux/user/user.reducer.js"],"compilerOptions":{"target":1,"jsx":1,"allowNonTsExtensions":true,"allowJs":true,"noEmitForJsFiles":true,"maxNodeModuleJsDepth":2},"typeAcquisition":{"enable":true,"include":[],"exclude":[]},"unresolvedImports":[],"projectRootPath":"/home/fdiamond/Training/crwn-clothing/src/redux/user","kind":"discover"}
[10:19:54.26] Explicitly included types: []
[10:19:54.26] Inferred typings from unresolved imports: []
[10:19:54.26] Result: {"cachedTypingPaths":[],"newTypingNames":[],"filesToWatch":["/home/fdiamond/Training/crwn-clothing/src/redux/user/bower_components","/home/fdiamond/Training/crwn-clothing/src/redux/user/node_modules"]}
[10:19:54.26] Finished typings discovery: {"cachedTypingPaths":[],"newTypingNames":[],"filesToWatch":["/home/fdiamond/Training/crwn-clothing/src/redux/user/bower_components","/home/fdiamond/Training/crwn-clothing/src/redux/user/node_modules"]}
[10:19:54.26] DirectoryWatcher:: Added:: WatchInfo: /home/fdiamond/Training/crwn-clothing/src/redux/user/bower_components
[10:19:54.26] DirectoryWatcher:: Added:: WatchInfo: /home/fdiamond/Training/crwn-clothing/src/redux/user/node_modules
[10:19:54.26] Sending response:
    {"projectName":"/dev/null/inferredProject5*","typeAcquisition":{"enable":true,"include":[],"exclude":[]},"compilerOptions":{"target":1,"jsx":1,"allowNonTsExtensions":true,"allowJs":true,"noEmitForJsFiles":true,"maxNodeModuleJsDepth":2},"typings":[],"unresolvedImports":[],"kind":"action::set"}
[10:19:54.26] Response has been sent.
[10:19:54.26] No new typings were requested as a result of typings discovery
[10:19:54.131] Got install request {"projectName":"/dev/null/inferredProject6*","fileNames":["/usr/lib/node_modules/typescript/lib/lib.d.ts","/usr/lib/node_modules/typescript/lib/lib.es5.d.ts","/usr/lib/node_modules/typescript/lib/lib.dom.d.ts","/usr/lib/node_modules/typescript/lib/lib.webworker.importscripts.d.ts","/usr/lib/node_modules/typescript/lib/lib.scripthost.d.ts","/home/fdiamond/Training/crwn-clothing/src/redux/user/user.reducer.js","/home/fdiamond/Training/crwn-clothing/src/redux/root-reducer.js"],"compilerOptions":{"target":1,"jsx":1,"allowNonTsExtensions":true,"allowJs":true,"noEmitForJsFiles":true,"maxNodeModuleJsDepth":2},"typeAcquisition":{"enable":true,"include":[],"exclude":[]},"unresolvedImports":[],"projectRootPath":"/home/fdiamond/Training/crwn-clothing/src/redux","kind":"discover"}
[10:19:54.132] Explicitly included types: []
[10:19:54.132] Inferred typings from unresolved imports: []
[10:19:54.132] Result: {"cachedTypingPaths":[],"newTypingNames":[],"filesToWatch":["/home/fdiamond/Training/crwn-clothing/src/redux/user/bower_components","/home/fdiamond/Training/crwn-clothing/src/redux/user/node_modules","/home/fdiamond/Training/crwn-clothing/src/redux/bower_components","/home/fdiamond/Training/crwn-clothing/src/redux/node_modules"]}
[10:19:54.132] Finished typings discovery: {"cachedTypingPaths":[],"newTypingNames":[],"filesToWatch":["/home/fdiamond/Training/crwn-clothing/src/redux/user/bower_components","/home/fdiamond/Training/crwn-clothing/src/redux/user/node_modules","/home/fdiamond/Training/crwn-clothing/src/redux/bower_components","/home/fdiamond/Training/crwn-clothing/src/redux/node_modules"]}
[10:19:54.132] DirectoryWatcher:: Added:: WatchInfo: /home/fdiamond/Training/crwn-clothing/src/redux/user
[10:19:54.132] DirectoryWatcher:: Added:: WatchInfo: /home/fdiamond/Training/crwn-clothing/src/redux/bower_components
[10:19:54.133] DirectoryWatcher:: Added:: WatchInfo: /home/fdiamond/Training/crwn-clothing/src/redux/node_modules
[10:19:54.133] Sending response:
    {"projectName":"/dev/null/inferredProject6*","typeAcquisition":{"enable":true,"include":[],"exclude":[]},"compilerOptions":{"target":1,"jsx":1,"allowNonTsExtensions":true,"allowJs":true,"noEmitForJsFiles":true,"maxNodeModuleJsDepth":2},"typings":[],"unresolvedImports":[],"kind":"action::set"}
[10:19:54.133] Response has been sent.
[10:19:54.133] No new typings were requested as a result of typings discovery
[10:20:24.191] Got install request {"projectName":"/dev/null/inferredProject7*","fileNames":["/usr/lib/node_modules/typescript/lib/lib.d.ts","/usr/lib/node_modules/typescript/lib/lib.es5.d.ts","/usr/lib/node_modules/typescript/lib/lib.dom.d.ts","/usr/lib/node_modules/typescript/lib/lib.webworker.importscripts.d.ts","/usr/lib/node_modules/typescript/lib/lib.scripthost.d.ts","/home/fdiamond/Training/crwn-clothing/src/redux/user/user.reducer.js"],"compilerOptions":{"target":1,"jsx":1,"allowNonTsExtensions":true,"allowJs":true,"noEmitForJsFiles":true,"maxNodeModuleJsDepth":2},"typeAcquisition":{"enable":true,"include":[],"exclude":[]},"unresolvedImports":[],"projectRootPath":"/home/fdiamond/Training/crwn-clothing/src/redux/user","kind":"discover"}
[10:20:24.192] Explicitly included types: []
[10:20:24.192] Inferred typings from unresolved imports: []
[10:20:24.192] Result: {"cachedTypingPaths":[],"newTypingNames":[],"filesToWatch":["/home/fdiamond/Training/crwn-clothing/src/redux/user/bower_components","/home/fdiamond/Training/crwn-clothing/src/redux/user/node_modules"]}
[10:20:24.192] Finished typings discovery: {"cachedTypingPaths":[],"newTypingNames":[],"filesToWatch":["/home/fdiamond/Training/crwn-clothing/src/redux/user/bower_components","/home/fdiamond/Training/crwn-clothing/src/redux/user/node_modules"]}
[10:20:24.192] DirectoryWatcher:: Added:: WatchInfo: /home/fdiamond/Training/crwn-clothing/src/redux/user/bower_components
[10:20:24.193] DirectoryWatcher:: Added:: WatchInfo: /home/fdiamond/Training/crwn-clothing/src/redux/user/node_modules
[10:20:24.193] Sending response:
    {"projectName":"/dev/null/inferredProject7*","typeAcquisition":{"enable":true,"include":[],"exclude":[]},"compilerOptions":{"target":1,"jsx":1,"allowNonTsExtensions":true,"allowJs":true,"noEmitForJsFiles":true,"maxNodeModuleJsDepth":2},"typings":[],"unresolvedImports":[],"kind":"action::set"}
[10:20:24.193] Response has been sent.
[10:20:24.193] No new typings were requested as a result of typings discovery
[10:20:26.801] Got install request {"projectName":"/dev/null/inferredProject6*","fileNames":[],"compilerOptions":{"target":1,"jsx":1,"allowNonTsExtensions":true,"allowJs":true,"noEmitForJsFiles":true},"typeAcquisition":{"enable":true,"include":[],"exclude":[]},"unresolvedImports":[],"projectRootPath":"/home/fdiamond/Training/crwn-clothing/src/redux","kind":"discover"}
[10:20:26.801] Explicitly included types: []
[10:20:26.801] Inferred typings from unresolved imports: []
[10:20:26.802] Result: {"cachedTypingPaths":[],"newTypingNames":[],"filesToWatch":["/home/fdiamond/Training/crwn-clothing/src/redux/bower_components","/home/fdiamond/Training/crwn-clothing/src/redux/node_modules"]}
[10:20:26.802] Finished typings discovery: {"cachedTypingPaths":[],"newTypingNames":[],"filesToWatch":["/home/fdiamond/Training/crwn-clothing/src/redux/bower_components","/home/fdiamond/Training/crwn-clothing/src/redux/node_modules"]}
[10:20:26.802] DirectoryWatcher:: Closed:: WatchInfo: /home/fdiamond/Training/crwn-clothing/src/redux/user
[10:20:26.803] Sending response:
    {"projectName":"/dev/null/inferredProject6*","typeAcquisition":{"enable":true,"include":[],"exclude":[]},"compilerOptions":{"target":1,"jsx":1,"allowNonTsExtensions":true,"allowJs":true,"noEmitForJsFiles":true},"typings":[],"unresolvedImports":[],"kind":"action::set"}
[10:20:26.803] Response has been sent.
[10:20:26.803] No new typings were requested as a result of typings discovery
